ARM GAS  C:\Users\youkan\AppData\Local\Temp\cckh0qVC.s 			page 1


   1              		.syntax unified
   2              		.cpu cortex-m3
   3              		.fpu softvfp
   4              		.eabi_attribute 20, 1
   5              		.eabi_attribute 21, 1
   6              		.eabi_attribute 23, 3
   7              		.eabi_attribute 24, 1
   8              		.eabi_attribute 25, 1
   9              		.eabi_attribute 26, 1
  10              		.eabi_attribute 30, 1
  11              		.eabi_attribute 34, 1
  12              		.eabi_attribute 18, 4
  13              		.thumb
  14              		.file	"cymetadata.c"
  15              		.text
  16              	.Ltext0:
  17              		.cfi_sections	.debug_frame
  18              		.global	cy_metadata
  19              		.global	cy_meta_flashprotect
  20              		.global	cy_meta_wonvl
  21              		.global	cy_meta_custnvl
  22              		.global	cy_meta_configecc
  23              		.section	.cyconfigecc,"a",%progbits
  24              		.align	2
  25              		.type	cy_meta_configecc, %object
  26              		.size	cy_meta_configecc, 2224
  27              	cy_meta_configecc:
  28 0000 05       		.byte	5
  29 0001 52       		.byte	82
  30 0002 00       		.byte	0
  31 0003 40       		.byte	64
  32 0004 03       		.byte	3
  33 0005 64       		.byte	100
  34 0006 00       		.byte	0
  35 0007 40       		.byte	64
  36 0008 04       		.byte	4
  37 0009 65       		.byte	101
  38 000a 00       		.byte	0
  39 000b 40       		.byte	64
  40 000c 52       		.byte	82
  41 000d 02       		.byte	2
  42 000e 01       		.byte	1
  43 000f 40       		.byte	64
  44 0010 36       		.byte	54
  45 0011 03       		.byte	3
  46 0012 01       		.byte	1
  47 0013 40       		.byte	64
  48 0014 51       		.byte	81
  49 0015 04       		.byte	4
  50 0016 01       		.byte	1
  51 0017 40       		.byte	64
  52 0018 43       		.byte	67
  53 0019 05       		.byte	5
  54 001a 01       		.byte	1
  55 001b 40       		.byte	64
  56 001c 1D       		.byte	29
  57 001d 06       		.byte	6
ARM GAS  C:\Users\youkan\AppData\Local\Temp\cckh0qVC.s 			page 2


  58 001e 01       		.byte	1
  59 001f 40       		.byte	64
  60 0020 4A       		.byte	74
  61 0021 07       		.byte	7
  62 0022 01       		.byte	1
  63 0023 40       		.byte	64
  64 0024 04       		.byte	4
  65 0025 09       		.byte	9
  66 0026 01       		.byte	1
  67 0027 40       		.byte	64
  68 0028 5E       		.byte	94
  69 0029 14       		.byte	20
  70 002a 01       		.byte	1
  71 002b 40       		.byte	64
  72 002c 54       		.byte	84
  73 002d 15       		.byte	21
  74 002e 01       		.byte	1
  75 002f 40       		.byte	64
  76 0030 49       		.byte	73
  77 0031 16       		.byte	22
  78 0032 01       		.byte	1
  79 0033 40       		.byte	64
  80 0034 4E       		.byte	78
  81 0035 17       		.byte	23
  82 0036 01       		.byte	1
  83 0037 40       		.byte	64
  84 0038 04       		.byte	4
  85 0039 19       		.byte	25
  86 003a 01       		.byte	1
  87 003b 40       		.byte	64
  88 003c 5A       		.byte	90
  89 003d 1A       		.byte	26
  90 003e 01       		.byte	1
  91 003f 40       		.byte	64
  92 0040 49       		.byte	73
  93 0041 1B       		.byte	27
  94 0042 01       		.byte	1
  95 0043 40       		.byte	64
  96 0044 06       		.byte	6
  97 0045 40       		.byte	64
  98 0046 01       		.byte	1
  99 0047 40       		.byte	64
 100 0048 0E       		.byte	14
 101 0049 41       		.byte	65
 102 004a 01       		.byte	1
 103 004b 40       		.byte	64
 104 004c 03       		.byte	3
 105 004d 42       		.byte	66
 106 004e 01       		.byte	1
 107 004f 40       		.byte	64
 108 0050 03       		.byte	3
 109 0051 43       		.byte	67
 110 0052 01       		.byte	1
 111 0053 40       		.byte	64
 112 0054 02       		.byte	2
 113 0055 45       		.byte	69
 114 0056 01       		.byte	1
ARM GAS  C:\Users\youkan\AppData\Local\Temp\cckh0qVC.s 			page 3


 115 0057 40       		.byte	64
 116 0058 01       		.byte	1
 117 0059 46       		.byte	70
 118 005a 01       		.byte	1
 119 005b 40       		.byte	64
 120 005c 03       		.byte	3
 121 005d 47       		.byte	71
 122 005e 01       		.byte	1
 123 005f 40       		.byte	64
 124 0060 0F       		.byte	15
 125 0061 48       		.byte	72
 126 0062 01       		.byte	1
 127 0063 40       		.byte	64
 128 0064 05       		.byte	5
 129 0065 4C       		.byte	76
 130 0066 01       		.byte	1
 131 0067 40       		.byte	64
 132 0068 06       		.byte	6
 133 0069 4D       		.byte	77
 134 006a 01       		.byte	1
 135 006b 40       		.byte	64
 136 006c 08       		.byte	8
 137 006d 50       		.byte	80
 138 006e 01       		.byte	1
 139 006f 40       		.byte	64
 140 0070 02       		.byte	2
 141 0071 51       		.byte	81
 142 0072 01       		.byte	1
 143 0073 40       		.byte	64
 144 0074 14       		.byte	20
 145 0075 02       		.byte	2
 146 0076 60       		.byte	96
 147 0077 80       		.byte	-128
 148 0078 61       		.byte	97
 149 0079 80       		.byte	-128
 150 007a 78       		.byte	120
 151 007b 08       		.byte	8
 152 007c 79       		.byte	121
 153 007d 08       		.byte	8
 154 007e 83       		.byte	-125
 155 007f 38       		.byte	56
 156 0080 84       		.byte	-124
 157 0081 72       		.byte	114
 158 0082 86       		.byte	-122
 159 0083 0F       		.byte	15
 160 0084 84       		.byte	-124
 161 0085 38       		.byte	56
 162 0086 87       		.byte	-121
 163 0087 72       		.byte	114
 164 0088 8A       		.byte	-118
 165 0089 0F       		.byte	15
 166 008a 8B       		.byte	-117
 167 008b 0F       		.byte	15
 168 008c 07       		.byte	7
 169 008d 53       		.byte	83
 170 008e 09       		.byte	9
 171 008f 31       		.byte	49
ARM GAS  C:\Users\youkan\AppData\Local\Temp\cckh0qVC.s 			page 4


 172 0090 0B       		.byte	11
 173 0091 4E       		.byte	78
 174 0092 15       		.byte	21
 175 0093 31       		.byte	49
 176 0094 17       		.byte	23
 177 0095 C6       		.byte	-58
 178 0096 19       		.byte	25
 179 0097 AC       		.byte	-84
 180 0098 1B       		.byte	27
 181 0099 43       		.byte	67
 182 009a 23       		.byte	35
 183 009b 8C       		.byte	-116
 184 009c 27       		.byte	39
 185 009d 08       		.byte	8
 186 009e 29       		.byte	41
 187 009f 30       		.byte	48
 188 00a0 2A       		.byte	42
 189 00a1 01       		.byte	1
 190 00a2 2B       		.byte	43
 191 00a3 40       		.byte	64
 192 00a4 2E       		.byte	46
 193 00a5 01       		.byte	1
 194 00a6 33       		.byte	51
 195 00a7 0F       		.byte	15
 196 00a8 34       		.byte	52
 197 00a9 01       		.byte	1
 198 00aa 35       		.byte	53
 199 00ab F0       		.byte	-16
 200 00ac 3B       		.byte	59
 201 00ad 28       		.byte	40
 202 00ae 3E       		.byte	62
 203 00af 10       		.byte	16
 204 00b0 40       		.byte	64
 205 00b1 32       		.byte	50
 206 00b2 41       		.byte	65
 207 00b3 06       		.byte	6
 208 00b4 45       		.byte	69
 209 00b5 E0       		.byte	-32
 210 00b6 47       		.byte	71
 211 00b7 BC       		.byte	-68
 212 00b8 48       		.byte	72
 213 00b9 32       		.byte	50
 214 00ba 49       		.byte	73
 215 00bb FF       		.byte	-1
 216 00bc 4A       		.byte	74
 217 00bd FF       		.byte	-1
 218 00be 4B       		.byte	75
 219 00bf FF       		.byte	-1
 220 00c0 4E       		.byte	78
 221 00c1 F0       		.byte	-16
 222 00c2 4F       		.byte	79
 223 00c3 44       		.byte	68
 224 00c4 50       		.byte	80
 225 00c5 0C       		.byte	12
 226 00c6 58       		.byte	88
 227 00c7 04       		.byte	4
 228 00c8 59       		.byte	89
ARM GAS  C:\Users\youkan\AppData\Local\Temp\cckh0qVC.s 			page 5


 229 00c9 04       		.byte	4
 230 00ca 5A       		.byte	90
 231 00cb 04       		.byte	4
 232 00cc 5C       		.byte	92
 233 00cd 10       		.byte	16
 234 00ce 5D       		.byte	93
 235 00cf 01       		.byte	1
 236 00d0 5F       		.byte	95
 237 00d1 01       		.byte	1
 238 00d2 66       		.byte	102
 239 00d3 C0       		.byte	-64
 240 00d4 6A       		.byte	106
 241 00d5 40       		.byte	64
 242 00d6 6B       		.byte	107
 243 00d7 02       		.byte	2
 244 00d8 81       		.byte	-127
 245 00d9 E7       		.byte	-25
 246 00da 83       		.byte	-125
 247 00db 18       		.byte	24
 248 00dc 84       		.byte	-124
 249 00dd 0F       		.byte	15
 250 00de 86       		.byte	-122
 251 00df 70       		.byte	112
 252 00e0 87       		.byte	-121
 253 00e1 43       		.byte	67
 254 00e2 89       		.byte	-119
 255 00e3 08       		.byte	8
 256 00e4 8A       		.byte	-118
 257 00e5 73       		.byte	115
 258 00e6 8C       		.byte	-116
 259 00e7 73       		.byte	115
 260 00e8 8D       		.byte	-115
 261 00e9 10       		.byte	16
 262 00ea 8E       		.byte	-114
 263 00eb 0C       		.byte	12
 264 00ec 90       		.byte	-112
 265 00ed 22       		.byte	34
 266 00ee 91       		.byte	-111
 267 00ef DC       		.byte	-36
 268 00f0 93       		.byte	-109
 269 00f1 22       		.byte	34
 270 00f2 94       		.byte	-108
 271 00f3 0C       		.byte	12
 272 00f4 98       		.byte	-104
 273 00f5 11       		.byte	17
 274 00f6 9C       		.byte	-100
 275 00f7 7F       		.byte	127
 276 00f8 9D       		.byte	-99
 277 00f9 FF       		.byte	-1
 278 00fa A0       		.byte	-96
 279 00fb 33       		.byte	51
 280 00fc A3       		.byte	-93
 281 00fd 04       		.byte	4
 282 00fe A4       		.byte	-92
 283 00ff 0C       		.byte	12
 284 0100 A5       		.byte	-91
 285 0101 9C       		.byte	-100
ARM GAS  C:\Users\youkan\AppData\Local\Temp\cckh0qVC.s 			page 6


 286 0102 A6       		.byte	-90
 287 0103 73       		.byte	115
 288 0104 A7       		.byte	-89
 289 0105 61       		.byte	97
 290 0106 A8       		.byte	-88
 291 0107 04       		.byte	4
 292 0108 A9       		.byte	-87
 293 0109 18       		.byte	24
 294 010a AC       		.byte	-84
 295 010b 08       		.byte	8
 296 010c AD       		.byte	-83
 297 010d 04       		.byte	4
 298 010e B0       		.byte	-80
 299 010f 30       		.byte	48
 300 0110 B1       		.byte	-79
 301 0111 58       		.byte	88
 302 0112 B3       		.byte	-77
 303 0113 80       		.byte	-128
 304 0114 B4       		.byte	-76
 305 0115 4C       		.byte	76
 306 0116 B5       		.byte	-75
 307 0117 1F       		.byte	31
 308 0118 B6       		.byte	-74
 309 0119 0F       		.byte	15
 310 011a B7       		.byte	-73
 311 011b 20       		.byte	32
 312 011c B9       		.byte	-71
 313 011d 80       		.byte	-128
 314 011e BA       		.byte	-70
 315 011f A0       		.byte	-96
 316 0120 BB       		.byte	-69
 317 0121 20       		.byte	32
 318 0122 BF       		.byte	-65
 319 0123 04       		.byte	4
 320 0124 D4       		.byte	-44
 321 0125 18       		.byte	24
 322 0126 D6       		.byte	-42
 323 0127 04       		.byte	4
 324 0128 D8       		.byte	-40
 325 0129 04       		.byte	4
 326 012a D9       		.byte	-39
 327 012b 04       		.byte	4
 328 012c DB       		.byte	-37
 329 012d 04       		.byte	4
 330 012e DF       		.byte	-33
 331 012f 01       		.byte	1
 332 0130 01       		.byte	1
 333 0131 80       		.byte	-128
 334 0132 03       		.byte	3
 335 0133 28       		.byte	40
 336 0134 08       		.byte	8
 337 0135 4A       		.byte	74
 338 0136 0A       		.byte	10
 339 0137 04       		.byte	4
 340 0138 11       		.byte	17
 341 0139 42       		.byte	66
 342 013a 13       		.byte	19
ARM GAS  C:\Users\youkan\AppData\Local\Temp\cckh0qVC.s 			page 7


 343 013b 14       		.byte	20
 344 013c 15       		.byte	21
 345 013d 80       		.byte	-128
 346 013e 16       		.byte	22
 347 013f 04       		.byte	4
 348 0140 18       		.byte	24
 349 0141 02       		.byte	2
 350 0142 19       		.byte	25
 351 0143 82       		.byte	-126
 352 0144 1B       		.byte	27
 353 0145 20       		.byte	32
 354 0146 1D       		.byte	29
 355 0147 20       		.byte	32
 356 0148 21       		.byte	33
 357 0149 40       		.byte	64
 358 014a 22       		.byte	34
 359 014b 05       		.byte	5
 360 014c 23       		.byte	35
 361 014d 44       		.byte	68
 362 014e 27       		.byte	39
 363 014f 14       		.byte	20
 364 0150 28       		.byte	40
 365 0151 0A       		.byte	10
 366 0152 2A       		.byte	42
 367 0153 20       		.byte	32
 368 0154 2B       		.byte	43
 369 0155 A0       		.byte	-96
 370 0156 2C       		.byte	44
 371 0157 08       		.byte	8
 372 0158 2D       		.byte	45
 373 0159 10       		.byte	16
 374 015a 2F       		.byte	47
 375 015b 50       		.byte	80
 376 015c 30       		.byte	48
 377 015d 40       		.byte	64
 378 015e 32       		.byte	50
 379 015f 02       		.byte	2
 380 0160 33       		.byte	51
 381 0161 40       		.byte	64
 382 0162 37       		.byte	55
 383 0163 14       		.byte	20
 384 0164 38       		.byte	56
 385 0165 A2       		.byte	-94
 386 0166 39       		.byte	57
 387 0167 4A       		.byte	74
 388 0168 3B       		.byte	59
 389 0169 10       		.byte	16
 390 016a 3E       		.byte	62
 391 016b 08       		.byte	8
 392 016c 3F       		.byte	63
 393 016d 20       		.byte	32
 394 016e 46       		.byte	70
 395 016f 08       		.byte	8
 396 0170 47       		.byte	71
 397 0171 04       		.byte	4
 398 0172 4C       		.byte	76
 399 0173 04       		.byte	4
ARM GAS  C:\Users\youkan\AppData\Local\Temp\cckh0qVC.s 			page 8


 400 0174 4D       		.byte	77
 401 0175 01       		.byte	1
 402 0176 4F       		.byte	79
 403 0177 20       		.byte	32
 404 0178 54       		.byte	84
 405 0179 08       		.byte	8
 406 017a 56       		.byte	86
 407 017b 02       		.byte	2
 408 017c 57       		.byte	87
 409 017d 04       		.byte	4
 410 017e 59       		.byte	89
 411 017f 02       		.byte	2
 412 0180 60       		.byte	96
 413 0181 80       		.byte	-128
 414 0182 61       		.byte	97
 415 0183 20       		.byte	32
 416 0184 63       		.byte	99
 417 0185 02       		.byte	2
 418 0186 84       		.byte	-124
 419 0187 80       		.byte	-128
 420 0188 C0       		.byte	-64
 421 0189 07       		.byte	7
 422 018a C2       		.byte	-62
 423 018b 0F       		.byte	15
 424 018c C4       		.byte	-60
 425 018d CF       		.byte	-49
 426 018e CA       		.byte	-54
 427 018f EF       		.byte	-17
 428 0190 CC       		.byte	-52
 429 0191 69       		.byte	105
 430 0192 CE       		.byte	-50
 431 0193 6F       		.byte	111
 432 0194 D0       		.byte	-48
 433 0195 60       		.byte	96
 434 0196 D2       		.byte	-46
 435 0197 20       		.byte	32
 436 0198 D6       		.byte	-42
 437 0199 01       		.byte	1
 438 019a D8       		.byte	-40
 439 019b 0D       		.byte	13
 440 019c 02       		.byte	2
 441 019d 50       		.byte	80
 442 019e 05       		.byte	5
 443 019f 02       		.byte	2
 444 01a0 06       		.byte	6
 445 01a1 0C       		.byte	12
 446 01a2 08       		.byte	8
 447 01a3 0C       		.byte	12
 448 01a4 09       		.byte	9
 449 01a5 07       		.byte	7
 450 01a6 0A       		.byte	10
 451 01a7 03       		.byte	3
 452 01a8 0C       		.byte	12
 453 01a9 01       		.byte	1
 454 01aa 0D       		.byte	13
 455 01ab 06       		.byte	6
 456 01ac 0E       		.byte	14
ARM GAS  C:\Users\youkan\AppData\Local\Temp\cckh0qVC.s 			page 9


 457 01ad 06       		.byte	6
 458 01ae 0F       		.byte	15
 459 01af 01       		.byte	1
 460 01b0 12       		.byte	18
 461 01b1 20       		.byte	32
 462 01b2 14       		.byte	20
 463 01b3 01       		.byte	1
 464 01b4 15       		.byte	21
 465 01b5 06       		.byte	6
 466 01b6 16       		.byte	22
 467 01b7 0E       		.byte	14
 468 01b8 1A       		.byte	26
 469 01b9 40       		.byte	64
 470 01ba 1B       		.byte	27
 471 01bb 01       		.byte	1
 472 01bc 1D       		.byte	29
 473 01bd 06       		.byte	6
 474 01be 1E       		.byte	30
 475 01bf 80       		.byte	-128
 476 01c0 1F       		.byte	31
 477 01c1 01       		.byte	1
 478 01c2 26       		.byte	38
 479 01c3 08       		.byte	8
 480 01c4 29       		.byte	41
 481 01c5 01       		.byte	1
 482 01c6 2A       		.byte	42
 483 01c7 03       		.byte	3
 484 01c8 2B       		.byte	43
 485 01c9 06       		.byte	6
 486 01ca 2D       		.byte	45
 487 01cb 04       		.byte	4
 488 01cc 2E       		.byte	46
 489 01cd 80       		.byte	-128
 490 01ce 30       		.byte	48
 491 01cf 80       		.byte	-128
 492 01d0 32       		.byte	50
 493 01d1 0F       		.byte	15
 494 01d2 34       		.byte	52
 495 01d3 60       		.byte	96
 496 01d4 36       		.byte	54
 497 01d5 10       		.byte	16
 498 01d6 37       		.byte	55
 499 01d7 07       		.byte	7
 500 01d8 3A       		.byte	58
 501 01d9 08       		.byte	8
 502 01da 3B       		.byte	59
 503 01db 88       		.byte	-120
 504 01dc 3E       		.byte	62
 505 01dd 11       		.byte	17
 506 01de 40       		.byte	64
 507 01df 43       		.byte	67
 508 01e0 41       		.byte	65
 509 01e1 06       		.byte	6
 510 01e2 42       		.byte	66
 511 01e3 05       		.byte	5
 512 01e4 44       		.byte	68
 513 01e5 02       		.byte	2
ARM GAS  C:\Users\youkan\AppData\Local\Temp\cckh0qVC.s 			page 10


 514 01e6 47       		.byte	71
 515 01e7 CE       		.byte	-50
 516 01e8 48       		.byte	72
 517 01e9 30       		.byte	48
 518 01ea 49       		.byte	73
 519 01eb FF       		.byte	-1
 520 01ec 4A       		.byte	74
 521 01ed FF       		.byte	-1
 522 01ee 4B       		.byte	75
 523 01ef FF       		.byte	-1
 524 01f0 4C       		.byte	76
 525 01f1 62       		.byte	98
 526 01f2 4D       		.byte	77
 527 01f3 A0       		.byte	-96
 528 01f4 4E       		.byte	78
 529 01f5 F0       		.byte	-16
 530 01f6 4F       		.byte	79
 531 01f7 41       		.byte	65
 532 01f8 50       		.byte	80
 533 01f9 0C       		.byte	12
 534 01fa 56       		.byte	86
 535 01fb 02       		.byte	2
 536 01fc 57       		.byte	87
 537 01fd 12       		.byte	18
 538 01fe 58       		.byte	88
 539 01ff 04       		.byte	4
 540 0200 59       		.byte	89
 541 0201 04       		.byte	4
 542 0202 5A       		.byte	90
 543 0203 04       		.byte	4
 544 0204 5B       		.byte	91
 545 0205 04       		.byte	4
 546 0206 5C       		.byte	92
 547 0207 20       		.byte	32
 548 0208 5F       		.byte	95
 549 0209 01       		.byte	1
 550 020a 66       		.byte	102
 551 020b 40       		.byte	64
 552 020c 67       		.byte	103
 553 020d 02       		.byte	2
 554 020e 69       		.byte	105
 555 020f 10       		.byte	16
 556 0210 6A       		.byte	106
 557 0211 30       		.byte	48
 558 0212 6B       		.byte	107
 559 0213 10       		.byte	16
 560 0214 6D       		.byte	109
 561 0215 10       		.byte	16
 562 0216 6E       		.byte	110
 563 0217 10       		.byte	16
 564 0218 6F       		.byte	111
 565 0219 12       		.byte	18
 566 021a 84       		.byte	-124
 567 021b 05       		.byte	5
 568 021c 88       		.byte	-120
 569 021d 02       		.byte	2
 570 021e 8A       		.byte	-118
ARM GAS  C:\Users\youkan\AppData\Local\Temp\cckh0qVC.s 			page 11


 571 021f 04       		.byte	4
 572 0220 9A       		.byte	-102
 573 0221 04       		.byte	4
 574 0222 A4       		.byte	-92
 575 0223 05       		.byte	5
 576 0224 AA       		.byte	-86
 577 0225 05       		.byte	5
 578 0226 B0       		.byte	-80
 579 0227 04       		.byte	4
 580 0228 B6       		.byte	-74
 581 0229 03       		.byte	3
 582 022a B8       		.byte	-72
 583 022b 80       		.byte	-128
 584 022c BB       		.byte	-69
 585 022d 02       		.byte	2
 586 022e BE       		.byte	-66
 587 022f 01       		.byte	1
 588 0230 D6       		.byte	-42
 589 0231 08       		.byte	8
 590 0232 D8       		.byte	-40
 591 0233 04       		.byte	4
 592 0234 D9       		.byte	-39
 593 0235 04       		.byte	4
 594 0236 DB       		.byte	-37
 595 0237 04       		.byte	4
 596 0238 DC       		.byte	-36
 597 0239 01       		.byte	1
 598 023a DD       		.byte	-35
 599 023b 90       		.byte	-112
 600 023c DF       		.byte	-33
 601 023d 01       		.byte	1
 602 023e 00       		.byte	0
 603 023f 11       		.byte	17
 604 0240 01       		.byte	1
 605 0241 40       		.byte	64
 606 0242 03       		.byte	3
 607 0243 20       		.byte	32
 608 0244 04       		.byte	4
 609 0245 08       		.byte	8
 610 0246 06       		.byte	6
 611 0247 08       		.byte	8
 612 0248 09       		.byte	9
 613 0249 01       		.byte	1
 614 024a 0A       		.byte	10
 615 024b 56       		.byte	86
 616 024c 0F       		.byte	15
 617 024d 08       		.byte	8
 618 024e 10       		.byte	16
 619 024f 04       		.byte	4
 620 0250 11       		.byte	17
 621 0251 08       		.byte	8
 622 0252 12       		.byte	18
 623 0253 02       		.byte	2
 624 0254 17       		.byte	23
 625 0255 14       		.byte	20
 626 0256 18       		.byte	24
 627 0257 14       		.byte	20
ARM GAS  C:\Users\youkan\AppData\Local\Temp\cckh0qVC.s 			page 12


 628 0258 19       		.byte	25
 629 0259 04       		.byte	4
 630 025a 1B       		.byte	27
 631 025b 81       		.byte	-127
 632 025c 1E       		.byte	30
 633 025d 80       		.byte	-128
 634 025e 1F       		.byte	31
 635 025f 40       		.byte	64
 636 0260 21       		.byte	33
 637 0261 40       		.byte	64
 638 0262 23       		.byte	35
 639 0263 10       		.byte	16
 640 0264 24       		.byte	36
 641 0265 40       		.byte	64
 642 0266 27       		.byte	39
 643 0267 40       		.byte	64
 644 0268 29       		.byte	41
 645 0269 60       		.byte	96
 646 026a 30       		.byte	48
 647 026b 58       		.byte	88
 648 026c 39       		.byte	57
 649 026d 80       		.byte	-128
 650 026e 3B       		.byte	59
 651 026f 14       		.byte	20
 652 0270 40       		.byte	64
 653 0271 04       		.byte	4
 654 0272 41       		.byte	65
 655 0273 05       		.byte	5
 656 0274 43       		.byte	67
 657 0275 08       		.byte	8
 658 0276 4A       		.byte	74
 659 0277 04       		.byte	4
 660 0278 4B       		.byte	75
 661 0279 40       		.byte	64
 662 027a 52       		.byte	82
 663 027b 06       		.byte	6
 664 027c 5A       		.byte	90
 665 027d 08       		.byte	8
 666 027e 5D       		.byte	93
 667 027f 80       		.byte	-128
 668 0280 64       		.byte	100
 669 0281 01       		.byte	1
 670 0282 68       		.byte	104
 671 0283 14       		.byte	20
 672 0284 6B       		.byte	107
 673 0285 01       		.byte	1
 674 0286 70       		.byte	112
 675 0287 50       		.byte	80
 676 0288 72       		.byte	114
 677 0289 20       		.byte	32
 678 028a 80       		.byte	-128
 679 028b 40       		.byte	64
 680 028c 82       		.byte	-126
 681 028d 04       		.byte	4
 682 028e 91       		.byte	-111
 683 028f 13       		.byte	19
 684 0290 92       		.byte	-110
ARM GAS  C:\Users\youkan\AppData\Local\Temp\cckh0qVC.s 			page 13


 685 0291 0A       		.byte	10
 686 0292 93       		.byte	-109
 687 0293 40       		.byte	64
 688 0294 94       		.byte	-108
 689 0295 A8       		.byte	-88
 690 0296 95       		.byte	-107
 691 0297 08       		.byte	8
 692 0298 96       		.byte	-106
 693 0299 04       		.byte	4
 694 029a 97       		.byte	-105
 695 029b A0       		.byte	-96
 696 029c 9A       		.byte	-102
 697 029d 02       		.byte	2
 698 029e 9B       		.byte	-101
 699 029f 14       		.byte	20
 700 02a0 9C       		.byte	-100
 701 02a1 02       		.byte	2
 702 02a2 9E       		.byte	-98
 703 02a3 2C       		.byte	44
 704 02a4 9F       		.byte	-97
 705 02a5 40       		.byte	64
 706 02a6 A3       		.byte	-93
 707 02a7 04       		.byte	4
 708 02a8 A5       		.byte	-91
 709 02a9 01       		.byte	1
 710 02aa A7       		.byte	-89
 711 02ab 89       		.byte	-119
 712 02ac AE       		.byte	-82
 713 02ad 02       		.byte	2
 714 02ae AF       		.byte	-81
 715 02af 04       		.byte	4
 716 02b0 C0       		.byte	-64
 717 02b1 6F       		.byte	111
 718 02b2 C2       		.byte	-62
 719 02b3 4F       		.byte	79
 720 02b4 C4       		.byte	-60
 721 02b5 67       		.byte	103
 722 02b6 CA       		.byte	-54
 723 02b7 0C       		.byte	12
 724 02b8 CC       		.byte	-52
 725 02b9 0E       		.byte	14
 726 02ba CE       		.byte	-50
 727 02bb 0E       		.byte	14
 728 02bc D0       		.byte	-48
 729 02bd 07       		.byte	7
 730 02be D2       		.byte	-46
 731 02bf 0C       		.byte	12
 732 02c0 D6       		.byte	-42
 733 02c1 12       		.byte	18
 734 02c2 D8       		.byte	-40
 735 02c3 10       		.byte	16
 736 02c4 01       		.byte	1
 737 02c5 01       		.byte	1
 738 02c6 10       		.byte	16
 739 02c7 01       		.byte	1
 740 02c8 21       		.byte	33
 741 02c9 02       		.byte	2
ARM GAS  C:\Users\youkan\AppData\Local\Temp\cckh0qVC.s 			page 14


 742 02ca 30       		.byte	48
 743 02cb 01       		.byte	1
 744 02cc 33       		.byte	51
 745 02cd 02       		.byte	2
 746 02ce 35       		.byte	53
 747 02cf 01       		.byte	1
 748 02d0 3E       		.byte	62
 749 02d1 01       		.byte	1
 750 02d2 3F       		.byte	63
 751 02d3 14       		.byte	20
 752 02d4 40       		.byte	64
 753 02d5 02       		.byte	2
 754 02d6 46       		.byte	70
 755 02d7 40       		.byte	64
 756 02d8 49       		.byte	73
 757 02d9 FF       		.byte	-1
 758 02da 4A       		.byte	74
 759 02db 07       		.byte	7
 760 02dc 4B       		.byte	75
 761 02dd FF       		.byte	-1
 762 02de 4C       		.byte	76
 763 02df 40       		.byte	64
 764 02e0 4D       		.byte	77
 765 02e1 20       		.byte	32
 766 02e2 4E       		.byte	78
 767 02e3 F0       		.byte	-16
 768 02e4 4F       		.byte	79
 769 02e5 05       		.byte	5
 770 02e6 50       		.byte	80
 771 02e7 08       		.byte	8
 772 02e8 54       		.byte	84
 773 02e9 01       		.byte	1
 774 02ea 58       		.byte	88
 775 02eb 04       		.byte	4
 776 02ec 59       		.byte	89
 777 02ed 04       		.byte	4
 778 02ee 5A       		.byte	90
 779 02ef 04       		.byte	4
 780 02f0 5B       		.byte	91
 781 02f1 04       		.byte	4
 782 02f2 5D       		.byte	93
 783 02f3 12       		.byte	18
 784 02f4 5F       		.byte	95
 785 02f5 01       		.byte	1
 786 02f6 60       		.byte	96
 787 02f7 40       		.byte	64
 788 02f8 61       		.byte	97
 789 02f9 A8       		.byte	-88
 790 02fa 62       		.byte	98
 791 02fb 40       		.byte	64
 792 02fc 63       		.byte	99
 793 02fd 20       		.byte	32
 794 02fe 00       		.byte	0
 795 02ff 40       		.byte	64
 796 0300 02       		.byte	2
 797 0301 28       		.byte	40
 798 0302 03       		.byte	3
ARM GAS  C:\Users\youkan\AppData\Local\Temp\cckh0qVC.s 			page 15


 799 0303 40       		.byte	64
 800 0304 08       		.byte	8
 801 0305 81       		.byte	-127
 802 0306 0A       		.byte	10
 803 0307 28       		.byte	40
 804 0308 0F       		.byte	15
 805 0309 70       		.byte	112
 806 030a 10       		.byte	16
 807 030b 48       		.byte	72
 808 030c 12       		.byte	18
 809 030d 02       		.byte	2
 810 030e 13       		.byte	19
 811 030f 04       		.byte	4
 812 0310 18       		.byte	24
 813 0311 04       		.byte	4
 814 0312 19       		.byte	25
 815 0313 B1       		.byte	-79
 816 0314 1A       		.byte	26
 817 0315 09       		.byte	9
 818 0316 1C       		.byte	28
 819 0317 80       		.byte	-128
 820 0318 21       		.byte	33
 821 0319 04       		.byte	4
 822 031a 22       		.byte	34
 823 031b 90       		.byte	-112
 824 031c 23       		.byte	35
 825 031d 80       		.byte	-128
 826 031e 24       		.byte	36
 827 031f 20       		.byte	32
 828 0320 27       		.byte	39
 829 0321 08       		.byte	8
 830 0322 28       		.byte	40
 831 0323 41       		.byte	65
 832 0324 29       		.byte	41
 833 0325 11       		.byte	17
 834 0326 2F       		.byte	47
 835 0327 80       		.byte	-128
 836 0328 31       		.byte	49
 837 0329 08       		.byte	8
 838 032a 32       		.byte	50
 839 032b 28       		.byte	40
 840 032c 34       		.byte	52
 841 032d 80       		.byte	-128
 842 032e 35       		.byte	53
 843 032f 40       		.byte	64
 844 0330 38       		.byte	56
 845 0331 40       		.byte	64
 846 0332 39       		.byte	57
 847 0333 80       		.byte	-128
 848 0334 3A       		.byte	58
 849 0335 10       		.byte	16
 850 0336 3B       		.byte	59
 851 0337 10       		.byte	16
 852 0338 3D       		.byte	61
 853 0339 01       		.byte	1
 854 033a 40       		.byte	64
 855 033b 04       		.byte	4
ARM GAS  C:\Users\youkan\AppData\Local\Temp\cckh0qVC.s 			page 16


 856 033c 41       		.byte	65
 857 033d 84       		.byte	-124
 858 033e 43       		.byte	67
 859 033f 40       		.byte	64
 860 0340 45       		.byte	69
 861 0341 20       		.byte	32
 862 0342 48       		.byte	72
 863 0343 80       		.byte	-128
 864 0344 49       		.byte	73
 865 0345 80       		.byte	-128
 866 0346 4B       		.byte	75
 867 0347 10       		.byte	16
 868 0348 53       		.byte	83
 869 0349 04       		.byte	4
 870 034a 56       		.byte	86
 871 034b A0       		.byte	-96
 872 034c 5A       		.byte	90
 873 034d 80       		.byte	-128
 874 034e 5D       		.byte	93
 875 034f 11       		.byte	17
 876 0350 5E       		.byte	94
 877 0351 80       		.byte	-128
 878 0352 5F       		.byte	95
 879 0353 08       		.byte	8
 880 0354 60       		.byte	96
 881 0355 03       		.byte	3
 882 0356 91       		.byte	-111
 883 0357 91       		.byte	-111
 884 0358 93       		.byte	-109
 885 0359 90       		.byte	-112
 886 035a 94       		.byte	-108
 887 035b 09       		.byte	9
 888 035c 95       		.byte	-107
 889 035d 40       		.byte	64
 890 035e 96       		.byte	-106
 891 035f 54       		.byte	84
 892 0360 97       		.byte	-105
 893 0361 24       		.byte	36
 894 0362 98       		.byte	-104
 895 0363 01       		.byte	1
 896 0364 9A       		.byte	-102
 897 0365 02       		.byte	2
 898 0366 9B       		.byte	-101
 899 0367 15       		.byte	21
 900 0368 9C       		.byte	-100
 901 0369 56       		.byte	86
 902 036a 9D       		.byte	-99
 903 036b 60       		.byte	96
 904 036c 9E       		.byte	-98
 905 036d 08       		.byte	8
 906 036e A0       		.byte	-96
 907 036f 14       		.byte	20
 908 0370 A2       		.byte	-94
 909 0371 40       		.byte	64
 910 0372 A4       		.byte	-92
 911 0373 08       		.byte	8
 912 0374 A5       		.byte	-91
ARM GAS  C:\Users\youkan\AppData\Local\Temp\cckh0qVC.s 			page 17


 913 0375 04       		.byte	4
 914 0376 A7       		.byte	-89
 915 0377 28       		.byte	40
 916 0378 A9       		.byte	-87
 917 0379 80       		.byte	-128
 918 037a B5       		.byte	-75
 919 037b 04       		.byte	4
 920 037c C0       		.byte	-64
 921 037d 0F       		.byte	15
 922 037e C2       		.byte	-62
 923 037f 1F       		.byte	31
 924 0380 C4       		.byte	-60
 925 0381 0F       		.byte	15
 926 0382 CA       		.byte	-54
 927 0383 8D       		.byte	-115
 928 0384 CC       		.byte	-52
 929 0385 06       		.byte	6
 930 0386 CE       		.byte	-50
 931 0387 8C       		.byte	-116
 932 0388 D0       		.byte	-48
 933 0389 2E       		.byte	46
 934 038a D2       		.byte	-46
 935 038b 0C       		.byte	12
 936 038c D6       		.byte	-42
 937 038d F8       		.byte	-8
 938 038e D8       		.byte	-40
 939 038f 08       		.byte	8
 940 0390 EA       		.byte	-22
 941 0391 04       		.byte	4
 942 0392 A3       		.byte	-93
 943 0393 10       		.byte	16
 944 0394 B7       		.byte	-73
 945 0395 10       		.byte	16
 946 0396 E8       		.byte	-24
 947 0397 10       		.byte	16
 948 0398 EA       		.byte	-22
 949 0399 04       		.byte	4
 950 039a 06       		.byte	6
 951 039b 06       		.byte	6
 952 039c 07       		.byte	7
 953 039d 01       		.byte	1
 954 039e 0E       		.byte	14
 955 039f 0A       		.byte	10
 956 03a0 10       		.byte	16
 957 03a1 0C       		.byte	12
 958 03a2 12       		.byte	18
 959 03a3 02       		.byte	2
 960 03a4 16       		.byte	22
 961 03a5 04       		.byte	4
 962 03a6 1A       		.byte	26
 963 03a7 0C       		.byte	12
 964 03a8 1E       		.byte	30
 965 03a9 01       		.byte	1
 966 03aa 1F       		.byte	31
 967 03ab 01       		.byte	1
 968 03ac 22       		.byte	34
 969 03ad 01       		.byte	1
ARM GAS  C:\Users\youkan\AppData\Local\Temp\cckh0qVC.s 			page 18


 970 03ae 2A       		.byte	42
 971 03af 02       		.byte	2
 972 03b0 30       		.byte	48
 973 03b1 01       		.byte	1
 974 03b2 32       		.byte	50
 975 03b3 0E       		.byte	14
 976 03b4 35       		.byte	53
 977 03b5 01       		.byte	1
 978 03b6 3A       		.byte	58
 979 03b7 08       		.byte	8
 980 03b8 3E       		.byte	62
 981 03b9 01       		.byte	1
 982 03ba 3F       		.byte	63
 983 03bb 10       		.byte	16
 984 03bc 40       		.byte	64
 985 03bd 02       		.byte	2
 986 03be 46       		.byte	70
 987 03bf 40       		.byte	64
 988 03c0 49       		.byte	73
 989 03c1 FF       		.byte	-1
 990 03c2 4A       		.byte	74
 991 03c3 07       		.byte	7
 992 03c4 4B       		.byte	75
 993 03c5 FF       		.byte	-1
 994 03c6 4C       		.byte	76
 995 03c7 40       		.byte	64
 996 03c8 4D       		.byte	77
 997 03c9 20       		.byte	32
 998 03ca 4E       		.byte	78
 999 03cb F0       		.byte	-16
 1000 03cc 4F       		.byte	79
 1001 03cd 05       		.byte	5
 1002 03ce 50       		.byte	80
 1003 03cf 08       		.byte	8
 1004 03d0 54       		.byte	84
 1005 03d1 18       		.byte	24
 1006 03d2 56       		.byte	86
 1007 03d3 04       		.byte	4
 1008 03d4 58       		.byte	88
 1009 03d5 04       		.byte	4
 1010 03d6 59       		.byte	89
 1011 03d7 04       		.byte	4
 1012 03d8 5A       		.byte	90
 1013 03d9 04       		.byte	4
 1014 03da 5B       		.byte	91
 1015 03db 04       		.byte	4
 1016 03dc 5D       		.byte	93
 1017 03dd 21       		.byte	33
 1018 03de 5F       		.byte	95
 1019 03df 01       		.byte	1
 1020 03e0 60       		.byte	96
 1021 03e1 40       		.byte	64
 1022 03e2 61       		.byte	97
 1023 03e3 A8       		.byte	-88
 1024 03e4 62       		.byte	98
 1025 03e5 40       		.byte	64
 1026 03e6 63       		.byte	99
ARM GAS  C:\Users\youkan\AppData\Local\Temp\cckh0qVC.s 			page 19


 1027 03e7 20       		.byte	32
 1028 03e8 80       		.byte	-128
 1029 03e9 40       		.byte	64
 1030 03ea 81       		.byte	-127
 1031 03eb 03       		.byte	3
 1032 03ec 83       		.byte	-125
 1033 03ed 14       		.byte	20
 1034 03ee 84       		.byte	-124
 1035 03ef 09       		.byte	9
 1036 03f0 85       		.byte	-123
 1037 03f1 60       		.byte	96
 1038 03f2 86       		.byte	-122
 1039 03f3 10       		.byte	16
 1040 03f4 88       		.byte	-120
 1041 03f5 14       		.byte	20
 1042 03f6 8B       		.byte	-117
 1043 03f7 08       		.byte	8
 1044 03f8 8E       		.byte	-114
 1045 03f9 03       		.byte	3
 1046 03fa 8F       		.byte	-113
 1047 03fb 15       		.byte	21
 1048 03fc 91       		.byte	-111
 1049 03fd 13       		.byte	19
 1050 03fe 93       		.byte	-109
 1051 03ff 04       		.byte	4
 1052 0400 95       		.byte	-107
 1053 0401 60       		.byte	96
 1054 0402 99       		.byte	-103
 1055 0403 40       		.byte	64
 1056 0404 9C       		.byte	-100
 1057 0405 2C       		.byte	44
 1058 0406 9D       		.byte	-99
 1059 0407 13       		.byte	19
 1060 0408 9E       		.byte	-98
 1061 0409 11       		.byte	17
 1062 040a 9F       		.byte	-97
 1063 040b 0C       		.byte	12
 1064 040c A0       		.byte	-96
 1065 040d 1C       		.byte	28
 1066 040e A2       		.byte	-94
 1067 040f 22       		.byte	34
 1068 0410 A4       		.byte	-92
 1069 0411 10       		.byte	16
 1070 0412 A7       		.byte	-89
 1071 0413 20       		.byte	32
 1072 0414 AC       		.byte	-84
 1073 0415 30       		.byte	48
 1074 0416 AD       		.byte	-83
 1075 0417 0A       		.byte	10
 1076 0418 AE       		.byte	-82
 1077 0419 0C       		.byte	12
 1078 041a AF       		.byte	-81
 1079 041b 14       		.byte	20
 1080 041c B1       		.byte	-79
 1081 041d 0F       		.byte	15
 1082 041e B2       		.byte	-78
 1083 041f 60       		.byte	96
ARM GAS  C:\Users\youkan\AppData\Local\Temp\cckh0qVC.s 			page 20


 1084 0420 B3       		.byte	-77
 1085 0421 10       		.byte	16
 1086 0422 B5       		.byte	-75
 1087 0423 60       		.byte	96
 1088 0424 B6       		.byte	-74
 1089 0425 1F       		.byte	31
 1090 0426 B8       		.byte	-72
 1091 0427 08       		.byte	8
 1092 0428 B9       		.byte	-71
 1093 0429 20       		.byte	32
 1094 042a BB       		.byte	-69
 1095 042b 02       		.byte	2
 1096 042c BF       		.byte	-65
 1097 042d 14       		.byte	20
 1098 042e C0       		.byte	-64
 1099 042f 45       		.byte	69
 1100 0430 C1       		.byte	-63
 1101 0431 01       		.byte	1
 1102 0432 C5       		.byte	-59
 1103 0433 CE       		.byte	-50
 1104 0434 C7       		.byte	-57
 1105 0435 0B       		.byte	11
 1106 0436 C8       		.byte	-56
 1107 0437 13       		.byte	19
 1108 0438 C9       		.byte	-55
 1109 0439 FF       		.byte	-1
 1110 043a CA       		.byte	-54
 1111 043b FF       		.byte	-1
 1112 043c CB       		.byte	-53
 1113 043d FF       		.byte	-1
 1114 043e CE       		.byte	-50
 1115 043f F0       		.byte	-16
 1116 0440 CF       		.byte	-49
 1117 0441 44       		.byte	68
 1118 0442 D0       		.byte	-48
 1119 0443 0C       		.byte	12
 1120 0444 D8       		.byte	-40
 1121 0445 04       		.byte	4
 1122 0446 D9       		.byte	-39
 1123 0447 04       		.byte	4
 1124 0448 DA       		.byte	-38
 1125 0449 04       		.byte	4
 1126 044a DC       		.byte	-36
 1127 044b 22       		.byte	34
 1128 044c DD       		.byte	-35
 1129 044d 02       		.byte	2
 1130 044e DF       		.byte	-33
 1131 044f 01       		.byte	1
 1132 0450 E6       		.byte	-26
 1133 0451 C0       		.byte	-64
 1134 0452 EA       		.byte	-22
 1135 0453 40       		.byte	64
 1136 0454 EB       		.byte	-21
 1137 0455 02       		.byte	2
 1138 0456 01       		.byte	1
 1139 0457 48       		.byte	72
 1140 0458 05       		.byte	5
ARM GAS  C:\Users\youkan\AppData\Local\Temp\cckh0qVC.s 			page 21


 1141 0459 44       		.byte	68
 1142 045a 06       		.byte	6
 1143 045b 84       		.byte	-124
 1144 045c 08       		.byte	8
 1145 045d 02       		.byte	2
 1146 045e 09       		.byte	9
 1147 045f 04       		.byte	4
 1148 0460 0A       		.byte	10
 1149 0461 09       		.byte	9
 1150 0462 0E       		.byte	14
 1151 0463 02       		.byte	2
 1152 0464 10       		.byte	16
 1153 0465 84       		.byte	-124
 1154 0466 15       		.byte	21
 1155 0467 01       		.byte	1
 1156 0468 16       		.byte	22
 1157 0469 20       		.byte	32
 1158 046a 17       		.byte	23
 1159 046b 40       		.byte	64
 1160 046c 19       		.byte	25
 1161 046d 08       		.byte	8
 1162 046e 1A       		.byte	26
 1163 046f 10       		.byte	16
 1164 0470 1B       		.byte	27
 1165 0471 01       		.byte	1
 1166 0472 1C       		.byte	28
 1167 0473 20       		.byte	32
 1168 0474 1D       		.byte	29
 1169 0475 44       		.byte	68
 1170 0476 1F       		.byte	31
 1171 0477 80       		.byte	-128
 1172 0478 23       		.byte	35
 1173 0479 04       		.byte	4
 1174 047a 25       		.byte	37
 1175 047b 22       		.byte	34
 1176 047c 26       		.byte	38
 1177 047d 08       		.byte	8
 1178 047e 27       		.byte	39
 1179 047f 40       		.byte	64
 1180 0480 2C       		.byte	44
 1181 0481 20       		.byte	32
 1182 0482 2E       		.byte	46
 1183 0483 08       		.byte	8
 1184 0484 2F       		.byte	47
 1185 0485 01       		.byte	1
 1186 0486 32       		.byte	50
 1187 0487 80       		.byte	-128
 1188 0488 34       		.byte	52
 1189 0489 01       		.byte	1
 1190 048a 36       		.byte	54
 1191 048b 01       		.byte	1
 1192 048c 37       		.byte	55
 1193 048d 54       		.byte	84
 1194 048e 39       		.byte	57
 1195 048f 01       		.byte	1
 1196 0490 3B       		.byte	59
 1197 0491 0A       		.byte	10
ARM GAS  C:\Users\youkan\AppData\Local\Temp\cckh0qVC.s 			page 22


 1198 0492 3C       		.byte	60
 1199 0493 24       		.byte	36
 1200 0494 3E       		.byte	62
 1201 0495 80       		.byte	-128
 1202 0496 3F       		.byte	63
 1203 0497 41       		.byte	65
 1204 0498 41       		.byte	65
 1205 0499 20       		.byte	32
 1206 049a 44       		.byte	68
 1207 049b 01       		.byte	1
 1208 049c 45       		.byte	69
 1209 049d 02       		.byte	2
 1210 049e 48       		.byte	72
 1211 049f 20       		.byte	32
 1212 04a0 4D       		.byte	77
 1213 04a1 04       		.byte	4
 1214 04a2 4F       		.byte	79
 1215 04a3 41       		.byte	65
 1216 04a4 53       		.byte	83
 1217 04a5 10       		.byte	16
 1218 04a6 56       		.byte	86
 1219 04a7 04       		.byte	4
 1220 04a8 5A       		.byte	90
 1221 04a9 02       		.byte	2
 1222 04aa 60       		.byte	96
 1223 04ab 80       		.byte	-128
 1224 04ac 63       		.byte	99
 1225 04ad 06       		.byte	6
 1226 04ae 81       		.byte	-127
 1227 04af 40       		.byte	64
 1228 04b0 83       		.byte	-125
 1229 04b1 01       		.byte	1
 1230 04b2 85       		.byte	-123
 1231 04b3 08       		.byte	8
 1232 04b4 88       		.byte	-120
 1233 04b5 04       		.byte	4
 1234 04b6 89       		.byte	-119
 1235 04b7 04       		.byte	4
 1236 04b8 8A       		.byte	-118
 1237 04b9 04       		.byte	4
 1238 04ba 8B       		.byte	-117
 1239 04bb 20       		.byte	32
 1240 04bc 8C       		.byte	-116
 1241 04bd 02       		.byte	2
 1242 04be 8E       		.byte	-114
 1243 04bf 08       		.byte	8
 1244 04c0 90       		.byte	-112
 1245 04c1 04       		.byte	4
 1246 04c2 92       		.byte	-110
 1247 04c3 03       		.byte	3
 1248 04c4 93       		.byte	-109
 1249 04c5 0A       		.byte	10
 1250 04c6 95       		.byte	-107
 1251 04c7 40       		.byte	64
 1252 04c8 96       		.byte	-106
 1253 04c9 10       		.byte	16
 1254 04ca 97       		.byte	-105
ARM GAS  C:\Users\youkan\AppData\Local\Temp\cckh0qVC.s 			page 23


 1255 04cb 20       		.byte	32
 1256 04cc 9A       		.byte	-102
 1257 04cd A0       		.byte	-96
 1258 04ce 9B       		.byte	-101
 1259 04cf 14       		.byte	20
 1260 04d0 9C       		.byte	-100
 1261 04d1 84       		.byte	-124
 1262 04d2 9D       		.byte	-99
 1263 04d3 04       		.byte	4
 1264 04d4 9E       		.byte	-98
 1265 04d5 08       		.byte	8
 1266 04d6 9F       		.byte	-97
 1267 04d7 40       		.byte	64
 1268 04d8 A0       		.byte	-96
 1269 04d9 80       		.byte	-128
 1270 04da A1       		.byte	-95
 1271 04db 04       		.byte	4
 1272 04dc A2       		.byte	-94
 1273 04dd 81       		.byte	-127
 1274 04de A7       		.byte	-89
 1275 04df A0       		.byte	-96
 1276 04e0 A9       		.byte	-87
 1277 04e1 04       		.byte	4
 1278 04e2 C0       		.byte	-64
 1279 04e3 F5       		.byte	-11
 1280 04e4 C2       		.byte	-62
 1281 04e5 8F       		.byte	-113
 1282 04e6 C4       		.byte	-60
 1283 04e7 BA       		.byte	-70
 1284 04e8 CA       		.byte	-54
 1285 04e9 50       		.byte	80
 1286 04ea CC       		.byte	-52
 1287 04eb F8       		.byte	-8
 1288 04ec CE       		.byte	-50
 1289 04ed F2       		.byte	-14
 1290 04ee D0       		.byte	-48
 1291 04ef 94       		.byte	-108
 1292 04f0 D2       		.byte	-46
 1293 04f1 10       		.byte	16
 1294 04f2 D6       		.byte	-42
 1295 04f3 01       		.byte	1
 1296 04f4 D8       		.byte	-40
 1297 04f5 0D       		.byte	13
 1298 04f6 E0       		.byte	-32
 1299 04f7 01       		.byte	1
 1300 04f8 E4       		.byte	-28
 1301 04f9 08       		.byte	8
 1302 04fa E6       		.byte	-26
 1303 04fb 04       		.byte	4
 1304 04fc EA       		.byte	-22
 1305 04fd 04       		.byte	4
 1306 04fe 01       		.byte	1
 1307 04ff 14       		.byte	20
 1308 0500 02       		.byte	2
 1309 0501 25       		.byte	37
 1310 0502 06       		.byte	6
 1311 0503 58       		.byte	88
ARM GAS  C:\Users\youkan\AppData\Local\Temp\cckh0qVC.s 			page 24


 1312 0504 07       		.byte	7
 1313 0505 20       		.byte	32
 1314 0506 09       		.byte	9
 1315 0507 0C       		.byte	12
 1316 0508 0B       		.byte	11
 1317 0509 71       		.byte	113
 1318 050a 0C       		.byte	12
 1319 050b 5A       		.byte	90
 1320 050c 0E       		.byte	14
 1321 050d 24       		.byte	36
 1322 050e 0F       		.byte	15
 1323 050f 03       		.byte	3
 1324 0510 15       		.byte	21
 1325 0511 10       		.byte	16
 1326 0512 17       		.byte	23
 1327 0513 AC       		.byte	-84
 1328 0514 19       		.byte	25
 1329 0515 DC       		.byte	-36
 1330 0516 1B       		.byte	27
 1331 0517 22       		.byte	34
 1332 0518 1C       		.byte	28
 1333 0519 23       		.byte	35
 1334 051a 1E       		.byte	30
 1335 051b 4C       		.byte	76
 1336 051c 21       		.byte	33
 1337 051d 09       		.byte	9
 1338 051e 23       		.byte	35
 1339 051f D0       		.byte	-48
 1340 0520 25       		.byte	37
 1341 0521 10       		.byte	16
 1342 0522 26       		.byte	38
 1343 0523 08       		.byte	8
 1344 0524 27       		.byte	39
 1345 0525 40       		.byte	64
 1346 0526 2C       		.byte	44
 1347 0527 23       		.byte	35
 1348 0528 2E       		.byte	46
 1349 0529 54       		.byte	84
 1350 052a 30       		.byte	48
 1351 052b 6C       		.byte	108
 1352 052c 34       		.byte	52
 1353 052d 03       		.byte	3
 1354 052e 35       		.byte	53
 1355 052f E0       		.byte	-32
 1356 0530 36       		.byte	54
 1357 0531 1C       		.byte	28
 1358 0532 37       		.byte	55
 1359 0533 1F       		.byte	31
 1360 0534 38       		.byte	56
 1361 0535 20       		.byte	32
 1362 0536 3A       		.byte	58
 1363 0537 82       		.byte	-126
 1364 0538 3B       		.byte	59
 1365 0539 20       		.byte	32
 1366 053a 3E       		.byte	62
 1367 053b 10       		.byte	16
 1368 053c 58       		.byte	88
ARM GAS  C:\Users\youkan\AppData\Local\Temp\cckh0qVC.s 			page 25


 1369 053d 04       		.byte	4
 1370 053e 59       		.byte	89
 1371 053f 04       		.byte	4
 1372 0540 5C       		.byte	92
 1373 0541 12       		.byte	18
 1374 0542 5F       		.byte	95
 1375 0543 01       		.byte	1
 1376 0544 84       		.byte	-124
 1377 0545 3F       		.byte	63
 1378 0546 85       		.byte	-123
 1379 0547 3F       		.byte	63
 1380 0548 88       		.byte	-120
 1381 0549 3F       		.byte	63
 1382 054a 89       		.byte	-119
 1383 054b 3F       		.byte	63
 1384 054c 8C       		.byte	-116
 1385 054d 20       		.byte	32
 1386 054e 8F       		.byte	-113
 1387 054f C0       		.byte	-64
 1388 0550 90       		.byte	-112
 1389 0551 12       		.byte	18
 1390 0552 91       		.byte	-111
 1391 0553 01       		.byte	1
 1392 0554 92       		.byte	-110
 1393 0555 05       		.byte	5
 1394 0556 95       		.byte	-107
 1395 0557 52       		.byte	82
 1396 0558 97       		.byte	-105
 1397 0559 0C       		.byte	12
 1398 055a 98       		.byte	-104
 1399 055b 09       		.byte	9
 1400 055c 99       		.byte	-103
 1401 055d C8       		.byte	-56
 1402 055e 9A       		.byte	-102
 1403 055f 06       		.byte	6
 1404 0560 9B       		.byte	-101
 1405 0561 30       		.byte	48
 1406 0562 9F       		.byte	-97
 1407 0563 C0       		.byte	-64
 1408 0564 A3       		.byte	-93
 1409 0565 C0       		.byte	-64
 1410 0566 A5       		.byte	-91
 1411 0567 C0       		.byte	-64
 1412 0568 A8       		.byte	-88
 1413 0569 04       		.byte	4
 1414 056a A9       		.byte	-87
 1415 056b C0       		.byte	-64
 1416 056c AA       		.byte	-86
 1417 056d 18       		.byte	24
 1418 056e AD       		.byte	-83
 1419 056f A4       		.byte	-92
 1420 0570 AF       		.byte	-81
 1421 0571 0A       		.byte	10
 1422 0572 B0       		.byte	-80
 1423 0573 1C       		.byte	28
 1424 0574 B1       		.byte	-79
 1425 0575 C0       		.byte	-64
ARM GAS  C:\Users\youkan\AppData\Local\Temp\cckh0qVC.s 			page 26


 1426 0576 B2       		.byte	-78
 1427 0577 20       		.byte	32
 1428 0578 B3       		.byte	-77
 1429 0579 06       		.byte	6
 1430 057a B4       		.byte	-76
 1431 057b 03       		.byte	3
 1432 057c B5       		.byte	-75
 1433 057d 38       		.byte	56
 1434 057e B7       		.byte	-73
 1435 057f 01       		.byte	1
 1436 0580 D6       		.byte	-42
 1437 0581 02       		.byte	2
 1438 0582 D7       		.byte	-41
 1439 0583 10       		.byte	16
 1440 0584 D8       		.byte	-40
 1441 0585 04       		.byte	4
 1442 0586 D9       		.byte	-39
 1443 0587 04       		.byte	4
 1444 0588 DB       		.byte	-37
 1445 0589 04       		.byte	4
 1446 058a DC       		.byte	-36
 1447 058b 20       		.byte	32
 1448 058c DD       		.byte	-35
 1449 058d 20       		.byte	32
 1450 058e DF       		.byte	-33
 1451 058f 01       		.byte	1
 1452 0590 00       		.byte	0
 1453 0591 28       		.byte	40
 1454 0592 03       		.byte	3
 1455 0593 01       		.byte	1
 1456 0594 04       		.byte	4
 1457 0595 40       		.byte	64
 1458 0596 05       		.byte	5
 1459 0597 04       		.byte	4
 1460 0598 06       		.byte	6
 1461 0599 80       		.byte	-128
 1462 059a 08       		.byte	8
 1463 059b 02       		.byte	2
 1464 059c 0A       		.byte	10
 1465 059d 04       		.byte	4
 1466 059e 0E       		.byte	14
 1467 059f 02       		.byte	2
 1468 05a0 12       		.byte	18
 1469 05a1 08       		.byte	8
 1470 05a2 16       		.byte	22
 1471 05a3 20       		.byte	32
 1472 05a4 17       		.byte	23
 1473 05a5 40       		.byte	64
 1474 05a6 1A       		.byte	26
 1475 05a7 44       		.byte	68
 1476 05a8 1B       		.byte	27
 1477 05a9 08       		.byte	8
 1478 05aa 1C       		.byte	28
 1479 05ab 40       		.byte	64
 1480 05ac 1D       		.byte	29
 1481 05ad 20       		.byte	32
 1482 05ae 1E       		.byte	30
ARM GAS  C:\Users\youkan\AppData\Local\Temp\cckh0qVC.s 			page 27


 1483 05af 02       		.byte	2
 1484 05b0 1F       		.byte	31
 1485 05b1 01       		.byte	1
 1486 05b2 21       		.byte	33
 1487 05b3 88       		.byte	-120
 1488 05b4 22       		.byte	34
 1489 05b5 21       		.byte	33
 1490 05b6 24       		.byte	36
 1491 05b7 0C       		.byte	12
 1492 05b8 25       		.byte	37
 1493 05b9 50       		.byte	80
 1494 05ba 28       		.byte	40
 1495 05bb 01       		.byte	1
 1496 05bc 29       		.byte	41
 1497 05bd 11       		.byte	17
 1498 05be 2B       		.byte	43
 1499 05bf 10       		.byte	16
 1500 05c0 2F       		.byte	47
 1501 05c1 50       		.byte	80
 1502 05c2 30       		.byte	48
 1503 05c3 02       		.byte	2
 1504 05c4 31       		.byte	49
 1505 05c5 88       		.byte	-120
 1506 05c6 32       		.byte	50
 1507 05c7 20       		.byte	32
 1508 05c8 37       		.byte	55
 1509 05c9 14       		.byte	20
 1510 05ca 39       		.byte	57
 1511 05cb 94       		.byte	-108
 1512 05cc 3D       		.byte	61
 1513 05cd A0       		.byte	-96
 1514 05ce 3E       		.byte	62
 1515 05cf 0A       		.byte	10
 1516 05d0 3F       		.byte	63
 1517 05d1 40       		.byte	64
 1518 05d2 5B       		.byte	91
 1519 05d3 80       		.byte	-128
 1520 05d4 68       		.byte	104
 1521 05d5 02       		.byte	2
 1522 05d6 69       		.byte	105
 1523 05d7 14       		.byte	20
 1524 05d8 70       		.byte	112
 1525 05d9 08       		.byte	8
 1526 05da 71       		.byte	113
 1527 05db 40       		.byte	64
 1528 05dc 73       		.byte	115
 1529 05dd 04       		.byte	4
 1530 05de 82       		.byte	-126
 1531 05df 48       		.byte	72
 1532 05e0 8C       		.byte	-116
 1533 05e1 80       		.byte	-128
 1534 05e2 91       		.byte	-111
 1535 05e3 80       		.byte	-128
 1536 05e4 92       		.byte	-110
 1537 05e5 01       		.byte	1
 1538 05e6 93       		.byte	-109
 1539 05e7 88       		.byte	-120
ARM GAS  C:\Users\youkan\AppData\Local\Temp\cckh0qVC.s 			page 28


 1540 05e8 94       		.byte	-108
 1541 05e9 08       		.byte	8
 1542 05ea 95       		.byte	-107
 1543 05eb 40       		.byte	64
 1544 05ec 96       		.byte	-106
 1545 05ed 54       		.byte	84
 1546 05ee 97       		.byte	-105
 1547 05ef 64       		.byte	100
 1548 05f0 98       		.byte	-104
 1549 05f1 03       		.byte	3
 1550 05f2 99       		.byte	-103
 1551 05f3 11       		.byte	17
 1552 05f4 9A       		.byte	-102
 1553 05f5 A2       		.byte	-94
 1554 05f6 9B       		.byte	-101
 1555 05f7 95       		.byte	-107
 1556 05f8 9C       		.byte	-100
 1557 05f9 04       		.byte	4
 1558 05fa 9D       		.byte	-99
 1559 05fb 40       		.byte	64
 1560 05fc 9E       		.byte	-98
 1561 05fd 08       		.byte	8
 1562 05fe A0       		.byte	-96
 1563 05ff 94       		.byte	-108
 1564 0600 A2       		.byte	-94
 1565 0601 80       		.byte	-128
 1566 0602 A3       		.byte	-93
 1567 0603 10       		.byte	16
 1568 0604 A4       		.byte	-92
 1569 0605 08       		.byte	8
 1570 0606 A5       		.byte	-91
 1571 0607 AC       		.byte	-84
 1572 0608 A6       		.byte	-90
 1573 0609 20       		.byte	32
 1574 060a A7       		.byte	-89
 1575 060b A8       		.byte	-88
 1576 060c AC       		.byte	-84
 1577 060d 10       		.byte	16
 1578 060e AD       		.byte	-83
 1579 060f 80       		.byte	-128
 1580 0610 AE       		.byte	-82
 1581 0611 12       		.byte	18
 1582 0612 B0       		.byte	-80
 1583 0613 40       		.byte	64
 1584 0614 B4       		.byte	-76
 1585 0615 10       		.byte	16
 1586 0616 B6       		.byte	-74
 1587 0617 40       		.byte	64
 1588 0618 C0       		.byte	-64
 1589 0619 B7       		.byte	-73
 1590 061a C2       		.byte	-62
 1591 061b 8A       		.byte	-118
 1592 061c C4       		.byte	-60
 1593 061d A2       		.byte	-94
 1594 061e CA       		.byte	-54
 1595 061f CF       		.byte	-49
 1596 0620 CC       		.byte	-52
ARM GAS  C:\Users\youkan\AppData\Local\Temp\cckh0qVC.s 			page 29


 1597 0621 6F       		.byte	111
 1598 0622 CE       		.byte	-50
 1599 0623 FE       		.byte	-2
 1600 0624 D6       		.byte	-42
 1601 0625 08       		.byte	8
 1602 0626 E2       		.byte	-30
 1603 0627 19       		.byte	25
 1604 0628 E6       		.byte	-26
 1605 0629 01       		.byte	1
 1606 062a E8       		.byte	-24
 1607 062b 10       		.byte	16
 1608 062c 80       		.byte	-128
 1609 062d C0       		.byte	-64
 1610 062e 87       		.byte	-121
 1611 062f 40       		.byte	64
 1612 0630 A3       		.byte	-93
 1613 0631 10       		.byte	16
 1614 0632 EC       		.byte	-20
 1615 0633 60       		.byte	96
 1616 0634 08       		.byte	8
 1617 0635 03       		.byte	3
 1618 0636 0B       		.byte	11
 1619 0637 05       		.byte	5
 1620 0638 0C       		.byte	12
 1621 0639 03       		.byte	3
 1622 063a 11       		.byte	17
 1623 063b 03       		.byte	3
 1624 063c 13       		.byte	19
 1625 063d 0C       		.byte	12
 1626 063e 15       		.byte	21
 1627 063f 0A       		.byte	10
 1628 0640 17       		.byte	23
 1629 0641 04       		.byte	4
 1630 0642 18       		.byte	24
 1631 0643 04       		.byte	4
 1632 0644 19       		.byte	25
 1633 0645 03       		.byte	3
 1634 0646 1A       		.byte	26
 1635 0647 01       		.byte	1
 1636 0648 1B       		.byte	27
 1637 0649 04       		.byte	4
 1638 064a 1D       		.byte	29
 1639 064b 10       		.byte	16
 1640 064c 26       		.byte	38
 1641 064d 01       		.byte	1
 1642 064e 27       		.byte	39
 1643 064f 08       		.byte	8
 1644 0650 29       		.byte	41
 1645 0651 03       		.byte	3
 1646 0652 2A       		.byte	42
 1647 0653 03       		.byte	3
 1648 0654 2B       		.byte	43
 1649 0655 04       		.byte	4
 1650 0656 30       		.byte	48
 1651 0657 01       		.byte	1
 1652 0658 31       		.byte	49
 1653 0659 0F       		.byte	15
ARM GAS  C:\Users\youkan\AppData\Local\Temp\cckh0qVC.s 			page 30


 1654 065a 32       		.byte	50
 1655 065b 06       		.byte	6
 1656 065c 33       		.byte	51
 1657 065d 10       		.byte	16
 1658 065e 38       		.byte	56
 1659 065f 08       		.byte	8
 1660 0660 3B       		.byte	59
 1661 0661 02       		.byte	2
 1662 0662 3E       		.byte	62
 1663 0663 01       		.byte	1
 1664 0664 3F       		.byte	63
 1665 0665 04       		.byte	4
 1666 0666 40       		.byte	64
 1667 0667 53       		.byte	83
 1668 0668 41       		.byte	65
 1669 0669 02       		.byte	2
 1670 066a 45       		.byte	69
 1671 066b 0C       		.byte	12
 1672 066c 46       		.byte	70
 1673 066d 0E       		.byte	14
 1674 066e 47       		.byte	71
 1675 066f 0B       		.byte	11
 1676 0670 48       		.byte	72
 1677 0671 15       		.byte	21
 1678 0672 49       		.byte	73
 1679 0673 FF       		.byte	-1
 1680 0674 4A       		.byte	74
 1681 0675 FF       		.byte	-1
 1682 0676 4B       		.byte	75
 1683 0677 FF       		.byte	-1
 1684 0678 4E       		.byte	78
 1685 0679 F0       		.byte	-16
 1686 067a 4F       		.byte	79
 1687 067b 44       		.byte	68
 1688 067c 50       		.byte	80
 1689 067d 0C       		.byte	12
 1690 067e 54       		.byte	84
 1691 067f 01       		.byte	1
 1692 0680 56       		.byte	86
 1693 0681 04       		.byte	4
 1694 0682 58       		.byte	88
 1695 0683 04       		.byte	4
 1696 0684 59       		.byte	89
 1697 0685 04       		.byte	4
 1698 0686 5A       		.byte	90
 1699 0687 04       		.byte	4
 1700 0688 5B       		.byte	91
 1701 0689 04       		.byte	4
 1702 068a 5F       		.byte	95
 1703 068b 01       		.byte	1
 1704 068c 66       		.byte	102
 1705 068d C0       		.byte	-64
 1706 068e 6A       		.byte	106
 1707 068f 40       		.byte	64
 1708 0690 6B       		.byte	107
 1709 0691 02       		.byte	2
 1710 0692 86       		.byte	-122
ARM GAS  C:\Users\youkan\AppData\Local\Temp\cckh0qVC.s 			page 31


 1711 0693 40       		.byte	64
 1712 0694 88       		.byte	-120
 1713 0695 09       		.byte	9
 1714 0696 8A       		.byte	-118
 1715 0697 10       		.byte	16
 1716 0698 8C       		.byte	-116
 1717 0699 D0       		.byte	-48
 1718 069a 8E       		.byte	-114
 1719 069b 0C       		.byte	12
 1720 069c 92       		.byte	-110
 1721 069d 03       		.byte	3
 1722 069e 94       		.byte	-108
 1723 069f 9C       		.byte	-100
 1724 06a0 96       		.byte	-106
 1725 06a1 02       		.byte	2
 1726 06a2 9C       		.byte	-100
 1727 06a3 10       		.byte	16
 1728 06a4 9D       		.byte	-99
 1729 06a5 01       		.byte	1
 1730 06a6 A0       		.byte	-96
 1731 06a7 20       		.byte	32
 1732 06a8 A4       		.byte	-92
 1733 06a9 14       		.byte	20
 1734 06aa A8       		.byte	-88
 1735 06ab CC       		.byte	-52
 1736 06ac AA       		.byte	-86
 1737 06ad 11       		.byte	17
 1738 06ae B0       		.byte	-80
 1739 06af 1F       		.byte	31
 1740 06b0 B1       		.byte	-79
 1741 06b1 01       		.byte	1
 1742 06b2 B2       		.byte	-78
 1743 06b3 C0       		.byte	-64
 1744 06b4 B4       		.byte	-76
 1745 06b5 20       		.byte	32
 1746 06b6 B8       		.byte	-72
 1747 06b7 08       		.byte	8
 1748 06b8 BE       		.byte	-66
 1749 06b9 14       		.byte	20
 1750 06ba BF       		.byte	-65
 1751 06bb 01       		.byte	1
 1752 06bc C0       		.byte	-64
 1753 06bd 03       		.byte	3
 1754 06be C5       		.byte	-59
 1755 06bf 40       		.byte	64
 1756 06c0 C9       		.byte	-55
 1757 06c1 FF       		.byte	-1
 1758 06c2 CA       		.byte	-54
 1759 06c3 07       		.byte	7
 1760 06c4 CB       		.byte	-53
 1761 06c5 FF       		.byte	-1
 1762 06c6 CC       		.byte	-52
 1763 06c7 40       		.byte	64
 1764 06c8 CD       		.byte	-51
 1765 06c9 20       		.byte	32
 1766 06ca CE       		.byte	-50
 1767 06cb F0       		.byte	-16
ARM GAS  C:\Users\youkan\AppData\Local\Temp\cckh0qVC.s 			page 32


 1768 06cc CF       		.byte	-49
 1769 06cd 05       		.byte	5
 1770 06ce D0       		.byte	-48
 1771 06cf 08       		.byte	8
 1772 06d0 D4       		.byte	-44
 1773 06d1 01       		.byte	1
 1774 06d2 D6       		.byte	-42
 1775 06d3 04       		.byte	4
 1776 06d4 D8       		.byte	-40
 1777 06d5 04       		.byte	4
 1778 06d6 D9       		.byte	-39
 1779 06d7 04       		.byte	4
 1780 06d8 DA       		.byte	-38
 1781 06d9 04       		.byte	4
 1782 06da DB       		.byte	-37
 1783 06db 04       		.byte	4
 1784 06dc DD       		.byte	-35
 1785 06dd 20       		.byte	32
 1786 06de DF       		.byte	-33
 1787 06df 01       		.byte	1
 1788 06e0 E0       		.byte	-32
 1789 06e1 40       		.byte	64
 1790 06e2 E1       		.byte	-31
 1791 06e3 A8       		.byte	-88
 1792 06e4 E2       		.byte	-30
 1793 06e5 40       		.byte	64
 1794 06e6 E3       		.byte	-29
 1795 06e7 20       		.byte	32
 1796 06e8 00       		.byte	0
 1797 06e9 40       		.byte	64
 1798 06ea 01       		.byte	1
 1799 06eb 10       		.byte	16
 1800 06ec 04       		.byte	4
 1801 06ed 60       		.byte	96
 1802 06ee 06       		.byte	6
 1803 06ef 20       		.byte	32
 1804 06f0 09       		.byte	9
 1805 06f1 10       		.byte	16
 1806 06f2 0C       		.byte	12
 1807 06f3 88       		.byte	-120
 1808 06f4 0E       		.byte	14
 1809 06f5 80       		.byte	-128
 1810 06f6 0F       		.byte	15
 1811 06f7 20       		.byte	32
 1812 06f8 10       		.byte	16
 1813 06f9 28       		.byte	40
 1814 06fa 15       		.byte	21
 1815 06fb 18       		.byte	24
 1816 06fc 17       		.byte	23
 1817 06fd 02       		.byte	2
 1818 06fe 18       		.byte	24
 1819 06ff 20       		.byte	32
 1820 0700 19       		.byte	25
 1821 0701 08       		.byte	8
 1822 0702 1A       		.byte	26
 1823 0703 40       		.byte	64
 1824 0704 1D       		.byte	29
ARM GAS  C:\Users\youkan\AppData\Local\Temp\cckh0qVC.s 			page 33


 1825 0705 08       		.byte	8
 1826 0706 1E       		.byte	30
 1827 0707 88       		.byte	-120
 1828 0708 20       		.byte	32
 1829 0709 40       		.byte	64
 1830 070a 22       		.byte	34
 1831 070b 06       		.byte	6
 1832 070c 24       		.byte	36
 1833 070d 80       		.byte	-128
 1834 070e 28       		.byte	40
 1835 070f 08       		.byte	8
 1836 0710 29       		.byte	41
 1837 0711 08       		.byte	8
 1838 0712 30       		.byte	48
 1839 0713 38       		.byte	56
 1840 0714 32       		.byte	50
 1841 0715 82       		.byte	-126
 1842 0716 36       		.byte	54
 1843 0717 40       		.byte	64
 1844 0718 3A       		.byte	58
 1845 0719 20       		.byte	32
 1846 071a 40       		.byte	64
 1847 071b 08       		.byte	8
 1848 071c 42       		.byte	66
 1849 071d 20       		.byte	32
 1850 071e 45       		.byte	69
 1851 071f 08       		.byte	8
 1852 0720 48       		.byte	72
 1853 0721 20       		.byte	32
 1854 0722 4A       		.byte	74
 1855 0723 02       		.byte	2
 1856 0724 4C       		.byte	76
 1857 0725 80       		.byte	-128
 1858 0726 51       		.byte	81
 1859 0727 04       		.byte	4
 1860 0728 52       		.byte	82
 1861 0729 80       		.byte	-128
 1862 072a 55       		.byte	85
 1863 072b 10       		.byte	16
 1864 072c 56       		.byte	86
 1865 072d 20       		.byte	32
 1866 072e 58       		.byte	88
 1867 072f 11       		.byte	17
 1868 0730 5A       		.byte	90
 1869 0731 48       		.byte	72
 1870 0732 5D       		.byte	93
 1871 0733 80       		.byte	-128
 1872 0734 5E       		.byte	94
 1873 0735 18       		.byte	24
 1874 0736 5F       		.byte	95
 1875 0737 02       		.byte	2
 1876 0738 60       		.byte	96
 1877 0739 80       		.byte	-128
 1878 073a 67       		.byte	103
 1879 073b 80       		.byte	-128
 1880 073c 78       		.byte	120
 1881 073d 01       		.byte	1
ARM GAS  C:\Users\youkan\AppData\Local\Temp\cckh0qVC.s 			page 34


 1882 073e 7A       		.byte	122
 1883 073f 80       		.byte	-128
 1884 0740 80       		.byte	-128
 1885 0741 40       		.byte	64
 1886 0742 82       		.byte	-126
 1887 0743 10       		.byte	16
 1888 0744 84       		.byte	-124
 1889 0745 08       		.byte	8
 1890 0746 85       		.byte	-123
 1891 0747 10       		.byte	16
 1892 0748 89       		.byte	-119
 1893 0749 08       		.byte	8
 1894 074a 8A       		.byte	-118
 1895 074b 20       		.byte	32
 1896 074c 8B       		.byte	-117
 1897 074d 02       		.byte	2
 1898 074e 8D       		.byte	-115
 1899 074f 80       		.byte	-128
 1900 0750 8F       		.byte	-113
 1901 0751 10       		.byte	16
 1902 0752 94       		.byte	-108
 1903 0753 80       		.byte	-128
 1904 0754 97       		.byte	-105
 1905 0755 80       		.byte	-128
 1906 0756 9C       		.byte	-100
 1907 0757 80       		.byte	-128
 1908 0758 A3       		.byte	-93
 1909 0759 10       		.byte	16
 1910 075a A4       		.byte	-92
 1911 075b 80       		.byte	-128
 1912 075c A8       		.byte	-88
 1913 075d 80       		.byte	-128
 1914 075e C0       		.byte	-64
 1915 075f E3       		.byte	-29
 1916 0760 C2       		.byte	-62
 1917 0761 B2       		.byte	-78
 1918 0762 C4       		.byte	-60
 1919 0763 76       		.byte	118
 1920 0764 CA       		.byte	-54
 1921 0765 06       		.byte	6
 1922 0766 CC       		.byte	-52
 1923 0767 1F       		.byte	31
 1924 0768 CE       		.byte	-50
 1925 0769 04       		.byte	4
 1926 076a D0       		.byte	-48
 1927 076b 46       		.byte	70
 1928 076c D2       		.byte	-46
 1929 076d 08       		.byte	8
 1930 076e D6       		.byte	-42
 1931 076f FF       		.byte	-1
 1932 0770 D8       		.byte	-40
 1933 0771 81       		.byte	-127
 1934 0772 E0       		.byte	-32
 1935 0773 20       		.byte	32
 1936 0774 E2       		.byte	-30
 1937 0775 90       		.byte	-112
 1938 0776 E4       		.byte	-28
ARM GAS  C:\Users\youkan\AppData\Local\Temp\cckh0qVC.s 			page 35


 1939 0777 40       		.byte	64
 1940 0778 E6       		.byte	-26
 1941 0779 80       		.byte	-128
 1942 077a 30       		.byte	48
 1943 077b 11       		.byte	17
 1944 077c 35       		.byte	53
 1945 077d 10       		.byte	16
 1946 077e 36       		.byte	54
 1947 077f 08       		.byte	8
 1948 0780 3B       		.byte	59
 1949 0781 40       		.byte	64
 1950 0782 CC       		.byte	-52
 1951 0783 F0       		.byte	-16
 1952 0784 CE       		.byte	-50
 1953 0785 10       		.byte	16
 1954 0786 30       		.byte	48
 1955 0787 02       		.byte	2
 1956 0788 31       		.byte	49
 1957 0789 10       		.byte	16
 1958 078a 32       		.byte	50
 1959 078b 48       		.byte	72
 1960 078c 37       		.byte	55
 1961 078d 40       		.byte	64
 1962 078e 44       		.byte	68
 1963 078f 01       		.byte	1
 1964 0790 47       		.byte	71
 1965 0791 40       		.byte	64
 1966 0792 84       		.byte	-124
 1967 0793 10       		.byte	16
 1968 0794 87       		.byte	-121
 1969 0795 40       		.byte	64
 1970 0796 97       		.byte	-105
 1971 0797 40       		.byte	64
 1972 0798 9C       		.byte	-100
 1973 0799 11       		.byte	17
 1974 079a 9D       		.byte	-99
 1975 079b 10       		.byte	16
 1976 079c A6       		.byte	-90
 1977 079d 08       		.byte	8
 1978 079e CC       		.byte	-52
 1979 079f 70       		.byte	112
 1980 07a0 E6       		.byte	-26
 1981 07a1 40       		.byte	64
 1982 07a2 96       		.byte	-106
 1983 07a3 80       		.byte	-128
 1984 07a4 9F       		.byte	-97
 1985 07a5 40       		.byte	64
 1986 07a6 A4       		.byte	-92
 1987 07a7 02       		.byte	2
 1988 07a8 96       		.byte	-106
 1989 07a9 80       		.byte	-128
 1990 07aa 9F       		.byte	-97
 1991 07ab 40       		.byte	64
 1992 07ac A4       		.byte	-92
 1993 07ad 02       		.byte	2
 1994 07ae 50       		.byte	80
 1995 07af 08       		.byte	8
ARM GAS  C:\Users\youkan\AppData\Local\Temp\cckh0qVC.s 			page 36


 1996 07b0 D4       		.byte	-44
 1997 07b1 04       		.byte	4
 1998 07b2 A4       		.byte	-92
 1999 07b3 08       		.byte	8
 2000 07b4 9F       		.byte	-97
 2001 07b5 08       		.byte	8
 2002 07b6 A4       		.byte	-92
 2003 07b7 08       		.byte	8
 2004 07b8 AB       		.byte	-85
 2005 07b9 08       		.byte	8
 2006 07ba 00       		.byte	0
 2007 07bb 10       		.byte	16
 2008 07bc 5F       		.byte	95
 2009 07bd 20       		.byte	32
 2010 07be 82       		.byte	-126
 2011 07bf 40       		.byte	64
 2012 07c0 83       		.byte	-125
 2013 07c1 20       		.byte	32
 2014 07c2 84       		.byte	-124
 2015 07c3 02       		.byte	2
 2016 07c4 8F       		.byte	-113
 2017 07c5 40       		.byte	64
 2018 07c6 94       		.byte	-108
 2019 07c7 10       		.byte	16
 2020 07c8 96       		.byte	-106
 2021 07c9 80       		.byte	-128
 2022 07ca 9F       		.byte	-97
 2023 07cb 40       		.byte	64
 2024 07cc A4       		.byte	-92
 2025 07cd 02       		.byte	2
 2026 07ce B4       		.byte	-76
 2027 07cf 10       		.byte	16
 2028 07d0 C0       		.byte	-64
 2029 07d1 40       		.byte	64
 2030 07d2 D6       		.byte	-42
 2031 07d3 20       		.byte	32
 2032 07d4 E2       		.byte	-30
 2033 07d5 90       		.byte	-112
 2034 07d6 E6       		.byte	-26
 2035 07d7 80       		.byte	-128
 2036 07d8 9F       		.byte	-97
 2037 07d9 08       		.byte	8
 2038 07da A0       		.byte	-96
 2039 07db 02       		.byte	2
 2040 07dc B0       		.byte	-80
 2041 07dd 08       		.byte	8
 2042 07de B4       		.byte	-76
 2043 07df 02       		.byte	2
 2044 07e0 EC       		.byte	-20
 2045 07e1 06       		.byte	6
 2046 07e2 13       		.byte	19
 2047 07e3 08       		.byte	8
 2048 07e4 74       		.byte	116
 2049 07e5 02       		.byte	2
 2050 07e6 9F       		.byte	-97
 2051 07e7 08       		.byte	8
 2052 07e8 A0       		.byte	-96
ARM GAS  C:\Users\youkan\AppData\Local\Temp\cckh0qVC.s 			page 37


 2053 07e9 02       		.byte	2
 2054 07ea C4       		.byte	-60
 2055 07eb 08       		.byte	8
 2056 07ec DE       		.byte	-34
 2057 07ed 04       		.byte	4
 2058 07ee 00       		.byte	0
 2059 07ef 07       		.byte	7
 2060 07f0 01       		.byte	1
 2061 07f1 01       		.byte	1
 2062 07f2 08       		.byte	8
 2063 07f3 03       		.byte	3
 2064 07f4 0A       		.byte	10
 2065 07f5 07       		.byte	7
 2066 07f6 0B       		.byte	11
 2067 07f7 01       		.byte	1
 2068 07f8 10       		.byte	16
 2069 07f9 07       		.byte	7
 2070 07fa 1A       		.byte	26
 2071 07fb 07       		.byte	7
 2072 07fc 1C       		.byte	28
 2073 07fd 05       		.byte	5
 2074 07fe 00       		.byte	0
 2075 07ff FF       		.byte	-1
 2076 0800 01       		.byte	1
 2077 0801 FF       		.byte	-1
 2078 0802 00       		.byte	0
 2079 0803 00       		.byte	0
 2080 0804 00       		.byte	0
 2081 0805 00       		.byte	0
 2082 0806 B3       		.byte	-77
 2083 0807 00       		.byte	0
 2084 0808 03       		.byte	3
 2085 0809 00       		.byte	0
 2086 080a 00       		.byte	0
 2087 080b 00       		.byte	0
 2088 080c 01       		.byte	1
 2089 080d 03       		.byte	3
 2090 080e 00       		.byte	0
 2091 080f 00       		.byte	0
 2092 0810 4F       		.byte	79
 2093 0811 02       		.byte	2
 2094 0812 90       		.byte	-112
 2095 0813 01       		.byte	1
 2096 0814 42       		.byte	66
 2097 0815 00       		.byte	0
 2098 0816 00       		.byte	0
 2099 0817 00       		.byte	0
 2100 0818 00       		.byte	0
 2101 0819 00       		.byte	0
 2102 081a 40       		.byte	64
 2103 081b 10       		.byte	16
 2104 081c F3       		.byte	-13
 2105 081d 00       		.byte	0
 2106 081e 0C       		.byte	12
 2107 081f 08       		.byte	8
 2108 0820 08       		.byte	8
 2109 0821 00       		.byte	0
ARM GAS  C:\Users\youkan\AppData\Local\Temp\cckh0qVC.s 			page 38


 2110 0822 00       		.byte	0
 2111 0823 00       		.byte	0
 2112 0824 CC       		.byte	-52
 2113 0825 02       		.byte	2
 2114 0826 23       		.byte	35
 2115 0827 01       		.byte	1
 2116 0828 04       		.byte	4
 2117 0829 00       		.byte	0
 2118 082a 00       		.byte	0
 2119 082b 00       		.byte	0
 2120 082c 0C       		.byte	12
 2121 082d 03       		.byte	3
 2122 082e 00       		.byte	0
 2123 082f 00       		.byte	0
 2124 0830 FF       		.byte	-1
 2125 0831 00       		.byte	0
 2126 0832 00       		.byte	0
 2127 0833 14       		.byte	20
 2128 0834 7C       		.byte	124
 2129 0835 02       		.byte	2
 2130 0836 00       		.byte	0
 2131 0837 18       		.byte	24
 2132 0838 0F       		.byte	15
 2133 0839 04       		.byte	4
 2134 083a 8C       		.byte	-116
 2135 083b 01       		.byte	1
 2136 083c 00       		.byte	0
 2137 083d 80       		.byte	-128
 2138 083e 22       		.byte	34
 2139 083f 00       		.byte	0
 2140 0840 00       		.byte	0
 2141 0841 00       		.byte	0
 2142 0842 00       		.byte	0
 2143 0843 05       		.byte	5
 2144 0844 21       		.byte	33
 2145 0845 06       		.byte	6
 2146 0846 05       		.byte	5
 2147 0847 00       		.byte	0
 2148 0848 03       		.byte	3
 2149 0849 C0       		.byte	-64
 2150 084a 00       		.byte	0
 2151 084b 0E       		.byte	14
 2152 084c 12       		.byte	18
 2153 084d FF       		.byte	-1
 2154 084e FF       		.byte	-1
 2155 084f FF       		.byte	-1
 2156 0850 62       		.byte	98
 2157 0851 A0       		.byte	-96
 2158 0852 F0       		.byte	-16
 2159 0853 41       		.byte	65
 2160 0854 0C       		.byte	12
 2161 0855 00       		.byte	0
 2162 0856 00       		.byte	0
 2163 0857 00       		.byte	0
 2164 0858 00       		.byte	0
 2165 0859 00       		.byte	0
 2166 085a 08       		.byte	8
ARM GAS  C:\Users\youkan\AppData\Local\Temp\cckh0qVC.s 			page 39


 2167 085b 00       		.byte	0
 2168 085c 04       		.byte	4
 2169 085d 04       		.byte	4
 2170 085e 04       		.byte	4
 2171 085f 04       		.byte	4
 2172 0860 22       		.byte	34
 2173 0861 92       		.byte	-110
 2174 0862 00       		.byte	0
 2175 0863 01       		.byte	1
 2176 0864 00       		.byte	0
 2177 0865 00       		.byte	0
 2178 0866 00       		.byte	0
 2179 0867 00       		.byte	0
 2180 0868 00       		.byte	0
 2181 0869 00       		.byte	0
 2182 086a 40       		.byte	64
 2183 086b 02       		.byte	2
 2184 086c 00       		.byte	0
 2185 086d 10       		.byte	16
 2186 086e 30       		.byte	48
 2187 086f 10       		.byte	16
 2188 0870 00       		.byte	0
 2189 0871 10       		.byte	16
 2190 0872 10       		.byte	16
 2191 0873 12       		.byte	18
 2192 0874 00       		.byte	0
 2193 0875 00       		.byte	0
 2194 0876 00       		.byte	0
 2195 0877 00       		.byte	0
 2196 0878 00       		.byte	0
 2197 0879 00       		.byte	0
 2198 087a 00       		.byte	0
 2199 087b 00       		.byte	0
 2200 087c 00       		.byte	0
 2201 087d 00       		.byte	0
 2202 087e 00       		.byte	0
 2203 087f 00       		.byte	0
 2204 0880 00       		.byte	0
 2205 0881 00       		.byte	0
 2206 0882 00       		.byte	0
 2207 0883 00       		.byte	0
 2208 0884 80       		.byte	-128
 2209 0885 00       		.byte	0
 2210 0886 40       		.byte	64
 2211 0887 80       		.byte	-128
 2212 0888 80       		.byte	-128
 2213 0889 00       		.byte	0
 2214 088a 80       		.byte	-128
 2215 088b 00       		.byte	0
 2216 088c 00       		.byte	0
 2217 088d 00       		.byte	0
 2218 088e 00       		.byte	0
 2219 088f 00       		.byte	0
 2220 0890 08       		.byte	8
 2221 0891 00       		.byte	0
 2222 0892 04       		.byte	4
 2223 0893 08       		.byte	8
ARM GAS  C:\Users\youkan\AppData\Local\Temp\cckh0qVC.s 			page 40


 2224 0894 08       		.byte	8
 2225 0895 00       		.byte	0
 2226 0896 08       		.byte	8
 2227 0897 00       		.byte	0
 2228 0898 00       		.byte	0
 2229 0899 00       		.byte	0
 2230 089a 00       		.byte	0
 2231 089b 00       		.byte	0
 2232 089c 00       		.byte	0
 2233 089d 0B       		.byte	11
 2234 089e 0B       		.byte	11
 2235 089f 00       		.byte	0
 2236 08a0 00       		.byte	0
 2237 08a1 00       		.byte	0
 2238 08a2 00       		.byte	0
 2239 08a3 00       		.byte	0
 2240 08a4 01       		.byte	1
 2241 08a5 00       		.byte	0
 2242 08a6 02       		.byte	2
 2243 08a7 01       		.byte	1
 2244 08a8 01       		.byte	1
 2245 08a9 00       		.byte	0
 2246 08aa 01       		.byte	1
 2247 08ab 00       		.byte	0
 2248 08ac 00       		.byte	0
 2249 08ad 00       		.byte	0
 2250 08ae 00       		.byte	0
 2251 08af 00       		.byte	0
 2252              		.section	.cywolatch,"a",%progbits
 2253              		.align	2
 2254              		.type	cy_meta_wonvl, %object
 2255              		.size	cy_meta_wonvl, 4
 2256              	cy_meta_wonvl:
 2257 0000 BC       		.byte	-68
 2258 0001 90       		.byte	-112
 2259 0002 AC       		.byte	-84
 2260 0003 AF       		.byte	-81
 2261              		.section	.cycustnvl,"a",%progbits
 2262              		.align	2
 2263              		.type	cy_meta_custnvl, %object
 2264              		.size	cy_meta_custnvl, 4
 2265              	cy_meta_custnvl:
 2266 0000 00       		.byte	0
 2267 0001 00       		.byte	0
 2268 0002 40       		.byte	64
 2269 0003 05       		.byte	5
 2270              		.section	.cymeta,"a",%progbits
 2271              		.align	2
 2272              		.type	cy_metadata, %object
 2273              		.size	cy_metadata, 12
 2274              	cy_metadata:
 2275 0000 00       		.byte	0
 2276 0001 01       		.byte	1
 2277 0002 2E       		.byte	46
 2278 0003 16       		.byte	22
 2279 0004 10       		.byte	16
 2280 0005 69       		.byte	105
ARM GAS  C:\Users\youkan\AppData\Local\Temp\cckh0qVC.s 			page 41


 2281 0006 00       		.byte	0
 2282 0007 01       		.byte	1
 2283 0008 00       		.byte	0
 2284 0009 00       		.byte	0
 2285 000a 00       		.byte	0
 2286 000b 00       		.byte	0
 2287              		.section	.cyflashprotect,"a",%progbits
 2288              		.align	2
 2289              		.type	cy_meta_flashprotect, %object
 2290              		.size	cy_meta_flashprotect, 256
 2291              	cy_meta_flashprotect:
 2292 0000 00000000 		.space	256
 2292      00000000 
 2292      00000000 
 2292      00000000 
 2292      00000000 
 2293              		.text
 2294              	.Letext0:
 2295              		.file 1 "Generated_Source\\PSoC5\\cymetadata.c"
 2296              		.file 2 "Generated_Source\\PSoC5\\cytypes.h"
 2297              		.section	.debug_info,"",%progbits
 2298              	.Ldebug_info0:
 2299 0000 3B010000 		.4byte	0x13b
 2300 0004 0400     		.2byte	0x4
 2301 0006 00000000 		.4byte	.Ldebug_abbrev0
 2302 000a 04       		.byte	0x4
 2303 000b 01       		.uleb128 0x1
 2304 000c 6E000000 		.4byte	.LASF18
 2305 0010 01       		.byte	0x1
 2306 0011 C9010000 		.4byte	.LASF19
 2307 0015 5F010000 		.4byte	.LASF20
 2308 0019 00000000 		.4byte	.Ldebug_line0
 2309 001d 02       		.uleb128 0x2
 2310 001e 01       		.byte	0x1
 2311 001f 06       		.byte	0x6
 2312 0020 BD010000 		.4byte	.LASF0
 2313 0024 02       		.uleb128 0x2
 2314 0025 01       		.byte	0x1
 2315 0026 08       		.byte	0x8
 2316 0027 12000000 		.4byte	.LASF1
 2317 002b 02       		.uleb128 0x2
 2318 002c 02       		.byte	0x2
 2319 002d 05       		.byte	0x5
 2320 002e A4010000 		.4byte	.LASF2
 2321 0032 02       		.uleb128 0x2
 2322 0033 02       		.byte	0x2
 2323 0034 07       		.byte	0x7
 2324 0035 32000000 		.4byte	.LASF3
 2325 0039 02       		.uleb128 0x2
 2326 003a 04       		.byte	0x4
 2327 003b 05       		.byte	0x5
 2328 003c B4010000 		.4byte	.LASF4
 2329 0040 02       		.uleb128 0x2
 2330 0041 04       		.byte	0x4
 2331 0042 07       		.byte	0x7
 2332 0043 20000000 		.4byte	.LASF5
 2333 0047 02       		.uleb128 0x2
ARM GAS  C:\Users\youkan\AppData\Local\Temp\cckh0qVC.s 			page 42


 2334 0048 08       		.byte	0x8
 2335 0049 05       		.byte	0x5
 2336 004a 4C010000 		.4byte	.LASF6
 2337 004e 02       		.uleb128 0x2
 2338 004f 08       		.byte	0x8
 2339 0050 07       		.byte	0x7
 2340 0051 09010000 		.4byte	.LASF7
 2341 0055 03       		.uleb128 0x3
 2342 0056 04       		.byte	0x4
 2343 0057 05       		.byte	0x5
 2344 0058 696E7400 		.ascii	"int\000"
 2345 005c 02       		.uleb128 0x2
 2346 005d 04       		.byte	0x4
 2347 005e 07       		.byte	0x7
 2348 005f FC000000 		.4byte	.LASF8
 2349 0063 04       		.uleb128 0x4
 2350 0064 AE010000 		.4byte	.LASF21
 2351 0068 02       		.byte	0x2
 2352 0069 9201     		.2byte	0x192
 2353 006b 24000000 		.4byte	0x24
 2354 006f 02       		.uleb128 0x2
 2355 0070 04       		.byte	0x4
 2356 0071 04       		.byte	0x4
 2357 0072 0C000000 		.4byte	.LASF9
 2358 0076 02       		.uleb128 0x2
 2359 0077 08       		.byte	0x8
 2360 0078 04       		.byte	0x4
 2361 0079 45000000 		.4byte	.LASF10
 2362 007d 02       		.uleb128 0x2
 2363 007e 01       		.byte	0x1
 2364 007f 08       		.byte	0x8
 2365 0080 5A010000 		.4byte	.LASF11
 2366 0084 05       		.uleb128 0x5
 2367 0085 63000000 		.4byte	0x63
 2368 0089 95000000 		.4byte	0x95
 2369 008d 06       		.uleb128 0x6
 2370 008e 95000000 		.4byte	0x95
 2371 0092 AF08     		.2byte	0x8af
 2372 0094 00       		.byte	0
 2373 0095 02       		.uleb128 0x2
 2374 0096 04       		.byte	0x4
 2375 0097 07       		.byte	0x7
 2376 0098 43010000 		.4byte	.LASF12
 2377 009c 07       		.uleb128 0x7
 2378 009d 5C000000 		.4byte	.LASF13
 2379 00a1 01       		.byte	0x1
 2380 00a2 1F       		.byte	0x1f
 2381 00a3 AD000000 		.4byte	0xad
 2382 00a7 05       		.uleb128 0x5
 2383 00a8 03       		.byte	0x3
 2384 00a9 00000000 		.4byte	cy_meta_configecc
 2385 00ad 08       		.uleb128 0x8
 2386 00ae 84000000 		.4byte	0x84
 2387 00b2 05       		.uleb128 0x5
 2388 00b3 63000000 		.4byte	0x63
 2389 00b7 C2000000 		.4byte	0xc2
 2390 00bb 09       		.uleb128 0x9
ARM GAS  C:\Users\youkan\AppData\Local\Temp\cckh0qVC.s 			page 43


 2391 00bc 95000000 		.4byte	0x95
 2392 00c0 03       		.byte	0x3
 2393 00c1 00       		.byte	0
 2394 00c2 0A       		.uleb128 0xa
 2395 00c3 4C000000 		.4byte	.LASF14
 2396 00c7 01       		.byte	0x1
 2397 00c8 4201     		.2byte	0x142
 2398 00ca D4000000 		.4byte	0xd4
 2399 00ce 05       		.uleb128 0x5
 2400 00cf 03       		.byte	0x3
 2401 00d0 00000000 		.4byte	cy_meta_custnvl
 2402 00d4 08       		.uleb128 0x8
 2403 00d5 B2000000 		.4byte	0xb2
 2404 00d9 0A       		.uleb128 0xa
 2405 00da 35010000 		.4byte	.LASF15
 2406 00de 01       		.byte	0x1
 2407 00df 5001     		.2byte	0x150
 2408 00e1 EB000000 		.4byte	0xeb
 2409 00e5 05       		.uleb128 0x5
 2410 00e6 03       		.byte	0x3
 2411 00e7 00000000 		.4byte	cy_meta_wonvl
 2412 00eb 08       		.uleb128 0x8
 2413 00ec B2000000 		.4byte	0xb2
 2414 00f0 05       		.uleb128 0x5
 2415 00f1 63000000 		.4byte	0x63
 2416 00f5 00010000 		.4byte	0x100
 2417 00f9 09       		.uleb128 0x9
 2418 00fa 95000000 		.4byte	0x95
 2419 00fe FF       		.byte	0xff
 2420 00ff 00       		.byte	0
 2421 0100 0A       		.uleb128 0xa
 2422 0101 20010000 		.4byte	.LASF16
 2423 0105 01       		.byte	0x1
 2424 0106 5E01     		.2byte	0x15e
 2425 0108 12010000 		.4byte	0x112
 2426 010c 05       		.uleb128 0x5
 2427 010d 03       		.byte	0x3
 2428 010e 00000000 		.4byte	cy_meta_flashprotect
 2429 0112 08       		.uleb128 0x8
 2430 0113 F0000000 		.4byte	0xf0
 2431 0117 05       		.uleb128 0x5
 2432 0118 63000000 		.4byte	0x63
 2433 011c 27010000 		.4byte	0x127
 2434 0120 09       		.uleb128 0x9
 2435 0121 95000000 		.4byte	0x95
 2436 0125 0B       		.byte	0xb
 2437 0126 00       		.byte	0
 2438 0127 0A       		.uleb128 0xa
 2439 0128 00000000 		.4byte	.LASF17
 2440 012c 01       		.byte	0x1
 2441 012d 8B01     		.2byte	0x18b
 2442 012f 39010000 		.4byte	0x139
 2443 0133 05       		.uleb128 0x5
 2444 0134 03       		.byte	0x3
 2445 0135 00000000 		.4byte	cy_metadata
 2446 0139 08       		.uleb128 0x8
 2447 013a 17010000 		.4byte	0x117
ARM GAS  C:\Users\youkan\AppData\Local\Temp\cckh0qVC.s 			page 44


 2448 013e 00       		.byte	0
 2449              		.section	.debug_abbrev,"",%progbits
 2450              	.Ldebug_abbrev0:
 2451 0000 01       		.uleb128 0x1
 2452 0001 11       		.uleb128 0x11
 2453 0002 01       		.byte	0x1
 2454 0003 25       		.uleb128 0x25
 2455 0004 0E       		.uleb128 0xe
 2456 0005 13       		.uleb128 0x13
 2457 0006 0B       		.uleb128 0xb
 2458 0007 03       		.uleb128 0x3
 2459 0008 0E       		.uleb128 0xe
 2460 0009 1B       		.uleb128 0x1b
 2461 000a 0E       		.uleb128 0xe
 2462 000b 10       		.uleb128 0x10
 2463 000c 17       		.uleb128 0x17
 2464 000d 00       		.byte	0
 2465 000e 00       		.byte	0
 2466 000f 02       		.uleb128 0x2
 2467 0010 24       		.uleb128 0x24
 2468 0011 00       		.byte	0
 2469 0012 0B       		.uleb128 0xb
 2470 0013 0B       		.uleb128 0xb
 2471 0014 3E       		.uleb128 0x3e
 2472 0015 0B       		.uleb128 0xb
 2473 0016 03       		.uleb128 0x3
 2474 0017 0E       		.uleb128 0xe
 2475 0018 00       		.byte	0
 2476 0019 00       		.byte	0
 2477 001a 03       		.uleb128 0x3
 2478 001b 24       		.uleb128 0x24
 2479 001c 00       		.byte	0
 2480 001d 0B       		.uleb128 0xb
 2481 001e 0B       		.uleb128 0xb
 2482 001f 3E       		.uleb128 0x3e
 2483 0020 0B       		.uleb128 0xb
 2484 0021 03       		.uleb128 0x3
 2485 0022 08       		.uleb128 0x8
 2486 0023 00       		.byte	0
 2487 0024 00       		.byte	0
 2488 0025 04       		.uleb128 0x4
 2489 0026 16       		.uleb128 0x16
 2490 0027 00       		.byte	0
 2491 0028 03       		.uleb128 0x3
 2492 0029 0E       		.uleb128 0xe
 2493 002a 3A       		.uleb128 0x3a
 2494 002b 0B       		.uleb128 0xb
 2495 002c 3B       		.uleb128 0x3b
 2496 002d 05       		.uleb128 0x5
 2497 002e 49       		.uleb128 0x49
 2498 002f 13       		.uleb128 0x13
 2499 0030 00       		.byte	0
 2500 0031 00       		.byte	0
 2501 0032 05       		.uleb128 0x5
 2502 0033 01       		.uleb128 0x1
 2503 0034 01       		.byte	0x1
 2504 0035 49       		.uleb128 0x49
ARM GAS  C:\Users\youkan\AppData\Local\Temp\cckh0qVC.s 			page 45


 2505 0036 13       		.uleb128 0x13
 2506 0037 01       		.uleb128 0x1
 2507 0038 13       		.uleb128 0x13
 2508 0039 00       		.byte	0
 2509 003a 00       		.byte	0
 2510 003b 06       		.uleb128 0x6
 2511 003c 21       		.uleb128 0x21
 2512 003d 00       		.byte	0
 2513 003e 49       		.uleb128 0x49
 2514 003f 13       		.uleb128 0x13
 2515 0040 2F       		.uleb128 0x2f
 2516 0041 05       		.uleb128 0x5
 2517 0042 00       		.byte	0
 2518 0043 00       		.byte	0
 2519 0044 07       		.uleb128 0x7
 2520 0045 34       		.uleb128 0x34
 2521 0046 00       		.byte	0
 2522 0047 03       		.uleb128 0x3
 2523 0048 0E       		.uleb128 0xe
 2524 0049 3A       		.uleb128 0x3a
 2525 004a 0B       		.uleb128 0xb
 2526 004b 3B       		.uleb128 0x3b
 2527 004c 0B       		.uleb128 0xb
 2528 004d 49       		.uleb128 0x49
 2529 004e 13       		.uleb128 0x13
 2530 004f 3F       		.uleb128 0x3f
 2531 0050 19       		.uleb128 0x19
 2532 0051 02       		.uleb128 0x2
 2533 0052 18       		.uleb128 0x18
 2534 0053 00       		.byte	0
 2535 0054 00       		.byte	0
 2536 0055 08       		.uleb128 0x8
 2537 0056 26       		.uleb128 0x26
 2538 0057 00       		.byte	0
 2539 0058 49       		.uleb128 0x49
 2540 0059 13       		.uleb128 0x13
 2541 005a 00       		.byte	0
 2542 005b 00       		.byte	0
 2543 005c 09       		.uleb128 0x9
 2544 005d 21       		.uleb128 0x21
 2545 005e 00       		.byte	0
 2546 005f 49       		.uleb128 0x49
 2547 0060 13       		.uleb128 0x13
 2548 0061 2F       		.uleb128 0x2f
 2549 0062 0B       		.uleb128 0xb
 2550 0063 00       		.byte	0
 2551 0064 00       		.byte	0
 2552 0065 0A       		.uleb128 0xa
 2553 0066 34       		.uleb128 0x34
 2554 0067 00       		.byte	0
 2555 0068 03       		.uleb128 0x3
 2556 0069 0E       		.uleb128 0xe
 2557 006a 3A       		.uleb128 0x3a
 2558 006b 0B       		.uleb128 0xb
 2559 006c 3B       		.uleb128 0x3b
 2560 006d 05       		.uleb128 0x5
 2561 006e 49       		.uleb128 0x49
ARM GAS  C:\Users\youkan\AppData\Local\Temp\cckh0qVC.s 			page 46


 2562 006f 13       		.uleb128 0x13
 2563 0070 3F       		.uleb128 0x3f
 2564 0071 19       		.uleb128 0x19
 2565 0072 02       		.uleb128 0x2
 2566 0073 18       		.uleb128 0x18
 2567 0074 00       		.byte	0
 2568 0075 00       		.byte	0
 2569 0076 00       		.byte	0
 2570              		.section	.debug_aranges,"",%progbits
 2571 0000 14000000 		.4byte	0x14
 2572 0004 0200     		.2byte	0x2
 2573 0006 00000000 		.4byte	.Ldebug_info0
 2574 000a 04       		.byte	0x4
 2575 000b 00       		.byte	0
 2576 000c 0000     		.2byte	0
 2577 000e 0000     		.2byte	0
 2578 0010 00000000 		.4byte	0
 2579 0014 00000000 		.4byte	0
 2580              		.section	.debug_line,"",%progbits
 2581              	.Ldebug_line0:
 2582 0000 4D000000 		.section	.debug_str,"MS",%progbits,1
 2582      02004700 
 2582      00000201 
 2582      FB0E0D00 
 2582      01010101 
 2583              	.LASF17:
 2584 0000 63795F6D 		.ascii	"cy_metadata\000"
 2584      65746164 
 2584      61746100 
 2585              	.LASF9:
 2586 000c 666C6F61 		.ascii	"float\000"
 2586      7400
 2587              	.LASF1:
 2588 0012 756E7369 		.ascii	"unsigned char\000"
 2588      676E6564 
 2588      20636861 
 2588      7200
 2589              	.LASF5:
 2590 0020 6C6F6E67 		.ascii	"long unsigned int\000"
 2590      20756E73 
 2590      69676E65 
 2590      6420696E 
 2590      7400
 2591              	.LASF3:
 2592 0032 73686F72 		.ascii	"short unsigned int\000"
 2592      7420756E 
 2592      7369676E 
 2592      65642069 
 2592      6E7400
 2593              	.LASF10:
 2594 0045 646F7562 		.ascii	"double\000"
 2594      6C6500
 2595              	.LASF14:
 2596 004c 63795F6D 		.ascii	"cy_meta_custnvl\000"
 2596      6574615F 
 2596      63757374 
 2596      6E766C00 
ARM GAS  C:\Users\youkan\AppData\Local\Temp\cckh0qVC.s 			page 47


 2597              	.LASF13:
 2598 005c 63795F6D 		.ascii	"cy_meta_configecc\000"
 2598      6574615F 
 2598      636F6E66 
 2598      69676563 
 2598      6300
 2599              	.LASF18:
 2600 006e 474E5520 		.ascii	"GNU C 4.9.3 20150303 (release) [ARM/embedded-4_9-br"
 2600      4320342E 
 2600      392E3320 
 2600      32303135 
 2600      30333033 
 2601 00a1 616E6368 		.ascii	"anch revision 221220] -mcpu=cortex-m3 -mthumb -g -O"
 2601      20726576 
 2601      6973696F 
 2601      6E203232 
 2601      31323230 
 2602 00d4 67202D66 		.ascii	"g -ffunction-sections -ffat-lto-objects\000"
 2602      66756E63 
 2602      74696F6E 
 2602      2D736563 
 2602      74696F6E 
 2603              	.LASF8:
 2604 00fc 756E7369 		.ascii	"unsigned int\000"
 2604      676E6564 
 2604      20696E74 
 2604      00
 2605              	.LASF7:
 2606 0109 6C6F6E67 		.ascii	"long long unsigned int\000"
 2606      206C6F6E 
 2606      6720756E 
 2606      7369676E 
 2606      65642069 
 2607              	.LASF16:
 2608 0120 63795F6D 		.ascii	"cy_meta_flashprotect\000"
 2608      6574615F 
 2608      666C6173 
 2608      6870726F 
 2608      74656374 
 2609              	.LASF15:
 2610 0135 63795F6D 		.ascii	"cy_meta_wonvl\000"
 2610      6574615F 
 2610      776F6E76 
 2610      6C00
 2611              	.LASF12:
 2612 0143 73697A65 		.ascii	"sizetype\000"
 2612      74797065 
 2612      00
 2613              	.LASF6:
 2614 014c 6C6F6E67 		.ascii	"long long int\000"
 2614      206C6F6E 
 2614      6720696E 
 2614      7400
 2615              	.LASF11:
 2616 015a 63686172 		.ascii	"char\000"
 2616      00
 2617              	.LASF20:
ARM GAS  C:\Users\youkan\AppData\Local\Temp\cckh0qVC.s 			page 48


 2618 015f 433A5C55 		.ascii	"C:\\Users\\youkan\\Documents\\GitHub\\camera03\\Wor"
 2618      73657273 
 2618      5C796F75 
 2618      6B616E5C 
 2618      446F6375 
 2619 018c 6B737061 		.ascii	"kspace06\\Design01.cydsn\000"
 2619      63653036 
 2619      5C446573 
 2619      69676E30 
 2619      312E6379 
 2620              	.LASF2:
 2621 01a4 73686F72 		.ascii	"short int\000"
 2621      7420696E 
 2621      7400
 2622              	.LASF21:
 2623 01ae 75696E74 		.ascii	"uint8\000"
 2623      3800
 2624              	.LASF4:
 2625 01b4 6C6F6E67 		.ascii	"long int\000"
 2625      20696E74 
 2625      00
 2626              	.LASF0:
 2627 01bd 7369676E 		.ascii	"signed char\000"
 2627      65642063 
 2627      68617200 
 2628              	.LASF19:
 2629 01c9 47656E65 		.ascii	"Generated_Source\\PSoC5\\cymetadata.c\000"
 2629      72617465 
 2629      645F536F 
 2629      75726365 
 2629      5C50536F 
 2630              		.ident	"GCC: (GNU Tools for ARM Embedded Processors) 4.9.3 20150303 (release) [ARM/embedded-4_9-br
