ARM GAS  C:\Users\youkan\AppData\Local\Temp\ccRMTISs.s 			page 1


   1              		.syntax unified
   2              		.cpu cortex-m3
   3              		.fpu softvfp
   4              		.eabi_attribute 20, 1
   5              		.eabi_attribute 21, 1
   6              		.eabi_attribute 23, 3
   7              		.eabi_attribute 24, 1
   8              		.eabi_attribute 25, 1
   9              		.eabi_attribute 26, 1
  10              		.eabi_attribute 30, 1
  11              		.eabi_attribute 34, 1
  12              		.eabi_attribute 18, 4
  13              		.thumb
  14              		.file	"main.c"
  15              		.text
  16              	.Ltext0:
  17              		.cfi_sections	.debug_frame
  18              		.section	.text.main,"ax",%progbits
  19              		.align	2
  20              		.global	main
  21              		.thumb
  22              		.thumb_func
  23              		.type	main, %function
  24              	main:
  25              	.LFB63:
  26              		.file 1 "main.c"
   1:main.c        **** /* ========================================
   2:main.c        ****  *
   3:main.c        ****  * Copyright YOUR COMPANY, THE YEAR
   4:main.c        ****  * All Rights Reserved
   5:main.c        ****  * UNPUBLISHED, LICENSED SOFTWARE.
   6:main.c        ****  *
   7:main.c        ****  * CONFIDENTIAL AND PROPRIETARY INFORMATION
   8:main.c        ****  * WHICH IS THE PROPERTY OF your company.
   9:main.c        ****  *
  10:main.c        ****  * ========================================
  11:main.c        **** */
  12:main.c        **** #include "project.h"
  13:main.c        **** #include "PSC_MAIN.h"
  14:main.c        **** 
  15:main.c        **** int main(void)
  16:main.c        **** {
  27              		.loc 1 16 0
  28              		.cfi_startproc
  29              		@ args = 0, pretend = 0, frame = 0
  30              		@ frame_needed = 0, uses_anonymous_args = 0
  31 0000 08B5     		push	{r3, lr}
  32              		.cfi_def_cfa_offset 8
  33              		.cfi_offset 3, -8
  34              		.cfi_offset 14, -4
  17:main.c        ****     PSC_PROGRAM_START();
  35              		.loc 1 17 0
  36 0002 FFF7FEFF 		bl	PSC_PROGRAM_START
  37              	.LVL0:
  18:main.c        ****     return 0;
  19:main.c        **** }
  38              		.loc 1 19 0
ARM GAS  C:\Users\youkan\AppData\Local\Temp\ccRMTISs.s 			page 2


  39 0006 0020     		movs	r0, #0
  40 0008 08BD     		pop	{r3, pc}
  41              		.cfi_endproc
  42              	.LFE63:
  43              		.size	main, .-main
  44 000a 00BF     		.text
  45              	.Letext0:
  46              		.file 2 "c:\\program files (x86)\\cypress\\psoc creator\\4.0\\psoc creator\\import\\gnu\\arm\\4.9.
  47              		.file 3 "c:\\program files (x86)\\cypress\\psoc creator\\4.0\\psoc creator\\import\\gnu\\arm\\4.9.
  48              		.file 4 "Generated_Source\\PSoC5/core_cm3.h"
  49              		.file 5 "PSC_MAIN.h"
  50              		.section	.debug_info,"",%progbits
  51              	.Ldebug_info0:
  52 0000 D7000000 		.4byte	0xd7
  53 0004 0400     		.2byte	0x4
  54 0006 00000000 		.4byte	.Ldebug_abbrev0
  55 000a 04       		.byte	0x4
  56 000b 01       		.uleb128 0x1
  57 000c A8000000 		.4byte	.LASF15
  58 0010 01       		.byte	0x1
  59 0011 73000000 		.4byte	.LASF16
  60 0015 21000000 		.4byte	.LASF17
  61 0019 00000000 		.4byte	.Ldebug_ranges0+0
  62 001d 00000000 		.4byte	0
  63 0021 00000000 		.4byte	.Ldebug_line0
  64 0025 02       		.uleb128 0x2
  65 0026 01       		.byte	0x1
  66 0027 06       		.byte	0x6
  67 0028 78010000 		.4byte	.LASF0
  68 002c 02       		.uleb128 0x2
  69 002d 01       		.byte	0x1
  70 002e 08       		.byte	0x8
  71 002f 48010000 		.4byte	.LASF1
  72 0033 02       		.uleb128 0x2
  73 0034 02       		.byte	0x2
  74 0035 05       		.byte	0x5
  75 0036 94010000 		.4byte	.LASF2
  76 003a 02       		.uleb128 0x2
  77 003b 02       		.byte	0x2
  78 003c 07       		.byte	0x7
  79 003d 0E000000 		.4byte	.LASF3
  80 0041 03       		.uleb128 0x3
  81 0042 84010000 		.4byte	.LASF9
  82 0046 02       		.byte	0x2
  83 0047 3F       		.byte	0x3f
  84 0048 4C000000 		.4byte	0x4c
  85 004c 02       		.uleb128 0x2
  86 004d 04       		.byte	0x4
  87 004e 05       		.byte	0x5
  88 004f 5B010000 		.4byte	.LASF4
  89 0053 02       		.uleb128 0x2
  90 0054 04       		.byte	0x4
  91 0055 07       		.byte	0x7
  92 0056 7F000000 		.4byte	.LASF5
  93 005a 02       		.uleb128 0x2
  94 005b 08       		.byte	0x8
  95 005c 05       		.byte	0x5
ARM GAS  C:\Users\youkan\AppData\Local\Temp\ccRMTISs.s 			page 3


  96 005d 00000000 		.4byte	.LASF6
  97 0061 02       		.uleb128 0x2
  98 0062 08       		.byte	0x8
  99 0063 07       		.byte	0x7
 100 0064 91000000 		.4byte	.LASF7
 101 0068 04       		.uleb128 0x4
 102 0069 04       		.byte	0x4
 103 006a 05       		.byte	0x5
 104 006b 696E7400 		.ascii	"int\000"
 105 006f 02       		.uleb128 0x2
 106 0070 04       		.byte	0x4
 107 0071 07       		.byte	0x7
 108 0072 66000000 		.4byte	.LASF8
 109 0076 03       		.uleb128 0x3
 110 0077 9E010000 		.4byte	.LASF10
 111 007b 03       		.byte	0x3
 112 007c 2C       		.byte	0x2c
 113 007d 41000000 		.4byte	0x41
 114 0081 02       		.uleb128 0x2
 115 0082 04       		.byte	0x4
 116 0083 04       		.byte	0x4
 117 0084 8E010000 		.4byte	.LASF11
 118 0088 02       		.uleb128 0x2
 119 0089 08       		.byte	0x8
 120 008a 04       		.byte	0x4
 121 008b 64010000 		.4byte	.LASF12
 122 008f 02       		.uleb128 0x2
 123 0090 01       		.byte	0x1
 124 0091 08       		.byte	0x8
 125 0092 56010000 		.4byte	.LASF13
 126 0096 02       		.uleb128 0x2
 127 0097 04       		.byte	0x4
 128 0098 07       		.byte	0x7
 129 0099 A6010000 		.4byte	.LASF14
 130 009d 05       		.uleb128 0x5
 131 009e 7A000000 		.4byte	.LASF18
 132 00a2 01       		.byte	0x1
 133 00a3 0F       		.byte	0xf
 134 00a4 68000000 		.4byte	0x68
 135 00a8 00000000 		.4byte	.LFB63
 136 00ac 0A000000 		.4byte	.LFE63-.LFB63
 137 00b0 01       		.uleb128 0x1
 138 00b1 9C       		.byte	0x9c
 139 00b2 C0000000 		.4byte	0xc0
 140 00b6 06       		.uleb128 0x6
 141 00b7 06000000 		.4byte	.LVL0
 142 00bb D1000000 		.4byte	0xd1
 143 00bf 00       		.byte	0
 144 00c0 07       		.uleb128 0x7
 145 00c1 6B010000 		.4byte	.LASF19
 146 00c5 04       		.byte	0x4
 147 00c6 9606     		.2byte	0x696
 148 00c8 CC000000 		.4byte	0xcc
 149 00cc 08       		.uleb128 0x8
 150 00cd 76000000 		.4byte	0x76
 151 00d1 09       		.uleb128 0x9
 152 00d2 36010000 		.4byte	.LASF20
ARM GAS  C:\Users\youkan\AppData\Local\Temp\ccRMTISs.s 			page 4


 153 00d6 05       		.byte	0x5
 154 00d7 10       		.byte	0x10
 155 00d8 0A       		.uleb128 0xa
 156 00d9 00       		.byte	0
 157 00da 00       		.byte	0
 158              		.section	.debug_abbrev,"",%progbits
 159              	.Ldebug_abbrev0:
 160 0000 01       		.uleb128 0x1
 161 0001 11       		.uleb128 0x11
 162 0002 01       		.byte	0x1
 163 0003 25       		.uleb128 0x25
 164 0004 0E       		.uleb128 0xe
 165 0005 13       		.uleb128 0x13
 166 0006 0B       		.uleb128 0xb
 167 0007 03       		.uleb128 0x3
 168 0008 0E       		.uleb128 0xe
 169 0009 1B       		.uleb128 0x1b
 170 000a 0E       		.uleb128 0xe
 171 000b 55       		.uleb128 0x55
 172 000c 17       		.uleb128 0x17
 173 000d 11       		.uleb128 0x11
 174 000e 01       		.uleb128 0x1
 175 000f 10       		.uleb128 0x10
 176 0010 17       		.uleb128 0x17
 177 0011 00       		.byte	0
 178 0012 00       		.byte	0
 179 0013 02       		.uleb128 0x2
 180 0014 24       		.uleb128 0x24
 181 0015 00       		.byte	0
 182 0016 0B       		.uleb128 0xb
 183 0017 0B       		.uleb128 0xb
 184 0018 3E       		.uleb128 0x3e
 185 0019 0B       		.uleb128 0xb
 186 001a 03       		.uleb128 0x3
 187 001b 0E       		.uleb128 0xe
 188 001c 00       		.byte	0
 189 001d 00       		.byte	0
 190 001e 03       		.uleb128 0x3
 191 001f 16       		.uleb128 0x16
 192 0020 00       		.byte	0
 193 0021 03       		.uleb128 0x3
 194 0022 0E       		.uleb128 0xe
 195 0023 3A       		.uleb128 0x3a
 196 0024 0B       		.uleb128 0xb
 197 0025 3B       		.uleb128 0x3b
 198 0026 0B       		.uleb128 0xb
 199 0027 49       		.uleb128 0x49
 200 0028 13       		.uleb128 0x13
 201 0029 00       		.byte	0
 202 002a 00       		.byte	0
 203 002b 04       		.uleb128 0x4
 204 002c 24       		.uleb128 0x24
 205 002d 00       		.byte	0
 206 002e 0B       		.uleb128 0xb
 207 002f 0B       		.uleb128 0xb
 208 0030 3E       		.uleb128 0x3e
 209 0031 0B       		.uleb128 0xb
ARM GAS  C:\Users\youkan\AppData\Local\Temp\ccRMTISs.s 			page 5


 210 0032 03       		.uleb128 0x3
 211 0033 08       		.uleb128 0x8
 212 0034 00       		.byte	0
 213 0035 00       		.byte	0
 214 0036 05       		.uleb128 0x5
 215 0037 2E       		.uleb128 0x2e
 216 0038 01       		.byte	0x1
 217 0039 3F       		.uleb128 0x3f
 218 003a 19       		.uleb128 0x19
 219 003b 03       		.uleb128 0x3
 220 003c 0E       		.uleb128 0xe
 221 003d 3A       		.uleb128 0x3a
 222 003e 0B       		.uleb128 0xb
 223 003f 3B       		.uleb128 0x3b
 224 0040 0B       		.uleb128 0xb
 225 0041 27       		.uleb128 0x27
 226 0042 19       		.uleb128 0x19
 227 0043 49       		.uleb128 0x49
 228 0044 13       		.uleb128 0x13
 229 0045 11       		.uleb128 0x11
 230 0046 01       		.uleb128 0x1
 231 0047 12       		.uleb128 0x12
 232 0048 06       		.uleb128 0x6
 233 0049 40       		.uleb128 0x40
 234 004a 18       		.uleb128 0x18
 235 004b 9742     		.uleb128 0x2117
 236 004d 19       		.uleb128 0x19
 237 004e 01       		.uleb128 0x1
 238 004f 13       		.uleb128 0x13
 239 0050 00       		.byte	0
 240 0051 00       		.byte	0
 241 0052 06       		.uleb128 0x6
 242 0053 898201   		.uleb128 0x4109
 243 0056 00       		.byte	0
 244 0057 11       		.uleb128 0x11
 245 0058 01       		.uleb128 0x1
 246 0059 31       		.uleb128 0x31
 247 005a 13       		.uleb128 0x13
 248 005b 00       		.byte	0
 249 005c 00       		.byte	0
 250 005d 07       		.uleb128 0x7
 251 005e 34       		.uleb128 0x34
 252 005f 00       		.byte	0
 253 0060 03       		.uleb128 0x3
 254 0061 0E       		.uleb128 0xe
 255 0062 3A       		.uleb128 0x3a
 256 0063 0B       		.uleb128 0xb
 257 0064 3B       		.uleb128 0x3b
 258 0065 05       		.uleb128 0x5
 259 0066 49       		.uleb128 0x49
 260 0067 13       		.uleb128 0x13
 261 0068 3F       		.uleb128 0x3f
 262 0069 19       		.uleb128 0x19
 263 006a 3C       		.uleb128 0x3c
 264 006b 19       		.uleb128 0x19
 265 006c 00       		.byte	0
 266 006d 00       		.byte	0
ARM GAS  C:\Users\youkan\AppData\Local\Temp\ccRMTISs.s 			page 6


 267 006e 08       		.uleb128 0x8
 268 006f 35       		.uleb128 0x35
 269 0070 00       		.byte	0
 270 0071 49       		.uleb128 0x49
 271 0072 13       		.uleb128 0x13
 272 0073 00       		.byte	0
 273 0074 00       		.byte	0
 274 0075 09       		.uleb128 0x9
 275 0076 2E       		.uleb128 0x2e
 276 0077 01       		.byte	0x1
 277 0078 3F       		.uleb128 0x3f
 278 0079 19       		.uleb128 0x19
 279 007a 03       		.uleb128 0x3
 280 007b 0E       		.uleb128 0xe
 281 007c 3A       		.uleb128 0x3a
 282 007d 0B       		.uleb128 0xb
 283 007e 3B       		.uleb128 0x3b
 284 007f 0B       		.uleb128 0xb
 285 0080 3C       		.uleb128 0x3c
 286 0081 19       		.uleb128 0x19
 287 0082 00       		.byte	0
 288 0083 00       		.byte	0
 289 0084 0A       		.uleb128 0xa
 290 0085 18       		.uleb128 0x18
 291 0086 00       		.byte	0
 292 0087 00       		.byte	0
 293 0088 00       		.byte	0
 294 0089 00       		.byte	0
 295              		.section	.debug_aranges,"",%progbits
 296 0000 1C000000 		.4byte	0x1c
 297 0004 0200     		.2byte	0x2
 298 0006 00000000 		.4byte	.Ldebug_info0
 299 000a 04       		.byte	0x4
 300 000b 00       		.byte	0
 301 000c 0000     		.2byte	0
 302 000e 0000     		.2byte	0
 303 0010 00000000 		.4byte	.LFB63
 304 0014 0A000000 		.4byte	.LFE63-.LFB63
 305 0018 00000000 		.4byte	0
 306 001c 00000000 		.4byte	0
 307              		.section	.debug_ranges,"",%progbits
 308              	.Ldebug_ranges0:
 309 0000 00000000 		.4byte	.LFB63
 310 0004 0A000000 		.4byte	.LFE63
 311 0008 00000000 		.4byte	0
 312 000c 00000000 		.4byte	0
 313              		.section	.debug_line,"",%progbits
 314              	.Ldebug_line0:
 315 0000 5F010000 		.section	.debug_str,"MS",%progbits,1
 315      02004801 
 315      00000201 
 315      FB0E0D00 
 315      01010101 
 316              	.LASF6:
 317 0000 6C6F6E67 		.ascii	"long long int\000"
 317      206C6F6E 
 317      6720696E 
ARM GAS  C:\Users\youkan\AppData\Local\Temp\ccRMTISs.s 			page 7


 317      7400
 318              	.LASF3:
 319 000e 73686F72 		.ascii	"short unsigned int\000"
 319      7420756E 
 319      7369676E 
 319      65642069 
 319      6E7400
 320              	.LASF17:
 321 0021 433A5C55 		.ascii	"C:\\Users\\youkan\\Documents\\GitHub\\camera03\\Wor"
 321      73657273 
 321      5C796F75 
 321      6B616E5C 
 321      446F6375 
 322 004e 6B737061 		.ascii	"kspace06\\Design01.cydsn\000"
 322      63653036 
 322      5C446573 
 322      69676E30 
 322      312E6379 
 323              	.LASF8:
 324 0066 756E7369 		.ascii	"unsigned int\000"
 324      676E6564 
 324      20696E74 
 324      00
 325              	.LASF16:
 326 0073 6D61696E 		.ascii	"main.c\000"
 326      2E6300
 327              	.LASF18:
 328 007a 6D61696E 		.ascii	"main\000"
 328      00
 329              	.LASF5:
 330 007f 6C6F6E67 		.ascii	"long unsigned int\000"
 330      20756E73 
 330      69676E65 
 330      6420696E 
 330      7400
 331              	.LASF7:
 332 0091 6C6F6E67 		.ascii	"long long unsigned int\000"
 332      206C6F6E 
 332      6720756E 
 332      7369676E 
 332      65642069 
 333              	.LASF15:
 334 00a8 474E5520 		.ascii	"GNU C 4.9.3 20150303 (release) [ARM/embedded-4_9-br"
 334      4320342E 
 334      392E3320 
 334      32303135 
 334      30333033 
 335 00db 616E6368 		.ascii	"anch revision 221220] -mcpu=cortex-m3 -mthumb -g -O"
 335      20726576 
 335      6973696F 
 335      6E203232 
 335      31323230 
 336 010e 67202D66 		.ascii	"g -ffunction-sections -ffat-lto-objects\000"
 336      66756E63 
 336      74696F6E 
 336      2D736563 
 336      74696F6E 
ARM GAS  C:\Users\youkan\AppData\Local\Temp\ccRMTISs.s 			page 8


 337              	.LASF20:
 338 0136 5053435F 		.ascii	"PSC_PROGRAM_START\000"
 338      50524F47 
 338      52414D5F 
 338      53544152 
 338      5400
 339              	.LASF1:
 340 0148 756E7369 		.ascii	"unsigned char\000"
 340      676E6564 
 340      20636861 
 340      7200
 341              	.LASF13:
 342 0156 63686172 		.ascii	"char\000"
 342      00
 343              	.LASF4:
 344 015b 6C6F6E67 		.ascii	"long int\000"
 344      20696E74 
 344      00
 345              	.LASF12:
 346 0164 646F7562 		.ascii	"double\000"
 346      6C6500
 347              	.LASF19:
 348 016b 49544D5F 		.ascii	"ITM_RxBuffer\000"
 348      52784275 
 348      66666572 
 348      00
 349              	.LASF0:
 350 0178 7369676E 		.ascii	"signed char\000"
 350      65642063 
 350      68617200 
 351              	.LASF9:
 352 0184 5F5F696E 		.ascii	"__int32_t\000"
 352      7433325F 
 352      7400
 353              	.LASF11:
 354 018e 666C6F61 		.ascii	"float\000"
 354      7400
 355              	.LASF2:
 356 0194 73686F72 		.ascii	"short int\000"
 356      7420696E 
 356      7400
 357              	.LASF10:
 358 019e 696E7433 		.ascii	"int32_t\000"
 358      325F7400 
 359              	.LASF14:
 360 01a6 73697A65 		.ascii	"sizetype\000"
 360      74797065 
 360      00
 361              		.ident	"GCC: (GNU Tools for ARM Embedded Processors) 4.9.3 20150303 (release) [ARM/embedded-4_9-br
