ARM GAS  C:\Users\youkan\AppData\Local\Temp\ccodd5Kf.s 			page 1


   1              		.syntax unified
   2              		.cpu cortex-m3
   3              		.fpu softvfp
   4              		.eabi_attribute 20, 1
   5              		.eabi_attribute 21, 1
   6              		.eabi_attribute 23, 3
   7              		.eabi_attribute 24, 1
   8              		.eabi_attribute 25, 1
   9              		.eabi_attribute 26, 1
  10              		.eabi_attribute 30, 1
  11              		.eabi_attribute 34, 1
  12              		.eabi_attribute 18, 4
  13              		.thumb
  14              		.file	"PSC_Communicate.c"
  15              		.text
  16              	.Ltext0:
  17              		.cfi_sections	.debug_frame
  18              		.section	.text.PSC_Comm_Initialize,"ax",%progbits
  19              		.align	2
  20              		.global	PSC_Comm_Initialize
  21              		.thumb
  22              		.thumb_func
  23              		.type	PSC_Comm_Initialize, %function
  24              	PSC_Comm_Initialize:
  25              	.LFB63:
  26              		.file 1 "PSC_Communicate.c"
   1:PSC_Communicate.c **** /* ========================================
   2:PSC_Communicate.c ****  *
   3:PSC_Communicate.c ****  * Copyright YOUR COMPANY, THE YEAR
   4:PSC_Communicate.c ****  * All Rights Reserved
   5:PSC_Communicate.c ****  * UNPUBLISHED, LICENSED SOFTWARE.
   6:PSC_Communicate.c ****  *
   7:PSC_Communicate.c ****  * CONFIDENTIAL AND PROPRIETARY INFORMATION
   8:PSC_Communicate.c ****  * WHICH IS THE PROPERTY OF your company.
   9:PSC_Communicate.c ****  *
  10:PSC_Communicate.c ****  * ========================================
  11:PSC_Communicate.c **** */
  12:PSC_Communicate.c **** 
  13:PSC_Communicate.c **** /* [] END OF FILE */
  14:PSC_Communicate.c **** 
  15:PSC_Communicate.c **** #include <stdio.h>
  16:PSC_Communicate.c **** #include <stdbool.h>
  17:PSC_Communicate.c **** #include "PSC_Types.h"
  18:PSC_Communicate.c **** #include "project.h"
  19:PSC_Communicate.c **** #include "PSC_CMD_API.h"
  20:PSC_Communicate.c **** #include "PSC_Communicate.h"
  21:PSC_Communicate.c **** #include "Debugs.h"
  22:PSC_Communicate.c **** 
  23:PSC_Communicate.c **** 
  24:PSC_Communicate.c **** 
  25:PSC_Communicate.c **** PSC_RET PSC_Comm_Initialize();
  26:PSC_Communicate.c **** PSC_RET PSC_Comm_GetCommand(PSC_ST_CMD*);    //Get Command form Device
  27:PSC_Communicate.c **** PSC_RET PSC_Comm_SndCommand(DEV_ID,PSC_CHAR [],uint8);    //Send Command to Device
  28:PSC_Communicate.c **** PSC_RET psc_Comm_GetRecvLine(PSC_ST_CMD*);
  29:PSC_Communicate.c **** PSC_RET psc_Comm_GetRecvChar(DEV_ID,PSC_CHAR*);
  30:PSC_Communicate.c **** PSC_RET psc_Comm_SndDataLine(PSC_ST_CMD*);
  31:PSC_Communicate.c **** 
ARM GAS  C:\Users\youkan\AppData\Local\Temp\ccodd5Kf.s 			page 2


  32:PSC_Communicate.c **** PSC_RET PSC_Comm_Initialize()
  33:PSC_Communicate.c **** {
  27              		.loc 1 33 0
  28              		.cfi_startproc
  29              		@ args = 0, pretend = 0, frame = 0
  30              		@ frame_needed = 0, uses_anonymous_args = 0
  31 0000 08B5     		push	{r3, lr}
  32              		.cfi_def_cfa_offset 8
  33              		.cfi_offset 3, -8
  34              		.cfi_offset 14, -4
  34:PSC_Communicate.c ****     UART_TO_COMM_Init();
  35              		.loc 1 34 0
  36 0002 FFF7FEFF 		bl	UART_TO_COMM_Init
  37              	.LVL0:
  35:PSC_Communicate.c ****     UART_TO_COMM_Start();
  38              		.loc 1 35 0
  39 0006 FFF7FEFF 		bl	UART_TO_COMM_Start
  40              	.LVL1:
  36:PSC_Communicate.c ****     
  37:PSC_Communicate.c ****     UART_TO_CAMERA_Init();
  41              		.loc 1 37 0
  42 000a FFF7FEFF 		bl	UART_TO_CAMERA_Init
  43              	.LVL2:
  38:PSC_Communicate.c ****     UART_TO_CAMERA_Start();
  44              		.loc 1 38 0
  45 000e FFF7FEFF 		bl	UART_TO_CAMERA_Start
  46              	.LVL3:
  39:PSC_Communicate.c ****     
  40:PSC_Communicate.c ****     return PSC_RET_SUCCESS;
  41:PSC_Communicate.c **** }
  47              		.loc 1 41 0
  48 0012 0020     		movs	r0, #0
  49 0014 08BD     		pop	{r3, pc}
  50              		.cfi_endproc
  51              	.LFE63:
  52              		.size	PSC_Comm_Initialize, .-PSC_Comm_Initialize
  53 0016 00BF     		.section	.text.psc_Comm_GetRecvChar,"ax",%progbits
  54              		.align	2
  55              		.global	psc_Comm_GetRecvChar
  56              		.thumb
  57              		.thumb_func
  58              		.type	psc_Comm_GetRecvChar, %function
  59              	psc_Comm_GetRecvChar:
  60              	.LFB66:
  42:PSC_Communicate.c **** 
  43:PSC_Communicate.c **** PSC_RET PSC_Comm_GetCommand(PSC_ST_CMD* pstData)
  44:PSC_Communicate.c **** {
  45:PSC_Communicate.c ****     PSC_RET ret;
  46:PSC_Communicate.c ****     
  47:PSC_Communicate.c ****     ret = psc_Comm_GetRecvLine(pstData);
  48:PSC_Communicate.c ****     if( ret != PSC_RET_SUCCESS )
  49:PSC_Communicate.c ****     {
  50:PSC_Communicate.c ****         return ret;
  51:PSC_Communicate.c ****     }
  52:PSC_Communicate.c ****     
  53:PSC_Communicate.c ****     return PSC_RET_SUCCESS;
  54:PSC_Communicate.c **** }
ARM GAS  C:\Users\youkan\AppData\Local\Temp\ccodd5Kf.s 			page 3


  55:PSC_Communicate.c **** 
  56:PSC_Communicate.c **** 
  57:PSC_Communicate.c **** PSC_RET psc_Comm_GetRecvLine(PSC_ST_CMD* pstData)
  58:PSC_Communicate.c **** {
  59:PSC_Communicate.c ****     PSC_RET ret;
  60:PSC_Communicate.c ****     PSC_CHAR recv_data;
  61:PSC_Communicate.c **** 
  62:PSC_Communicate.c ****     ret = PSC_CMD_RECV_SETUP(pstData);
  63:PSC_Communicate.c ****     if( ret != PSC_RET_SUCCESS )
  64:PSC_Communicate.c ****     {
  65:PSC_Communicate.c ****         return ret;
  66:PSC_Communicate.c ****     }
  67:PSC_Communicate.c ****     /* Debug */
  68:PSC_Communicate.c ****     DBG_printf("TRACE Start Get Command \n\r");
  69:PSC_Communicate.c ****     while(1)
  70:PSC_Communicate.c ****     {   
  71:PSC_Communicate.c ****         ret = psc_Comm_GetRecvChar(pstData->dev_id,&recv_data);
  72:PSC_Communicate.c ****         if( ret != PSC_RET_SUCCESS )
  73:PSC_Communicate.c ****         {
  74:PSC_Communicate.c ****             return ret;
  75:PSC_Communicate.c ****         }
  76:PSC_Communicate.c ****         
  77:PSC_Communicate.c ****         ret = PSC_CMD_SET_RECV_DATA(pstData,&recv_data);
  78:PSC_Communicate.c ****         if( ret != PSC_RET_SUCCESS )
  79:PSC_Communicate.c ****         {
  80:PSC_Communicate.c ****             return ret;
  81:PSC_Communicate.c ****         }
  82:PSC_Communicate.c ****         
  83:PSC_Communicate.c ****         if(PSC_CMD_GET_RCV_STATE() == PSC_CMD_RCV_ST_COMPLETE)
  84:PSC_Communicate.c ****         {
  85:PSC_Communicate.c ****             break;
  86:PSC_Communicate.c ****         }
  87:PSC_Communicate.c ****     }
  88:PSC_Communicate.c ****     /* Debug */
  89:PSC_Communicate.c ****     DBG_printf("TRACE Complete Get Command \n\r");
  90:PSC_Communicate.c ****     ret = PSC_CMD_PARSE_COMMAND(pstData);
  91:PSC_Communicate.c ****     if( ret != PSC_RET_SUCCESS )
  92:PSC_Communicate.c ****     {
  93:PSC_Communicate.c ****         return ret;
  94:PSC_Communicate.c ****     }
  95:PSC_Communicate.c ****     
  96:PSC_Communicate.c **** 
  97:PSC_Communicate.c **** 
  98:PSC_Communicate.c ****     return PSC_RET_SUCCESS;
  99:PSC_Communicate.c **** }
 100:PSC_Communicate.c **** 
 101:PSC_Communicate.c **** 
 102:PSC_Communicate.c **** PSC_RET psc_Comm_GetRecvChar(DEV_ID dev_id,PSC_CHAR* pvData)
 103:PSC_Communicate.c **** {
  61              		.loc 1 103 0
  62              		.cfi_startproc
  63              		@ args = 0, pretend = 0, frame = 0
  64              		@ frame_needed = 0, uses_anonymous_args = 0
  65              	.LVL4:
  66 0000 10B5     		push	{r4, lr}
  67              		.cfi_def_cfa_offset 8
  68              		.cfi_offset 4, -8
ARM GAS  C:\Users\youkan\AppData\Local\Temp\ccodd5Kf.s 			page 4


  69              		.cfi_offset 14, -4
  70 0002 0C46     		mov	r4, r1
 104:PSC_Communicate.c ****     PSC_CHAR    tmpData;
 105:PSC_Communicate.c ****     int         i;
 106:PSC_Communicate.c ****     
 107:PSC_Communicate.c ****     switch(dev_id)
  71              		.loc 1 107 0
  72 0004 28B1     		cbz	r0, .L5
  73 0006 0128     		cmp	r0, #1
  74 0008 06D1     		bne	.L4
 108:PSC_Communicate.c ****     {
 109:PSC_Communicate.c ****         case DEV_ID_CAM:
 110:PSC_Communicate.c ****             tmpData = UART_TO_CAMERA_GetChar();
  75              		.loc 1 110 0
  76 000a FFF7FEFF 		bl	UART_TO_CAMERA_GetChar
  77              	.LVL5:
  78 000e 0246     		mov	r2, r0
  79              	.LVL6:
 111:PSC_Communicate.c ****             break;
  80              		.loc 1 111 0
  81 0010 02E0     		b	.L4
  82              	.LVL7:
  83              	.L5:
 112:PSC_Communicate.c ****         case DEV_ID_COMM:
 113:PSC_Communicate.c ****             tmpData = UART_TO_COMM_GetChar();
  84              		.loc 1 113 0
  85 0012 FFF7FEFF 		bl	UART_TO_COMM_GetChar
  86              	.LVL8:
  87 0016 0246     		mov	r2, r0
  88              	.LVL9:
  89              	.L4:
 114:PSC_Communicate.c ****         default:
 115:PSC_Communicate.c ****             break;
 116:PSC_Communicate.c ****     }
 117:PSC_Communicate.c ****     
 118:PSC_Communicate.c ****     *pvData = tmpData;
  90              		.loc 1 118 0
  91 0018 2270     		strb	r2, [r4]
 119:PSC_Communicate.c ****     return PSC_RET_SUCCESS;
 120:PSC_Communicate.c **** }
  92              		.loc 1 120 0
  93 001a 0020     		movs	r0, #0
  94 001c 10BD     		pop	{r4, pc}
  95              		.cfi_endproc
  96              	.LFE66:
  97              		.size	psc_Comm_GetRecvChar, .-psc_Comm_GetRecvChar
  98 001e 00BF     		.section	.text.psc_Comm_GetRecvLine,"ax",%progbits
  99              		.align	2
 100              		.global	psc_Comm_GetRecvLine
 101              		.thumb
 102              		.thumb_func
 103              		.type	psc_Comm_GetRecvLine, %function
 104              	psc_Comm_GetRecvLine:
 105              	.LFB65:
  58:PSC_Communicate.c ****     PSC_RET ret;
 106              		.loc 1 58 0
 107              		.cfi_startproc
ARM GAS  C:\Users\youkan\AppData\Local\Temp\ccodd5Kf.s 			page 5


 108              		@ args = 0, pretend = 0, frame = 8
 109              		@ frame_needed = 0, uses_anonymous_args = 0
 110              	.LVL10:
 111 0000 10B5     		push	{r4, lr}
 112              		.cfi_def_cfa_offset 8
 113              		.cfi_offset 4, -8
 114              		.cfi_offset 14, -4
 115 0002 82B0     		sub	sp, sp, #8
 116              		.cfi_def_cfa_offset 16
 117 0004 0446     		mov	r4, r0
  62:PSC_Communicate.c ****     if( ret != PSC_RET_SUCCESS )
 118              		.loc 1 62 0
 119 0006 FFF7FEFF 		bl	PSC_CMD_RECV_SETUP
 120              	.LVL11:
  63:PSC_Communicate.c ****     {
 121              		.loc 1 63 0
 122 000a E0B9     		cbnz	r0, .L13
  68:PSC_Communicate.c ****     while(1)
 123              		.loc 1 68 0
 124 000c 0F48     		ldr	r0, .L16
 125              	.LVL12:
 126 000e FFF7FEFF 		bl	DBG_printf
 127              	.LVL13:
 128              	.L12:
  71:PSC_Communicate.c ****         if( ret != PSC_RET_SUCCESS )
 129              		.loc 1 71 0
 130 0012 2078     		ldrb	r0, [r4]	@ zero_extendqisi2
 131 0014 0DF10701 		add	r1, sp, #7
 132 0018 FFF7FEFF 		bl	psc_Comm_GetRecvChar
 133              	.LVL14:
  72:PSC_Communicate.c ****         {
 134              		.loc 1 72 0
 135 001c 00B1     		cbz	r0, .L10
  74:PSC_Communicate.c ****         }
 136              		.loc 1 74 0
 137 001e 13E0     		b	.L9
 138              	.L10:
  77:PSC_Communicate.c ****         if( ret != PSC_RET_SUCCESS )
 139              		.loc 1 77 0
 140 0020 2046     		mov	r0, r4
 141              	.LVL15:
 142 0022 0DF10701 		add	r1, sp, #7
 143 0026 FFF7FEFF 		bl	PSC_CMD_SET_RECV_DATA
 144              	.LVL16:
  78:PSC_Communicate.c ****         {
 145              		.loc 1 78 0
 146 002a 00B1     		cbz	r0, .L11
  80:PSC_Communicate.c ****         }
 147              		.loc 1 80 0
 148 002c 0CE0     		b	.L9
 149              	.L11:
  83:PSC_Communicate.c ****         {
 150              		.loc 1 83 0
 151 002e FFF7FEFF 		bl	PSC_CMD_GET_RCV_STATE
 152              	.LVL17:
 153 0032 0428     		cmp	r0, #4
 154 0034 EDD1     		bne	.L12
ARM GAS  C:\Users\youkan\AppData\Local\Temp\ccodd5Kf.s 			page 6


  89:PSC_Communicate.c ****     ret = PSC_CMD_PARSE_COMMAND(pstData);
 155              		.loc 1 89 0
 156 0036 0648     		ldr	r0, .L16+4
 157 0038 FFF7FEFF 		bl	DBG_printf
 158              	.LVL18:
  90:PSC_Communicate.c ****     if( ret != PSC_RET_SUCCESS )
 159              		.loc 1 90 0
 160 003c 2046     		mov	r0, r4
 161 003e FFF7FEFF 		bl	PSC_CMD_PARSE_COMMAND
 162              	.LVL19:
  91:PSC_Communicate.c ****     {
 163              		.loc 1 91 0
 164 0042 08B9     		cbnz	r0, .L14
 165 0044 00E0     		b	.L9
 166              	.L13:
 167 0046 FFE7     		b	.L9
 168              	.L14:
 169              	.L9:
  99:PSC_Communicate.c **** 
 170              		.loc 1 99 0
 171 0048 02B0     		add	sp, sp, #8
 172              		.cfi_def_cfa_offset 8
 173              		@ sp needed
 174 004a 10BD     		pop	{r4, pc}
 175              	.LVL20:
 176              	.L17:
 177              		.align	2
 178              	.L16:
 179 004c 00000000 		.word	.LC0
 180 0050 1C000000 		.word	.LC1
 181              		.cfi_endproc
 182              	.LFE65:
 183              		.size	psc_Comm_GetRecvLine, .-psc_Comm_GetRecvLine
 184              		.section	.text.PSC_Comm_GetCommand,"ax",%progbits
 185              		.align	2
 186              		.global	PSC_Comm_GetCommand
 187              		.thumb
 188              		.thumb_func
 189              		.type	PSC_Comm_GetCommand, %function
 190              	PSC_Comm_GetCommand:
 191              	.LFB64:
  44:PSC_Communicate.c ****     PSC_RET ret;
 192              		.loc 1 44 0
 193              		.cfi_startproc
 194              		@ args = 0, pretend = 0, frame = 0
 195              		@ frame_needed = 0, uses_anonymous_args = 0
 196              	.LVL21:
 197 0000 08B5     		push	{r3, lr}
 198              		.cfi_def_cfa_offset 8
 199              		.cfi_offset 3, -8
 200              		.cfi_offset 14, -4
  47:PSC_Communicate.c ****     if( ret != PSC_RET_SUCCESS )
 201              		.loc 1 47 0
 202 0002 FFF7FEFF 		bl	psc_Comm_GetRecvLine
 203              	.LVL22:
  48:PSC_Communicate.c ****     {
 204              		.loc 1 48 0
ARM GAS  C:\Users\youkan\AppData\Local\Temp\ccodd5Kf.s 			page 7


 205 0006 0028     		cmp	r0, #0
 206 0008 FFD0     		beq	.L19
 207              	.L19:
  54:PSC_Communicate.c **** 
 208              		.loc 1 54 0
 209 000a 08BD     		pop	{r3, pc}
 210              		.cfi_endproc
 211              	.LFE64:
 212              		.size	PSC_Comm_GetCommand, .-PSC_Comm_GetCommand
 213              		.section	.text.PSC_Comm_SndCommand,"ax",%progbits
 214              		.align	2
 215              		.global	PSC_Comm_SndCommand
 216              		.thumb
 217              		.thumb_func
 218              		.type	PSC_Comm_SndCommand, %function
 219              	PSC_Comm_SndCommand:
 220              	.LFB67:
 121:PSC_Communicate.c **** 
 122:PSC_Communicate.c **** 
 123:PSC_Communicate.c **** PSC_RET PSC_Comm_SndCommand(DEV_ID dev_id,PSC_CHAR pChar[],uint8 ucSize)
 124:PSC_Communicate.c **** {
 221              		.loc 1 124 0
 222              		.cfi_startproc
 223              		@ args = 0, pretend = 0, frame = 16
 224              		@ frame_needed = 0, uses_anonymous_args = 0
 225              	.LVL23:
 226 0000 70B5     		push	{r4, r5, r6, lr}
 227              		.cfi_def_cfa_offset 16
 228              		.cfi_offset 4, -16
 229              		.cfi_offset 5, -12
 230              		.cfi_offset 6, -8
 231              		.cfi_offset 14, -4
 232 0002 84B0     		sub	sp, sp, #16
 233              		.cfi_def_cfa_offset 32
 234 0004 0446     		mov	r4, r0
 235 0006 0D46     		mov	r5, r1
 236 0008 1646     		mov	r6, r2
 125:PSC_Communicate.c ****     char    tmpData[SZ_COMMAND];
 126:PSC_Communicate.c ****     /* debug */
 127:PSC_Communicate.c ****     DBG_printf("TRACE Send Command Start \n\r");
 237              		.loc 1 127 0
 238 000a 0C48     		ldr	r0, .L27
 239              	.LVL24:
 240 000c FFF7FEFF 		bl	DBG_printf
 241              	.LVL25:
 128:PSC_Communicate.c ****     switch(dev_id)
 242              		.loc 1 128 0
 243 0010 34B1     		cbz	r4, .L24
 244 0012 012C     		cmp	r4, #1
 245 0014 0CD1     		bne	.L23
 129:PSC_Communicate.c ****     {
 130:PSC_Communicate.c ****         case DEV_ID_CAM:
 131:PSC_Communicate.c ****             //UART_TO_CAMERA_PutString(pChar);
 132:PSC_Communicate.c ****             UART_TO_CAMERA_PutArray(pChar, ucSize);
 246              		.loc 1 132 0
 247 0016 2846     		mov	r0, r5
 248 0018 3146     		mov	r1, r6
ARM GAS  C:\Users\youkan\AppData\Local\Temp\ccodd5Kf.s 			page 8


 249 001a FFF7FEFF 		bl	UART_TO_CAMERA_PutArray
 250              	.LVL26:
 133:PSC_Communicate.c ****             break;
 251              		.loc 1 133 0
 252 001e 07E0     		b	.L23
 253              	.L24:
 134:PSC_Communicate.c ****         case DEV_ID_COMM:
 135:PSC_Communicate.c ****             sprintf(tmpData,"TXDT %s",pChar);
 254              		.loc 1 135 0
 255 0020 6846     		mov	r0, sp
 256 0022 0749     		ldr	r1, .L27+4
 257 0024 2A46     		mov	r2, r5
 258 0026 FFF7FEFF 		bl	sprintf
 259              	.LVL27:
 136:PSC_Communicate.c ****             UART_TO_COMM_PutString(tmpData);
 260              		.loc 1 136 0
 261 002a 6846     		mov	r0, sp
 262 002c FFF7FEFF 		bl	UART_TO_COMM_PutString
 263              	.LVL28:
 264              	.L23:
 137:PSC_Communicate.c ****             break;
 138:PSC_Communicate.c ****         default:
 139:PSC_Communicate.c ****             break;
 140:PSC_Communicate.c ****     }
 141:PSC_Communicate.c ****     DBG_printf("TRACE Send Command END \n\r");
 265              		.loc 1 141 0
 266 0030 0448     		ldr	r0, .L27+8
 267 0032 FFF7FEFF 		bl	DBG_printf
 268              	.LVL29:
 142:PSC_Communicate.c ****     return PSC_RET_SUCCESS;
 143:PSC_Communicate.c **** }...
 269              		.loc 1 143 0
 270 0036 0020     		movs	r0, #0
 271 0038 04B0     		add	sp, sp, #16
 272              		.cfi_def_cfa_offset 16
 273              		@ sp needed
 274 003a 70BD     		pop	{r4, r5, r6, pc}
 275              	.LVL30:
 276              	.L28:
 277              		.align	2
 278              	.L27:
 279 003c 3C000000 		.word	.LC2
 280 0040 58000000 		.word	.LC3
 281 0044 60000000 		.word	.LC4
 282              		.cfi_endproc
 283              	.LFE67:
 284              		.size	PSC_Comm_SndCommand, .-PSC_Comm_SndCommand
 285              		.section	.rodata.str1.4,"aMS",%progbits,1
 286              		.align	2
 287              	.LC0:
 288 0000 54524143 		.ascii	"TRACE Start Get Command \012\015\000"
 288      45205374 
 288      61727420 
 288      47657420 
 288      436F6D6D 
 289 001b 00       		.space	1
 290              	.LC1:
ARM GAS  C:\Users\youkan\AppData\Local\Temp\ccodd5Kf.s 			page 9


 291 001c 54524143 		.ascii	"TRACE Complete Get Command \012\015\000"
 291      4520436F 
 291      6D706C65 
 291      74652047 
 291      65742043 
 292 003a 0000     		.space	2
 293              	.LC2:
 294 003c 54524143 		.ascii	"TRACE Send Command Start \012\015\000"
 294      45205365 
 294      6E642043 
 294      6F6D6D61 
 294      6E642053 
 295              	.LC3:
 296 0058 54584454 		.ascii	"TXDT %s\000"
 296      20257300 
 297              	.LC4:
 298 0060 54524143 		.ascii	"TRACE Send Command END \012\015\000"
 298      45205365 
 298      6E642043 
 298      6F6D6D61 
 298      6E642045 
 299 007a 0000     		.text
 300              	.Letext0:
 301              		.file 2 "c:\\program files (x86)\\cypress\\psoc creator\\4.0\\psoc creator\\import\\gnu\\arm\\4.9.
 302              		.file 3 "PSC_Types.h"
 303              		.file 4 "c:\\program files (x86)\\cypress\\psoc creator\\4.0\\psoc creator\\import\\gnu\\arm\\4.9.
 304              		.file 5 "Generated_Source\\PSoC5/cytypes.h"
 305              		.file 6 "PSC_CMD_API.h"
 306              		.file 7 "Generated_Source\\PSoC5/UART_TO_COMM.h"
 307              		.file 8 "Generated_Source\\PSoC5/UART_TO_CAMERA.h"
 308              		.file 9 "Debugs.h"
 309              		.file 10 "c:\\program files (x86)\\cypress\\psoc creator\\4.0\\psoc creator\\import\\gnu\\arm\\4.9
 310              		.file 11 "Generated_Source\\PSoC5/core_cm3.h"
 311              		.section	.debug_info,"",%progbits
 312              	.Ldebug_info0:
 313 0000 2E060000 		.4byte	0x62e
 314 0004 0400     		.2byte	0x4
 315 0006 00000000 		.4byte	.Ldebug_abbrev0
 316 000a 04       		.byte	0x4
 317 000b 01       		.uleb128 0x1
 318 000c 21030000 		.4byte	.LASF84
 319 0010 01       		.byte	0x1
 320 0011 DE000000 		.4byte	.LASF85
 321 0015 FB030000 		.4byte	.LASF86
 322 0019 00000000 		.4byte	.Ldebug_ranges0+0
 323 001d 00000000 		.4byte	0
 324 0021 00000000 		.4byte	.Ldebug_line0
 325 0025 02       		.uleb128 0x2
 326 0026 01       		.byte	0x1
 327 0027 06       		.byte	0x6
 328 0028 93020000 		.4byte	.LASF0
 329 002c 02       		.uleb128 0x2
 330 002d 01       		.byte	0x1
 331 002e 08       		.byte	0x8
 332 002f 50020000 		.4byte	.LASF1
 333 0033 02       		.uleb128 0x2
 334 0034 02       		.byte	0x2
ARM GAS  C:\Users\youkan\AppData\Local\Temp\ccodd5Kf.s 			page 10


 335 0035 05       		.byte	0x5
 336 0036 62000000 		.4byte	.LASF2
 337 003a 02       		.uleb128 0x2
 338 003b 02       		.byte	0x2
 339 003c 07       		.byte	0x7
 340 003d 02030000 		.4byte	.LASF3
 341 0041 03       		.uleb128 0x3
 342 0042 7A040000 		.4byte	.LASF11
 343 0046 02       		.byte	0x2
 344 0047 3F       		.byte	0x3f
 345 0048 4C000000 		.4byte	0x4c
 346 004c 02       		.uleb128 0x2
 347 004d 04       		.byte	0x4
 348 004e 05       		.byte	0x5
 349 004f C4010000 		.4byte	.LASF4
 350 0053 02       		.uleb128 0x2
 351 0054 04       		.byte	0x4
 352 0055 07       		.byte	0x7
 353 0056 47040000 		.4byte	.LASF5
 354 005a 02       		.uleb128 0x2
 355 005b 08       		.byte	0x8
 356 005c 05       		.byte	0x5
 357 005d 91010000 		.4byte	.LASF6
 358 0061 02       		.uleb128 0x2
 359 0062 08       		.byte	0x8
 360 0063 07       		.byte	0x7
 361 0064 A7020000 		.4byte	.LASF7
 362 0068 04       		.uleb128 0x4
 363 0069 04       		.byte	0x4
 364 006a 05       		.byte	0x5
 365 006b 696E7400 		.ascii	"int\000"
 366 006f 02       		.uleb128 0x2
 367 0070 04       		.byte	0x4
 368 0071 07       		.byte	0x7
 369 0072 CE020000 		.4byte	.LASF8
 370 0076 02       		.uleb128 0x2
 371 0077 04       		.byte	0x4
 372 0078 07       		.byte	0x7
 373 0079 A2040000 		.4byte	.LASF9
 374 007d 05       		.uleb128 0x5
 375 007e 04       		.byte	0x4
 376 007f 83000000 		.4byte	0x83
 377 0083 02       		.uleb128 0x2
 378 0084 01       		.byte	0x1
 379 0085 08       		.byte	0x8
 380 0086 1C030000 		.4byte	.LASF10
 381 008a 05       		.uleb128 0x5
 382 008b 04       		.byte	0x4
 383 008c 90000000 		.4byte	0x90
 384 0090 06       		.uleb128 0x6
 385 0091 83000000 		.4byte	0x83
 386 0095 03       		.uleb128 0x3
 387 0096 AF030000 		.4byte	.LASF12
 388 009a 03       		.byte	0x3
 389 009b 22       		.byte	0x22
 390 009c 6F000000 		.4byte	0x6f
 391 00a0 03       		.uleb128 0x3
ARM GAS  C:\Users\youkan\AppData\Local\Temp\ccodd5Kf.s 			page 11


 392 00a1 59040000 		.4byte	.LASF13
 393 00a5 03       		.byte	0x3
 394 00a6 23       		.byte	0x23
 395 00a7 2C000000 		.4byte	0x2c
 396 00ab 07       		.uleb128 0x7
 397 00ac AB040000 		.4byte	.LASF17
 398 00b0 01       		.byte	0x1
 399 00b1 03       		.byte	0x3
 400 00b2 25       		.byte	0x25
 401 00b3 C4000000 		.4byte	0xc4
 402 00b7 08       		.uleb128 0x8
 403 00b8 9F010000 		.4byte	.LASF14
 404 00bc 00       		.sleb128 0
 405 00bd 08       		.uleb128 0x8
 406 00be 41050000 		.4byte	.LASF15
 407 00c2 01       		.sleb128 1
 408 00c3 00       		.byte	0
 409 00c4 03       		.uleb128 0x3
 410 00c5 17020000 		.4byte	.LASF16
 411 00c9 03       		.byte	0x3
 412 00ca 29       		.byte	0x29
 413 00cb AB000000 		.4byte	0xab
 414 00cf 07       		.uleb128 0x7
 415 00d0 F1040000 		.4byte	.LASF18
 416 00d4 01       		.byte	0x1
 417 00d5 03       		.byte	0x3
 418 00d6 2B       		.byte	0x2b
 419 00d7 EE000000 		.4byte	0xee
 420 00db 08       		.uleb128 0x8
 421 00dc DB020000 		.4byte	.LASF19
 422 00e0 00       		.sleb128 0
 423 00e1 08       		.uleb128 0x8
 424 00e2 97040000 		.4byte	.LASF20
 425 00e6 01       		.sleb128 1
 426 00e7 08       		.uleb128 0x8
 427 00e8 E3010000 		.4byte	.LASF21
 428 00ec 02       		.sleb128 2
 429 00ed 00       		.byte	0
 430 00ee 03       		.uleb128 0x3
 431 00ef 7F000000 		.4byte	.LASF22
 432 00f3 03       		.byte	0x3
 433 00f4 30       		.byte	0x30
 434 00f5 CF000000 		.4byte	0xcf
 435 00f9 07       		.uleb128 0x7
 436 00fa FA000000 		.4byte	.LASF23
 437 00fe 01       		.byte	0x1
 438 00ff 03       		.byte	0x3
 439 0100 32       		.byte	0x32
 440 0101 2A010000 		.4byte	0x12a
 441 0105 08       		.uleb128 0x8
 442 0106 83020000 		.4byte	.LASF24
 443 010a 00       		.sleb128 0
 444 010b 08       		.uleb128 0x8
 445 010c 05010000 		.4byte	.LASF25
 446 0110 01       		.sleb128 1
 447 0111 08       		.uleb128 0x8
 448 0112 9A000000 		.4byte	.LASF26
ARM GAS  C:\Users\youkan\AppData\Local\Temp\ccodd5Kf.s 			page 12


 449 0116 02       		.sleb128 2
 450 0117 08       		.uleb128 0x8
 451 0118 84040000 		.4byte	.LASF27
 452 011c 03       		.sleb128 3
 453 011d 08       		.uleb128 0x8
 454 011e 1C010000 		.4byte	.LASF28
 455 0122 04       		.sleb128 4
 456 0123 08       		.uleb128 0x8
 457 0124 BE020000 		.4byte	.LASF29
 458 0128 05       		.sleb128 5
 459 0129 00       		.byte	0
 460 012a 03       		.uleb128 0x3
 461 012b 38010000 		.4byte	.LASF30
 462 012f 03       		.byte	0x3
 463 0130 3A       		.byte	0x3a
 464 0131 F9000000 		.4byte	0xf9
 465 0135 03       		.uleb128 0x3
 466 0136 9F020000 		.4byte	.LASF31
 467 013a 04       		.byte	0x4
 468 013b 2C       		.byte	0x2c
 469 013c 41000000 		.4byte	0x41
 470 0140 09       		.uleb128 0x9
 471 0141 5A010000 		.4byte	.LASF32
 472 0145 05       		.byte	0x5
 473 0146 9201     		.2byte	0x192
 474 0148 2C000000 		.4byte	0x2c
 475 014c 02       		.uleb128 0x2
 476 014d 04       		.byte	0x4
 477 014e 04       		.byte	0x4
 478 014f 8B010000 		.4byte	.LASF33
 479 0153 02       		.uleb128 0x2
 480 0154 08       		.byte	0x8
 481 0155 04       		.byte	0x4
 482 0156 18000000 		.4byte	.LASF34
 483 015a 09       		.uleb128 0x9
 484 015b C4000000 		.4byte	.LASF35
 485 015f 05       		.byte	0x5
 486 0160 A301     		.2byte	0x1a3
 487 0162 83000000 		.4byte	0x83
 488 0166 07       		.uleb128 0x7
 489 0167 42000000 		.4byte	.LASF36
 490 016b 01       		.byte	0x1
 491 016c 06       		.byte	0x6
 492 016d 15       		.byte	0x15
 493 016e 97010000 		.4byte	0x197
 494 0172 08       		.uleb128 0x8
 495 0173 8B050000 		.4byte	.LASF37
 496 0177 00       		.sleb128 0
 497 0178 08       		.uleb128 0x8
 498 0179 AE010000 		.4byte	.LASF38
 499 017d 01       		.sleb128 1
 500 017e 08       		.uleb128 0x8
 501 017f 33040000 		.4byte	.LASF39
 502 0183 02       		.sleb128 2
 503 0184 08       		.uleb128 0x8
 504 0185 D3030000 		.4byte	.LASF40
 505 0189 03       		.sleb128 3
ARM GAS  C:\Users\youkan\AppData\Local\Temp\ccodd5Kf.s 			page 13


 506 018a 08       		.uleb128 0x8
 507 018b 62040000 		.4byte	.LASF41
 508 018f 04       		.sleb128 4
 509 0190 08       		.uleb128 0x8
 510 0191 EE010000 		.4byte	.LASF42
 511 0195 05       		.sleb128 5
 512 0196 00       		.byte	0
 513 0197 03       		.uleb128 0x3
 514 0198 06000000 		.4byte	.LASF43
 515 019c 06       		.byte	0x6
 516 019d 1D       		.byte	0x1d
 517 019e 66010000 		.4byte	0x166
 518 01a2 0A       		.uleb128 0xa
 519 01a3 B7040000 		.4byte	.LASF50
 520 01a7 07       		.byte	0x7
 521 01a8 06       		.byte	0x6
 522 01a9 1F       		.byte	0x1f
 523 01aa EB010000 		.4byte	0x1eb
 524 01ae 0B       		.uleb128 0xb
 525 01af 40010000 		.4byte	.LASF44
 526 01b3 06       		.byte	0x6
 527 01b4 21       		.byte	0x21
 528 01b5 C4000000 		.4byte	0xc4
 529 01b9 00       		.byte	0
 530 01ba 0B       		.uleb128 0xb
 531 01bb 15030000 		.4byte	.LASF45
 532 01bf 06       		.byte	0x6
 533 01c0 22       		.byte	0x22
 534 01c1 C4000000 		.4byte	0xc4
 535 01c5 01       		.byte	0x1
 536 01c6 0B       		.uleb128 0xb
 537 01c7 57000000 		.4byte	.LASF46
 538 01cb 06       		.byte	0x6
 539 01cc 23       		.byte	0x23
 540 01cd C4000000 		.4byte	0xc4
 541 01d1 02       		.byte	0x2
 542 01d2 0B       		.uleb128 0xb
 543 01d3 FB040000 		.4byte	.LASF47
 544 01d7 06       		.byte	0x6
 545 01d8 24       		.byte	0x24
 546 01d9 2C000000 		.4byte	0x2c
 547 01dd 03       		.byte	0x3
 548 01de 0B       		.uleb128 0xb
 549 01df 47010000 		.4byte	.LASF48
 550 01e3 06       		.byte	0x6
 551 01e4 25       		.byte	0x25
 552 01e5 EB010000 		.4byte	0x1eb
 553 01e9 04       		.byte	0x4
 554 01ea 00       		.byte	0
 555 01eb 0C       		.uleb128 0xc
 556 01ec C4000000 		.4byte	0xc4
 557 01f0 FB010000 		.4byte	0x1fb
 558 01f4 0D       		.uleb128 0xd
 559 01f5 76000000 		.4byte	0x76
 560 01f9 02       		.byte	0x2
 561 01fa 00       		.byte	0
 562 01fb 03       		.uleb128 0x3
ARM GAS  C:\Users\youkan\AppData\Local\Temp\ccodd5Kf.s 			page 14


 563 01fc 71020000 		.4byte	.LASF49
 564 0200 06       		.byte	0x6
 565 0201 27       		.byte	0x27
 566 0202 A2010000 		.4byte	0x1a2
 567 0206 0A       		.uleb128 0xa
 568 0207 B0000000 		.4byte	.LASF51
 569 020b 34       		.byte	0x34
 570 020c 06       		.byte	0x6
 571 020d 29       		.byte	0x29
 572 020e 43020000 		.4byte	0x243
 573 0212 0B       		.uleb128 0xb
 574 0213 E4040000 		.4byte	.LASF52
 575 0217 06       		.byte	0x6
 576 0218 2B       		.byte	0x2b
 577 0219 2C000000 		.4byte	0x2c
 578 021d 00       		.byte	0
 579 021e 0B       		.uleb128 0xb
 580 021f 6C050000 		.4byte	.LASF53
 581 0223 06       		.byte	0x6
 582 0224 2C       		.byte	0x2c
 583 0225 95000000 		.4byte	0x95
 584 0229 04       		.byte	0x4
 585 022a 0B       		.uleb128 0xb
 586 022b F0000000 		.4byte	.LASF54
 587 022f 06       		.byte	0x6
 588 0230 2D       		.byte	0x2d
 589 0231 43020000 		.4byte	0x243
 590 0235 08       		.byte	0x8
 591 0236 0B       		.uleb128 0xb
 592 0237 AA050000 		.4byte	.LASF55
 593 023b 06       		.byte	0x6
 594 023c 2E       		.byte	0x2e
 595 023d FB010000 		.4byte	0x1fb
 596 0241 2C       		.byte	0x2c
 597 0242 00       		.byte	0
 598 0243 0C       		.uleb128 0xc
 599 0244 A0000000 		.4byte	0xa0
 600 0248 53020000 		.4byte	0x253
 601 024c 0D       		.uleb128 0xd
 602 024d 76000000 		.4byte	0x76
 603 0251 23       		.byte	0x23
 604 0252 00       		.byte	0
 605 0253 03       		.uleb128 0x3
 606 0254 C2030000 		.4byte	.LASF56
 607 0258 06       		.byte	0x6
 608 0259 2F       		.byte	0x2f
 609 025a 06020000 		.4byte	0x206
 610 025e 0A       		.uleb128 0xa
 611 025f 61050000 		.4byte	.LASF57
 612 0263 38       		.byte	0x38
 613 0264 06       		.byte	0x6
 614 0265 33       		.byte	0x33
 615 0266 83020000 		.4byte	0x283
 616 026a 0B       		.uleb128 0xb
 617 026b 3B000000 		.4byte	.LASF58
 618 026f 06       		.byte	0x6
 619 0270 35       		.byte	0x35
ARM GAS  C:\Users\youkan\AppData\Local\Temp\ccodd5Kf.s 			page 15


 620 0271 EE000000 		.4byte	0xee
 621 0275 00       		.byte	0
 622 0276 0B       		.uleb128 0xb
 623 0277 FD020000 		.4byte	.LASF59
 624 027b 06       		.byte	0x6
 625 027c 36       		.byte	0x36
 626 027d 53020000 		.4byte	0x253
 627 0281 04       		.byte	0x4
 628 0282 00       		.byte	0
 629 0283 03       		.uleb128 0x3
 630 0284 9F050000 		.4byte	.LASF60
 631 0288 06       		.byte	0x6
 632 0289 37       		.byte	0x37
 633 028a 5E020000 		.4byte	0x25e
 634 028e 0E       		.uleb128 0xe
 635 028f 2D050000 		.4byte	.LASF87
 636 0293 01       		.byte	0x1
 637 0294 20       		.byte	0x20
 638 0295 2A010000 		.4byte	0x12a
 639 0299 00000000 		.4byte	.LFB63
 640 029d 16000000 		.4byte	.LFE63-.LFB63
 641 02a1 01       		.uleb128 0x1
 642 02a2 9C       		.byte	0x9c
 643 02a3 CC020000 		.4byte	0x2cc
 644 02a7 0F       		.uleb128 0xf
 645 02a8 06000000 		.4byte	.LVL0
 646 02ac 41050000 		.4byte	0x541
 647 02b0 0F       		.uleb128 0xf
 648 02b1 0A000000 		.4byte	.LVL1
 649 02b5 48050000 		.4byte	0x548
 650 02b9 0F       		.uleb128 0xf
 651 02ba 0E000000 		.4byte	.LVL2
 652 02be 4F050000 		.4byte	0x54f
 653 02c2 0F       		.uleb128 0xf
 654 02c3 12000000 		.4byte	.LVL3
 655 02c7 56050000 		.4byte	0x556
 656 02cb 00       		.byte	0
 657 02cc 10       		.uleb128 0x10
 658 02cd 0B050000 		.4byte	.LASF62
 659 02d1 01       		.byte	0x1
 660 02d2 66       		.byte	0x66
 661 02d3 2A010000 		.4byte	0x12a
 662 02d7 00000000 		.4byte	.LFB66
 663 02db 1E000000 		.4byte	.LFE66-.LFB66
 664 02df 01       		.uleb128 0x1
 665 02e0 9C       		.byte	0x9c
 666 02e1 2E030000 		.4byte	0x32e
 667 02e5 11       		.uleb128 0x11
 668 02e6 3B000000 		.4byte	.LASF58
 669 02ea 01       		.byte	0x1
 670 02eb 66       		.byte	0x66
 671 02ec EE000000 		.4byte	0xee
 672 02f0 00000000 		.4byte	.LLST0
 673 02f4 11       		.uleb128 0x11
 674 02f5 BB030000 		.4byte	.LASF61
 675 02f9 01       		.byte	0x1
 676 02fa 66       		.byte	0x66
ARM GAS  C:\Users\youkan\AppData\Local\Temp\ccodd5Kf.s 			page 16


 677 02fb 2E030000 		.4byte	0x32e
 678 02ff 3A000000 		.4byte	.LLST1
 679 0303 12       		.uleb128 0x12
 680 0304 30010000 		.4byte	.LASF65
 681 0308 01       		.byte	0x1
 682 0309 68       		.byte	0x68
 683 030a A0000000 		.4byte	0xa0
 684 030e 6E000000 		.4byte	.LLST2
 685 0312 13       		.uleb128 0x13
 686 0313 6900     		.ascii	"i\000"
 687 0315 01       		.byte	0x1
 688 0316 69       		.byte	0x69
 689 0317 68000000 		.4byte	0x68
 690 031b 0F       		.uleb128 0xf
 691 031c 0E000000 		.4byte	.LVL5
 692 0320 5D050000 		.4byte	0x55d
 693 0324 0F       		.uleb128 0xf
 694 0325 16000000 		.4byte	.LVL8
 695 0329 68050000 		.4byte	0x568
 696 032d 00       		.byte	0
 697 032e 05       		.uleb128 0x5
 698 032f 04       		.byte	0x4
 699 0330 A0000000 		.4byte	0xa0
 700 0334 10       		.uleb128 0x10
 701 0335 3B020000 		.4byte	.LASF63
 702 0339 01       		.byte	0x1
 703 033a 39       		.byte	0x39
 704 033b 2A010000 		.4byte	0x12a
 705 033f 00000000 		.4byte	.LFB65
 706 0343 54000000 		.4byte	.LFE65-.LFB65
 707 0347 01       		.uleb128 0x1
 708 0348 9C       		.byte	0x9c
 709 0349 03040000 		.4byte	0x403
 710 034d 11       		.uleb128 0x11
 711 034e 20020000 		.4byte	.LASF64
 712 0352 01       		.byte	0x1
 713 0353 39       		.byte	0x39
 714 0354 03040000 		.4byte	0x403
 715 0358 8C000000 		.4byte	.LLST3
 716 035c 14       		.uleb128 0x14
 717 035d 72657400 		.ascii	"ret\000"
 718 0361 01       		.byte	0x1
 719 0362 3B       		.byte	0x3b
 720 0363 2A010000 		.4byte	0x12a
 721 0367 B8000000 		.4byte	.LLST4
 722 036b 15       		.uleb128 0x15
 723 036c F0000000 		.4byte	.LASF54
 724 0370 01       		.byte	0x1
 725 0371 3C       		.byte	0x3c
 726 0372 A0000000 		.4byte	0xa0
 727 0376 02       		.uleb128 0x2
 728 0377 91       		.byte	0x91
 729 0378 77       		.sleb128 -9
 730 0379 16       		.uleb128 0x16
 731 037a 0A000000 		.4byte	.LVL11
 732 037e 73050000 		.4byte	0x573
 733 0382 8D030000 		.4byte	0x38d
ARM GAS  C:\Users\youkan\AppData\Local\Temp\ccodd5Kf.s 			page 17


 734 0386 17       		.uleb128 0x17
 735 0387 01       		.uleb128 0x1
 736 0388 50       		.byte	0x50
 737 0389 02       		.uleb128 0x2
 738 038a 74       		.byte	0x74
 739 038b 00       		.sleb128 0
 740 038c 00       		.byte	0
 741 038d 16       		.uleb128 0x16
 742 038e 12000000 		.4byte	.LVL13
 743 0392 88050000 		.4byte	0x588
 744 0396 A4030000 		.4byte	0x3a4
 745 039a 17       		.uleb128 0x17
 746 039b 01       		.uleb128 0x1
 747 039c 50       		.byte	0x50
 748 039d 05       		.uleb128 0x5
 749 039e 03       		.byte	0x3
 750 039f 00000000 		.4byte	.LC0
 751 03a3 00       		.byte	0
 752 03a4 16       		.uleb128 0x16
 753 03a5 1C000000 		.4byte	.LVL14
 754 03a9 CC020000 		.4byte	0x2cc
 755 03ad B8030000 		.4byte	0x3b8
 756 03b1 17       		.uleb128 0x17
 757 03b2 01       		.uleb128 0x1
 758 03b3 51       		.byte	0x51
 759 03b4 02       		.uleb128 0x2
 760 03b5 91       		.byte	0x91
 761 03b6 77       		.sleb128 -9
 762 03b7 00       		.byte	0
 763 03b8 16       		.uleb128 0x16
 764 03b9 2A000000 		.4byte	.LVL16
 765 03bd 99050000 		.4byte	0x599
 766 03c1 D2030000 		.4byte	0x3d2
 767 03c5 17       		.uleb128 0x17
 768 03c6 01       		.uleb128 0x1
 769 03c7 51       		.byte	0x51
 770 03c8 02       		.uleb128 0x2
 771 03c9 91       		.byte	0x91
 772 03ca 77       		.sleb128 -9
 773 03cb 17       		.uleb128 0x17
 774 03cc 01       		.uleb128 0x1
 775 03cd 50       		.byte	0x50
 776 03ce 02       		.uleb128 0x2
 777 03cf 74       		.byte	0x74
 778 03d0 00       		.sleb128 0
 779 03d1 00       		.byte	0
 780 03d2 0F       		.uleb128 0xf
 781 03d3 32000000 		.4byte	.LVL17
 782 03d7 B3050000 		.4byte	0x5b3
 783 03db 16       		.uleb128 0x16
 784 03dc 3C000000 		.4byte	.LVL18
 785 03e0 88050000 		.4byte	0x588
 786 03e4 F2030000 		.4byte	0x3f2
 787 03e8 17       		.uleb128 0x17
 788 03e9 01       		.uleb128 0x1
 789 03ea 50       		.byte	0x50
 790 03eb 05       		.uleb128 0x5
ARM GAS  C:\Users\youkan\AppData\Local\Temp\ccodd5Kf.s 			page 18


 791 03ec 03       		.byte	0x3
 792 03ed 1C000000 		.4byte	.LC1
 793 03f1 00       		.byte	0
 794 03f2 18       		.uleb128 0x18
 795 03f3 42000000 		.4byte	.LVL19
 796 03f7 C4050000 		.4byte	0x5c4
 797 03fb 17       		.uleb128 0x17
 798 03fc 01       		.uleb128 0x1
 799 03fd 50       		.byte	0x50
 800 03fe 02       		.uleb128 0x2
 801 03ff 74       		.byte	0x74
 802 0400 00       		.sleb128 0
 803 0401 00       		.byte	0
 804 0402 00       		.byte	0
 805 0403 05       		.uleb128 0x5
 806 0404 04       		.byte	0x4
 807 0405 83020000 		.4byte	0x283
 808 0409 10       		.uleb128 0x10
 809 040a CA000000 		.4byte	.LASF66
 810 040e 01       		.byte	0x1
 811 040f 2B       		.byte	0x2b
 812 0410 2A010000 		.4byte	0x12a
 813 0414 00000000 		.4byte	.LFB64
 814 0418 0C000000 		.4byte	.LFE64-.LFB64
 815 041c 01       		.uleb128 0x1
 816 041d 9C       		.byte	0x9c
 817 041e 50040000 		.4byte	0x450
 818 0422 11       		.uleb128 0x11
 819 0423 20020000 		.4byte	.LASF64
 820 0427 01       		.byte	0x1
 821 0428 2B       		.byte	0x2b
 822 0429 03040000 		.4byte	0x403
 823 042d EC000000 		.4byte	.LLST5
 824 0431 19       		.uleb128 0x19
 825 0432 72657400 		.ascii	"ret\000"
 826 0436 01       		.byte	0x1
 827 0437 2D       		.byte	0x2d
 828 0438 2A010000 		.4byte	0x12a
 829 043c 01       		.uleb128 0x1
 830 043d 50       		.byte	0x50
 831 043e 18       		.uleb128 0x18
 832 043f 06000000 		.4byte	.LVL22
 833 0443 34030000 		.4byte	0x334
 834 0447 17       		.uleb128 0x17
 835 0448 01       		.uleb128 0x1
 836 0449 50       		.byte	0x50
 837 044a 03       		.uleb128 0x3
 838 044b F3       		.byte	0xf3
 839 044c 01       		.uleb128 0x1
 840 044d 50       		.byte	0x50
 841 044e 00       		.byte	0
 842 044f 00       		.byte	0
 843 0450 10       		.uleb128 0x10
 844 0451 77010000 		.4byte	.LASF67
 845 0455 01       		.byte	0x1
 846 0456 7B       		.byte	0x7b
 847 0457 2A010000 		.4byte	0x12a
ARM GAS  C:\Users\youkan\AppData\Local\Temp\ccodd5Kf.s 			page 19


 848 045b 00000000 		.4byte	.LFB67
 849 045f 48000000 		.4byte	.LFE67-.LFB67
 850 0463 01       		.uleb128 0x1
 851 0464 9C       		.byte	0x9c
 852 0465 20050000 		.4byte	0x520
 853 0469 11       		.uleb128 0x11
 854 046a 3B000000 		.4byte	.LASF58
 855 046e 01       		.byte	0x1
 856 046f 7B       		.byte	0x7b
 857 0470 EE000000 		.4byte	0xee
 858 0474 0D010000 		.4byte	.LLST6
 859 0478 11       		.uleb128 0x11
 860 0479 00000000 		.4byte	.LASF68
 861 047d 01       		.byte	0x1
 862 047e 7B       		.byte	0x7b
 863 047f 2E030000 		.4byte	0x32e
 864 0483 2E010000 		.4byte	.LLST7
 865 0487 11       		.uleb128 0x11
 866 0488 1F000000 		.4byte	.LASF69
 867 048c 01       		.byte	0x1
 868 048d 7B       		.byte	0x7b
 869 048e 40010000 		.4byte	0x140
 870 0492 5A010000 		.4byte	.LLST8
 871 0496 15       		.uleb128 0x15
 872 0497 30010000 		.4byte	.LASF65
 873 049b 01       		.byte	0x1
 874 049c 7D       		.byte	0x7d
 875 049d 20050000 		.4byte	0x520
 876 04a1 02       		.uleb128 0x2
 877 04a2 91       		.byte	0x91
 878 04a3 60       		.sleb128 -32
 879 04a4 16       		.uleb128 0x16
 880 04a5 10000000 		.4byte	.LVL25
 881 04a9 88050000 		.4byte	0x588
 882 04ad BB040000 		.4byte	0x4bb
 883 04b1 17       		.uleb128 0x17
 884 04b2 01       		.uleb128 0x1
 885 04b3 50       		.byte	0x50
 886 04b4 05       		.uleb128 0x5
 887 04b5 03       		.byte	0x3
 888 04b6 3C000000 		.4byte	.LC2
 889 04ba 00       		.byte	0
 890 04bb 16       		.uleb128 0x16
 891 04bc 1E000000 		.4byte	.LVL26
 892 04c0 D9050000 		.4byte	0x5d9
 893 04c4 D5040000 		.4byte	0x4d5
 894 04c8 17       		.uleb128 0x17
 895 04c9 01       		.uleb128 0x1
 896 04ca 51       		.byte	0x51
 897 04cb 02       		.uleb128 0x2
 898 04cc 76       		.byte	0x76
 899 04cd 00       		.sleb128 0
 900 04ce 17       		.uleb128 0x17
 901 04cf 01       		.uleb128 0x1
 902 04d0 50       		.byte	0x50
 903 04d1 02       		.uleb128 0x2
 904 04d2 75       		.byte	0x75
ARM GAS  C:\Users\youkan\AppData\Local\Temp\ccodd5Kf.s 			page 20


 905 04d3 00       		.sleb128 0
 906 04d4 00       		.byte	0
 907 04d5 16       		.uleb128 0x16
 908 04d6 2A000000 		.4byte	.LVL27
 909 04da FA050000 		.4byte	0x5fa
 910 04de F8040000 		.4byte	0x4f8
 911 04e2 17       		.uleb128 0x17
 912 04e3 01       		.uleb128 0x1
 913 04e4 52       		.byte	0x52
 914 04e5 02       		.uleb128 0x2
 915 04e6 75       		.byte	0x75
 916 04e7 00       		.sleb128 0
 917 04e8 17       		.uleb128 0x17
 918 04e9 01       		.uleb128 0x1
 919 04ea 51       		.byte	0x51
 920 04eb 05       		.uleb128 0x5
 921 04ec 03       		.byte	0x3
 922 04ed 58000000 		.4byte	.LC3
 923 04f1 17       		.uleb128 0x17
 924 04f2 01       		.uleb128 0x1
 925 04f3 50       		.byte	0x50
 926 04f4 02       		.uleb128 0x2
 927 04f5 7D       		.byte	0x7d
 928 04f6 00       		.sleb128 0
 929 04f7 00       		.byte	0
 930 04f8 16       		.uleb128 0x16
 931 04f9 30000000 		.4byte	.LVL28
 932 04fd 15060000 		.4byte	0x615
 933 0501 0C050000 		.4byte	0x50c
 934 0505 17       		.uleb128 0x17
 935 0506 01       		.uleb128 0x1
 936 0507 50       		.byte	0x50
 937 0508 02       		.uleb128 0x2
 938 0509 7D       		.byte	0x7d
 939 050a 00       		.sleb128 0
 940 050b 00       		.byte	0
 941 050c 18       		.uleb128 0x18
 942 050d 36000000 		.4byte	.LVL29
 943 0511 88050000 		.4byte	0x588
 944 0515 17       		.uleb128 0x17
 945 0516 01       		.uleb128 0x1
 946 0517 50       		.byte	0x50
 947 0518 05       		.uleb128 0x5
 948 0519 03       		.byte	0x3
 949 051a 60000000 		.4byte	.LC4
 950 051e 00       		.byte	0
 951 051f 00       		.byte	0
 952 0520 0C       		.uleb128 0xc
 953 0521 83000000 		.4byte	0x83
 954 0525 30050000 		.4byte	0x530
 955 0529 0D       		.uleb128 0xd
 956 052a 76000000 		.4byte	0x76
 957 052e 0F       		.byte	0xf
 958 052f 00       		.byte	0
 959 0530 1A       		.uleb128 0x1a
 960 0531 20050000 		.4byte	.LASF88
 961 0535 0B       		.byte	0xb
ARM GAS  C:\Users\youkan\AppData\Local\Temp\ccodd5Kf.s 			page 21


 962 0536 9606     		.2byte	0x696
 963 0538 3C050000 		.4byte	0x53c
 964 053c 1B       		.uleb128 0x1b
 965 053d 35010000 		.4byte	0x135
 966 0541 1C       		.uleb128 0x1c
 967 0542 4F050000 		.4byte	.LASF70
 968 0546 07       		.byte	0x7
 969 0547 59       		.byte	0x59
 970 0548 1C       		.uleb128 0x1c
 971 0549 5E020000 		.4byte	.LASF71
 972 054d 07       		.byte	0x7
 973 054e 54       		.byte	0x54
 974 054f 1C       		.uleb128 0x1c
 975 0550 86000000 		.4byte	.LASF72
 976 0554 08       		.byte	0x8
 977 0555 59       		.byte	0x59
 978 0556 1C       		.uleb128 0x1c
 979 0557 26000000 		.4byte	.LASF73
 980 055b 08       		.byte	0x8
 981 055c 54       		.byte	0x54
 982 055d 1D       		.uleb128 0x1d
 983 055e 74050000 		.4byte	.LASF74
 984 0562 08       		.byte	0x8
 985 0563 71       		.byte	0x71
 986 0564 40010000 		.4byte	0x140
 987 0568 1D       		.uleb128 0x1d
 988 0569 E6030000 		.4byte	.LASF75
 989 056d 07       		.byte	0x7
 990 056e 71       		.byte	0x71
 991 056f 40010000 		.4byte	0x140
 992 0573 1E       		.uleb128 0x1e
 993 0574 6C000000 		.4byte	.LASF76
 994 0578 06       		.byte	0x6
 995 0579 45       		.byte	0x45
 996 057a 2A010000 		.4byte	0x12a
 997 057e 88050000 		.4byte	0x588
 998 0582 1F       		.uleb128 0x1f
 999 0583 03040000 		.4byte	0x403
 1000 0587 00       		.byte	0
 1001 0588 20       		.uleb128 0x20
 1002 0589 28020000 		.4byte	.LASF78
 1003 058d 09       		.byte	0x9
 1004 058e 13       		.byte	0x13
 1005 058f 99050000 		.4byte	0x599
 1006 0593 1F       		.uleb128 0x1f
 1007 0594 7D000000 		.4byte	0x7d
 1008 0598 00       		.byte	0
 1009 0599 1E       		.uleb128 0x1e
 1010 059a E7020000 		.4byte	.LASF77
 1011 059e 06       		.byte	0x6
 1012 059f 46       		.byte	0x46
 1013 05a0 2A010000 		.4byte	0x12a
 1014 05a4 B3050000 		.4byte	0x5b3
 1015 05a8 1F       		.uleb128 0x1f
 1016 05a9 03040000 		.4byte	0x403
 1017 05ad 1F       		.uleb128 0x1f
 1018 05ae 2E030000 		.4byte	0x32e
ARM GAS  C:\Users\youkan\AppData\Local\Temp\ccodd5Kf.s 			page 22


 1019 05b2 00       		.byte	0
 1020 05b3 21       		.uleb128 0x21
 1021 05b4 01020000 		.4byte	.LASF79
 1022 05b8 06       		.byte	0x6
 1023 05b9 44       		.byte	0x44
 1024 05ba 97010000 		.4byte	0x197
 1025 05be C4050000 		.4byte	0x5c4
 1026 05c2 22       		.uleb128 0x22
 1027 05c3 00       		.byte	0
 1028 05c4 1E       		.uleb128 0x1e
 1029 05c5 CD010000 		.4byte	.LASF80
 1030 05c9 06       		.byte	0x6
 1031 05ca 49       		.byte	0x49
 1032 05cb 2A010000 		.4byte	0x12a
 1033 05cf D9050000 		.4byte	0x5d9
 1034 05d3 1F       		.uleb128 0x1f
 1035 05d4 03040000 		.4byte	0x403
 1036 05d8 00       		.byte	0
 1037 05d9 20       		.uleb128 0x20
 1038 05da CC040000 		.4byte	.LASF81
 1039 05de 08       		.byte	0x8
 1040 05df 8C       		.byte	0x8c
 1041 05e0 EF050000 		.4byte	0x5ef
 1042 05e4 1F       		.uleb128 0x1f
 1043 05e5 EF050000 		.4byte	0x5ef
 1044 05e9 1F       		.uleb128 0x1f
 1045 05ea 40010000 		.4byte	0x140
 1046 05ee 00       		.byte	0
 1047 05ef 05       		.uleb128 0x5
 1048 05f0 04       		.byte	0x4
 1049 05f1 F5050000 		.4byte	0x5f5
 1050 05f5 06       		.uleb128 0x6
 1051 05f6 40010000 		.4byte	0x140
 1052 05fa 1E       		.uleb128 0x1e
 1053 05fb 33020000 		.4byte	.LASF82
 1054 05ff 0A       		.byte	0xa
 1055 0600 DE       		.byte	0xde
 1056 0601 68000000 		.4byte	0x68
 1057 0605 15060000 		.4byte	0x615
 1058 0609 1F       		.uleb128 0x1f
 1059 060a 7D000000 		.4byte	0x7d
 1060 060e 1F       		.uleb128 0x1f
 1061 060f 8A000000 		.4byte	0x8a
 1062 0613 22       		.uleb128 0x22
 1063 0614 00       		.byte	0
 1064 0615 20       		.uleb128 0x20
 1065 0616 60010000 		.4byte	.LASF83
 1066 061a 07       		.byte	0x7
 1067 061b 8B       		.byte	0x8b
 1068 061c 26060000 		.4byte	0x626
 1069 0620 1F       		.uleb128 0x1f
 1070 0621 26060000 		.4byte	0x626
 1071 0625 00       		.byte	0
 1072 0626 05       		.uleb128 0x5
 1073 0627 04       		.byte	0x4
 1074 0628 2C060000 		.4byte	0x62c
 1075 062c 06       		.uleb128 0x6
ARM GAS  C:\Users\youkan\AppData\Local\Temp\ccodd5Kf.s 			page 23


 1076 062d 5A010000 		.4byte	0x15a
 1077 0631 00       		.byte	0
 1078              		.section	.debug_abbrev,"",%progbits
 1079              	.Ldebug_abbrev0:
 1080 0000 01       		.uleb128 0x1
 1081 0001 11       		.uleb128 0x11
 1082 0002 01       		.byte	0x1
 1083 0003 25       		.uleb128 0x25
 1084 0004 0E       		.uleb128 0xe
 1085 0005 13       		.uleb128 0x13
 1086 0006 0B       		.uleb128 0xb
 1087 0007 03       		.uleb128 0x3
 1088 0008 0E       		.uleb128 0xe
 1089 0009 1B       		.uleb128 0x1b
 1090 000a 0E       		.uleb128 0xe
 1091 000b 55       		.uleb128 0x55
 1092 000c 17       		.uleb128 0x17
 1093 000d 11       		.uleb128 0x11
 1094 000e 01       		.uleb128 0x1
 1095 000f 10       		.uleb128 0x10
 1096 0010 17       		.uleb128 0x17
 1097 0011 00       		.byte	0
 1098 0012 00       		.byte	0
 1099 0013 02       		.uleb128 0x2
 1100 0014 24       		.uleb128 0x24
 1101 0015 00       		.byte	0
 1102 0016 0B       		.uleb128 0xb
 1103 0017 0B       		.uleb128 0xb
 1104 0018 3E       		.uleb128 0x3e
 1105 0019 0B       		.uleb128 0xb
 1106 001a 03       		.uleb128 0x3
 1107 001b 0E       		.uleb128 0xe
 1108 001c 00       		.byte	0
 1109 001d 00       		.byte	0
 1110 001e 03       		.uleb128 0x3
 1111 001f 16       		.uleb128 0x16
 1112 0020 00       		.byte	0
 1113 0021 03       		.uleb128 0x3
 1114 0022 0E       		.uleb128 0xe
 1115 0023 3A       		.uleb128 0x3a
 1116 0024 0B       		.uleb128 0xb
 1117 0025 3B       		.uleb128 0x3b
 1118 0026 0B       		.uleb128 0xb
 1119 0027 49       		.uleb128 0x49
 1120 0028 13       		.uleb128 0x13
 1121 0029 00       		.byte	0
 1122 002a 00       		.byte	0
 1123 002b 04       		.uleb128 0x4
 1124 002c 24       		.uleb128 0x24
 1125 002d 00       		.byte	0
 1126 002e 0B       		.uleb128 0xb
 1127 002f 0B       		.uleb128 0xb
 1128 0030 3E       		.uleb128 0x3e
 1129 0031 0B       		.uleb128 0xb
 1130 0032 03       		.uleb128 0x3
 1131 0033 08       		.uleb128 0x8
 1132 0034 00       		.byte	0
ARM GAS  C:\Users\youkan\AppData\Local\Temp\ccodd5Kf.s 			page 24


 1133 0035 00       		.byte	0
 1134 0036 05       		.uleb128 0x5
 1135 0037 0F       		.uleb128 0xf
 1136 0038 00       		.byte	0
 1137 0039 0B       		.uleb128 0xb
 1138 003a 0B       		.uleb128 0xb
 1139 003b 49       		.uleb128 0x49
 1140 003c 13       		.uleb128 0x13
 1141 003d 00       		.byte	0
 1142 003e 00       		.byte	0
 1143 003f 06       		.uleb128 0x6
 1144 0040 26       		.uleb128 0x26
 1145 0041 00       		.byte	0
 1146 0042 49       		.uleb128 0x49
 1147 0043 13       		.uleb128 0x13
 1148 0044 00       		.byte	0
 1149 0045 00       		.byte	0
 1150 0046 07       		.uleb128 0x7
 1151 0047 04       		.uleb128 0x4
 1152 0048 01       		.byte	0x1
 1153 0049 03       		.uleb128 0x3
 1154 004a 0E       		.uleb128 0xe
 1155 004b 0B       		.uleb128 0xb
 1156 004c 0B       		.uleb128 0xb
 1157 004d 3A       		.uleb128 0x3a
 1158 004e 0B       		.uleb128 0xb
 1159 004f 3B       		.uleb128 0x3b
 1160 0050 0B       		.uleb128 0xb
 1161 0051 01       		.uleb128 0x1
 1162 0052 13       		.uleb128 0x13
 1163 0053 00       		.byte	0
 1164 0054 00       		.byte	0
 1165 0055 08       		.uleb128 0x8
 1166 0056 28       		.uleb128 0x28
 1167 0057 00       		.byte	0
 1168 0058 03       		.uleb128 0x3
 1169 0059 0E       		.uleb128 0xe
 1170 005a 1C       		.uleb128 0x1c
 1171 005b 0D       		.uleb128 0xd
 1172 005c 00       		.byte	0
 1173 005d 00       		.byte	0
 1174 005e 09       		.uleb128 0x9
 1175 005f 16       		.uleb128 0x16
 1176 0060 00       		.byte	0
 1177 0061 03       		.uleb128 0x3
 1178 0062 0E       		.uleb128 0xe
 1179 0063 3A       		.uleb128 0x3a
 1180 0064 0B       		.uleb128 0xb
 1181 0065 3B       		.uleb128 0x3b
 1182 0066 05       		.uleb128 0x5
 1183 0067 49       		.uleb128 0x49
 1184 0068 13       		.uleb128 0x13
 1185 0069 00       		.byte	0
 1186 006a 00       		.byte	0
 1187 006b 0A       		.uleb128 0xa
 1188 006c 13       		.uleb128 0x13
 1189 006d 01       		.byte	0x1
ARM GAS  C:\Users\youkan\AppData\Local\Temp\ccodd5Kf.s 			page 25


 1190 006e 03       		.uleb128 0x3
 1191 006f 0E       		.uleb128 0xe
 1192 0070 0B       		.uleb128 0xb
 1193 0071 0B       		.uleb128 0xb
 1194 0072 3A       		.uleb128 0x3a
 1195 0073 0B       		.uleb128 0xb
 1196 0074 3B       		.uleb128 0x3b
 1197 0075 0B       		.uleb128 0xb
 1198 0076 01       		.uleb128 0x1
 1199 0077 13       		.uleb128 0x13
 1200 0078 00       		.byte	0
 1201 0079 00       		.byte	0
 1202 007a 0B       		.uleb128 0xb
 1203 007b 0D       		.uleb128 0xd
 1204 007c 00       		.byte	0
 1205 007d 03       		.uleb128 0x3
 1206 007e 0E       		.uleb128 0xe
 1207 007f 3A       		.uleb128 0x3a
 1208 0080 0B       		.uleb128 0xb
 1209 0081 3B       		.uleb128 0x3b
 1210 0082 0B       		.uleb128 0xb
 1211 0083 49       		.uleb128 0x49
 1212 0084 13       		.uleb128 0x13
 1213 0085 38       		.uleb128 0x38
 1214 0086 0B       		.uleb128 0xb
 1215 0087 00       		.byte	0
 1216 0088 00       		.byte	0
 1217 0089 0C       		.uleb128 0xc
 1218 008a 01       		.uleb128 0x1
 1219 008b 01       		.byte	0x1
 1220 008c 49       		.uleb128 0x49
 1221 008d 13       		.uleb128 0x13
 1222 008e 01       		.uleb128 0x1
 1223 008f 13       		.uleb128 0x13
 1224 0090 00       		.byte	0
 1225 0091 00       		.byte	0
 1226 0092 0D       		.uleb128 0xd
 1227 0093 21       		.uleb128 0x21
 1228 0094 00       		.byte	0
 1229 0095 49       		.uleb128 0x49
 1230 0096 13       		.uleb128 0x13
 1231 0097 2F       		.uleb128 0x2f
 1232 0098 0B       		.uleb128 0xb
 1233 0099 00       		.byte	0
 1234 009a 00       		.byte	0
 1235 009b 0E       		.uleb128 0xe
 1236 009c 2E       		.uleb128 0x2e
 1237 009d 01       		.byte	0x1
 1238 009e 3F       		.uleb128 0x3f
 1239 009f 19       		.uleb128 0x19
 1240 00a0 03       		.uleb128 0x3
 1241 00a1 0E       		.uleb128 0xe
 1242 00a2 3A       		.uleb128 0x3a
 1243 00a3 0B       		.uleb128 0xb
 1244 00a4 3B       		.uleb128 0x3b
 1245 00a5 0B       		.uleb128 0xb
 1246 00a6 49       		.uleb128 0x49
ARM GAS  C:\Users\youkan\AppData\Local\Temp\ccodd5Kf.s 			page 26


 1247 00a7 13       		.uleb128 0x13
 1248 00a8 11       		.uleb128 0x11
 1249 00a9 01       		.uleb128 0x1
 1250 00aa 12       		.uleb128 0x12
 1251 00ab 06       		.uleb128 0x6
 1252 00ac 40       		.uleb128 0x40
 1253 00ad 18       		.uleb128 0x18
 1254 00ae 9742     		.uleb128 0x2117
 1255 00b0 19       		.uleb128 0x19
 1256 00b1 01       		.uleb128 0x1
 1257 00b2 13       		.uleb128 0x13
 1258 00b3 00       		.byte	0
 1259 00b4 00       		.byte	0
 1260 00b5 0F       		.uleb128 0xf
 1261 00b6 898201   		.uleb128 0x4109
 1262 00b9 00       		.byte	0
 1263 00ba 11       		.uleb128 0x11
 1264 00bb 01       		.uleb128 0x1
 1265 00bc 31       		.uleb128 0x31
 1266 00bd 13       		.uleb128 0x13
 1267 00be 00       		.byte	0
 1268 00bf 00       		.byte	0
 1269 00c0 10       		.uleb128 0x10
 1270 00c1 2E       		.uleb128 0x2e
 1271 00c2 01       		.byte	0x1
 1272 00c3 3F       		.uleb128 0x3f
 1273 00c4 19       		.uleb128 0x19
 1274 00c5 03       		.uleb128 0x3
 1275 00c6 0E       		.uleb128 0xe
 1276 00c7 3A       		.uleb128 0x3a
 1277 00c8 0B       		.uleb128 0xb
 1278 00c9 3B       		.uleb128 0x3b
 1279 00ca 0B       		.uleb128 0xb
 1280 00cb 27       		.uleb128 0x27
 1281 00cc 19       		.uleb128 0x19
 1282 00cd 49       		.uleb128 0x49
 1283 00ce 13       		.uleb128 0x13
 1284 00cf 11       		.uleb128 0x11
 1285 00d0 01       		.uleb128 0x1
 1286 00d1 12       		.uleb128 0x12
 1287 00d2 06       		.uleb128 0x6
 1288 00d3 40       		.uleb128 0x40
 1289 00d4 18       		.uleb128 0x18
 1290 00d5 9742     		.uleb128 0x2117
 1291 00d7 19       		.uleb128 0x19
 1292 00d8 01       		.uleb128 0x1
 1293 00d9 13       		.uleb128 0x13
 1294 00da 00       		.byte	0
 1295 00db 00       		.byte	0
 1296 00dc 11       		.uleb128 0x11
 1297 00dd 05       		.uleb128 0x5
 1298 00de 00       		.byte	0
 1299 00df 03       		.uleb128 0x3
 1300 00e0 0E       		.uleb128 0xe
 1301 00e1 3A       		.uleb128 0x3a
 1302 00e2 0B       		.uleb128 0xb
 1303 00e3 3B       		.uleb128 0x3b
ARM GAS  C:\Users\youkan\AppData\Local\Temp\ccodd5Kf.s 			page 27


 1304 00e4 0B       		.uleb128 0xb
 1305 00e5 49       		.uleb128 0x49
 1306 00e6 13       		.uleb128 0x13
 1307 00e7 02       		.uleb128 0x2
 1308 00e8 17       		.uleb128 0x17
 1309 00e9 00       		.byte	0
 1310 00ea 00       		.byte	0
 1311 00eb 12       		.uleb128 0x12
 1312 00ec 34       		.uleb128 0x34
 1313 00ed 00       		.byte	0
 1314 00ee 03       		.uleb128 0x3
 1315 00ef 0E       		.uleb128 0xe
 1316 00f0 3A       		.uleb128 0x3a
 1317 00f1 0B       		.uleb128 0xb
 1318 00f2 3B       		.uleb128 0x3b
 1319 00f3 0B       		.uleb128 0xb
 1320 00f4 49       		.uleb128 0x49
 1321 00f5 13       		.uleb128 0x13
 1322 00f6 02       		.uleb128 0x2
 1323 00f7 17       		.uleb128 0x17
 1324 00f8 00       		.byte	0
 1325 00f9 00       		.byte	0
 1326 00fa 13       		.uleb128 0x13
 1327 00fb 34       		.uleb128 0x34
 1328 00fc 00       		.byte	0
 1329 00fd 03       		.uleb128 0x3
 1330 00fe 08       		.uleb128 0x8
 1331 00ff 3A       		.uleb128 0x3a
 1332 0100 0B       		.uleb128 0xb
 1333 0101 3B       		.uleb128 0x3b
 1334 0102 0B       		.uleb128 0xb
 1335 0103 49       		.uleb128 0x49
 1336 0104 13       		.uleb128 0x13
 1337 0105 00       		.byte	0
 1338 0106 00       		.byte	0
 1339 0107 14       		.uleb128 0x14
 1340 0108 34       		.uleb128 0x34
 1341 0109 00       		.byte	0
 1342 010a 03       		.uleb128 0x3
 1343 010b 08       		.uleb128 0x8
 1344 010c 3A       		.uleb128 0x3a
 1345 010d 0B       		.uleb128 0xb
 1346 010e 3B       		.uleb128 0x3b
 1347 010f 0B       		.uleb128 0xb
 1348 0110 49       		.uleb128 0x49
 1349 0111 13       		.uleb128 0x13
 1350 0112 02       		.uleb128 0x2
 1351 0113 17       		.uleb128 0x17
 1352 0114 00       		.byte	0
 1353 0115 00       		.byte	0
 1354 0116 15       		.uleb128 0x15
 1355 0117 34       		.uleb128 0x34
 1356 0118 00       		.byte	0
 1357 0119 03       		.uleb128 0x3
 1358 011a 0E       		.uleb128 0xe
 1359 011b 3A       		.uleb128 0x3a
 1360 011c 0B       		.uleb128 0xb
ARM GAS  C:\Users\youkan\AppData\Local\Temp\ccodd5Kf.s 			page 28


 1361 011d 3B       		.uleb128 0x3b
 1362 011e 0B       		.uleb128 0xb
 1363 011f 49       		.uleb128 0x49
 1364 0120 13       		.uleb128 0x13
 1365 0121 02       		.uleb128 0x2
 1366 0122 18       		.uleb128 0x18
 1367 0123 00       		.byte	0
 1368 0124 00       		.byte	0
 1369 0125 16       		.uleb128 0x16
 1370 0126 898201   		.uleb128 0x4109
 1371 0129 01       		.byte	0x1
 1372 012a 11       		.uleb128 0x11
 1373 012b 01       		.uleb128 0x1
 1374 012c 31       		.uleb128 0x31
 1375 012d 13       		.uleb128 0x13
 1376 012e 01       		.uleb128 0x1
 1377 012f 13       		.uleb128 0x13
 1378 0130 00       		.byte	0
 1379 0131 00       		.byte	0
 1380 0132 17       		.uleb128 0x17
 1381 0133 8A8201   		.uleb128 0x410a
 1382 0136 00       		.byte	0
 1383 0137 02       		.uleb128 0x2
 1384 0138 18       		.uleb128 0x18
 1385 0139 9142     		.uleb128 0x2111
 1386 013b 18       		.uleb128 0x18
 1387 013c 00       		.byte	0
 1388 013d 00       		.byte	0
 1389 013e 18       		.uleb128 0x18
 1390 013f 898201   		.uleb128 0x4109
 1391 0142 01       		.byte	0x1
 1392 0143 11       		.uleb128 0x11
 1393 0144 01       		.uleb128 0x1
 1394 0145 31       		.uleb128 0x31
 1395 0146 13       		.uleb128 0x13
 1396 0147 00       		.byte	0
 1397 0148 00       		.byte	0
 1398 0149 19       		.uleb128 0x19
 1399 014a 34       		.uleb128 0x34
 1400 014b 00       		.byte	0
 1401 014c 03       		.uleb128 0x3
 1402 014d 08       		.uleb128 0x8
 1403 014e 3A       		.uleb128 0x3a
 1404 014f 0B       		.uleb128 0xb
 1405 0150 3B       		.uleb128 0x3b
 1406 0151 0B       		.uleb128 0xb
 1407 0152 49       		.uleb128 0x49
 1408 0153 13       		.uleb128 0x13
 1409 0154 02       		.uleb128 0x2
 1410 0155 18       		.uleb128 0x18
 1411 0156 00       		.byte	0
 1412 0157 00       		.byte	0
 1413 0158 1A       		.uleb128 0x1a
 1414 0159 34       		.uleb128 0x34
 1415 015a 00       		.byte	0
 1416 015b 03       		.uleb128 0x3
 1417 015c 0E       		.uleb128 0xe
ARM GAS  C:\Users\youkan\AppData\Local\Temp\ccodd5Kf.s 			page 29


 1418 015d 3A       		.uleb128 0x3a
 1419 015e 0B       		.uleb128 0xb
 1420 015f 3B       		.uleb128 0x3b
 1421 0160 05       		.uleb128 0x5
 1422 0161 49       		.uleb128 0x49
 1423 0162 13       		.uleb128 0x13
 1424 0163 3F       		.uleb128 0x3f
 1425 0164 19       		.uleb128 0x19
 1426 0165 3C       		.uleb128 0x3c
 1427 0166 19       		.uleb128 0x19
 1428 0167 00       		.byte	0
 1429 0168 00       		.byte	0
 1430 0169 1B       		.uleb128 0x1b
 1431 016a 35       		.uleb128 0x35
 1432 016b 00       		.byte	0
 1433 016c 49       		.uleb128 0x49
 1434 016d 13       		.uleb128 0x13
 1435 016e 00       		.byte	0
 1436 016f 00       		.byte	0
 1437 0170 1C       		.uleb128 0x1c
 1438 0171 2E       		.uleb128 0x2e
 1439 0172 00       		.byte	0
 1440 0173 3F       		.uleb128 0x3f
 1441 0174 19       		.uleb128 0x19
 1442 0175 03       		.uleb128 0x3
 1443 0176 0E       		.uleb128 0xe
 1444 0177 3A       		.uleb128 0x3a
 1445 0178 0B       		.uleb128 0xb
 1446 0179 3B       		.uleb128 0x3b
 1447 017a 0B       		.uleb128 0xb
 1448 017b 27       		.uleb128 0x27
 1449 017c 19       		.uleb128 0x19
 1450 017d 3C       		.uleb128 0x3c
 1451 017e 19       		.uleb128 0x19
 1452 017f 00       		.byte	0
 1453 0180 00       		.byte	0
 1454 0181 1D       		.uleb128 0x1d
 1455 0182 2E       		.uleb128 0x2e
 1456 0183 00       		.byte	0
 1457 0184 3F       		.uleb128 0x3f
 1458 0185 19       		.uleb128 0x19
 1459 0186 03       		.uleb128 0x3
 1460 0187 0E       		.uleb128 0xe
 1461 0188 3A       		.uleb128 0x3a
 1462 0189 0B       		.uleb128 0xb
 1463 018a 3B       		.uleb128 0x3b
 1464 018b 0B       		.uleb128 0xb
 1465 018c 27       		.uleb128 0x27
 1466 018d 19       		.uleb128 0x19
 1467 018e 49       		.uleb128 0x49
 1468 018f 13       		.uleb128 0x13
 1469 0190 3C       		.uleb128 0x3c
 1470 0191 19       		.uleb128 0x19
 1471 0192 00       		.byte	0
 1472 0193 00       		.byte	0
 1473 0194 1E       		.uleb128 0x1e
 1474 0195 2E       		.uleb128 0x2e
ARM GAS  C:\Users\youkan\AppData\Local\Temp\ccodd5Kf.s 			page 30


 1475 0196 01       		.byte	0x1
 1476 0197 3F       		.uleb128 0x3f
 1477 0198 19       		.uleb128 0x19
 1478 0199 03       		.uleb128 0x3
 1479 019a 0E       		.uleb128 0xe
 1480 019b 3A       		.uleb128 0x3a
 1481 019c 0B       		.uleb128 0xb
 1482 019d 3B       		.uleb128 0x3b
 1483 019e 0B       		.uleb128 0xb
 1484 019f 27       		.uleb128 0x27
 1485 01a0 19       		.uleb128 0x19
 1486 01a1 49       		.uleb128 0x49
 1487 01a2 13       		.uleb128 0x13
 1488 01a3 3C       		.uleb128 0x3c
 1489 01a4 19       		.uleb128 0x19
 1490 01a5 01       		.uleb128 0x1
 1491 01a6 13       		.uleb128 0x13
 1492 01a7 00       		.byte	0
 1493 01a8 00       		.byte	0
 1494 01a9 1F       		.uleb128 0x1f
 1495 01aa 05       		.uleb128 0x5
 1496 01ab 00       		.byte	0
 1497 01ac 49       		.uleb128 0x49
 1498 01ad 13       		.uleb128 0x13
 1499 01ae 00       		.byte	0
 1500 01af 00       		.byte	0
 1501 01b0 20       		.uleb128 0x20
 1502 01b1 2E       		.uleb128 0x2e
 1503 01b2 01       		.byte	0x1
 1504 01b3 3F       		.uleb128 0x3f
 1505 01b4 19       		.uleb128 0x19
 1506 01b5 03       		.uleb128 0x3
 1507 01b6 0E       		.uleb128 0xe
 1508 01b7 3A       		.uleb128 0x3a
 1509 01b8 0B       		.uleb128 0xb
 1510 01b9 3B       		.uleb128 0x3b
 1511 01ba 0B       		.uleb128 0xb
 1512 01bb 27       		.uleb128 0x27
 1513 01bc 19       		.uleb128 0x19
 1514 01bd 3C       		.uleb128 0x3c
 1515 01be 19       		.uleb128 0x19
 1516 01bf 01       		.uleb128 0x1
 1517 01c0 13       		.uleb128 0x13
 1518 01c1 00       		.byte	0
 1519 01c2 00       		.byte	0
 1520 01c3 21       		.uleb128 0x21
 1521 01c4 2E       		.uleb128 0x2e
 1522 01c5 01       		.byte	0x1
 1523 01c6 3F       		.uleb128 0x3f
 1524 01c7 19       		.uleb128 0x19
 1525 01c8 03       		.uleb128 0x3
 1526 01c9 0E       		.uleb128 0xe
 1527 01ca 3A       		.uleb128 0x3a
 1528 01cb 0B       		.uleb128 0xb
 1529 01cc 3B       		.uleb128 0x3b
 1530 01cd 0B       		.uleb128 0xb
 1531 01ce 49       		.uleb128 0x49
ARM GAS  C:\Users\youkan\AppData\Local\Temp\ccodd5Kf.s 			page 31


 1532 01cf 13       		.uleb128 0x13
 1533 01d0 3C       		.uleb128 0x3c
 1534 01d1 19       		.uleb128 0x19
 1535 01d2 01       		.uleb128 0x1
 1536 01d3 13       		.uleb128 0x13
 1537 01d4 00       		.byte	0
 1538 01d5 00       		.byte	0
 1539 01d6 22       		.uleb128 0x22
 1540 01d7 18       		.uleb128 0x18
 1541 01d8 00       		.byte	0
 1542 01d9 00       		.byte	0
 1543 01da 00       		.byte	0
 1544 01db 00       		.byte	0
 1545              		.section	.debug_loc,"",%progbits
 1546              	.Ldebug_loc0:
 1547              	.LLST0:
 1548 0000 00000000 		.4byte	.LVL4
 1549 0004 0D000000 		.4byte	.LVL5-1
 1550 0008 0100     		.2byte	0x1
 1551 000a 50       		.byte	0x50
 1552 000b 0D000000 		.4byte	.LVL5-1
 1553 000f 12000000 		.4byte	.LVL7
 1554 0013 0400     		.2byte	0x4
 1555 0015 F3       		.byte	0xf3
 1556 0016 01       		.uleb128 0x1
 1557 0017 50       		.byte	0x50
 1558 0018 9F       		.byte	0x9f
 1559 0019 12000000 		.4byte	.LVL7
 1560 001d 15000000 		.4byte	.LVL8-1
 1561 0021 0100     		.2byte	0x1
 1562 0023 50       		.byte	0x50
 1563 0024 15000000 		.4byte	.LVL8-1
 1564 0028 1E000000 		.4byte	.LFE66
 1565 002c 0400     		.2byte	0x4
 1566 002e F3       		.byte	0xf3
 1567 002f 01       		.uleb128 0x1
 1568 0030 50       		.byte	0x50
 1569 0031 9F       		.byte	0x9f
 1570 0032 00000000 		.4byte	0
 1571 0036 00000000 		.4byte	0
 1572              	.LLST1:
 1573 003a 00000000 		.4byte	.LVL4
 1574 003e 0D000000 		.4byte	.LVL5-1
 1575 0042 0100     		.2byte	0x1
 1576 0044 51       		.byte	0x51
 1577 0045 0D000000 		.4byte	.LVL5-1
 1578 0049 12000000 		.4byte	.LVL7
 1579 004d 0100     		.2byte	0x1
 1580 004f 54       		.byte	0x54
 1581 0050 12000000 		.4byte	.LVL7
 1582 0054 15000000 		.4byte	.LVL8-1
 1583 0058 0100     		.2byte	0x1
 1584 005a 51       		.byte	0x51
 1585 005b 15000000 		.4byte	.LVL8-1
 1586 005f 1E000000 		.4byte	.LFE66
 1587 0063 0100     		.2byte	0x1
 1588 0065 54       		.byte	0x54
ARM GAS  C:\Users\youkan\AppData\Local\Temp\ccodd5Kf.s 			page 32


 1589 0066 00000000 		.4byte	0
 1590 006a 00000000 		.4byte	0
 1591              	.LLST2:
 1592 006e 10000000 		.4byte	.LVL6
 1593 0072 12000000 		.4byte	.LVL7
 1594 0076 0100     		.2byte	0x1
 1595 0078 52       		.byte	0x52
 1596 0079 18000000 		.4byte	.LVL9
 1597 007d 1E000000 		.4byte	.LFE66
 1598 0081 0100     		.2byte	0x1
 1599 0083 52       		.byte	0x52
 1600 0084 00000000 		.4byte	0
 1601 0088 00000000 		.4byte	0
 1602              	.LLST3:
 1603 008c 00000000 		.4byte	.LVL10
 1604 0090 09000000 		.4byte	.LVL11-1
 1605 0094 0100     		.2byte	0x1
 1606 0096 50       		.byte	0x50
 1607 0097 09000000 		.4byte	.LVL11-1
 1608 009b 4C000000 		.4byte	.LVL20
 1609 009f 0100     		.2byte	0x1
 1610 00a1 54       		.byte	0x54
 1611 00a2 4C000000 		.4byte	.LVL20
 1612 00a6 54000000 		.4byte	.LFE65
 1613 00aa 0400     		.2byte	0x4
 1614 00ac F3       		.byte	0xf3
 1615 00ad 01       		.uleb128 0x1
 1616 00ae 50       		.byte	0x50
 1617 00af 9F       		.byte	0x9f
 1618 00b0 00000000 		.4byte	0
 1619 00b4 00000000 		.4byte	0
 1620              	.LLST4:
 1621 00b8 0A000000 		.4byte	.LVL11
 1622 00bc 0E000000 		.4byte	.LVL12
 1623 00c0 0100     		.2byte	0x1
 1624 00c2 50       		.byte	0x50
 1625 00c3 1C000000 		.4byte	.LVL14
 1626 00c7 22000000 		.4byte	.LVL15
 1627 00cb 0100     		.2byte	0x1
 1628 00cd 50       		.byte	0x50
 1629 00ce 2A000000 		.4byte	.LVL16
 1630 00d2 31000000 		.4byte	.LVL17-1
 1631 00d6 0100     		.2byte	0x1
 1632 00d8 50       		.byte	0x50
 1633 00d9 42000000 		.4byte	.LVL19
 1634 00dd 54000000 		.4byte	.LFE65
 1635 00e1 0100     		.2byte	0x1
 1636 00e3 50       		.byte	0x50
 1637 00e4 00000000 		.4byte	0
 1638 00e8 00000000 		.4byte	0
 1639              	.LLST5:
 1640 00ec 00000000 		.4byte	.LVL21
 1641 00f0 05000000 		.4byte	.LVL22-1
 1642 00f4 0100     		.2byte	0x1
 1643 00f6 50       		.byte	0x50
 1644 00f7 05000000 		.4byte	.LVL22-1
 1645 00fb 0C000000 		.4byte	.LFE64
ARM GAS  C:\Users\youkan\AppData\Local\Temp\ccodd5Kf.s 			page 33


 1646 00ff 0400     		.2byte	0x4
 1647 0101 F3       		.byte	0xf3
 1648 0102 01       		.uleb128 0x1
 1649 0103 50       		.byte	0x50
 1650 0104 9F       		.byte	0x9f
 1651 0105 00000000 		.4byte	0
 1652 0109 00000000 		.4byte	0
 1653              	.LLST6:
 1654 010d 00000000 		.4byte	.LVL23
 1655 0111 0C000000 		.4byte	.LVL24
 1656 0115 0100     		.2byte	0x1
 1657 0117 50       		.byte	0x50
 1658 0118 0C000000 		.4byte	.LVL24
 1659 011c 48000000 		.4byte	.LFE67
 1660 0120 0400     		.2byte	0x4
 1661 0122 F3       		.byte	0xf3
 1662 0123 01       		.uleb128 0x1
 1663 0124 50       		.byte	0x50
 1664 0125 9F       		.byte	0x9f
 1665 0126 00000000 		.4byte	0
 1666 012a 00000000 		.4byte	0
 1667              	.LLST7:
 1668 012e 00000000 		.4byte	.LVL23
 1669 0132 0F000000 		.4byte	.LVL25-1
 1670 0136 0100     		.2byte	0x1
 1671 0138 51       		.byte	0x51
 1672 0139 0F000000 		.4byte	.LVL25-1
 1673 013d 3C000000 		.4byte	.LVL30
 1674 0141 0100     		.2byte	0x1
 1675 0143 55       		.byte	0x55
 1676 0144 3C000000 		.4byte	.LVL30
 1677 0148 48000000 		.4byte	.LFE67
 1678 014c 0400     		.2byte	0x4
 1679 014e F3       		.byte	0xf3
 1680 014f 01       		.uleb128 0x1
 1681 0150 51       		.byte	0x51
 1682 0151 9F       		.byte	0x9f
 1683 0152 00000000 		.4byte	0
 1684 0156 00000000 		.4byte	0
 1685              	.LLST8:
 1686 015a 00000000 		.4byte	.LVL23
 1687 015e 0F000000 		.4byte	.LVL25-1
 1688 0162 0100     		.2byte	0x1
 1689 0164 52       		.byte	0x52
 1690 0165 0F000000 		.4byte	.LVL25-1
 1691 0169 48000000 		.4byte	.LFE67
 1692 016d 0400     		.2byte	0x4
 1693 016f F3       		.byte	0xf3
 1694 0170 01       		.uleb128 0x1
 1695 0171 52       		.byte	0x52
 1696 0172 9F       		.byte	0x9f
 1697 0173 00000000 		.4byte	0
 1698 0177 00000000 		.4byte	0
 1699              		.section	.debug_aranges,"",%progbits
 1700 0000 3C000000 		.4byte	0x3c
 1701 0004 0200     		.2byte	0x2
 1702 0006 00000000 		.4byte	.Ldebug_info0
ARM GAS  C:\Users\youkan\AppData\Local\Temp\ccodd5Kf.s 			page 34


 1703 000a 04       		.byte	0x4
 1704 000b 00       		.byte	0
 1705 000c 0000     		.2byte	0
 1706 000e 0000     		.2byte	0
 1707 0010 00000000 		.4byte	.LFB63
 1708 0014 16000000 		.4byte	.LFE63-.LFB63
 1709 0018 00000000 		.4byte	.LFB66
 1710 001c 1E000000 		.4byte	.LFE66-.LFB66
 1711 0020 00000000 		.4byte	.LFB65
 1712 0024 54000000 		.4byte	.LFE65-.LFB65
 1713 0028 00000000 		.4byte	.LFB64
 1714 002c 0C000000 		.4byte	.LFE64-.LFB64
 1715 0030 00000000 		.4byte	.LFB67
 1716 0034 48000000 		.4byte	.LFE67-.LFB67
 1717 0038 00000000 		.4byte	0
 1718 003c 00000000 		.4byte	0
 1719              		.section	.debug_ranges,"",%progbits
 1720              	.Ldebug_ranges0:
 1721 0000 00000000 		.4byte	.LFB63
 1722 0004 16000000 		.4byte	.LFE63
 1723 0008 00000000 		.4byte	.LFB66
 1724 000c 1E000000 		.4byte	.LFE66
 1725 0010 00000000 		.4byte	.LFB65
 1726 0014 54000000 		.4byte	.LFE65
 1727 0018 00000000 		.4byte	.LFB64
 1728 001c 0C000000 		.4byte	.LFE64
 1729 0020 00000000 		.4byte	.LFB67
 1730 0024 48000000 		.4byte	.LFE67
 1731 0028 00000000 		.4byte	0
 1732 002c 00000000 		.4byte	0
 1733              		.section	.debug_line,"",%progbits
 1734              	.Ldebug_line0:
 1735 0000 26020000 		.section	.debug_str,"MS",%progbits,1
 1735      0200AF01 
 1735      00000201 
 1735      FB0E0D00 
 1735      01010101 
 1736              	.LASF68:
 1737 0000 70436861 		.ascii	"pChar\000"
 1737      7200
 1738              	.LASF43:
 1739 0006 5053435F 		.ascii	"PSC_CMD_RCV_STATE\000"
 1739      434D445F 
 1739      5243565F 
 1739      53544154 
 1739      4500
 1740              	.LASF34:
 1741 0018 646F7562 		.ascii	"double\000"
 1741      6C6500
 1742              	.LASF69:
 1743 001f 75635369 		.ascii	"ucSize\000"
 1743      7A6500
 1744              	.LASF73:
 1745 0026 55415254 		.ascii	"UART_TO_CAMERA_Start\000"
 1745      5F544F5F 
 1745      43414D45 
 1745      52415F53 
ARM GAS  C:\Users\youkan\AppData\Local\Temp\ccodd5Kf.s 			page 35


 1745      74617274 
 1746              	.LASF58:
 1747 003b 6465765F 		.ascii	"dev_id\000"
 1747      696400
 1748              	.LASF36:
 1749 0042 5053435F 		.ascii	"PSC_CMD_RCV_STATEtag\000"
 1749      434D445F 
 1749      5243565F 
 1749      53544154 
 1749      45746167 
 1750              	.LASF46:
 1751 0057 45786563 		.ascii	"Executable\000"
 1751      75746162 
 1751      6C6500
 1752              	.LASF2:
 1753 0062 73686F72 		.ascii	"short int\000"
 1753      7420696E 
 1753      7400
 1754              	.LASF76:
 1755 006c 5053435F 		.ascii	"PSC_CMD_RECV_SETUP\000"
 1755      434D445F 
 1755      52454356 
 1755      5F534554 
 1755      555000
 1756              	.LASF22:
 1757 007f 4445565F 		.ascii	"DEV_ID\000"
 1757      494400
 1758              	.LASF72:
 1759 0086 55415254 		.ascii	"UART_TO_CAMERA_Init\000"
 1759      5F544F5F 
 1759      43414D45 
 1759      52415F49 
 1759      6E697400 
 1760              	.LASF26:
 1761 009a 5053435F 		.ascii	"PSC_RET_INVALID_PARAM\000"
 1761      5245545F 
 1761      494E5641 
 1761      4C49445F 
 1761      50415241 
 1762              	.LASF51:
 1763 00b0 5053435F 		.ascii	"PSC_CMD_RCV_DATAtag\000"
 1763      434D445F 
 1763      5243565F 
 1763      44415441 
 1763      74616700 
 1764              	.LASF35:
 1765 00c4 63686172 		.ascii	"char8\000"
 1765      3800
 1766              	.LASF66:
 1767 00ca 5053435F 		.ascii	"PSC_Comm_GetCommand\000"
 1767      436F6D6D 
 1767      5F476574 
 1767      436F6D6D 
 1767      616E6400 
 1768              	.LASF85:
 1769 00de 5053435F 		.ascii	"PSC_Communicate.c\000"
 1769      436F6D6D 
ARM GAS  C:\Users\youkan\AppData\Local\Temp\ccodd5Kf.s 			page 36


 1769      756E6963 
 1769      6174652E 
 1769      6300
 1770              	.LASF54:
 1771 00f0 72656376 		.ascii	"recv_data\000"
 1771      5F646174 
 1771      6100
 1772              	.LASF23:
 1773 00fa 5053435F 		.ascii	"PSC_RETtag\000"
 1773      52455474 
 1773      616700
 1774              	.LASF25:
 1775 0105 5053435F 		.ascii	"PSC_RET_INTERNAL_ERROR\000"
 1775      5245545F 
 1775      494E5445 
 1775      524E414C 
 1775      5F455252 
 1776              	.LASF28:
 1777 011c 5053435F 		.ascii	"PSC_RET_PARTY_ERROR\000"
 1777      5245545F 
 1777      50415254 
 1777      595F4552 
 1777      524F5200 
 1778              	.LASF65:
 1779 0130 746D7044 		.ascii	"tmpData\000"
 1779      61746100 
 1780              	.LASF30:
 1781 0138 5053435F 		.ascii	"PSC_RET\000"
 1781      52455400 
 1782              	.LASF44:
 1783 0140 52657375 		.ascii	"Result\000"
 1783      6C7400
 1784              	.LASF48:
 1785 0147 50726F70 		.ascii	"PropertyCorruption\000"
 1785      65727479 
 1785      436F7272 
 1785      75707469 
 1785      6F6E00
 1786              	.LASF32:
 1787 015a 75696E74 		.ascii	"uint8\000"
 1787      3800
 1788              	.LASF83:
 1789 0160 55415254 		.ascii	"UART_TO_COMM_PutString\000"
 1789      5F544F5F 
 1789      434F4D4D 
 1789      5F507574 
 1789      53747269 
 1790              	.LASF67:
 1791 0177 5053435F 		.ascii	"PSC_Comm_SndCommand\000"
 1791      436F6D6D 
 1791      5F536E64 
 1791      436F6D6D 
 1791      616E6400 
 1792              	.LASF33:
 1793 018b 666C6F61 		.ascii	"float\000"
 1793      7400
 1794              	.LASF6:
ARM GAS  C:\Users\youkan\AppData\Local\Temp\ccodd5Kf.s 			page 37


 1795 0191 6C6F6E67 		.ascii	"long long int\000"
 1795      206C6F6E 
 1795      6720696E 
 1795      7400
 1796              	.LASF14:
 1797 019f 5053435F 		.ascii	"PSC_BOOL_FALSE\000"
 1797      424F4F4C 
 1797      5F46414C 
 1797      534500
 1798              	.LASF38:
 1799 01ae 5053435F 		.ascii	"PSC_CMD_RCV_ST_HEADER\000"
 1799      434D445F 
 1799      5243565F 
 1799      53545F48 
 1799      45414445 
 1800              	.LASF4:
 1801 01c4 6C6F6E67 		.ascii	"long int\000"
 1801      20696E74 
 1801      00
 1802              	.LASF80:
 1803 01cd 5053435F 		.ascii	"PSC_CMD_PARSE_COMMAND\000"
 1803      434D445F 
 1803      50415253 
 1803      455F434F 
 1803      4D4D414E 
 1804              	.LASF21:
 1805 01e3 4445565F 		.ascii	"DEV_ID_MAX\000"
 1805      49445F4D 
 1805      415800
 1806              	.LASF42:
 1807 01ee 5053435F 		.ascii	"PSC_CMD_RCV_ST_MAX\000"
 1807      434D445F 
 1807      5243565F 
 1807      53545F4D 
 1807      415800
 1808              	.LASF79:
 1809 0201 5053435F 		.ascii	"PSC_CMD_GET_RCV_STATE\000"
 1809      434D445F 
 1809      4745545F 
 1809      5243565F 
 1809      53544154 
 1810              	.LASF16:
 1811 0217 5053435F 		.ascii	"PSC_BOOL\000"
 1811      424F4F4C 
 1811      00
 1812              	.LASF64:
 1813 0220 70737444 		.ascii	"pstData\000"
 1813      61746100 
 1814              	.LASF78:
 1815 0228 4442475F 		.ascii	"DBG_printf\000"
 1815      7072696E 
 1815      746600
 1816              	.LASF82:
 1817 0233 73707269 		.ascii	"sprintf\000"
 1817      6E746600 
 1818              	.LASF63:
 1819 023b 7073635F 		.ascii	"psc_Comm_GetRecvLine\000"
ARM GAS  C:\Users\youkan\AppData\Local\Temp\ccodd5Kf.s 			page 38


 1819      436F6D6D 
 1819      5F476574 
 1819      52656376 
 1819      4C696E65 
 1820              	.LASF1:
 1821 0250 756E7369 		.ascii	"unsigned char\000"
 1821      676E6564 
 1821      20636861 
 1821      7200
 1822              	.LASF71:
 1823 025e 55415254 		.ascii	"UART_TO_COMM_Start\000"
 1823      5F544F5F 
 1823      434F4D4D 
 1823      5F537461 
 1823      727400
 1824              	.LASF49:
 1825 0271 5053435F 		.ascii	"PSC_CMD_INTEGRITY\000"
 1825      434D445F 
 1825      494E5445 
 1825      47524954 
 1825      5900
 1826              	.LASF24:
 1827 0283 5053435F 		.ascii	"PSC_RET_SUCCESS\000"
 1827      5245545F 
 1827      53554343 
 1827      45535300 
 1828              	.LASF0:
 1829 0293 7369676E 		.ascii	"signed char\000"
 1829      65642063 
 1829      68617200 
 1830              	.LASF31:
 1831 029f 696E7433 		.ascii	"int32_t\000"
 1831      325F7400 
 1832              	.LASF7:
 1833 02a7 6C6F6E67 		.ascii	"long long unsigned int\000"
 1833      206C6F6E 
 1833      6720756E 
 1833      7369676E 
 1833      65642069 
 1834              	.LASF29:
 1835 02be 5053435F 		.ascii	"PSC_RET_TIMEOUT\000"
 1835      5245545F 
 1835      54494D45 
 1835      4F555400 
 1836              	.LASF8:
 1837 02ce 756E7369 		.ascii	"unsigned int\000"
 1837      676E6564 
 1837      20696E74 
 1837      00
 1838              	.LASF19:
 1839 02db 4445565F 		.ascii	"DEV_ID_COMM\000"
 1839      49445F43 
 1839      4F4D4D00 
 1840              	.LASF77:
 1841 02e7 5053435F 		.ascii	"PSC_CMD_SET_RECV_DATA\000"
 1841      434D445F 
 1841      5345545F 
ARM GAS  C:\Users\youkan\AppData\Local\Temp\ccodd5Kf.s 			page 39


 1841      52454356 
 1841      5F444154 
 1842              	.LASF59:
 1843 02fd 44617461 		.ascii	"Data\000"
 1843      00
 1844              	.LASF3:
 1845 0302 73686F72 		.ascii	"short unsigned int\000"
 1845      7420756E 
 1845      7369676E 
 1845      65642069 
 1845      6E7400
 1846              	.LASF45:
 1847 0315 50617269 		.ascii	"Parity\000"
 1847      747900
 1848              	.LASF10:
 1849 031c 63686172 		.ascii	"char\000"
 1849      00
 1850              	.LASF84:
 1851 0321 474E5520 		.ascii	"GNU C 4.9.3 20150303 (release) [ARM/embedded-4_9-br"
 1851      4320342E 
 1851      392E3320 
 1851      32303135 
 1851      30333033 
 1852 0354 616E6368 		.ascii	"anch revision 221220] -mcpu=cortex-m3 -mthumb -g -O"
 1852      20726576 
 1852      6973696F 
 1852      6E203232 
 1852      31323230 
 1853 0387 67202D66 		.ascii	"g -ffunction-sections -ffat-lto-objects\000"
 1853      66756E63 
 1853      74696F6E 
 1853      2D736563 
 1853      74696F6E 
 1854              	.LASF12:
 1855 03af 5053435F 		.ascii	"PSC_COMMAND\000"
 1855      434F4D4D 
 1855      414E4400 
 1856              	.LASF61:
 1857 03bb 70764461 		.ascii	"pvData\000"
 1857      746100
 1858              	.LASF56:
 1859 03c2 5053435F 		.ascii	"PSC_CMD_RCV_DATA\000"
 1859      434D445F 
 1859      5243565F 
 1859      44415441 
 1859      00
 1860              	.LASF40:
 1861 03d3 5053435F 		.ascii	"PSC_CMD_RCV_ST_END\000"
 1861      434D445F 
 1861      5243565F 
 1861      53545F45 
 1861      4E4400
 1862              	.LASF75:
 1863 03e6 55415254 		.ascii	"UART_TO_COMM_GetChar\000"
 1863      5F544F5F 
 1863      434F4D4D 
 1863      5F476574 
ARM GAS  C:\Users\youkan\AppData\Local\Temp\ccodd5Kf.s 			page 40


 1863      43686172 
 1864              	.LASF86:
 1865 03fb 433A5C55 		.ascii	"C:\\Users\\youkan\\Desktop\\came\\Workspace06\\Desi"
 1865      73657273 
 1865      5C796F75 
 1865      6B616E5C 
 1865      4465736B 
 1866 0428 676E3031 		.ascii	"gn01.cydsn\000"
 1866      2E637964 
 1866      736E00
 1867              	.LASF39:
 1868 0433 5053435F 		.ascii	"PSC_CMD_RCV_ST_BODY\000"
 1868      434D445F 
 1868      5243565F 
 1868      53545F42 
 1868      4F445900 
 1869              	.LASF5:
 1870 0447 6C6F6E67 		.ascii	"long unsigned int\000"
 1870      20756E73 
 1870      69676E65 
 1870      6420696E 
 1870      7400
 1871              	.LASF13:
 1872 0459 5053435F 		.ascii	"PSC_CHAR\000"
 1872      43484152 
 1872      00
 1873              	.LASF41:
 1874 0462 5053435F 		.ascii	"PSC_CMD_RCV_ST_COMPLETE\000"
 1874      434D445F 
 1874      5243565F 
 1874      53545F43 
 1874      4F4D504C 
 1875              	.LASF11:
 1876 047a 5F5F696E 		.ascii	"__int32_t\000"
 1876      7433325F 
 1876      7400
 1877              	.LASF27:
 1878 0484 5053435F 		.ascii	"PSC_RET_RECV_FAILD\000"
 1878      5245545F 
 1878      52454356 
 1878      5F464149 
 1878      4C4400
 1879              	.LASF20:
 1880 0497 4445565F 		.ascii	"DEV_ID_CAM\000"
 1880      49445F43 
 1880      414D00
 1881              	.LASF9:
 1882 04a2 73697A65 		.ascii	"sizetype\000"
 1882      74797065 
 1882      00
 1883              	.LASF17:
 1884 04ab 5053435F 		.ascii	"PSC_BOOLtag\000"
 1884      424F4F4C 
 1884      74616700 
 1885              	.LASF50:
 1886 04b7 5053435F 		.ascii	"PSC_CMD_INTEGRITYtag\000"
 1886      434D445F 
ARM GAS  C:\Users\youkan\AppData\Local\Temp\ccodd5Kf.s 			page 41


 1886      494E5445 
 1886      47524954 
 1886      59746167 
 1887              	.LASF81:
 1888 04cc 55415254 		.ascii	"UART_TO_CAMERA_PutArray\000"
 1888      5F544F5F 
 1888      43414D45 
 1888      52415F50 
 1888      75744172 
 1889              	.LASF52:
 1890 04e4 52656376 		.ascii	"RecvDataSize\000"
 1890      44617461 
 1890      53697A65 
 1890      00
 1891              	.LASF18:
 1892 04f1 4445565F 		.ascii	"DEV_IDtag\000"
 1892      49447461 
 1892      6700
 1893              	.LASF47:
 1894 04fb 4572726F 		.ascii	"ErrorCorrection\000"
 1894      72436F72 
 1894      72656374 
 1894      696F6E00 
 1895              	.LASF62:
 1896 050b 7073635F 		.ascii	"psc_Comm_GetRecvChar\000"
 1896      436F6D6D 
 1896      5F476574 
 1896      52656376 
 1896      43686172 
 1897              	.LASF88:
 1898 0520 49544D5F 		.ascii	"ITM_RxBuffer\000"
 1898      52784275 
 1898      66666572 
 1898      00
 1899              	.LASF87:
 1900 052d 5053435F 		.ascii	"PSC_Comm_Initialize\000"
 1900      436F6D6D 
 1900      5F496E69 
 1900      7469616C 
 1900      697A6500 
 1901              	.LASF15:
 1902 0541 5053435F 		.ascii	"PSC_BOOL_TRUE\000"
 1902      424F4F4C 
 1902      5F545255 
 1902      4500
 1903              	.LASF70:
 1904 054f 55415254 		.ascii	"UART_TO_COMM_Init\000"
 1904      5F544F5F 
 1904      434F4D4D 
 1904      5F496E69 
 1904      7400
 1905              	.LASF57:
 1906 0561 5053435F 		.ascii	"PSC_CMDtag\000"
 1906      434D4474 
 1906      616700
 1907              	.LASF53:
 1908 056c 636F6D6D 		.ascii	"command\000"
ARM GAS  C:\Users\youkan\AppData\Local\Temp\ccodd5Kf.s 			page 42


 1908      616E6400 
 1909              	.LASF74:
 1910 0574 55415254 		.ascii	"UART_TO_CAMERA_GetChar\000"
 1910      5F544F5F 
 1910      43414D45 
 1910      52415F47 
 1910      65744368 
 1911              	.LASF37:
 1912 058b 5053435F 		.ascii	"PSC_CMD_RCV_ST_INIT\000"
 1912      434D445F 
 1912      5243565F 
 1912      53545F49 
 1912      4E495400 
 1913              	.LASF60:
 1914 059f 5053435F 		.ascii	"PSC_ST_CMD\000"
 1914      53545F43 
 1914      4D4400
 1915              	.LASF55:
 1916 05aa 496E7465 		.ascii	"Integrity\000"
 1916      67726974 
 1916      7900
 1917              		.ident	"GCC: (GNU Tools for ARM Embedded Processors) 4.9.3 20150303 (release) [ARM/embedded-4_9-br
