ARM GAS  C:\Users\youkan\AppData\Local\Temp\ccDQABZg.s 			page 1


   1              		.syntax unified
   2              		.cpu cortex-m3
   3              		.fpu softvfp
   4              		.eabi_attribute 20, 1
   5              		.eabi_attribute 21, 1
   6              		.eabi_attribute 23, 3
   7              		.eabi_attribute 24, 1
   8              		.eabi_attribute 25, 1
   9              		.eabi_attribute 26, 1
  10              		.eabi_attribute 30, 1
  11              		.eabi_attribute 34, 1
  12              		.eabi_attribute 18, 4
  13              		.thumb
  14              		.file	"PSC_CMD_API.c"
  15              		.text
  16              	.Ltext0:
  17              		.cfi_sections	.debug_frame
  18              		.section	.text.PSC_CMD_CREATE_CONTEXT,"ax",%progbits
  19              		.align	2
  20              		.global	PSC_CMD_CREATE_CONTEXT
  21              		.thumb
  22              		.thumb_func
  23              		.type	PSC_CMD_CREATE_CONTEXT, %function
  24              	PSC_CMD_CREATE_CONTEXT:
  25              	.LFB0:
  26              		.file 1 "PSC_CMD_API.c"
   1:PSC_CMD_API.c **** /* ========================================
   2:PSC_CMD_API.c ****  *
   3:PSC_CMD_API.c ****  * Copyright YOUR COMPANY, THE YEAR
   4:PSC_CMD_API.c ****  * All Rights Reserved
   5:PSC_CMD_API.c ****  * UNPUBLISHED, LICENSED SOFTWARE.
   6:PSC_CMD_API.c ****  *
   7:PSC_CMD_API.c ****  * CONFIDENTIAL AND PROPRIETARY INFORMATION
   8:PSC_CMD_API.c ****  * WHICH IS THE PROPERTY OF your company.
   9:PSC_CMD_API.c ****  *
  10:PSC_CMD_API.c ****  * ========================================
  11:PSC_CMD_API.c **** */
  12:PSC_CMD_API.c **** 
  13:PSC_CMD_API.c **** /* [] END OF FILE */
  14:PSC_CMD_API.c **** 
  15:PSC_CMD_API.c **** #include "PSC_CMD_API.h"
  16:PSC_CMD_API.c **** #include "PSC_Types.h"
  17:PSC_CMD_API.c **** 
  18:PSC_CMD_API.c **** typedef struct PSC_CMD_RCV_PROCtag
  19:PSC_CMD_API.c **** {
  20:PSC_CMD_API.c ****     unsigned    char    StartIndex;       //WriteIndex
  21:PSC_CMD_API.c ****     unsigned    char    EndIndex;
  22:PSC_CMD_API.c ****     PSC_RET            (*pfProc)(PSC_ST_CMD*,PSC_CHAR*);
  23:PSC_CMD_API.c **** }PSC_CMD_RCV_PROC;
  24:PSC_CMD_API.c **** 
  25:PSC_CMD_API.c **** PSC_RET PSC_CMD_CREATE_CONTEXT(PSC_ST_CMD*);
  26:PSC_CMD_API.c **** PSC_RET PSC_CMD_SET_UPDATE_FLG(PSC_ST_CMD*,PSC_BOOL);
  27:PSC_CMD_API.c **** PSC_RET PSC_CMD_SET_DEVICE_ID(PSC_ST_CMD*,DEV_ID);
  28:PSC_CMD_API.c **** PSC_RET PSC_CMD_SET_COMMAND(PSC_ST_CMD*,PSC_COMMAND*);
  29:PSC_CMD_API.c **** PSC_RET PSC_CMD_GET_DEVICE_ID(PSC_ST_CMD*,DEV_ID*);
  30:PSC_CMD_API.c **** PSC_RET PSC_CMD_GET_COMMAND(PSC_ST_CMD*,PSC_COMMAND*);
  31:PSC_CMD_API.c **** PSC_RET PSC_CMD_GET_UPDATE_FLG(PSC_ST_CMD*,PSC_BOOL*);
ARM GAS  C:\Users\youkan\AppData\Local\Temp\ccDQABZg.s 			page 2


  32:PSC_CMD_API.c **** PSC_RET PSC_CMD_RECV_SETUP(PSC_ST_CMD*);
  33:PSC_CMD_API.c **** PSC_RET PSC_CMD_SET_RECV_DATA(PSC_ST_CMD*,PSC_CHAR*);
  34:PSC_CMD_API.c **** 
  35:PSC_CMD_API.c **** PSC_RET psc_cmd_StateUpdate(PSC_ST_CMD*,PSC_CHAR*);
  36:PSC_CMD_API.c **** 
  37:PSC_CMD_API.c **** PSC_RET psc_cmd_Set_Recv_Header(PSC_ST_CMD*,PSC_CHAR*);
  38:PSC_CMD_API.c **** PSC_RET psc_cmd_Set_Recv_Body(PSC_ST_CMD*,PSC_CHAR*);
  39:PSC_CMD_API.c **** PSC_RET psc_cmd_Set_Recv_End(PSC_ST_CMD*,PSC_CHAR*);
  40:PSC_CMD_API.c **** 
  41:PSC_CMD_API.c **** PSC_RET psc_cmd_Set_Recv_Data(PSC_ST_CMD*,PSC_CHAR*);
  42:PSC_CMD_API.c **** 
  43:PSC_CMD_API.c **** PSC_CMD_RCV_STATE svPSC_CMD_RCV_STATE;
  44:PSC_CMD_API.c **** 
  45:PSC_CMD_API.c **** static PSC_CMD_RCV_PROC ssaPSC_CMD_RCV_PROC[PSC_CMD_RCV_ST_MAX] = 
  46:PSC_CMD_API.c **** {
  47:PSC_CMD_API.c ****     {   0                                                           ,
  48:PSC_CMD_API.c ****         0                                                           ,
  49:PSC_CMD_API.c ****         0                                                       }   ,
  50:PSC_CMD_API.c ****     {   0                                                           ,
  51:PSC_CMD_API.c ****         SZ_COMMAND_HEADER                                           ,
  52:PSC_CMD_API.c ****         &psc_cmd_Set_Recv_Header                                }   ,
  53:PSC_CMD_API.c ****     {   SZ_COMMAND_HEADER                                           ,
  54:PSC_CMD_API.c ****         SZ_COMMAND_HEADER  +   SZ_COMMAND_BODY                      ,
  55:PSC_CMD_API.c ****         &psc_cmd_Set_Recv_Body                                  }   ,
  56:PSC_CMD_API.c ****     {   SZ_COMMAND_HEADER  +   SZ_COMMAND_BODY                      ,
  57:PSC_CMD_API.c ****         SZ_COMMAND_HEADER  +   SZ_COMMAND_BODY +   SZ_COMMAND_END   ,
  58:PSC_CMD_API.c ****         &psc_cmd_Set_Recv_End                                   }   ,
  59:PSC_CMD_API.c ****     {   SZ_COMMAND_FULL                                             ,
  60:PSC_CMD_API.c ****         SZ_COMMAND_FULL                                             ,
  61:PSC_CMD_API.c ****         0                                                       }
  62:PSC_CMD_API.c **** };
  63:PSC_CMD_API.c **** 
  64:PSC_CMD_API.c **** 
  65:PSC_CMD_API.c **** 
  66:PSC_CMD_API.c **** PSC_RET PSC_CMD_CREATE_CONTEXT(PSC_ST_CMD* pstData)
  67:PSC_CMD_API.c **** {
  27              		.loc 1 67 0
  28              		.cfi_startproc
  29              		@ args = 0, pretend = 0, frame = 0
  30              		@ frame_needed = 0, uses_anonymous_args = 0
  31              	.LVL0:
  32 0000 08B5     		push	{r3, lr}
  33              		.cfi_def_cfa_offset 8
  34              		.cfi_offset 3, -8
  35              		.cfi_offset 14, -4
  68:PSC_CMD_API.c ****     memset(pstData,0x00,sizeof(PSC_ST_CMD));
  36              		.loc 1 68 0
  37 0002 0021     		movs	r1, #0
  38 0004 3822     		movs	r2, #56
  39 0006 FFF7FEFF 		bl	memset
  40              	.LVL1:
  69:PSC_CMD_API.c ****     return PSC_RET_SUCCESS;
  70:PSC_CMD_API.c **** }
  41              		.loc 1 70 0
  42 000a 0020     		movs	r0, #0
  43 000c 08BD     		pop	{r3, pc}
  44              		.cfi_endproc
ARM GAS  C:\Users\youkan\AppData\Local\Temp\ccDQABZg.s 			page 3


  45              	.LFE0:
  46              		.size	PSC_CMD_CREATE_CONTEXT, .-PSC_CMD_CREATE_CONTEXT
  47 000e 00BF     		.section	.text.PSC_CMD_RECV_SETUP,"ax",%progbits
  48              		.align	2
  49              		.global	PSC_CMD_RECV_SETUP
  50              		.thumb
  51              		.thumb_func
  52              		.type	PSC_CMD_RECV_SETUP, %function
  53              	PSC_CMD_RECV_SETUP:
  54              	.LFB1:
  71:PSC_CMD_API.c **** PSC_RET PSC_CMD_RECV_SETUP(PSC_ST_CMD* pstData)
  72:PSC_CMD_API.c **** {
  55              		.loc 1 72 0
  56              		.cfi_startproc
  57              		@ args = 0, pretend = 0, frame = 0
  58              		@ frame_needed = 0, uses_anonymous_args = 0
  59              	.LVL2:
  60 0000 10B5     		push	{r4, lr}
  61              		.cfi_def_cfa_offset 8
  62              		.cfi_offset 4, -8
  63              		.cfi_offset 14, -4
  73:PSC_CMD_API.c ****     pstData->Data.RecvDataSize = 0;
  64              		.loc 1 73 0
  65 0002 0024     		movs	r4, #0
  66 0004 0471     		strb	r4, [r0, #4]
  74:PSC_CMD_API.c ****     svPSC_CMD_RCV_STATE = PSC_CMD_RCV_ST_INIT;
  67              		.loc 1 74 0
  68 0006 044B     		ldr	r3, .L5
  69 0008 1C70     		strb	r4, [r3]
  75:PSC_CMD_API.c ****     memset(pstData->Data.recv_data,0x00,sizeof(pstData->Data.recv_data));
  70              		.loc 1 75 0
  71 000a 0C30     		adds	r0, r0, #12
  72              	.LVL3:
  73 000c 2146     		mov	r1, r4
  74 000e 2422     		movs	r2, #36
  75 0010 FFF7FEFF 		bl	memset
  76              	.LVL4:
  76:PSC_CMD_API.c ****     return PSC_RET_SUCCESS;
  77:PSC_CMD_API.c **** }
  77              		.loc 1 77 0
  78 0014 2046     		mov	r0, r4
  79 0016 10BD     		pop	{r4, pc}
  80              	.L6:
  81              		.align	2
  82              	.L5:
  83 0018 00000000 		.word	svPSC_CMD_RCV_STATE
  84              		.cfi_endproc
  85              	.LFE1:
  86              		.size	PSC_CMD_RECV_SETUP, .-PSC_CMD_RECV_SETUP
  87              		.section	.text.PSC_CMD_GET_RCV_STATE,"ax",%progbits
  88              		.align	2
  89              		.global	PSC_CMD_GET_RCV_STATE
  90              		.thumb
  91              		.thumb_func
  92              		.type	PSC_CMD_GET_RCV_STATE, %function
  93              	PSC_CMD_GET_RCV_STATE:
  94              	.LFB2:
ARM GAS  C:\Users\youkan\AppData\Local\Temp\ccDQABZg.s 			page 4


  78:PSC_CMD_API.c **** 
  79:PSC_CMD_API.c **** PSC_CMD_RCV_STATE PSC_CMD_GET_RCV_STATE()
  80:PSC_CMD_API.c **** {
  95              		.loc 1 80 0
  96              		.cfi_startproc
  97              		@ args = 0, pretend = 0, frame = 0
  98              		@ frame_needed = 0, uses_anonymous_args = 0
  99              		@ link register save eliminated.
  81:PSC_CMD_API.c ****     return svPSC_CMD_RCV_STATE;
  82:PSC_CMD_API.c **** }
 100              		.loc 1 82 0
 101 0000 014B     		ldr	r3, .L8
 102 0002 1878     		ldrb	r0, [r3]	@ zero_extendqisi2
 103 0004 7047     		bx	lr
 104              	.L9:
 105 0006 00BF     		.align	2
 106              	.L8:
 107 0008 00000000 		.word	svPSC_CMD_RCV_STATE
 108              		.cfi_endproc
 109              	.LFE2:
 110              		.size	PSC_CMD_GET_RCV_STATE, .-PSC_CMD_GET_RCV_STATE
 111              		.section	.text.PSC_CMD_PARSE_COMMAND,"ax",%progbits
 112              		.align	2
 113              		.global	PSC_CMD_PARSE_COMMAND
 114              		.thumb
 115              		.thumb_func
 116              		.type	PSC_CMD_PARSE_COMMAND, %function
 117              	PSC_CMD_PARSE_COMMAND:
 118              	.LFB3:
  83:PSC_CMD_API.c **** 
  84:PSC_CMD_API.c **** PSC_RET PSC_CMD_PARSE_COMMAND(PSC_ST_CMD* pstData)
  85:PSC_CMD_API.c **** {
 119              		.loc 1 85 0
 120              		.cfi_startproc
 121              		@ args = 0, pretend = 0, frame = 0
 122              		@ frame_needed = 0, uses_anonymous_args = 0
 123              		@ link register save eliminated.
 124              	.LVL5:
  86:PSC_CMD_API.c ****     pstData->Data.command = COMM_REQ_CAMERASHOT;
 125              		.loc 1 86 0
 126 0000 0123     		movs	r3, #1
 127 0002 8360     		str	r3, [r0, #8]
  87:PSC_CMD_API.c ****     return PSC_RET_SUCCESS;
  88:PSC_CMD_API.c **** }
 128              		.loc 1 88 0
 129 0004 0020     		movs	r0, #0
 130              	.LVL6:
 131 0006 7047     		bx	lr
 132              		.cfi_endproc
 133              	.LFE3:
 134              		.size	PSC_CMD_PARSE_COMMAND, .-PSC_CMD_PARSE_COMMAND
 135              		.section	.text.PSC_CMD_GET_COMMAND,"ax",%progbits
 136              		.align	2
 137              		.global	PSC_CMD_GET_COMMAND
 138              		.thumb
 139              		.thumb_func
 140              		.type	PSC_CMD_GET_COMMAND, %function
ARM GAS  C:\Users\youkan\AppData\Local\Temp\ccDQABZg.s 			page 5


 141              	PSC_CMD_GET_COMMAND:
 142              	.LFB4:
  89:PSC_CMD_API.c **** PSC_RET PSC_CMD_GET_COMMAND(PSC_ST_CMD* pstData,PSC_COMMAND* pStr)
  90:PSC_CMD_API.c **** {
 143              		.loc 1 90 0
 144              		.cfi_startproc
 145              		@ args = 0, pretend = 0, frame = 0
 146              		@ frame_needed = 0, uses_anonymous_args = 0
 147              		@ link register save eliminated.
 148              	.LVL7:
  91:PSC_CMD_API.c ****     memcpy(pStr,&pstData->Data.command,sizeof(PSC_COMMAND));
 149              		.loc 1 91 0
 150 0000 8368     		ldr	r3, [r0, #8]	@ unaligned
 151 0002 0B60     		str	r3, [r1]	@ unaligned
  92:PSC_CMD_API.c ****     return PSC_RET_SUCCESS;
  93:PSC_CMD_API.c **** }
 152              		.loc 1 93 0
 153 0004 0020     		movs	r0, #0
 154              	.LVL8:
 155 0006 7047     		bx	lr
 156              		.cfi_endproc
 157              	.LFE4:
 158              		.size	PSC_CMD_GET_COMMAND, .-PSC_CMD_GET_COMMAND
 159              		.section	.text.PSC_CMD_GET_DEVICE_ID,"ax",%progbits
 160              		.align	2
 161              		.global	PSC_CMD_GET_DEVICE_ID
 162              		.thumb
 163              		.thumb_func
 164              		.type	PSC_CMD_GET_DEVICE_ID, %function
 165              	PSC_CMD_GET_DEVICE_ID:
 166              	.LFB5:
  94:PSC_CMD_API.c **** 
  95:PSC_CMD_API.c **** PSC_RET PSC_CMD_GET_DEVICE_ID(PSC_ST_CMD* pstData,DEV_ID* pID)
  96:PSC_CMD_API.c **** {
 167              		.loc 1 96 0
 168              		.cfi_startproc
 169              		@ args = 0, pretend = 0, frame = 0
 170              		@ frame_needed = 0, uses_anonymous_args = 0
 171              		@ link register save eliminated.
 172              	.LVL9:
  97:PSC_CMD_API.c ****     *pID = pstData->dev_id;
 173              		.loc 1 97 0
 174 0000 0378     		ldrb	r3, [r0]	@ zero_extendqisi2
 175 0002 0B70     		strb	r3, [r1]
  98:PSC_CMD_API.c ****     return PSC_RET_SUCCESS;
  99:PSC_CMD_API.c **** }
 176              		.loc 1 99 0
 177 0004 0020     		movs	r0, #0
 178              	.LVL10:
 179 0006 7047     		bx	lr
 180              		.cfi_endproc
 181              	.LFE5:
 182              		.size	PSC_CMD_GET_DEVICE_ID, .-PSC_CMD_GET_DEVICE_ID
 183              		.section	.text.PSC_CMD_SET_DEVICE_ID,"ax",%progbits
 184              		.align	2
 185              		.global	PSC_CMD_SET_DEVICE_ID
 186              		.thumb
ARM GAS  C:\Users\youkan\AppData\Local\Temp\ccDQABZg.s 			page 6


 187              		.thumb_func
 188              		.type	PSC_CMD_SET_DEVICE_ID, %function
 189              	PSC_CMD_SET_DEVICE_ID:
 190              	.LFB6:
 100:PSC_CMD_API.c **** 
 101:PSC_CMD_API.c **** PSC_RET PSC_CMD_SET_DEVICE_ID(PSC_ST_CMD* pstData,DEV_ID ID)
 102:PSC_CMD_API.c **** {
 191              		.loc 1 102 0
 192              		.cfi_startproc
 193              		@ args = 0, pretend = 0, frame = 0
 194              		@ frame_needed = 0, uses_anonymous_args = 0
 195              		@ link register save eliminated.
 196              	.LVL11:
 103:PSC_CMD_API.c ****     pstData->dev_id = ID;
 197              		.loc 1 103 0
 198 0000 0170     		strb	r1, [r0]
 104:PSC_CMD_API.c ****     return PSC_RET_SUCCESS;
 105:PSC_CMD_API.c **** }
 199              		.loc 1 105 0
 200 0002 0020     		movs	r0, #0
 201              	.LVL12:
 202 0004 7047     		bx	lr
 203              		.cfi_endproc
 204              	.LFE6:
 205              		.size	PSC_CMD_SET_DEVICE_ID, .-PSC_CMD_SET_DEVICE_ID
 206 0006 00BF     		.section	.text.PSC_CMD_SET_COMMAND,"ax",%progbits
 207              		.align	2
 208              		.global	PSC_CMD_SET_COMMAND
 209              		.thumb
 210              		.thumb_func
 211              		.type	PSC_CMD_SET_COMMAND, %function
 212              	PSC_CMD_SET_COMMAND:
 213              	.LFB7:
 106:PSC_CMD_API.c **** 
 107:PSC_CMD_API.c **** PSC_RET PSC_CMD_SET_COMMAND(PSC_ST_CMD* pstData,PSC_COMMAND* pStr)
 108:PSC_CMD_API.c **** {
 214              		.loc 1 108 0
 215              		.cfi_startproc
 216              		@ args = 0, pretend = 0, frame = 8
 217              		@ frame_needed = 0, uses_anonymous_args = 0
 218              		@ link register save eliminated.
 219              	.LVL13:
 220 0000 82B0     		sub	sp, sp, #8
 221              		.cfi_def_cfa_offset 8
 222 0002 0246     		mov	r2, r0
 223 0004 02AB     		add	r3, sp, #8
 224 0006 43F8041D 		str	r1, [r3, #-4]!
 109:PSC_CMD_API.c ****     memcpy(&pstData->Data.command,&pStr,sizeof(PSC_COMMAND));
 225              		.loc 1 109 0
 226 000a 1868     		ldr	r0, [r3]	@ unaligned
 227              	.LVL14:
 228 000c 9060     		str	r0, [r2, #8]	@ unaligned
 110:PSC_CMD_API.c ****     return PSC_RET_SUCCESS;
 111:PSC_CMD_API.c **** }
 229              		.loc 1 111 0
 230 000e 0020     		movs	r0, #0
 231 0010 02B0     		add	sp, sp, #8
ARM GAS  C:\Users\youkan\AppData\Local\Temp\ccDQABZg.s 			page 7


 232              		.cfi_def_cfa_offset 0
 233              		@ sp needed
 234 0012 7047     		bx	lr
 235              		.cfi_endproc
 236              	.LFE7:
 237              		.size	PSC_CMD_SET_COMMAND, .-PSC_CMD_SET_COMMAND
 238              		.section	.text.PSC_CMD_SET_RECV_DATA,"ax",%progbits
 239              		.align	2
 240              		.global	PSC_CMD_SET_RECV_DATA
 241              		.thumb
 242              		.thumb_func
 243              		.type	PSC_CMD_SET_RECV_DATA, %function
 244              	PSC_CMD_SET_RECV_DATA:
 245              	.LFB8:
 112:PSC_CMD_API.c **** 
 113:PSC_CMD_API.c **** PSC_RET PSC_CMD_SET_RECV_DATA(PSC_ST_CMD* pstData, PSC_CHAR* pChar)
 114:PSC_CMD_API.c **** {
 246              		.loc 1 114 0
 247              		.cfi_startproc
 248              		@ args = 0, pretend = 0, frame = 0
 249              		@ frame_needed = 0, uses_anonymous_args = 0
 250              	.LVL15:
 251 0000 10B5     		push	{r4, lr}
 252              		.cfi_def_cfa_offset 8
 253              		.cfi_offset 4, -8
 254              		.cfi_offset 14, -4
 115:PSC_CMD_API.c ****     PSC_RET ret;
 116:PSC_CMD_API.c ****     
 117:PSC_CMD_API.c ****     switch(svPSC_CMD_RCV_STATE)
 255              		.loc 1 117 0
 256 0002 144B     		ldr	r3, .L26
 257 0004 1B78     		ldrb	r3, [r3]	@ zero_extendqisi2
 258 0006 042B     		cmp	r3, #4
 259 0008 1ED8     		bhi	.L22
 260 000a DFE803F0 		tbb	[pc, r3]
 261              	.L19:
 262 000e 03       		.byte	(.L18-.L19)/2
 263 000f 09       		.byte	(.L20-.L19)/2
 264 0010 09       		.byte	(.L20-.L19)/2
 265 0011 09       		.byte	(.L20-.L19)/2
 266 0012 13       		.byte	(.L21-.L19)/2
 267 0013 00       		.p2align 1
 268              	.L18:
 118:PSC_CMD_API.c ****     {
 119:PSC_CMD_API.c ****         case PSC_CMD_RCV_ST_INIT:
 120:PSC_CMD_API.c ****             if( *pChar != TX_COMMAND_NONE )
 269              		.loc 1 120 0
 270 0014 0A78     		ldrb	r2, [r1]	@ zero_extendqisi2
 271 0016 6AB1     		cbz	r2, .L21
 121:PSC_CMD_API.c ****             {
 122:PSC_CMD_API.c ****                 svPSC_CMD_RCV_STATE++;
 272              		.loc 1 122 0
 273 0018 0133     		adds	r3, r3, #1
 274 001a 0E4A     		ldr	r2, .L26
 275 001c 1370     		strb	r3, [r2]
 276 001e 09E0     		b	.L21
 277              	.L20:
ARM GAS  C:\Users\youkan\AppData\Local\Temp\ccDQABZg.s 			page 8


 123:PSC_CMD_API.c ****             }
 124:PSC_CMD_API.c ****             break;
 125:PSC_CMD_API.c ****         case PSC_CMD_RCV_ST_HEADER:
 126:PSC_CMD_API.c ****         case PSC_CMD_RCV_ST_BODY:
 127:PSC_CMD_API.c ****         case PSC_CMD_RCV_ST_END:
 128:PSC_CMD_API.c ****             if( ssaPSC_CMD_RCV_PROC[svPSC_CMD_RCV_STATE].EndIndex <= pstData->Data.RecvDataSize )
 278              		.loc 1 128 0
 279 0020 0D4A     		ldr	r2, .L26+4
 280 0022 02EBC302 		add	r2, r2, r3, lsl #3
 281 0026 5478     		ldrb	r4, [r2, #1]	@ zero_extendqisi2
 282 0028 0279     		ldrb	r2, [r0, #4]	@ zero_extendqisi2
 283 002a 9442     		cmp	r4, r2
 284 002c 02D8     		bhi	.L21
 129:PSC_CMD_API.c ****             {
 130:PSC_CMD_API.c ****                 svPSC_CMD_RCV_STATE++;
 285              		.loc 1 130 0
 286 002e 0133     		adds	r3, r3, #1
 287 0030 084A     		ldr	r2, .L26
 288 0032 1370     		strb	r3, [r2]
 289              	.L21:
 131:PSC_CMD_API.c ****             }
 132:PSC_CMD_API.c ****             break;
 133:PSC_CMD_API.c ****         case PSC_CMD_RCV_ST_COMPLETE:
 134:PSC_CMD_API.c ****             break;
 135:PSC_CMD_API.c ****         default:
 136:PSC_CMD_API.c ****             return PSC_RET_INTERNAL_ERROR;
 137:PSC_CMD_API.c ****             break;
 138:PSC_CMD_API.c ****     }
 139:PSC_CMD_API.c ****     
 140:PSC_CMD_API.c ****     if( ssaPSC_CMD_RCV_PROC[svPSC_CMD_RCV_STATE].pfProc == 0)
 290              		.loc 1 140 0
 291 0034 074B     		ldr	r3, .L26
 292 0036 1A78     		ldrb	r2, [r3]	@ zero_extendqisi2
 293 0038 074B     		ldr	r3, .L26+4
 294 003a 03EBC203 		add	r3, r3, r2, lsl #3
 295 003e 5B68     		ldr	r3, [r3, #4]
 296 0040 23B1     		cbz	r3, .L23
 141:PSC_CMD_API.c ****     {
 142:PSC_CMD_API.c ****         return PSC_RET_SUCCESS;
 143:PSC_CMD_API.c ****     }
 144:PSC_CMD_API.c ****     
 145:PSC_CMD_API.c ****     ret = ssaPSC_CMD_RCV_PROC[svPSC_CMD_RCV_STATE].pfProc(pstData,pChar);
 297              		.loc 1 145 0
 298 0042 9847     		blx	r3
 299              	.LVL16:
 146:PSC_CMD_API.c ****     if( ret != PSC_RET_SUCCESS )
 300              		.loc 1 146 0
 301 0044 20B9     		cbnz	r0, .L24
 302 0046 10BD     		pop	{r4, pc}
 303              	.LVL17:
 304              	.L22:
 136:PSC_CMD_API.c ****             break;
 305              		.loc 1 136 0
 306 0048 0120     		movs	r0, #1
 307              	.LVL18:
 308 004a 10BD     		pop	{r4, pc}
 309              	.LVL19:
ARM GAS  C:\Users\youkan\AppData\Local\Temp\ccDQABZg.s 			page 9


 310              	.L23:
 142:PSC_CMD_API.c ****     }
 311              		.loc 1 142 0
 312 004c 0020     		movs	r0, #0
 313              	.LVL20:
 314 004e 10BD     		pop	{r4, pc}
 315              	.LVL21:
 316              	.L24:
 147:PSC_CMD_API.c ****     {
 148:PSC_CMD_API.c ****         return ret;
 149:PSC_CMD_API.c ****     }
 150:PSC_CMD_API.c ****     
 151:PSC_CMD_API.c ****     return PSC_RET_SUCCESS;
 152:PSC_CMD_API.c **** }
 317              		.loc 1 152 0
 318 0050 10BD     		pop	{r4, pc}
 319              	.L27:
 320 0052 00BF     		.align	2
 321              	.L26:
 322 0054 00000000 		.word	svPSC_CMD_RCV_STATE
 323 0058 00000000 		.word	.LANCHOR0
 324              		.cfi_endproc
 325              	.LFE8:
 326              		.size	PSC_CMD_SET_RECV_DATA, .-PSC_CMD_SET_RECV_DATA
 327              		.section	.text.psc_cmd_Set_Recv_Data,"ax",%progbits
 328              		.align	2
 329              		.global	psc_cmd_Set_Recv_Data
 330              		.thumb
 331              		.thumb_func
 332              		.type	psc_cmd_Set_Recv_Data, %function
 333              	psc_cmd_Set_Recv_Data:
 334              	.LFB12:
 153:PSC_CMD_API.c **** 
 154:PSC_CMD_API.c **** PSC_RET psc_cmd_Set_Recv_Header(PSC_ST_CMD* pstData,PSC_CHAR* pChar)
 155:PSC_CMD_API.c **** {
 156:PSC_CMD_API.c ****     PSC_RET ret;
 157:PSC_CMD_API.c ****     ret = psc_cmd_Set_Recv_Data(pstData,pChar);
 158:PSC_CMD_API.c ****     if( ret != PSC_RET_SUCCESS )
 159:PSC_CMD_API.c ****     {
 160:PSC_CMD_API.c ****         return ret;
 161:PSC_CMD_API.c ****     }
 162:PSC_CMD_API.c ****     
 163:PSC_CMD_API.c ****     return  PSC_RET_SUCCESS;
 164:PSC_CMD_API.c **** }
 165:PSC_CMD_API.c **** 
 166:PSC_CMD_API.c **** PSC_RET psc_cmd_Set_Recv_Body(PSC_ST_CMD* pstData,PSC_CHAR* pChar)
 167:PSC_CMD_API.c **** {
 168:PSC_CMD_API.c ****     PSC_RET ret;
 169:PSC_CMD_API.c ****     ret = psc_cmd_Set_Recv_Data(pstData,pChar);
 170:PSC_CMD_API.c ****     if( ret != PSC_RET_SUCCESS )
 171:PSC_CMD_API.c ****     {
 172:PSC_CMD_API.c ****         return ret;
 173:PSC_CMD_API.c ****     }
 174:PSC_CMD_API.c ****     
 175:PSC_CMD_API.c ****     return  PSC_RET_SUCCESS;
 176:PSC_CMD_API.c **** }
 177:PSC_CMD_API.c **** 
ARM GAS  C:\Users\youkan\AppData\Local\Temp\ccDQABZg.s 			page 10


 178:PSC_CMD_API.c **** 
 179:PSC_CMD_API.c **** PSC_RET psc_cmd_Set_Recv_End(PSC_ST_CMD* pstData,PSC_CHAR* pChar)
 180:PSC_CMD_API.c **** {
 181:PSC_CMD_API.c ****     PSC_RET ret;
 182:PSC_CMD_API.c ****     ret = psc_cmd_Set_Recv_Data(pstData,pChar);
 183:PSC_CMD_API.c ****     if( ret != PSC_RET_SUCCESS )
 184:PSC_CMD_API.c ****     {
 185:PSC_CMD_API.c ****         return ret;
 186:PSC_CMD_API.c ****     }
 187:PSC_CMD_API.c ****     
 188:PSC_CMD_API.c ****     return  PSC_RET_SUCCESS;
 189:PSC_CMD_API.c **** }
 190:PSC_CMD_API.c **** 
 191:PSC_CMD_API.c **** PSC_RET psc_cmd_Set_Recv_Data(PSC_ST_CMD* pstData,PSC_CHAR* pChar)
 192:PSC_CMD_API.c **** {
 335              		.loc 1 192 0
 336              		.cfi_startproc
 337              		@ args = 0, pretend = 0, frame = 0
 338              		@ frame_needed = 0, uses_anonymous_args = 0
 339              		@ link register save eliminated.
 340              	.LVL22:
 193:PSC_CMD_API.c ****     if( *pChar != 0x00 )
 341              		.loc 1 193 0
 342 0000 0B78     		ldrb	r3, [r1]	@ zero_extendqisi2
 343 0002 2BB1     		cbz	r3, .L29
 194:PSC_CMD_API.c ****     {
 195:PSC_CMD_API.c ****         pstData->Data.recv_data[pstData->Data.RecvDataSize++] = *pChar;
 344              		.loc 1 195 0
 345 0004 0379     		ldrb	r3, [r0, #4]	@ zero_extendqisi2
 346 0006 5A1C     		adds	r2, r3, #1
 347 0008 0271     		strb	r2, [r0, #4]
 348 000a 0A78     		ldrb	r2, [r1]	@ zero_extendqisi2
 349 000c 0344     		add	r3, r3, r0
 350 000e 1A73     		strb	r2, [r3, #12]
 351              	.L29:
 196:PSC_CMD_API.c ****     }
 197:PSC_CMD_API.c ****     
 198:PSC_CMD_API.c ****     return PSC_RET_SUCCESS;
 199:PSC_CMD_API.c **** }...
 352              		.loc 1 199 0
 353 0010 0020     		movs	r0, #0
 354              	.LVL23:
 355 0012 7047     		bx	lr
 356              		.cfi_endproc
 357              	.LFE12:
 358              		.size	psc_cmd_Set_Recv_Data, .-psc_cmd_Set_Recv_Data
 359              		.section	.text.psc_cmd_Set_Recv_Header,"ax",%progbits
 360              		.align	2
 361              		.global	psc_cmd_Set_Recv_Header
 362              		.thumb
 363              		.thumb_func
 364              		.type	psc_cmd_Set_Recv_Header, %function
 365              	psc_cmd_Set_Recv_Header:
 366              	.LFB9:
 155:PSC_CMD_API.c **** {
 367              		.loc 1 155 0
 368              		.cfi_startproc
ARM GAS  C:\Users\youkan\AppData\Local\Temp\ccDQABZg.s 			page 11


 369              		@ args = 0, pretend = 0, frame = 0
 370              		@ frame_needed = 0, uses_anonymous_args = 0
 371              	.LVL24:
 372 0000 08B5     		push	{r3, lr}
 373              		.cfi_def_cfa_offset 8
 374              		.cfi_offset 3, -8
 375              		.cfi_offset 14, -4
 157:PSC_CMD_API.c ****     ret = psc_cmd_Set_Recv_Data(pstData,pChar);
 376              		.loc 1 157 0
 377 0002 FFF7FEFF 		bl	psc_cmd_Set_Recv_Data
 378              	.LVL25:
 158:PSC_CMD_API.c ****     if( ret != PSC_RET_SUCCESS )
 379              		.loc 1 158 0
 380 0006 0028     		cmp	r0, #0
 381 0008 FFD0     		beq	.L31
 382              	.L31:
 164:PSC_CMD_API.c **** }
 383              		.loc 1 164 0
 384 000a 08BD     		pop	{r3, pc}
 385              		.cfi_endproc
 386              	.LFE9:
 387              		.size	psc_cmd_Set_Recv_Header, .-psc_cmd_Set_Recv_Header
 388              		.section	.text.psc_cmd_Set_Recv_Body,"ax",%progbits
 389              		.align	2
 390              		.global	psc_cmd_Set_Recv_Body
 391              		.thumb
 392              		.thumb_func
 393              		.type	psc_cmd_Set_Recv_Body, %function
 394              	psc_cmd_Set_Recv_Body:
 395              	.LFB10:
 167:PSC_CMD_API.c **** {
 396              		.loc 1 167 0
 397              		.cfi_startproc
 398              		@ args = 0, pretend = 0, frame = 0
 399              		@ frame_needed = 0, uses_anonymous_args = 0
 400              	.LVL26:
 401 0000 08B5     		push	{r3, lr}
 402              		.cfi_def_cfa_offset 8
 403              		.cfi_offset 3, -8
 404              		.cfi_offset 14, -4
 169:PSC_CMD_API.c ****     ret = psc_cmd_Set_Recv_Data(pstData,pChar);
 405              		.loc 1 169 0
 406 0002 FFF7FEFF 		bl	psc_cmd_Set_Recv_Data
 407              	.LVL27:
 170:PSC_CMD_API.c ****     if( ret != PSC_RET_SUCCESS )
 408              		.loc 1 170 0
 409 0006 0028     		cmp	r0, #0
 410 0008 FFD0     		beq	.L35
 411              	.L35:
 176:PSC_CMD_API.c **** }
 412              		.loc 1 176 0
 413 000a 08BD     		pop	{r3, pc}
 414              		.cfi_endproc
 415              	.LFE10:
 416              		.size	psc_cmd_Set_Recv_Body, .-psc_cmd_Set_Recv_Body
 417              		.section	.text.psc_cmd_Set_Recv_End,"ax",%progbits
 418              		.align	2
ARM GAS  C:\Users\youkan\AppData\Local\Temp\ccDQABZg.s 			page 12


 419              		.global	psc_cmd_Set_Recv_End
 420              		.thumb
 421              		.thumb_func
 422              		.type	psc_cmd_Set_Recv_End, %function
 423              	psc_cmd_Set_Recv_End:
 424              	.LFB11:
 180:PSC_CMD_API.c **** {
 425              		.loc 1 180 0
 426              		.cfi_startproc
 427              		@ args = 0, pretend = 0, frame = 0
 428              		@ frame_needed = 0, uses_anonymous_args = 0
 429              	.LVL28:
 430 0000 08B5     		push	{r3, lr}
 431              		.cfi_def_cfa_offset 8
 432              		.cfi_offset 3, -8
 433              		.cfi_offset 14, -4
 182:PSC_CMD_API.c ****     ret = psc_cmd_Set_Recv_Data(pstData,pChar);
 434              		.loc 1 182 0
 435 0002 FFF7FEFF 		bl	psc_cmd_Set_Recv_Data
 436              	.LVL29:
 183:PSC_CMD_API.c ****     if( ret != PSC_RET_SUCCESS )
 437              		.loc 1 183 0
 438 0006 0028     		cmp	r0, #0
 439 0008 FFD0     		beq	.L39
 440              	.L39:
 189:PSC_CMD_API.c **** }
 441              		.loc 1 189 0
 442 000a 08BD     		pop	{r3, pc}
 443              		.cfi_endproc
 444              	.LFE11:
 445              		.size	psc_cmd_Set_Recv_End, .-psc_cmd_Set_Recv_End
 446              		.comm	svPSC_CMD_RCV_STATE,1,1
 447              		.section	.rodata
 448              		.align	2
 449              		.set	.LANCHOR0,. + 0
 450              		.type	ssaPSC_CMD_RCV_PROC, %object
 451              		.size	ssaPSC_CMD_RCV_PROC, 40
 452              	ssaPSC_CMD_RCV_PROC:
 453 0000 00       		.byte	0
 454 0001 00       		.byte	0
 455 0002 0000     		.space	2
 456 0004 00000000 		.word	0
 457 0008 00       		.byte	0
 458 0009 0C       		.byte	12
 459 000a 0000     		.space	2
 460 000c 00000000 		.word	psc_cmd_Set_Recv_Header
 461 0010 0C       		.byte	12
 462 0011 22       		.byte	34
 463 0012 0000     		.space	2
 464 0014 00000000 		.word	psc_cmd_Set_Recv_Body
 465 0018 22       		.byte	34
 466 0019 24       		.byte	36
 467 001a 0000     		.space	2
 468 001c 00000000 		.word	psc_cmd_Set_Recv_End
 469 0020 24       		.byte	36
 470 0021 24       		.byte	36
 471 0022 0000     		.space	2
ARM GAS  C:\Users\youkan\AppData\Local\Temp\ccDQABZg.s 			page 13


 472 0024 00000000 		.word	0
 473              		.text
 474              	.Letext0:
 475              		.file 2 "PSC_Types.h"
 476              		.file 3 "PSC_CMD_API.h"
 477              		.file 4 "<built-in>"
 478              		.section	.debug_info,"",%progbits
 479              	.Ldebug_info0:
 480 0000 77060000 		.4byte	0x677
 481 0004 0400     		.2byte	0x4
 482 0006 00000000 		.4byte	.Ldebug_abbrev0
 483 000a 04       		.byte	0x4
 484 000b 01       		.uleb128 0x1
 485 000c 8E020000 		.4byte	.LASF70
 486 0010 01       		.byte	0x1
 487 0011 D8010000 		.4byte	.LASF71
 488 0015 F9010000 		.4byte	.LASF72
 489 0019 00000000 		.4byte	.Ldebug_ranges0+0
 490 001d 00000000 		.4byte	0
 491 0021 00000000 		.4byte	.Ldebug_line0
 492 0025 02       		.uleb128 0x2
 493 0026 E6010000 		.4byte	.LASF0
 494 002a 02       		.byte	0x2
 495 002b 22       		.byte	0x22
 496 002c 30000000 		.4byte	0x30
 497 0030 03       		.uleb128 0x3
 498 0031 04       		.byte	0x4
 499 0032 07       		.byte	0x7
 500 0033 45030000 		.4byte	.LASF2
 501 0037 02       		.uleb128 0x2
 502 0038 2D010000 		.4byte	.LASF1
 503 003c 02       		.byte	0x2
 504 003d 23       		.byte	0x23
 505 003e 42000000 		.4byte	0x42
 506 0042 03       		.uleb128 0x3
 507 0043 01       		.byte	0x1
 508 0044 08       		.byte	0x8
 509 0045 36010000 		.4byte	.LASF3
 510 0049 04       		.uleb128 0x4
 511 004a 5D030000 		.4byte	.LASF7
 512 004e 01       		.byte	0x1
 513 004f 02       		.byte	0x2
 514 0050 25       		.byte	0x25
 515 0051 62000000 		.4byte	0x62
 516 0055 05       		.uleb128 0x5
 517 0056 7F010000 		.4byte	.LASF4
 518 005a 00       		.sleb128 0
 519 005b 05       		.uleb128 0x5
 520 005c F5000000 		.4byte	.LASF5
 521 0060 01       		.sleb128 1
 522 0061 00       		.byte	0
 523 0062 02       		.uleb128 0x2
 524 0063 A4040000 		.4byte	.LASF6
 525 0067 02       		.byte	0x2
 526 0068 29       		.byte	0x29
 527 0069 49000000 		.4byte	0x49
 528 006d 04       		.uleb128 0x4
ARM GAS  C:\Users\youkan\AppData\Local\Temp\ccDQABZg.s 			page 14


 529 006e 63000000 		.4byte	.LASF8
 530 0072 01       		.byte	0x1
 531 0073 02       		.byte	0x2
 532 0074 2B       		.byte	0x2b
 533 0075 8C000000 		.4byte	0x8c
 534 0079 05       		.uleb128 0x5
 535 007a AD040000 		.4byte	.LASF9
 536 007e 00       		.sleb128 0
 537 007f 05       		.uleb128 0x5
 538 0080 FF040000 		.4byte	.LASF10
 539 0084 01       		.sleb128 1
 540 0085 05       		.uleb128 0x5
 541 0086 7B020000 		.4byte	.LASF11
 542 008a 02       		.sleb128 2
 543 008b 00       		.byte	0
 544 008c 02       		.uleb128 0x2
 545 008d 6D040000 		.4byte	.LASF12
 546 0091 02       		.byte	0x2
 547 0092 30       		.byte	0x30
 548 0093 6D000000 		.4byte	0x6d
 549 0097 04       		.uleb128 0x4
 550 0098 10000000 		.4byte	.LASF13
 551 009c 01       		.byte	0x1
 552 009d 02       		.byte	0x2
 553 009e 32       		.byte	0x32
 554 009f C8000000 		.4byte	0xc8
 555 00a3 05       		.uleb128 0x5
 556 00a4 CA030000 		.4byte	.LASF14
 557 00a8 00       		.sleb128 0
 558 00a9 05       		.uleb128 0x5
 559 00aa 2E030000 		.4byte	.LASF15
 560 00ae 01       		.sleb128 1
 561 00af 05       		.uleb128 0x5
 562 00b0 99000000 		.4byte	.LASF16
 563 00b4 02       		.sleb128 2
 564 00b5 05       		.uleb128 0x5
 565 00b6 AF000000 		.4byte	.LASF17
 566 00ba 03       		.sleb128 3
 567 00bb 05       		.uleb128 0x5
 568 00bc 7B030000 		.4byte	.LASF18
 569 00c0 04       		.sleb128 4
 570 00c1 05       		.uleb128 0x5
 571 00c2 A0010000 		.4byte	.LASF19
 572 00c6 05       		.sleb128 5
 573 00c7 00       		.byte	0
 574 00c8 02       		.uleb128 0x2
 575 00c9 86020000 		.4byte	.LASF20
 576 00cd 02       		.byte	0x2
 577 00ce 3A       		.byte	0x3a
 578 00cf 97000000 		.4byte	0x97
 579 00d3 04       		.uleb128 0x4
 580 00d4 03010000 		.4byte	.LASF21
 581 00d8 01       		.byte	0x1
 582 00d9 03       		.byte	0x3
 583 00da 15       		.byte	0x15
 584 00db 04010000 		.4byte	0x104
 585 00df 05       		.uleb128 0x5
ARM GAS  C:\Users\youkan\AppData\Local\Temp\ccDQABZg.s 			page 15


 586 00e0 C4010000 		.4byte	.LASF22
 587 00e4 00       		.sleb128 0
 588 00e5 05       		.uleb128 0x5
 589 00e6 F0030000 		.4byte	.LASF23
 590 00ea 01       		.sleb128 1
 591 00eb 05       		.uleb128 0x5
 592 00ec 06040000 		.4byte	.LASF24
 593 00f0 02       		.sleb128 2
 594 00f1 05       		.uleb128 0x5
 595 00f2 A3030000 		.4byte	.LASF25
 596 00f6 03       		.sleb128 3
 597 00f7 05       		.uleb128 0x5
 598 00f8 C2000000 		.4byte	.LASF26
 599 00fc 04       		.sleb128 4
 600 00fd 05       		.uleb128 0x5
 601 00fe 23040000 		.4byte	.LASF27
 602 0102 05       		.sleb128 5
 603 0103 00       		.byte	0
 604 0104 02       		.uleb128 0x2
 605 0105 8E010000 		.4byte	.LASF28
 606 0109 03       		.byte	0x3
 607 010a 1D       		.byte	0x1d
 608 010b D3000000 		.4byte	0xd3
 609 010f 06       		.uleb128 0x6
 610 0110 1B000000 		.4byte	.LASF36
 611 0114 07       		.byte	0x7
 612 0115 03       		.byte	0x3
 613 0116 1F       		.byte	0x1f
 614 0117 58010000 		.4byte	0x158
 615 011b 07       		.uleb128 0x7
 616 011c 0A050000 		.4byte	.LASF29
 617 0120 03       		.byte	0x3
 618 0121 21       		.byte	0x21
 619 0122 62000000 		.4byte	0x62
 620 0126 00       		.byte	0
 621 0127 07       		.uleb128 0x7
 622 0128 B9040000 		.4byte	.LASF30
 623 012c 03       		.byte	0x3
 624 012d 22       		.byte	0x22
 625 012e 62000000 		.4byte	0x62
 626 0132 01       		.byte	0x1
 627 0133 07       		.uleb128 0x7
 628 0134 70030000 		.4byte	.LASF31
 629 0138 03       		.byte	0x3
 630 0139 23       		.byte	0x23
 631 013a 62000000 		.4byte	0x62
 632 013e 02       		.byte	0x2
 633 013f 07       		.uleb128 0x7
 634 0140 00000000 		.4byte	.LASF32
 635 0144 03       		.byte	0x3
 636 0145 24       		.byte	0x24
 637 0146 42000000 		.4byte	0x42
 638 014a 03       		.byte	0x3
 639 014b 07       		.uleb128 0x7
 640 014c 5A040000 		.4byte	.LASF33
 641 0150 03       		.byte	0x3
 642 0151 25       		.byte	0x25
ARM GAS  C:\Users\youkan\AppData\Local\Temp\ccDQABZg.s 			page 16


 643 0152 58010000 		.4byte	0x158
 644 0156 04       		.byte	0x4
 645 0157 00       		.byte	0
 646 0158 08       		.uleb128 0x8
 647 0159 62000000 		.4byte	0x62
 648 015d 68010000 		.4byte	0x168
 649 0161 09       		.uleb128 0x9
 650 0162 68010000 		.4byte	0x168
 651 0166 02       		.byte	0x2
 652 0167 00       		.byte	0
 653 0168 03       		.uleb128 0x3
 654 0169 04       		.byte	0x4
 655 016a 07       		.byte	0x7
 656 016b 1A040000 		.4byte	.LASF34
 657 016f 02       		.uleb128 0x2
 658 0170 1C030000 		.4byte	.LASF35
 659 0174 03       		.byte	0x3
 660 0175 27       		.byte	0x27
 661 0176 0F010000 		.4byte	0x10f
 662 017a 06       		.uleb128 0x6
 663 017b 46040000 		.4byte	.LASF37
 664 017f 34       		.byte	0x34
 665 0180 03       		.byte	0x3
 666 0181 29       		.byte	0x29
 667 0182 B7010000 		.4byte	0x1b7
 668 0186 07       		.uleb128 0x7
 669 0187 41020000 		.4byte	.LASF38
 670 018b 03       		.byte	0x3
 671 018c 2B       		.byte	0x2b
 672 018d 42000000 		.4byte	0x42
 673 0191 00       		.byte	0
 674 0192 07       		.uleb128 0x7
 675 0193 6D000000 		.4byte	.LASF39
 676 0197 03       		.byte	0x3
 677 0198 2C       		.byte	0x2c
 678 0199 25000000 		.4byte	0x25
 679 019d 04       		.byte	0x4
 680 019e 07       		.uleb128 0x7
 681 019f 7B040000 		.4byte	.LASF40
 682 01a3 03       		.byte	0x3
 683 01a4 2D       		.byte	0x2d
 684 01a5 B7010000 		.4byte	0x1b7
 685 01a9 08       		.byte	0x8
 686 01aa 07       		.uleb128 0x7
 687 01ab 36040000 		.4byte	.LASF41
 688 01af 03       		.byte	0x3
 689 01b0 2E       		.byte	0x2e
 690 01b1 6F010000 		.4byte	0x16f
 691 01b5 2C       		.byte	0x2c
 692 01b6 00       		.byte	0
 693 01b7 08       		.uleb128 0x8
 694 01b8 37000000 		.4byte	0x37
 695 01bc C7010000 		.4byte	0x1c7
 696 01c0 09       		.uleb128 0x9
 697 01c1 68010000 		.4byte	0x168
 698 01c5 23       		.byte	0x23
 699 01c6 00       		.byte	0
ARM GAS  C:\Users\youkan\AppData\Local\Temp\ccDQABZg.s 			page 17


 700 01c7 02       		.uleb128 0x2
 701 01c8 6E010000 		.4byte	.LASF42
 702 01cc 03       		.byte	0x3
 703 01cd 2F       		.byte	0x2f
 704 01ce 7A010000 		.4byte	0x17a
 705 01d2 06       		.uleb128 0x6
 706 01d3 C0040000 		.4byte	.LASF43
 707 01d7 38       		.byte	0x38
 708 01d8 03       		.byte	0x3
 709 01d9 33       		.byte	0x33
 710 01da F7010000 		.4byte	0x1f7
 711 01de 07       		.uleb128 0x7
 712 01df 69030000 		.4byte	.LASF44
 713 01e3 03       		.byte	0x3
 714 01e4 35       		.byte	0x35
 715 01e5 8C000000 		.4byte	0x8c
 716 01e9 00       		.byte	0
 717 01ea 07       		.uleb128 0x7
 718 01eb 31020000 		.4byte	.LASF45
 719 01ef 03       		.byte	0x3
 720 01f0 36       		.byte	0x36
 721 01f1 C7010000 		.4byte	0x1c7
 722 01f5 04       		.byte	0x4
 723 01f6 00       		.byte	0
 724 01f7 02       		.uleb128 0x2
 725 01f8 52030000 		.4byte	.LASF46
 726 01fc 03       		.byte	0x3
 727 01fd 37       		.byte	0x37
 728 01fe D2010000 		.4byte	0x1d2
 729 0202 06       		.uleb128 0x6
 730 0203 5A010000 		.4byte	.LASF47
 731 0207 08       		.byte	0x8
 732 0208 01       		.byte	0x1
 733 0209 12       		.byte	0x12
 734 020a 33020000 		.4byte	0x233
 735 020e 07       		.uleb128 0x7
 736 020f 36020000 		.4byte	.LASF48
 737 0213 01       		.byte	0x1
 738 0214 14       		.byte	0x14
 739 0215 42000000 		.4byte	0x42
 740 0219 00       		.byte	0
 741 021a 07       		.uleb128 0x7
 742 021b 85040000 		.4byte	.LASF49
 743 021f 01       		.byte	0x1
 744 0220 15       		.byte	0x15
 745 0221 42000000 		.4byte	0x42
 746 0225 01       		.byte	0x1
 747 0226 07       		.uleb128 0x7
 748 0227 EE000000 		.4byte	.LASF50
 749 022b 01       		.byte	0x1
 750 022c 16       		.byte	0x16
 751 022d 53020000 		.4byte	0x253
 752 0231 04       		.byte	0x4
 753 0232 00       		.byte	0
 754 0233 0A       		.uleb128 0xa
 755 0234 C8000000 		.4byte	0xc8
 756 0238 47020000 		.4byte	0x247
ARM GAS  C:\Users\youkan\AppData\Local\Temp\ccDQABZg.s 			page 18


 757 023c 0B       		.uleb128 0xb
 758 023d 47020000 		.4byte	0x247
 759 0241 0B       		.uleb128 0xb
 760 0242 4D020000 		.4byte	0x24d
 761 0246 00       		.byte	0
 762 0247 0C       		.uleb128 0xc
 763 0248 04       		.byte	0x4
 764 0249 F7010000 		.4byte	0x1f7
 765 024d 0C       		.uleb128 0xc
 766 024e 04       		.byte	0x4
 767 024f 37000000 		.4byte	0x37
 768 0253 0C       		.uleb128 0xc
 769 0254 04       		.byte	0x4
 770 0255 33020000 		.4byte	0x233
 771 0259 02       		.uleb128 0x2
 772 025a 75000000 		.4byte	.LASF51
 773 025e 01       		.byte	0x1
 774 025f 17       		.byte	0x17
 775 0260 02020000 		.4byte	0x202
 776 0264 0D       		.uleb128 0xd
 777 0265 64020000 		.4byte	.LASF52
 778 0269 01       		.byte	0x1
 779 026a 42       		.byte	0x42
 780 026b C8000000 		.4byte	0xc8
 781 026f 00000000 		.4byte	.LFB0
 782 0273 0E000000 		.4byte	.LFE0-.LFB0
 783 0277 01       		.uleb128 0x1
 784 0278 9C       		.byte	0x9c
 785 0279 C8020000 		.4byte	0x2c8
 786 027d 0E       		.uleb128 0xe
 787 027e CB040000 		.4byte	.LASF54
 788 0282 01       		.byte	0x1
 789 0283 42       		.byte	0x42
 790 0284 47020000 		.4byte	0x247
 791 0288 00000000 		.4byte	.LLST0
 792 028c 0F       		.uleb128 0xf
 793 028d F2010000 		.4byte	.LASF55
 794 0291 04       		.byte	0x4
 795 0292 00       		.byte	0
 796 0293 C8020000 		.4byte	0x2c8
 797 0297 AB020000 		.4byte	0x2ab
 798 029b 0B       		.uleb128 0xb
 799 029c C8020000 		.4byte	0x2c8
 800 02a0 0B       		.uleb128 0xb
 801 02a1 CA020000 		.4byte	0x2ca
 802 02a5 0B       		.uleb128 0xb
 803 02a6 30000000 		.4byte	0x30
 804 02aa 00       		.byte	0
 805 02ab 10       		.uleb128 0x10
 806 02ac 0A000000 		.4byte	.LVL1
 807 02b0 61060000 		.4byte	0x661
 808 02b4 11       		.uleb128 0x11
 809 02b5 01       		.uleb128 0x1
 810 02b6 52       		.byte	0x52
 811 02b7 02       		.uleb128 0x2
 812 02b8 08       		.byte	0x8
 813 02b9 38       		.byte	0x38
ARM GAS  C:\Users\youkan\AppData\Local\Temp\ccDQABZg.s 			page 19


 814 02ba 11       		.uleb128 0x11
 815 02bb 01       		.uleb128 0x1
 816 02bc 51       		.byte	0x51
 817 02bd 01       		.uleb128 0x1
 818 02be 30       		.byte	0x30
 819 02bf 11       		.uleb128 0x11
 820 02c0 01       		.uleb128 0x1
 821 02c1 50       		.byte	0x50
 822 02c2 03       		.uleb128 0x3
 823 02c3 F3       		.byte	0xf3
 824 02c4 01       		.uleb128 0x1
 825 02c5 50       		.byte	0x50
 826 02c6 00       		.byte	0
 827 02c7 00       		.byte	0
 828 02c8 12       		.uleb128 0x12
 829 02c9 04       		.byte	0x4
 830 02ca 13       		.uleb128 0x13
 831 02cb 04       		.byte	0x4
 832 02cc 05       		.byte	0x5
 833 02cd 696E7400 		.ascii	"int\000"
 834 02d1 0D       		.uleb128 0xd
 835 02d2 86000000 		.4byte	.LASF53
 836 02d6 01       		.byte	0x1
 837 02d7 47       		.byte	0x47
 838 02d8 C8000000 		.4byte	0xc8
 839 02dc 00000000 		.4byte	.LFB1
 840 02e0 1C000000 		.4byte	.LFE1-.LFB1
 841 02e4 01       		.uleb128 0x1
 842 02e5 9C       		.byte	0x9c
 843 02e6 38030000 		.4byte	0x338
 844 02ea 0E       		.uleb128 0xe
 845 02eb CB040000 		.4byte	.LASF54
 846 02ef 01       		.byte	0x1
 847 02f0 47       		.byte	0x47
 848 02f1 47020000 		.4byte	0x247
 849 02f5 21000000 		.4byte	.LLST1
 850 02f9 0F       		.uleb128 0xf
 851 02fa F2010000 		.4byte	.LASF55
 852 02fe 04       		.byte	0x4
 853 02ff 00       		.byte	0
 854 0300 C8020000 		.4byte	0x2c8
 855 0304 18030000 		.4byte	0x318
 856 0308 0B       		.uleb128 0xb
 857 0309 C8020000 		.4byte	0x2c8
 858 030d 0B       		.uleb128 0xb
 859 030e CA020000 		.4byte	0x2ca
 860 0312 0B       		.uleb128 0xb
 861 0313 30000000 		.4byte	0x30
 862 0317 00       		.byte	0
 863 0318 10       		.uleb128 0x10
 864 0319 14000000 		.4byte	.LVL4
 865 031d 61060000 		.4byte	0x661
 866 0321 11       		.uleb128 0x11
 867 0322 01       		.uleb128 0x1
 868 0323 52       		.byte	0x52
 869 0324 02       		.uleb128 0x2
 870 0325 08       		.byte	0x8
ARM GAS  C:\Users\youkan\AppData\Local\Temp\ccDQABZg.s 			page 20


 871 0326 24       		.byte	0x24
 872 0327 11       		.uleb128 0x11
 873 0328 01       		.uleb128 0x1
 874 0329 51       		.byte	0x51
 875 032a 02       		.uleb128 0x2
 876 032b 74       		.byte	0x74
 877 032c 00       		.sleb128 0
 878 032d 11       		.uleb128 0x11
 879 032e 01       		.uleb128 0x1
 880 032f 50       		.byte	0x50
 881 0330 05       		.uleb128 0x5
 882 0331 F3       		.byte	0xf3
 883 0332 01       		.uleb128 0x1
 884 0333 50       		.byte	0x50
 885 0334 23       		.byte	0x23
 886 0335 0C       		.uleb128 0xc
 887 0336 00       		.byte	0
 888 0337 00       		.byte	0
 889 0338 14       		.uleb128 0x14
 890 0339 D3040000 		.4byte	.LASF73
 891 033d 01       		.byte	0x1
 892 033e 4F       		.byte	0x4f
 893 033f 04010000 		.4byte	0x104
 894 0343 00000000 		.4byte	.LFB2
 895 0347 0C000000 		.4byte	.LFE2-.LFB2
 896 034b 01       		.uleb128 0x1
 897 034c 9C       		.byte	0x9c
 898 034d 0D       		.uleb128 0xd
 899 034e 8E040000 		.4byte	.LASF56
 900 0352 01       		.byte	0x1
 901 0353 54       		.byte	0x54
 902 0354 C8000000 		.4byte	0xc8
 903 0358 00000000 		.4byte	.LFB3
 904 035c 08000000 		.4byte	.LFE3-.LFB3
 905 0360 01       		.uleb128 0x1
 906 0361 9C       		.byte	0x9c
 907 0362 76030000 		.4byte	0x376
 908 0366 0E       		.uleb128 0xe
 909 0367 CB040000 		.4byte	.LASF54
 910 036b 01       		.byte	0x1
 911 036c 54       		.byte	0x54
 912 036d 47020000 		.4byte	0x247
 913 0371 4F000000 		.4byte	.LLST2
 914 0375 00       		.byte	0
 915 0376 0D       		.uleb128 0xd
 916 0377 DA000000 		.4byte	.LASF57
 917 037b 01       		.byte	0x1
 918 037c 59       		.byte	0x59
 919 037d C8000000 		.4byte	0xc8
 920 0381 00000000 		.4byte	.LFB4
 921 0385 08000000 		.4byte	.LFE4-.LFB4
 922 0389 01       		.uleb128 0x1
 923 038a 9C       		.byte	0x9c
 924 038b C7030000 		.4byte	0x3c7
 925 038f 0E       		.uleb128 0xe
 926 0390 CB040000 		.4byte	.LASF54
 927 0394 01       		.byte	0x1
ARM GAS  C:\Users\youkan\AppData\Local\Temp\ccDQABZg.s 			page 21


 928 0395 59       		.byte	0x59
 929 0396 47020000 		.4byte	0x247
 930 039a 70000000 		.4byte	.LLST3
 931 039e 15       		.uleb128 0x15
 932 039f 5E000000 		.4byte	.LASF58
 933 03a3 01       		.byte	0x1
 934 03a4 59       		.byte	0x59
 935 03a5 C7030000 		.4byte	0x3c7
 936 03a9 01       		.uleb128 0x1
 937 03aa 51       		.byte	0x51
 938 03ab 16       		.uleb128 0x16
 939 03ac 74040000 		.4byte	.LASF62
 940 03b0 04       		.byte	0x4
 941 03b1 00       		.byte	0
 942 03b2 C8020000 		.4byte	0x2c8
 943 03b6 0B       		.uleb128 0xb
 944 03b7 C8020000 		.4byte	0x2c8
 945 03bb 0B       		.uleb128 0xb
 946 03bc CD030000 		.4byte	0x3cd
 947 03c0 0B       		.uleb128 0xb
 948 03c1 30000000 		.4byte	0x30
 949 03c5 00       		.byte	0
 950 03c6 00       		.byte	0
 951 03c7 0C       		.uleb128 0xc
 952 03c8 04       		.byte	0x4
 953 03c9 25000000 		.4byte	0x25
 954 03cd 0C       		.uleb128 0xc
 955 03ce 04       		.byte	0x4
 956 03cf D3030000 		.4byte	0x3d3
 957 03d3 17       		.uleb128 0x17
 958 03d4 0D       		.uleb128 0xd
 959 03d5 DA030000 		.4byte	.LASF59
 960 03d9 01       		.byte	0x1
 961 03da 5F       		.byte	0x5f
 962 03db C8000000 		.4byte	0xc8
 963 03df 00000000 		.4byte	.LFB5
 964 03e3 08000000 		.4byte	.LFE5-.LFB5
 965 03e7 01       		.uleb128 0x1
 966 03e8 9C       		.byte	0x9c
 967 03e9 0A040000 		.4byte	0x40a
 968 03ed 0E       		.uleb128 0xe
 969 03ee CB040000 		.4byte	.LASF54
 970 03f2 01       		.byte	0x1
 971 03f3 5F       		.byte	0x5f
 972 03f4 47020000 		.4byte	0x247
 973 03f8 91000000 		.4byte	.LLST4
 974 03fc 18       		.uleb128 0x18
 975 03fd 70494400 		.ascii	"pID\000"
 976 0401 01       		.byte	0x1
 977 0402 5F       		.byte	0x5f
 978 0403 0A040000 		.4byte	0x40a
 979 0407 01       		.uleb128 0x1
 980 0408 51       		.byte	0x51
 981 0409 00       		.byte	0
 982 040a 0C       		.uleb128 0xc
 983 040b 04       		.byte	0x4
 984 040c 8C000000 		.4byte	0x8c
ARM GAS  C:\Users\youkan\AppData\Local\Temp\ccDQABZg.s 			page 22


 985 0410 0D       		.uleb128 0xd
 986 0411 E9040000 		.4byte	.LASF60
 987 0415 01       		.byte	0x1
 988 0416 65       		.byte	0x65
 989 0417 C8000000 		.4byte	0xc8
 990 041b 00000000 		.4byte	.LFB6
 991 041f 06000000 		.4byte	.LFE6-.LFB6
 992 0423 01       		.uleb128 0x1
 993 0424 9C       		.byte	0x9c
 994 0425 45040000 		.4byte	0x445
 995 0429 0E       		.uleb128 0xe
 996 042a CB040000 		.4byte	.LASF54
 997 042e 01       		.byte	0x1
 998 042f 65       		.byte	0x65
 999 0430 47020000 		.4byte	0x247
 1000 0434 B2000000 		.4byte	.LLST5
 1001 0438 18       		.uleb128 0x18
 1002 0439 494400   		.ascii	"ID\000"
 1003 043c 01       		.byte	0x1
 1004 043d 65       		.byte	0x65
 1005 043e 8C000000 		.4byte	0x8c
 1006 0442 01       		.uleb128 0x1
 1007 0443 51       		.byte	0x51
 1008 0444 00       		.byte	0
 1009 0445 0D       		.uleb128 0xd
 1010 0446 B6030000 		.4byte	.LASF61
 1011 044a 01       		.byte	0x1
 1012 044b 6B       		.byte	0x6b
 1013 044c C8000000 		.4byte	0xc8
 1014 0450 00000000 		.4byte	.LFB7
 1015 0454 14000000 		.4byte	.LFE7-.LFB7
 1016 0458 01       		.uleb128 0x1
 1017 0459 9C       		.byte	0x9c
 1018 045a 96040000 		.4byte	0x496
 1019 045e 0E       		.uleb128 0xe
 1020 045f CB040000 		.4byte	.LASF54
 1021 0463 01       		.byte	0x1
 1022 0464 6B       		.byte	0x6b
 1023 0465 47020000 		.4byte	0x247
 1024 0469 D3000000 		.4byte	.LLST6
 1025 046d 15       		.uleb128 0x15
 1026 046e 5E000000 		.4byte	.LASF58
 1027 0472 01       		.byte	0x1
 1028 0473 6B       		.byte	0x6b
 1029 0474 C7030000 		.4byte	0x3c7
 1030 0478 01       		.uleb128 0x1
 1031 0479 51       		.byte	0x51
 1032 047a 16       		.uleb128 0x16
 1033 047b 74040000 		.4byte	.LASF62
 1034 047f 04       		.byte	0x4
 1035 0480 00       		.byte	0
 1036 0481 C8020000 		.4byte	0x2c8
 1037 0485 0B       		.uleb128 0xb
 1038 0486 C8020000 		.4byte	0x2c8
 1039 048a 0B       		.uleb128 0xb
 1040 048b CD030000 		.4byte	0x3cd
 1041 048f 0B       		.uleb128 0xb
ARM GAS  C:\Users\youkan\AppData\Local\Temp\ccDQABZg.s 			page 23


 1042 0490 30000000 		.4byte	0x30
 1043 0494 00       		.byte	0
 1044 0495 00       		.byte	0
 1045 0496 19       		.uleb128 0x19
 1046 0497 4E020000 		.4byte	.LASF63
 1047 049b 01       		.byte	0x1
 1048 049c 71       		.byte	0x71
 1049 049d C8000000 		.4byte	0xc8
 1050 04a1 00000000 		.4byte	.LFB8
 1051 04a5 5C000000 		.4byte	.LFE8-.LFB8
 1052 04a9 01       		.uleb128 0x1
 1053 04aa 9C       		.byte	0x9c
 1054 04ab DD040000 		.4byte	0x4dd
 1055 04af 0E       		.uleb128 0xe
 1056 04b0 CB040000 		.4byte	.LASF54
 1057 04b4 01       		.byte	0x1
 1058 04b5 71       		.byte	0x71
 1059 04b6 47020000 		.4byte	0x247
 1060 04ba F1000000 		.4byte	.LLST7
 1061 04be 0E       		.uleb128 0xe
 1062 04bf 40040000 		.4byte	.LASF64
 1063 04c3 01       		.byte	0x1
 1064 04c4 71       		.byte	0x71
 1065 04c5 4D020000 		.4byte	0x24d
 1066 04c9 44010000 		.4byte	.LLST8
 1067 04cd 1A       		.uleb128 0x1a
 1068 04ce 72657400 		.ascii	"ret\000"
 1069 04d2 01       		.byte	0x1
 1070 04d3 73       		.byte	0x73
 1071 04d4 C8000000 		.4byte	0xc8
 1072 04d8 7E010000 		.4byte	.LLST9
 1073 04dc 00       		.byte	0
 1074 04dd 0D       		.uleb128 0xd
 1075 04de 48000000 		.4byte	.LASF65
 1076 04e2 01       		.byte	0x1
 1077 04e3 BF       		.byte	0xbf
 1078 04e4 C8000000 		.4byte	0xc8
 1079 04e8 00000000 		.4byte	.LFB12
 1080 04ec 14000000 		.4byte	.LFE12-.LFB12
 1081 04f0 01       		.uleb128 0x1
 1082 04f1 9C       		.byte	0x9c
 1083 04f2 13050000 		.4byte	0x513
 1084 04f6 0E       		.uleb128 0xe
 1085 04f7 CB040000 		.4byte	.LASF54
 1086 04fb 01       		.byte	0x1
 1087 04fc BF       		.byte	0xbf
 1088 04fd 47020000 		.4byte	0x247
 1089 0501 9C010000 		.4byte	.LLST10
 1090 0505 15       		.uleb128 0x15
 1091 0506 40040000 		.4byte	.LASF64
 1092 050a 01       		.byte	0x1
 1093 050b BF       		.byte	0xbf
 1094 050c 4D020000 		.4byte	0x24d
 1095 0510 01       		.uleb128 0x1
 1096 0511 51       		.byte	0x51
 1097 0512 00       		.byte	0
 1098 0513 0D       		.uleb128 0xd
ARM GAS  C:\Users\youkan\AppData\Local\Temp\ccDQABZg.s 			page 24


 1099 0514 30000000 		.4byte	.LASF66
 1100 0518 01       		.byte	0x1
 1101 0519 9A       		.byte	0x9a
 1102 051a C8000000 		.4byte	0xc8
 1103 051e 00000000 		.4byte	.LFB9
 1104 0522 0C000000 		.4byte	.LFE9-.LFB9
 1105 0526 01       		.uleb128 0x1
 1106 0527 9C       		.byte	0x9c
 1107 0528 70050000 		.4byte	0x570
 1108 052c 0E       		.uleb128 0xe
 1109 052d CB040000 		.4byte	.LASF54
 1110 0531 01       		.byte	0x1
 1111 0532 9A       		.byte	0x9a
 1112 0533 47020000 		.4byte	0x247
 1113 0537 BD010000 		.4byte	.LLST11
 1114 053b 0E       		.uleb128 0xe
 1115 053c 40040000 		.4byte	.LASF64
 1116 0540 01       		.byte	0x1
 1117 0541 9A       		.byte	0x9a
 1118 0542 4D020000 		.4byte	0x24d
 1119 0546 DE010000 		.4byte	.LLST12
 1120 054a 1B       		.uleb128 0x1b
 1121 054b 72657400 		.ascii	"ret\000"
 1122 054f 01       		.byte	0x1
 1123 0550 9C       		.byte	0x9c
 1124 0551 C8000000 		.4byte	0xc8
 1125 0555 01       		.uleb128 0x1
 1126 0556 50       		.byte	0x50
 1127 0557 10       		.uleb128 0x10
 1128 0558 06000000 		.4byte	.LVL25
 1129 055c DD040000 		.4byte	0x4dd
 1130 0560 11       		.uleb128 0x11
 1131 0561 01       		.uleb128 0x1
 1132 0562 51       		.byte	0x51
 1133 0563 03       		.uleb128 0x3
 1134 0564 F3       		.byte	0xf3
 1135 0565 01       		.uleb128 0x1
 1136 0566 51       		.byte	0x51
 1137 0567 11       		.uleb128 0x11
 1138 0568 01       		.uleb128 0x1
 1139 0569 50       		.byte	0x50
 1140 056a 03       		.uleb128 0x3
 1141 056b F3       		.byte	0xf3
 1142 056c 01       		.uleb128 0x1
 1143 056d 50       		.byte	0x50
 1144 056e 00       		.byte	0
 1145 056f 00       		.byte	0
 1146 0570 0D       		.uleb128 0xd
 1147 0571 44010000 		.4byte	.LASF67
 1148 0575 01       		.byte	0x1
 1149 0576 A6       		.byte	0xa6
 1150 0577 C8000000 		.4byte	0xc8
 1151 057b 00000000 		.4byte	.LFB10
 1152 057f 0C000000 		.4byte	.LFE10-.LFB10
 1153 0583 01       		.uleb128 0x1
 1154 0584 9C       		.byte	0x9c
 1155 0585 CD050000 		.4byte	0x5cd
ARM GAS  C:\Users\youkan\AppData\Local\Temp\ccDQABZg.s 			page 25


 1156 0589 0E       		.uleb128 0xe
 1157 058a CB040000 		.4byte	.LASF54
 1158 058e 01       		.byte	0x1
 1159 058f A6       		.byte	0xa6
 1160 0590 47020000 		.4byte	0x247
 1161 0594 FF010000 		.4byte	.LLST13
 1162 0598 0E       		.uleb128 0xe
 1163 0599 40040000 		.4byte	.LASF64
 1164 059d 01       		.byte	0x1
 1165 059e A6       		.byte	0xa6
 1166 059f 4D020000 		.4byte	0x24d
 1167 05a3 20020000 		.4byte	.LLST14
 1168 05a7 1B       		.uleb128 0x1b
 1169 05a8 72657400 		.ascii	"ret\000"
 1170 05ac 01       		.byte	0x1
 1171 05ad A8       		.byte	0xa8
 1172 05ae C8000000 		.4byte	0xc8
 1173 05b2 01       		.uleb128 0x1
 1174 05b3 50       		.byte	0x50
 1175 05b4 10       		.uleb128 0x10
 1176 05b5 06000000 		.4byte	.LVL27
 1177 05b9 DD040000 		.4byte	0x4dd
 1178 05bd 11       		.uleb128 0x11
 1179 05be 01       		.uleb128 0x1
 1180 05bf 51       		.byte	0x51
 1181 05c0 03       		.uleb128 0x3
 1182 05c1 F3       		.byte	0xf3
 1183 05c2 01       		.uleb128 0x1
 1184 05c3 51       		.byte	0x51
 1185 05c4 11       		.uleb128 0x11
 1186 05c5 01       		.uleb128 0x1
 1187 05c6 50       		.byte	0x50
 1188 05c7 03       		.uleb128 0x3
 1189 05c8 F3       		.byte	0xf3
 1190 05c9 01       		.uleb128 0x1
 1191 05ca 50       		.byte	0x50
 1192 05cb 00       		.byte	0
 1193 05cc 00       		.byte	0
 1194 05cd 0D       		.uleb128 0xd
 1195 05ce 18010000 		.4byte	.LASF68
 1196 05d2 01       		.byte	0x1
 1197 05d3 B3       		.byte	0xb3
 1198 05d4 C8000000 		.4byte	0xc8
 1199 05d8 00000000 		.4byte	.LFB11
 1200 05dc 0C000000 		.4byte	.LFE11-.LFB11
 1201 05e0 01       		.uleb128 0x1
 1202 05e1 9C       		.byte	0x9c
 1203 05e2 2A060000 		.4byte	0x62a
 1204 05e6 0E       		.uleb128 0xe
 1205 05e7 CB040000 		.4byte	.LASF54
 1206 05eb 01       		.byte	0x1
 1207 05ec B3       		.byte	0xb3
 1208 05ed 47020000 		.4byte	0x247
 1209 05f1 41020000 		.4byte	.LLST15
 1210 05f5 0E       		.uleb128 0xe
 1211 05f6 40040000 		.4byte	.LASF64
 1212 05fa 01       		.byte	0x1
ARM GAS  C:\Users\youkan\AppData\Local\Temp\ccDQABZg.s 			page 26


 1213 05fb B3       		.byte	0xb3
 1214 05fc 4D020000 		.4byte	0x24d
 1215 0600 62020000 		.4byte	.LLST16
 1216 0604 1B       		.uleb128 0x1b
 1217 0605 72657400 		.ascii	"ret\000"
 1218 0609 01       		.byte	0x1
 1219 060a B5       		.byte	0xb5
 1220 060b C8000000 		.4byte	0xc8
 1221 060f 01       		.uleb128 0x1
 1222 0610 50       		.byte	0x50
 1223 0611 10       		.uleb128 0x10
 1224 0612 06000000 		.4byte	.LVL29
 1225 0616 DD040000 		.4byte	0x4dd
 1226 061a 11       		.uleb128 0x11
 1227 061b 01       		.uleb128 0x1
 1228 061c 51       		.byte	0x51
 1229 061d 03       		.uleb128 0x3
 1230 061e F3       		.byte	0xf3
 1231 061f 01       		.uleb128 0x1
 1232 0620 51       		.byte	0x51
 1233 0621 11       		.uleb128 0x11
 1234 0622 01       		.uleb128 0x1
 1235 0623 50       		.byte	0x50
 1236 0624 03       		.uleb128 0x3
 1237 0625 F3       		.byte	0xf3
 1238 0626 01       		.uleb128 0x1
 1239 0627 50       		.byte	0x50
 1240 0628 00       		.byte	0
 1241 0629 00       		.byte	0
 1242 062a 08       		.uleb128 0x8
 1243 062b 59020000 		.4byte	0x259
 1244 062f 3A060000 		.4byte	0x63a
 1245 0633 09       		.uleb128 0x9
 1246 0634 68010000 		.4byte	0x168
 1247 0638 04       		.byte	0x4
 1248 0639 00       		.byte	0
 1249 063a 1C       		.uleb128 0x1c
 1250 063b 8F030000 		.4byte	.LASF69
 1251 063f 01       		.byte	0x1
 1252 0640 2D       		.byte	0x2d
 1253 0641 4B060000 		.4byte	0x64b
 1254 0645 05       		.uleb128 0x5
 1255 0646 03       		.byte	0x3
 1256 0647 00000000 		.4byte	ssaPSC_CMD_RCV_PROC
 1257 064b 1D       		.uleb128 0x1d
 1258 064c 2A060000 		.4byte	0x62a
 1259 0650 1E       		.uleb128 0x1e
 1260 0651 B0010000 		.4byte	.LASF74
 1261 0655 01       		.byte	0x1
 1262 0656 2B       		.byte	0x2b
 1263 0657 04010000 		.4byte	0x104
 1264 065b 05       		.uleb128 0x5
 1265 065c 03       		.byte	0x3
 1266 065d 00000000 		.4byte	svPSC_CMD_RCV_STATE
 1267 0661 1F       		.uleb128 0x1f
 1268 0662 F2010000 		.4byte	.LASF55
 1269 0666 C8020000 		.4byte	0x2c8
ARM GAS  C:\Users\youkan\AppData\Local\Temp\ccDQABZg.s 			page 27


 1270 066a 0B       		.uleb128 0xb
 1271 066b C8020000 		.4byte	0x2c8
 1272 066f 0B       		.uleb128 0xb
 1273 0670 CA020000 		.4byte	0x2ca
 1274 0674 0B       		.uleb128 0xb
 1275 0675 68010000 		.4byte	0x168
 1276 0679 00       		.byte	0
 1277 067a 00       		.byte	0
 1278              		.section	.debug_abbrev,"",%progbits
 1279              	.Ldebug_abbrev0:
 1280 0000 01       		.uleb128 0x1
 1281 0001 11       		.uleb128 0x11
 1282 0002 01       		.byte	0x1
 1283 0003 25       		.uleb128 0x25
 1284 0004 0E       		.uleb128 0xe
 1285 0005 13       		.uleb128 0x13
 1286 0006 0B       		.uleb128 0xb
 1287 0007 03       		.uleb128 0x3
 1288 0008 0E       		.uleb128 0xe
 1289 0009 1B       		.uleb128 0x1b
 1290 000a 0E       		.uleb128 0xe
 1291 000b 55       		.uleb128 0x55
 1292 000c 17       		.uleb128 0x17
 1293 000d 11       		.uleb128 0x11
 1294 000e 01       		.uleb128 0x1
 1295 000f 10       		.uleb128 0x10
 1296 0010 17       		.uleb128 0x17
 1297 0011 00       		.byte	0
 1298 0012 00       		.byte	0
 1299 0013 02       		.uleb128 0x2
 1300 0014 16       		.uleb128 0x16
 1301 0015 00       		.byte	0
 1302 0016 03       		.uleb128 0x3
 1303 0017 0E       		.uleb128 0xe
 1304 0018 3A       		.uleb128 0x3a
 1305 0019 0B       		.uleb128 0xb
 1306 001a 3B       		.uleb128 0x3b
 1307 001b 0B       		.uleb128 0xb
 1308 001c 49       		.uleb128 0x49
 1309 001d 13       		.uleb128 0x13
 1310 001e 00       		.byte	0
 1311 001f 00       		.byte	0
 1312 0020 03       		.uleb128 0x3
 1313 0021 24       		.uleb128 0x24
 1314 0022 00       		.byte	0
 1315 0023 0B       		.uleb128 0xb
 1316 0024 0B       		.uleb128 0xb
 1317 0025 3E       		.uleb128 0x3e
 1318 0026 0B       		.uleb128 0xb
 1319 0027 03       		.uleb128 0x3
 1320 0028 0E       		.uleb128 0xe
 1321 0029 00       		.byte	0
 1322 002a 00       		.byte	0
 1323 002b 04       		.uleb128 0x4
 1324 002c 04       		.uleb128 0x4
 1325 002d 01       		.byte	0x1
 1326 002e 03       		.uleb128 0x3
ARM GAS  C:\Users\youkan\AppData\Local\Temp\ccDQABZg.s 			page 28


 1327 002f 0E       		.uleb128 0xe
 1328 0030 0B       		.uleb128 0xb
 1329 0031 0B       		.uleb128 0xb
 1330 0032 3A       		.uleb128 0x3a
 1331 0033 0B       		.uleb128 0xb
 1332 0034 3B       		.uleb128 0x3b
 1333 0035 0B       		.uleb128 0xb
 1334 0036 01       		.uleb128 0x1
 1335 0037 13       		.uleb128 0x13
 1336 0038 00       		.byte	0
 1337 0039 00       		.byte	0
 1338 003a 05       		.uleb128 0x5
 1339 003b 28       		.uleb128 0x28
 1340 003c 00       		.byte	0
 1341 003d 03       		.uleb128 0x3
 1342 003e 0E       		.uleb128 0xe
 1343 003f 1C       		.uleb128 0x1c
 1344 0040 0D       		.uleb128 0xd
 1345 0041 00       		.byte	0
 1346 0042 00       		.byte	0
 1347 0043 06       		.uleb128 0x6
 1348 0044 13       		.uleb128 0x13
 1349 0045 01       		.byte	0x1
 1350 0046 03       		.uleb128 0x3
 1351 0047 0E       		.uleb128 0xe
 1352 0048 0B       		.uleb128 0xb
 1353 0049 0B       		.uleb128 0xb
 1354 004a 3A       		.uleb128 0x3a
 1355 004b 0B       		.uleb128 0xb
 1356 004c 3B       		.uleb128 0x3b
 1357 004d 0B       		.uleb128 0xb
 1358 004e 01       		.uleb128 0x1
 1359 004f 13       		.uleb128 0x13
 1360 0050 00       		.byte	0
 1361 0051 00       		.byte	0
 1362 0052 07       		.uleb128 0x7
 1363 0053 0D       		.uleb128 0xd
 1364 0054 00       		.byte	0
 1365 0055 03       		.uleb128 0x3
 1366 0056 0E       		.uleb128 0xe
 1367 0057 3A       		.uleb128 0x3a
 1368 0058 0B       		.uleb128 0xb
 1369 0059 3B       		.uleb128 0x3b
 1370 005a 0B       		.uleb128 0xb
 1371 005b 49       		.uleb128 0x49
 1372 005c 13       		.uleb128 0x13
 1373 005d 38       		.uleb128 0x38
 1374 005e 0B       		.uleb128 0xb
 1375 005f 00       		.byte	0
 1376 0060 00       		.byte	0
 1377 0061 08       		.uleb128 0x8
 1378 0062 01       		.uleb128 0x1
 1379 0063 01       		.byte	0x1
 1380 0064 49       		.uleb128 0x49
 1381 0065 13       		.uleb128 0x13
 1382 0066 01       		.uleb128 0x1
 1383 0067 13       		.uleb128 0x13
ARM GAS  C:\Users\youkan\AppData\Local\Temp\ccDQABZg.s 			page 29


 1384 0068 00       		.byte	0
 1385 0069 00       		.byte	0
 1386 006a 09       		.uleb128 0x9
 1387 006b 21       		.uleb128 0x21
 1388 006c 00       		.byte	0
 1389 006d 49       		.uleb128 0x49
 1390 006e 13       		.uleb128 0x13
 1391 006f 2F       		.uleb128 0x2f
 1392 0070 0B       		.uleb128 0xb
 1393 0071 00       		.byte	0
 1394 0072 00       		.byte	0
 1395 0073 0A       		.uleb128 0xa
 1396 0074 15       		.uleb128 0x15
 1397 0075 01       		.byte	0x1
 1398 0076 27       		.uleb128 0x27
 1399 0077 19       		.uleb128 0x19
 1400 0078 49       		.uleb128 0x49
 1401 0079 13       		.uleb128 0x13
 1402 007a 01       		.uleb128 0x1
 1403 007b 13       		.uleb128 0x13
 1404 007c 00       		.byte	0
 1405 007d 00       		.byte	0
 1406 007e 0B       		.uleb128 0xb
 1407 007f 05       		.uleb128 0x5
 1408 0080 00       		.byte	0
 1409 0081 49       		.uleb128 0x49
 1410 0082 13       		.uleb128 0x13
 1411 0083 00       		.byte	0
 1412 0084 00       		.byte	0
 1413 0085 0C       		.uleb128 0xc
 1414 0086 0F       		.uleb128 0xf
 1415 0087 00       		.byte	0
 1416 0088 0B       		.uleb128 0xb
 1417 0089 0B       		.uleb128 0xb
 1418 008a 49       		.uleb128 0x49
 1419 008b 13       		.uleb128 0x13
 1420 008c 00       		.byte	0
 1421 008d 00       		.byte	0
 1422 008e 0D       		.uleb128 0xd
 1423 008f 2E       		.uleb128 0x2e
 1424 0090 01       		.byte	0x1
 1425 0091 3F       		.uleb128 0x3f
 1426 0092 19       		.uleb128 0x19
 1427 0093 03       		.uleb128 0x3
 1428 0094 0E       		.uleb128 0xe
 1429 0095 3A       		.uleb128 0x3a
 1430 0096 0B       		.uleb128 0xb
 1431 0097 3B       		.uleb128 0x3b
 1432 0098 0B       		.uleb128 0xb
 1433 0099 27       		.uleb128 0x27
 1434 009a 19       		.uleb128 0x19
 1435 009b 49       		.uleb128 0x49
 1436 009c 13       		.uleb128 0x13
 1437 009d 11       		.uleb128 0x11
 1438 009e 01       		.uleb128 0x1
 1439 009f 12       		.uleb128 0x12
 1440 00a0 06       		.uleb128 0x6
ARM GAS  C:\Users\youkan\AppData\Local\Temp\ccDQABZg.s 			page 30


 1441 00a1 40       		.uleb128 0x40
 1442 00a2 18       		.uleb128 0x18
 1443 00a3 9742     		.uleb128 0x2117
 1444 00a5 19       		.uleb128 0x19
 1445 00a6 01       		.uleb128 0x1
 1446 00a7 13       		.uleb128 0x13
 1447 00a8 00       		.byte	0
 1448 00a9 00       		.byte	0
 1449 00aa 0E       		.uleb128 0xe
 1450 00ab 05       		.uleb128 0x5
 1451 00ac 00       		.byte	0
 1452 00ad 03       		.uleb128 0x3
 1453 00ae 0E       		.uleb128 0xe
 1454 00af 3A       		.uleb128 0x3a
 1455 00b0 0B       		.uleb128 0xb
 1456 00b1 3B       		.uleb128 0x3b
 1457 00b2 0B       		.uleb128 0xb
 1458 00b3 49       		.uleb128 0x49
 1459 00b4 13       		.uleb128 0x13
 1460 00b5 02       		.uleb128 0x2
 1461 00b6 17       		.uleb128 0x17
 1462 00b7 00       		.byte	0
 1463 00b8 00       		.byte	0
 1464 00b9 0F       		.uleb128 0xf
 1465 00ba 2E       		.uleb128 0x2e
 1466 00bb 01       		.byte	0x1
 1467 00bc 3F       		.uleb128 0x3f
 1468 00bd 19       		.uleb128 0x19
 1469 00be 03       		.uleb128 0x3
 1470 00bf 0E       		.uleb128 0xe
 1471 00c0 3A       		.uleb128 0x3a
 1472 00c1 0B       		.uleb128 0xb
 1473 00c2 3B       		.uleb128 0x3b
 1474 00c3 0B       		.uleb128 0xb
 1475 00c4 27       		.uleb128 0x27
 1476 00c5 19       		.uleb128 0x19
 1477 00c6 49       		.uleb128 0x49
 1478 00c7 13       		.uleb128 0x13
 1479 00c8 3C       		.uleb128 0x3c
 1480 00c9 19       		.uleb128 0x19
 1481 00ca 01       		.uleb128 0x1
 1482 00cb 13       		.uleb128 0x13
 1483 00cc 00       		.byte	0
 1484 00cd 00       		.byte	0
 1485 00ce 10       		.uleb128 0x10
 1486 00cf 898201   		.uleb128 0x4109
 1487 00d2 01       		.byte	0x1
 1488 00d3 11       		.uleb128 0x11
 1489 00d4 01       		.uleb128 0x1
 1490 00d5 31       		.uleb128 0x31
 1491 00d6 13       		.uleb128 0x13
 1492 00d7 00       		.byte	0
 1493 00d8 00       		.byte	0
 1494 00d9 11       		.uleb128 0x11
 1495 00da 8A8201   		.uleb128 0x410a
 1496 00dd 00       		.byte	0
 1497 00de 02       		.uleb128 0x2
ARM GAS  C:\Users\youkan\AppData\Local\Temp\ccDQABZg.s 			page 31


 1498 00df 18       		.uleb128 0x18
 1499 00e0 9142     		.uleb128 0x2111
 1500 00e2 18       		.uleb128 0x18
 1501 00e3 00       		.byte	0
 1502 00e4 00       		.byte	0
 1503 00e5 12       		.uleb128 0x12
 1504 00e6 0F       		.uleb128 0xf
 1505 00e7 00       		.byte	0
 1506 00e8 0B       		.uleb128 0xb
 1507 00e9 0B       		.uleb128 0xb
 1508 00ea 00       		.byte	0
 1509 00eb 00       		.byte	0
 1510 00ec 13       		.uleb128 0x13
 1511 00ed 24       		.uleb128 0x24
 1512 00ee 00       		.byte	0
 1513 00ef 0B       		.uleb128 0xb
 1514 00f0 0B       		.uleb128 0xb
 1515 00f1 3E       		.uleb128 0x3e
 1516 00f2 0B       		.uleb128 0xb
 1517 00f3 03       		.uleb128 0x3
 1518 00f4 08       		.uleb128 0x8
 1519 00f5 00       		.byte	0
 1520 00f6 00       		.byte	0
 1521 00f7 14       		.uleb128 0x14
 1522 00f8 2E       		.uleb128 0x2e
 1523 00f9 00       		.byte	0
 1524 00fa 3F       		.uleb128 0x3f
 1525 00fb 19       		.uleb128 0x19
 1526 00fc 03       		.uleb128 0x3
 1527 00fd 0E       		.uleb128 0xe
 1528 00fe 3A       		.uleb128 0x3a
 1529 00ff 0B       		.uleb128 0xb
 1530 0100 3B       		.uleb128 0x3b
 1531 0101 0B       		.uleb128 0xb
 1532 0102 49       		.uleb128 0x49
 1533 0103 13       		.uleb128 0x13
 1534 0104 11       		.uleb128 0x11
 1535 0105 01       		.uleb128 0x1
 1536 0106 12       		.uleb128 0x12
 1537 0107 06       		.uleb128 0x6
 1538 0108 40       		.uleb128 0x40
 1539 0109 18       		.uleb128 0x18
 1540 010a 9742     		.uleb128 0x2117
 1541 010c 19       		.uleb128 0x19
 1542 010d 00       		.byte	0
 1543 010e 00       		.byte	0
 1544 010f 15       		.uleb128 0x15
 1545 0110 05       		.uleb128 0x5
 1546 0111 00       		.byte	0
 1547 0112 03       		.uleb128 0x3
 1548 0113 0E       		.uleb128 0xe
 1549 0114 3A       		.uleb128 0x3a
 1550 0115 0B       		.uleb128 0xb
 1551 0116 3B       		.uleb128 0x3b
 1552 0117 0B       		.uleb128 0xb
 1553 0118 49       		.uleb128 0x49
 1554 0119 13       		.uleb128 0x13
ARM GAS  C:\Users\youkan\AppData\Local\Temp\ccDQABZg.s 			page 32


 1555 011a 02       		.uleb128 0x2
 1556 011b 18       		.uleb128 0x18
 1557 011c 00       		.byte	0
 1558 011d 00       		.byte	0
 1559 011e 16       		.uleb128 0x16
 1560 011f 2E       		.uleb128 0x2e
 1561 0120 01       		.byte	0x1
 1562 0121 3F       		.uleb128 0x3f
 1563 0122 19       		.uleb128 0x19
 1564 0123 03       		.uleb128 0x3
 1565 0124 0E       		.uleb128 0xe
 1566 0125 3A       		.uleb128 0x3a
 1567 0126 0B       		.uleb128 0xb
 1568 0127 3B       		.uleb128 0x3b
 1569 0128 0B       		.uleb128 0xb
 1570 0129 27       		.uleb128 0x27
 1571 012a 19       		.uleb128 0x19
 1572 012b 49       		.uleb128 0x49
 1573 012c 13       		.uleb128 0x13
 1574 012d 3C       		.uleb128 0x3c
 1575 012e 19       		.uleb128 0x19
 1576 012f 00       		.byte	0
 1577 0130 00       		.byte	0
 1578 0131 17       		.uleb128 0x17
 1579 0132 26       		.uleb128 0x26
 1580 0133 00       		.byte	0
 1581 0134 00       		.byte	0
 1582 0135 00       		.byte	0
 1583 0136 18       		.uleb128 0x18
 1584 0137 05       		.uleb128 0x5
 1585 0138 00       		.byte	0
 1586 0139 03       		.uleb128 0x3
 1587 013a 08       		.uleb128 0x8
 1588 013b 3A       		.uleb128 0x3a
 1589 013c 0B       		.uleb128 0xb
 1590 013d 3B       		.uleb128 0x3b
 1591 013e 0B       		.uleb128 0xb
 1592 013f 49       		.uleb128 0x49
 1593 0140 13       		.uleb128 0x13
 1594 0141 02       		.uleb128 0x2
 1595 0142 18       		.uleb128 0x18
 1596 0143 00       		.byte	0
 1597 0144 00       		.byte	0
 1598 0145 19       		.uleb128 0x19
 1599 0146 2E       		.uleb128 0x2e
 1600 0147 01       		.byte	0x1
 1601 0148 3F       		.uleb128 0x3f
 1602 0149 19       		.uleb128 0x19
 1603 014a 03       		.uleb128 0x3
 1604 014b 0E       		.uleb128 0xe
 1605 014c 3A       		.uleb128 0x3a
 1606 014d 0B       		.uleb128 0xb
 1607 014e 3B       		.uleb128 0x3b
 1608 014f 0B       		.uleb128 0xb
 1609 0150 27       		.uleb128 0x27
 1610 0151 19       		.uleb128 0x19
 1611 0152 49       		.uleb128 0x49
ARM GAS  C:\Users\youkan\AppData\Local\Temp\ccDQABZg.s 			page 33


 1612 0153 13       		.uleb128 0x13
 1613 0154 11       		.uleb128 0x11
 1614 0155 01       		.uleb128 0x1
 1615 0156 12       		.uleb128 0x12
 1616 0157 06       		.uleb128 0x6
 1617 0158 40       		.uleb128 0x40
 1618 0159 18       		.uleb128 0x18
 1619 015a 9642     		.uleb128 0x2116
 1620 015c 19       		.uleb128 0x19
 1621 015d 01       		.uleb128 0x1
 1622 015e 13       		.uleb128 0x13
 1623 015f 00       		.byte	0
 1624 0160 00       		.byte	0
 1625 0161 1A       		.uleb128 0x1a
 1626 0162 34       		.uleb128 0x34
 1627 0163 00       		.byte	0
 1628 0164 03       		.uleb128 0x3
 1629 0165 08       		.uleb128 0x8
 1630 0166 3A       		.uleb128 0x3a
 1631 0167 0B       		.uleb128 0xb
 1632 0168 3B       		.uleb128 0x3b
 1633 0169 0B       		.uleb128 0xb
 1634 016a 49       		.uleb128 0x49
 1635 016b 13       		.uleb128 0x13
 1636 016c 02       		.uleb128 0x2
 1637 016d 17       		.uleb128 0x17
 1638 016e 00       		.byte	0
 1639 016f 00       		.byte	0
 1640 0170 1B       		.uleb128 0x1b
 1641 0171 34       		.uleb128 0x34
 1642 0172 00       		.byte	0
 1643 0173 03       		.uleb128 0x3
 1644 0174 08       		.uleb128 0x8
 1645 0175 3A       		.uleb128 0x3a
 1646 0176 0B       		.uleb128 0xb
 1647 0177 3B       		.uleb128 0x3b
 1648 0178 0B       		.uleb128 0xb
 1649 0179 49       		.uleb128 0x49
 1650 017a 13       		.uleb128 0x13
 1651 017b 02       		.uleb128 0x2
 1652 017c 18       		.uleb128 0x18
 1653 017d 00       		.byte	0
 1654 017e 00       		.byte	0
 1655 017f 1C       		.uleb128 0x1c
 1656 0180 34       		.uleb128 0x34
 1657 0181 00       		.byte	0
 1658 0182 03       		.uleb128 0x3
 1659 0183 0E       		.uleb128 0xe
 1660 0184 3A       		.uleb128 0x3a
 1661 0185 0B       		.uleb128 0xb
 1662 0186 3B       		.uleb128 0x3b
 1663 0187 0B       		.uleb128 0xb
 1664 0188 49       		.uleb128 0x49
 1665 0189 13       		.uleb128 0x13
 1666 018a 02       		.uleb128 0x2
 1667 018b 18       		.uleb128 0x18
 1668 018c 00       		.byte	0
ARM GAS  C:\Users\youkan\AppData\Local\Temp\ccDQABZg.s 			page 34


 1669 018d 00       		.byte	0
 1670 018e 1D       		.uleb128 0x1d
 1671 018f 26       		.uleb128 0x26
 1672 0190 00       		.byte	0
 1673 0191 49       		.uleb128 0x49
 1674 0192 13       		.uleb128 0x13
 1675 0193 00       		.byte	0
 1676 0194 00       		.byte	0
 1677 0195 1E       		.uleb128 0x1e
 1678 0196 34       		.uleb128 0x34
 1679 0197 00       		.byte	0
 1680 0198 03       		.uleb128 0x3
 1681 0199 0E       		.uleb128 0xe
 1682 019a 3A       		.uleb128 0x3a
 1683 019b 0B       		.uleb128 0xb
 1684 019c 3B       		.uleb128 0x3b
 1685 019d 0B       		.uleb128 0xb
 1686 019e 49       		.uleb128 0x49
 1687 019f 13       		.uleb128 0x13
 1688 01a0 3F       		.uleb128 0x3f
 1689 01a1 19       		.uleb128 0x19
 1690 01a2 02       		.uleb128 0x2
 1691 01a3 18       		.uleb128 0x18
 1692 01a4 00       		.byte	0
 1693 01a5 00       		.byte	0
 1694 01a6 1F       		.uleb128 0x1f
 1695 01a7 2E       		.uleb128 0x2e
 1696 01a8 01       		.byte	0x1
 1697 01a9 3F       		.uleb128 0x3f
 1698 01aa 19       		.uleb128 0x19
 1699 01ab 03       		.uleb128 0x3
 1700 01ac 0E       		.uleb128 0xe
 1701 01ad 27       		.uleb128 0x27
 1702 01ae 19       		.uleb128 0x19
 1703 01af 49       		.uleb128 0x49
 1704 01b0 13       		.uleb128 0x13
 1705 01b1 34       		.uleb128 0x34
 1706 01b2 19       		.uleb128 0x19
 1707 01b3 3C       		.uleb128 0x3c
 1708 01b4 19       		.uleb128 0x19
 1709 01b5 00       		.byte	0
 1710 01b6 00       		.byte	0
 1711 01b7 00       		.byte	0
 1712              		.section	.debug_loc,"",%progbits
 1713              	.Ldebug_loc0:
 1714              	.LLST0:
 1715 0000 00000000 		.4byte	.LVL0
 1716 0004 09000000 		.4byte	.LVL1-1
 1717 0008 0100     		.2byte	0x1
 1718 000a 50       		.byte	0x50
 1719 000b 09000000 		.4byte	.LVL1-1
 1720 000f 0E000000 		.4byte	.LFE0
 1721 0013 0400     		.2byte	0x4
 1722 0015 F3       		.byte	0xf3
 1723 0016 01       		.uleb128 0x1
 1724 0017 50       		.byte	0x50
 1725 0018 9F       		.byte	0x9f
ARM GAS  C:\Users\youkan\AppData\Local\Temp\ccDQABZg.s 			page 35


 1726 0019 00000000 		.4byte	0
 1727 001d 00000000 		.4byte	0
 1728              	.LLST1:
 1729 0021 00000000 		.4byte	.LVL2
 1730 0025 0C000000 		.4byte	.LVL3
 1731 0029 0100     		.2byte	0x1
 1732 002b 50       		.byte	0x50
 1733 002c 0C000000 		.4byte	.LVL3
 1734 0030 13000000 		.4byte	.LVL4-1
 1735 0034 0300     		.2byte	0x3
 1736 0036 70       		.byte	0x70
 1737 0037 74       		.sleb128 -12
 1738 0038 9F       		.byte	0x9f
 1739 0039 13000000 		.4byte	.LVL4-1
 1740 003d 1C000000 		.4byte	.LFE1
 1741 0041 0400     		.2byte	0x4
 1742 0043 F3       		.byte	0xf3
 1743 0044 01       		.uleb128 0x1
 1744 0045 50       		.byte	0x50
 1745 0046 9F       		.byte	0x9f
 1746 0047 00000000 		.4byte	0
 1747 004b 00000000 		.4byte	0
 1748              	.LLST2:
 1749 004f 00000000 		.4byte	.LVL5
 1750 0053 06000000 		.4byte	.LVL6
 1751 0057 0100     		.2byte	0x1
 1752 0059 50       		.byte	0x50
 1753 005a 06000000 		.4byte	.LVL6
 1754 005e 08000000 		.4byte	.LFE3
 1755 0062 0400     		.2byte	0x4
 1756 0064 F3       		.byte	0xf3
 1757 0065 01       		.uleb128 0x1
 1758 0066 50       		.byte	0x50
 1759 0067 9F       		.byte	0x9f
 1760 0068 00000000 		.4byte	0
 1761 006c 00000000 		.4byte	0
 1762              	.LLST3:
 1763 0070 00000000 		.4byte	.LVL7
 1764 0074 06000000 		.4byte	.LVL8
 1765 0078 0100     		.2byte	0x1
 1766 007a 50       		.byte	0x50
 1767 007b 06000000 		.4byte	.LVL8
 1768 007f 08000000 		.4byte	.LFE4
 1769 0083 0400     		.2byte	0x4
 1770 0085 F3       		.byte	0xf3
 1771 0086 01       		.uleb128 0x1
 1772 0087 50       		.byte	0x50
 1773 0088 9F       		.byte	0x9f
 1774 0089 00000000 		.4byte	0
 1775 008d 00000000 		.4byte	0
 1776              	.LLST4:
 1777 0091 00000000 		.4byte	.LVL9
 1778 0095 06000000 		.4byte	.LVL10
 1779 0099 0100     		.2byte	0x1
 1780 009b 50       		.byte	0x50
 1781 009c 06000000 		.4byte	.LVL10
 1782 00a0 08000000 		.4byte	.LFE5
ARM GAS  C:\Users\youkan\AppData\Local\Temp\ccDQABZg.s 			page 36


 1783 00a4 0400     		.2byte	0x4
 1784 00a6 F3       		.byte	0xf3
 1785 00a7 01       		.uleb128 0x1
 1786 00a8 50       		.byte	0x50
 1787 00a9 9F       		.byte	0x9f
 1788 00aa 00000000 		.4byte	0
 1789 00ae 00000000 		.4byte	0
 1790              	.LLST5:
 1791 00b2 00000000 		.4byte	.LVL11
 1792 00b6 04000000 		.4byte	.LVL12
 1793 00ba 0100     		.2byte	0x1
 1794 00bc 50       		.byte	0x50
 1795 00bd 04000000 		.4byte	.LVL12
 1796 00c1 06000000 		.4byte	.LFE6
 1797 00c5 0400     		.2byte	0x4
 1798 00c7 F3       		.byte	0xf3
 1799 00c8 01       		.uleb128 0x1
 1800 00c9 50       		.byte	0x50
 1801 00ca 9F       		.byte	0x9f
 1802 00cb 00000000 		.4byte	0
 1803 00cf 00000000 		.4byte	0
 1804              	.LLST6:
 1805 00d3 00000000 		.4byte	.LVL13
 1806 00d7 0C000000 		.4byte	.LVL14
 1807 00db 0100     		.2byte	0x1
 1808 00dd 50       		.byte	0x50
 1809 00de 0C000000 		.4byte	.LVL14
 1810 00e2 14000000 		.4byte	.LFE7
 1811 00e6 0100     		.2byte	0x1
 1812 00e8 52       		.byte	0x52
 1813 00e9 00000000 		.4byte	0
 1814 00ed 00000000 		.4byte	0
 1815              	.LLST7:
 1816 00f1 00000000 		.4byte	.LVL15
 1817 00f5 43000000 		.4byte	.LVL16-1
 1818 00f9 0100     		.2byte	0x1
 1819 00fb 50       		.byte	0x50
 1820 00fc 43000000 		.4byte	.LVL16-1
 1821 0100 48000000 		.4byte	.LVL17
 1822 0104 0400     		.2byte	0x4
 1823 0106 F3       		.byte	0xf3
 1824 0107 01       		.uleb128 0x1
 1825 0108 50       		.byte	0x50
 1826 0109 9F       		.byte	0x9f
 1827 010a 48000000 		.4byte	.LVL17
 1828 010e 4A000000 		.4byte	.LVL18
 1829 0112 0100     		.2byte	0x1
 1830 0114 50       		.byte	0x50
 1831 0115 4A000000 		.4byte	.LVL18
 1832 0119 4C000000 		.4byte	.LVL19
 1833 011d 0400     		.2byte	0x4
 1834 011f F3       		.byte	0xf3
 1835 0120 01       		.uleb128 0x1
 1836 0121 50       		.byte	0x50
 1837 0122 9F       		.byte	0x9f
 1838 0123 4C000000 		.4byte	.LVL19
 1839 0127 4E000000 		.4byte	.LVL20
ARM GAS  C:\Users\youkan\AppData\Local\Temp\ccDQABZg.s 			page 37


 1840 012b 0100     		.2byte	0x1
 1841 012d 50       		.byte	0x50
 1842 012e 4E000000 		.4byte	.LVL20
 1843 0132 5C000000 		.4byte	.LFE8
 1844 0136 0400     		.2byte	0x4
 1845 0138 F3       		.byte	0xf3
 1846 0139 01       		.uleb128 0x1
 1847 013a 50       		.byte	0x50
 1848 013b 9F       		.byte	0x9f
 1849 013c 00000000 		.4byte	0
 1850 0140 00000000 		.4byte	0
 1851              	.LLST8:
 1852 0144 00000000 		.4byte	.LVL15
 1853 0148 43000000 		.4byte	.LVL16-1
 1854 014c 0100     		.2byte	0x1
 1855 014e 51       		.byte	0x51
 1856 014f 43000000 		.4byte	.LVL16-1
 1857 0153 48000000 		.4byte	.LVL17
 1858 0157 0400     		.2byte	0x4
 1859 0159 F3       		.byte	0xf3
 1860 015a 01       		.uleb128 0x1
 1861 015b 51       		.byte	0x51
 1862 015c 9F       		.byte	0x9f
 1863 015d 48000000 		.4byte	.LVL17
 1864 0161 50000000 		.4byte	.LVL21
 1865 0165 0100     		.2byte	0x1
 1866 0167 51       		.byte	0x51
 1867 0168 50000000 		.4byte	.LVL21
 1868 016c 5C000000 		.4byte	.LFE8
 1869 0170 0400     		.2byte	0x4
 1870 0172 F3       		.byte	0xf3
 1871 0173 01       		.uleb128 0x1
 1872 0174 51       		.byte	0x51
 1873 0175 9F       		.byte	0x9f
 1874 0176 00000000 		.4byte	0
 1875 017a 00000000 		.4byte	0
 1876              	.LLST9:
 1877 017e 44000000 		.4byte	.LVL16
 1878 0182 48000000 		.4byte	.LVL17
 1879 0186 0100     		.2byte	0x1
 1880 0188 50       		.byte	0x50
 1881 0189 50000000 		.4byte	.LVL21
 1882 018d 5C000000 		.4byte	.LFE8
 1883 0191 0100     		.2byte	0x1
 1884 0193 50       		.byte	0x50
 1885 0194 00000000 		.4byte	0
 1886 0198 00000000 		.4byte	0
 1887              	.LLST10:
 1888 019c 00000000 		.4byte	.LVL22
 1889 01a0 12000000 		.4byte	.LVL23
 1890 01a4 0100     		.2byte	0x1
 1891 01a6 50       		.byte	0x50
 1892 01a7 12000000 		.4byte	.LVL23
 1893 01ab 14000000 		.4byte	.LFE12
 1894 01af 0400     		.2byte	0x4
 1895 01b1 F3       		.byte	0xf3
 1896 01b2 01       		.uleb128 0x1
ARM GAS  C:\Users\youkan\AppData\Local\Temp\ccDQABZg.s 			page 38


 1897 01b3 50       		.byte	0x50
 1898 01b4 9F       		.byte	0x9f
 1899 01b5 00000000 		.4byte	0
 1900 01b9 00000000 		.4byte	0
 1901              	.LLST11:
 1902 01bd 00000000 		.4byte	.LVL24
 1903 01c1 05000000 		.4byte	.LVL25-1
 1904 01c5 0100     		.2byte	0x1
 1905 01c7 50       		.byte	0x50
 1906 01c8 05000000 		.4byte	.LVL25-1
 1907 01cc 0C000000 		.4byte	.LFE9
 1908 01d0 0400     		.2byte	0x4
 1909 01d2 F3       		.byte	0xf3
 1910 01d3 01       		.uleb128 0x1
 1911 01d4 50       		.byte	0x50
 1912 01d5 9F       		.byte	0x9f
 1913 01d6 00000000 		.4byte	0
 1914 01da 00000000 		.4byte	0
 1915              	.LLST12:
 1916 01de 00000000 		.4byte	.LVL24
 1917 01e2 05000000 		.4byte	.LVL25-1
 1918 01e6 0100     		.2byte	0x1
 1919 01e8 51       		.byte	0x51
 1920 01e9 05000000 		.4byte	.LVL25-1
 1921 01ed 0C000000 		.4byte	.LFE9
 1922 01f1 0400     		.2byte	0x4
 1923 01f3 F3       		.byte	0xf3
 1924 01f4 01       		.uleb128 0x1
 1925 01f5 51       		.byte	0x51
 1926 01f6 9F       		.byte	0x9f
 1927 01f7 00000000 		.4byte	0
 1928 01fb 00000000 		.4byte	0
 1929              	.LLST13:
 1930 01ff 00000000 		.4byte	.LVL26
 1931 0203 05000000 		.4byte	.LVL27-1
 1932 0207 0100     		.2byte	0x1
 1933 0209 50       		.byte	0x50
 1934 020a 05000000 		.4byte	.LVL27-1
 1935 020e 0C000000 		.4byte	.LFE10
 1936 0212 0400     		.2byte	0x4
 1937 0214 F3       		.byte	0xf3
 1938 0215 01       		.uleb128 0x1
 1939 0216 50       		.byte	0x50
 1940 0217 9F       		.byte	0x9f
 1941 0218 00000000 		.4byte	0
 1942 021c 00000000 		.4byte	0
 1943              	.LLST14:
 1944 0220 00000000 		.4byte	.LVL26
 1945 0224 05000000 		.4byte	.LVL27-1
 1946 0228 0100     		.2byte	0x1
 1947 022a 51       		.byte	0x51
 1948 022b 05000000 		.4byte	.LVL27-1
 1949 022f 0C000000 		.4byte	.LFE10
 1950 0233 0400     		.2byte	0x4
 1951 0235 F3       		.byte	0xf3
 1952 0236 01       		.uleb128 0x1
 1953 0237 51       		.byte	0x51
ARM GAS  C:\Users\youkan\AppData\Local\Temp\ccDQABZg.s 			page 39


 1954 0238 9F       		.byte	0x9f
 1955 0239 00000000 		.4byte	0
 1956 023d 00000000 		.4byte	0
 1957              	.LLST15:
 1958 0241 00000000 		.4byte	.LVL28
 1959 0245 05000000 		.4byte	.LVL29-1
 1960 0249 0100     		.2byte	0x1
 1961 024b 50       		.byte	0x50
 1962 024c 05000000 		.4byte	.LVL29-1
 1963 0250 0C000000 		.4byte	.LFE11
 1964 0254 0400     		.2byte	0x4
 1965 0256 F3       		.byte	0xf3
 1966 0257 01       		.uleb128 0x1
 1967 0258 50       		.byte	0x50
 1968 0259 9F       		.byte	0x9f
 1969 025a 00000000 		.4byte	0
 1970 025e 00000000 		.4byte	0
 1971              	.LLST16:
 1972 0262 00000000 		.4byte	.LVL28
 1973 0266 05000000 		.4byte	.LVL29-1
 1974 026a 0100     		.2byte	0x1
 1975 026c 51       		.byte	0x51
 1976 026d 05000000 		.4byte	.LVL29-1
 1977 0271 0C000000 		.4byte	.LFE11
 1978 0275 0400     		.2byte	0x4
 1979 0277 F3       		.byte	0xf3
 1980 0278 01       		.uleb128 0x1
 1981 0279 51       		.byte	0x51
 1982 027a 9F       		.byte	0x9f
 1983 027b 00000000 		.4byte	0
 1984 027f 00000000 		.4byte	0
 1985              		.section	.debug_aranges,"",%progbits
 1986 0000 7C000000 		.4byte	0x7c
 1987 0004 0200     		.2byte	0x2
 1988 0006 00000000 		.4byte	.Ldebug_info0
 1989 000a 04       		.byte	0x4
 1990 000b 00       		.byte	0
 1991 000c 0000     		.2byte	0
 1992 000e 0000     		.2byte	0
 1993 0010 00000000 		.4byte	.LFB0
 1994 0014 0E000000 		.4byte	.LFE0-.LFB0
 1995 0018 00000000 		.4byte	.LFB1
 1996 001c 1C000000 		.4byte	.LFE1-.LFB1
 1997 0020 00000000 		.4byte	.LFB2
 1998 0024 0C000000 		.4byte	.LFE2-.LFB2
 1999 0028 00000000 		.4byte	.LFB3
 2000 002c 08000000 		.4byte	.LFE3-.LFB3
 2001 0030 00000000 		.4byte	.LFB4
 2002 0034 08000000 		.4byte	.LFE4-.LFB4
 2003 0038 00000000 		.4byte	.LFB5
 2004 003c 08000000 		.4byte	.LFE5-.LFB5
 2005 0040 00000000 		.4byte	.LFB6
 2006 0044 06000000 		.4byte	.LFE6-.LFB6
 2007 0048 00000000 		.4byte	.LFB7
 2008 004c 14000000 		.4byte	.LFE7-.LFB7
 2009 0050 00000000 		.4byte	.LFB8
 2010 0054 5C000000 		.4byte	.LFE8-.LFB8
ARM GAS  C:\Users\youkan\AppData\Local\Temp\ccDQABZg.s 			page 40


 2011 0058 00000000 		.4byte	.LFB12
 2012 005c 14000000 		.4byte	.LFE12-.LFB12
 2013 0060 00000000 		.4byte	.LFB9
 2014 0064 0C000000 		.4byte	.LFE9-.LFB9
 2015 0068 00000000 		.4byte	.LFB10
 2016 006c 0C000000 		.4byte	.LFE10-.LFB10
 2017 0070 00000000 		.4byte	.LFB11
 2018 0074 0C000000 		.4byte	.LFE11-.LFB11
 2019 0078 00000000 		.4byte	0
 2020 007c 00000000 		.4byte	0
 2021              		.section	.debug_ranges,"",%progbits
 2022              	.Ldebug_ranges0:
 2023 0000 00000000 		.4byte	.LFB0
 2024 0004 0E000000 		.4byte	.LFE0
 2025 0008 00000000 		.4byte	.LFB1
 2026 000c 1C000000 		.4byte	.LFE1
 2027 0010 00000000 		.4byte	.LFB2
 2028 0014 0C000000 		.4byte	.LFE2
 2029 0018 00000000 		.4byte	.LFB3
 2030 001c 08000000 		.4byte	.LFE3
 2031 0020 00000000 		.4byte	.LFB4
 2032 0024 08000000 		.4byte	.LFE4
 2033 0028 00000000 		.4byte	.LFB5
 2034 002c 08000000 		.4byte	.LFE5
 2035 0030 00000000 		.4byte	.LFB6
 2036 0034 06000000 		.4byte	.LFE6
 2037 0038 00000000 		.4byte	.LFB7
 2038 003c 14000000 		.4byte	.LFE7
 2039 0040 00000000 		.4byte	.LFB8
 2040 0044 5C000000 		.4byte	.LFE8
 2041 0048 00000000 		.4byte	.LFB12
 2042 004c 14000000 		.4byte	.LFE12
 2043 0050 00000000 		.4byte	.LFB9
 2044 0054 0C000000 		.4byte	.LFE9
 2045 0058 00000000 		.4byte	.LFB10
 2046 005c 0C000000 		.4byte	.LFE10
 2047 0060 00000000 		.4byte	.LFB11
 2048 0064 0C000000 		.4byte	.LFE11
 2049 0068 00000000 		.4byte	0
 2050 006c 00000000 		.4byte	0
 2051              		.section	.debug_line,"",%progbits
 2052              	.Ldebug_line0:
 2053 0000 56010000 		.section	.debug_str,"MS",%progbits,1
 2053      02005200 
 2053      00000201 
 2053      FB0E0D00 
 2053      01010101 
 2054              	.LASF32:
 2055 0000 4572726F 		.ascii	"ErrorCorrection\000"
 2055      72436F72 
 2055      72656374 
 2055      696F6E00 
 2056              	.LASF13:
 2057 0010 5053435F 		.ascii	"PSC_RETtag\000"
 2057      52455474 
 2057      616700
 2058              	.LASF36:
ARM GAS  C:\Users\youkan\AppData\Local\Temp\ccDQABZg.s 			page 41


 2059 001b 5053435F 		.ascii	"PSC_CMD_INTEGRITYtag\000"
 2059      434D445F 
 2059      494E5445 
 2059      47524954 
 2059      59746167 
 2060              	.LASF66:
 2061 0030 7073635F 		.ascii	"psc_cmd_Set_Recv_Header\000"
 2061      636D645F 
 2061      5365745F 
 2061      52656376 
 2061      5F486561 
 2062              	.LASF65:
 2063 0048 7073635F 		.ascii	"psc_cmd_Set_Recv_Data\000"
 2063      636D645F 
 2063      5365745F 
 2063      52656376 
 2063      5F446174 
 2064              	.LASF58:
 2065 005e 70537472 		.ascii	"pStr\000"
 2065      00
 2066              	.LASF8:
 2067 0063 4445565F 		.ascii	"DEV_IDtag\000"
 2067      49447461 
 2067      6700
 2068              	.LASF39:
 2069 006d 636F6D6D 		.ascii	"command\000"
 2069      616E6400 
 2070              	.LASF51:
 2071 0075 5053435F 		.ascii	"PSC_CMD_RCV_PROC\000"
 2071      434D445F 
 2071      5243565F 
 2071      50524F43 
 2071      00
 2072              	.LASF53:
 2073 0086 5053435F 		.ascii	"PSC_CMD_RECV_SETUP\000"
 2073      434D445F 
 2073      52454356 
 2073      5F534554 
 2073      555000
 2074              	.LASF16:
 2075 0099 5053435F 		.ascii	"PSC_RET_INVALID_PARAM\000"
 2075      5245545F 
 2075      494E5641 
 2075      4C49445F 
 2075      50415241 
 2076              	.LASF17:
 2077 00af 5053435F 		.ascii	"PSC_RET_RECV_FAILD\000"
 2077      5245545F 
 2077      52454356 
 2077      5F464149 
 2077      4C4400
 2078              	.LASF26:
 2079 00c2 5053435F 		.ascii	"PSC_CMD_RCV_ST_COMPLETE\000"
 2079      434D445F 
 2079      5243565F 
 2079      53545F43 
 2079      4F4D504C 
ARM GAS  C:\Users\youkan\AppData\Local\Temp\ccDQABZg.s 			page 42


 2080              	.LASF57:
 2081 00da 5053435F 		.ascii	"PSC_CMD_GET_COMMAND\000"
 2081      434D445F 
 2081      4745545F 
 2081      434F4D4D 
 2081      414E4400 
 2082              	.LASF50:
 2083 00ee 70665072 		.ascii	"pfProc\000"
 2083      6F6300
 2084              	.LASF5:
 2085 00f5 5053435F 		.ascii	"PSC_BOOL_TRUE\000"
 2085      424F4F4C 
 2085      5F545255 
 2085      4500
 2086              	.LASF21:
 2087 0103 5053435F 		.ascii	"PSC_CMD_RCV_STATEtag\000"
 2087      434D445F 
 2087      5243565F 
 2087      53544154 
 2087      45746167 
 2088              	.LASF68:
 2089 0118 7073635F 		.ascii	"psc_cmd_Set_Recv_End\000"
 2089      636D645F 
 2089      5365745F 
 2089      52656376 
 2089      5F456E64 
 2090              	.LASF1:
 2091 012d 5053435F 		.ascii	"PSC_CHAR\000"
 2091      43484152 
 2091      00
 2092              	.LASF3:
 2093 0136 756E7369 		.ascii	"unsigned char\000"
 2093      676E6564 
 2093      20636861 
 2093      7200
 2094              	.LASF67:
 2095 0144 7073635F 		.ascii	"psc_cmd_Set_Recv_Body\000"
 2095      636D645F 
 2095      5365745F 
 2095      52656376 
 2095      5F426F64 
 2096              	.LASF47:
 2097 015a 5053435F 		.ascii	"PSC_CMD_RCV_PROCtag\000"
 2097      434D445F 
 2097      5243565F 
 2097      50524F43 
 2097      74616700 
 2098              	.LASF42:
 2099 016e 5053435F 		.ascii	"PSC_CMD_RCV_DATA\000"
 2099      434D445F 
 2099      5243565F 
 2099      44415441 
 2099      00
 2100              	.LASF4:
 2101 017f 5053435F 		.ascii	"PSC_BOOL_FALSE\000"
 2101      424F4F4C 
 2101      5F46414C 
ARM GAS  C:\Users\youkan\AppData\Local\Temp\ccDQABZg.s 			page 43


 2101      534500
 2102              	.LASF28:
 2103 018e 5053435F 		.ascii	"PSC_CMD_RCV_STATE\000"
 2103      434D445F 
 2103      5243565F 
 2103      53544154 
 2103      4500
 2104              	.LASF19:
 2105 01a0 5053435F 		.ascii	"PSC_RET_TIMEOUT\000"
 2105      5245545F 
 2105      54494D45 
 2105      4F555400 
 2106              	.LASF74:
 2107 01b0 73765053 		.ascii	"svPSC_CMD_RCV_STATE\000"
 2107      435F434D 
 2107      445F5243 
 2107      565F5354 
 2107      41544500 
 2108              	.LASF22:
 2109 01c4 5053435F 		.ascii	"PSC_CMD_RCV_ST_INIT\000"
 2109      434D445F 
 2109      5243565F 
 2109      53545F49 
 2109      4E495400 
 2110              	.LASF71:
 2111 01d8 5053435F 		.ascii	"PSC_CMD_API.c\000"
 2111      434D445F 
 2111      4150492E 
 2111      6300
 2112              	.LASF0:
 2113 01e6 5053435F 		.ascii	"PSC_COMMAND\000"
 2113      434F4D4D 
 2113      414E4400 
 2114              	.LASF55:
 2115 01f2 6D656D73 		.ascii	"memset\000"
 2115      657400
 2116              	.LASF72:
 2117 01f9 433A5C55 		.ascii	"C:\\Users\\youkan\\Desktop\\came\\Workspace06\\Desi"
 2117      73657273 
 2117      5C796F75 
 2117      6B616E5C 
 2117      4465736B 
 2118 0226 676E3031 		.ascii	"gn01.cydsn\000"
 2118      2E637964 
 2118      736E00
 2119              	.LASF45:
 2120 0231 44617461 		.ascii	"Data\000"
 2120      00
 2121              	.LASF48:
 2122 0236 53746172 		.ascii	"StartIndex\000"
 2122      74496E64 
 2122      657800
 2123              	.LASF38:
 2124 0241 52656376 		.ascii	"RecvDataSize\000"
 2124      44617461 
 2124      53697A65 
 2124      00
ARM GAS  C:\Users\youkan\AppData\Local\Temp\ccDQABZg.s 			page 44


 2125              	.LASF63:
 2126 024e 5053435F 		.ascii	"PSC_CMD_SET_RECV_DATA\000"
 2126      434D445F 
 2126      5345545F 
 2126      52454356 
 2126      5F444154 
 2127              	.LASF52:
 2128 0264 5053435F 		.ascii	"PSC_CMD_CREATE_CONTEXT\000"
 2128      434D445F 
 2128      43524541 
 2128      54455F43 
 2128      4F4E5445 
 2129              	.LASF11:
 2130 027b 4445565F 		.ascii	"DEV_ID_MAX\000"
 2130      49445F4D 
 2130      415800
 2131              	.LASF20:
 2132 0286 5053435F 		.ascii	"PSC_RET\000"
 2132      52455400 
 2133              	.LASF70:
 2134 028e 474E5520 		.ascii	"GNU C 4.9.3 20150303 (release) [ARM/embedded-4_9-br"
 2134      4320342E 
 2134      392E3320 
 2134      32303135 
 2134      30333033 
 2135 02c1 616E6368 		.ascii	"anch revision 221220] -mcpu=cortex-m3 -mthumb -g -O"
 2135      20726576 
 2135      6973696F 
 2135      6E203232 
 2135      31323230 
 2136 02f4 67202D66 		.ascii	"g -ffunction-sections -ffat-lto-objects\000"
 2136      66756E63 
 2136      74696F6E 
 2136      2D736563 
 2136      74696F6E 
 2137              	.LASF35:
 2138 031c 5053435F 		.ascii	"PSC_CMD_INTEGRITY\000"
 2138      434D445F 
 2138      494E5445 
 2138      47524954 
 2138      5900
 2139              	.LASF15:
 2140 032e 5053435F 		.ascii	"PSC_RET_INTERNAL_ERROR\000"
 2140      5245545F 
 2140      494E5445 
 2140      524E414C 
 2140      5F455252 
 2141              	.LASF2:
 2142 0345 756E7369 		.ascii	"unsigned int\000"
 2142      676E6564 
 2142      20696E74 
 2142      00
 2143              	.LASF46:
 2144 0352 5053435F 		.ascii	"PSC_ST_CMD\000"
 2144      53545F43 
 2144      4D4400
 2145              	.LASF7:
ARM GAS  C:\Users\youkan\AppData\Local\Temp\ccDQABZg.s 			page 45


 2146 035d 5053435F 		.ascii	"PSC_BOOLtag\000"
 2146      424F4F4C 
 2146      74616700 
 2147              	.LASF44:
 2148 0369 6465765F 		.ascii	"dev_id\000"
 2148      696400
 2149              	.LASF31:
 2150 0370 45786563 		.ascii	"Executable\000"
 2150      75746162 
 2150      6C6500
 2151              	.LASF18:
 2152 037b 5053435F 		.ascii	"PSC_RET_PARTY_ERROR\000"
 2152      5245545F 
 2152      50415254 
 2152      595F4552 
 2152      524F5200 
 2153              	.LASF69:
 2154 038f 73736150 		.ascii	"ssaPSC_CMD_RCV_PROC\000"
 2154      53435F43 
 2154      4D445F52 
 2154      43565F50 
 2154      524F4300 
 2155              	.LASF25:
 2156 03a3 5053435F 		.ascii	"PSC_CMD_RCV_ST_END\000"
 2156      434D445F 
 2156      5243565F 
 2156      53545F45 
 2156      4E4400
 2157              	.LASF61:
 2158 03b6 5053435F 		.ascii	"PSC_CMD_SET_COMMAND\000"
 2158      434D445F 
 2158      5345545F 
 2158      434F4D4D 
 2158      414E4400 
 2159              	.LASF14:
 2160 03ca 5053435F 		.ascii	"PSC_RET_SUCCESS\000"
 2160      5245545F 
 2160      53554343 
 2160      45535300 
 2161              	.LASF59:
 2162 03da 5053435F 		.ascii	"PSC_CMD_GET_DEVICE_ID\000"
 2162      434D445F 
 2162      4745545F 
 2162      44455649 
 2162      43455F49 
 2163              	.LASF23:
 2164 03f0 5053435F 		.ascii	"PSC_CMD_RCV_ST_HEADER\000"
 2164      434D445F 
 2164      5243565F 
 2164      53545F48 
 2164      45414445 
 2165              	.LASF24:
 2166 0406 5053435F 		.ascii	"PSC_CMD_RCV_ST_BODY\000"
 2166      434D445F 
 2166      5243565F 
 2166      53545F42 
 2166      4F445900 
ARM GAS  C:\Users\youkan\AppData\Local\Temp\ccDQABZg.s 			page 46


 2167              	.LASF34:
 2168 041a 73697A65 		.ascii	"sizetype\000"
 2168      74797065 
 2168      00
 2169              	.LASF27:
 2170 0423 5053435F 		.ascii	"PSC_CMD_RCV_ST_MAX\000"
 2170      434D445F 
 2170      5243565F 
 2170      53545F4D 
 2170      415800
 2171              	.LASF41:
 2172 0436 496E7465 		.ascii	"Integrity\000"
 2172      67726974 
 2172      7900
 2173              	.LASF64:
 2174 0440 70436861 		.ascii	"pChar\000"
 2174      7200
 2175              	.LASF37:
 2176 0446 5053435F 		.ascii	"PSC_CMD_RCV_DATAtag\000"
 2176      434D445F 
 2176      5243565F 
 2176      44415441 
 2176      74616700 
 2177              	.LASF33:
 2178 045a 50726F70 		.ascii	"PropertyCorruption\000"
 2178      65727479 
 2178      436F7272 
 2178      75707469 
 2178      6F6E00
 2179              	.LASF12:
 2180 046d 4445565F 		.ascii	"DEV_ID\000"
 2180      494400
 2181              	.LASF62:
 2182 0474 6D656D63 		.ascii	"memcpy\000"
 2182      707900
 2183              	.LASF40:
 2184 047b 72656376 		.ascii	"recv_data\000"
 2184      5F646174 
 2184      6100
 2185              	.LASF49:
 2186 0485 456E6449 		.ascii	"EndIndex\000"
 2186      6E646578 
 2186      00
 2187              	.LASF56:
 2188 048e 5053435F 		.ascii	"PSC_CMD_PARSE_COMMAND\000"
 2188      434D445F 
 2188      50415253 
 2188      455F434F 
 2188      4D4D414E 
 2189              	.LASF6:
 2190 04a4 5053435F 		.ascii	"PSC_BOOL\000"
 2190      424F4F4C 
 2190      00
 2191              	.LASF9:
 2192 04ad 4445565F 		.ascii	"DEV_ID_COMM\000"
 2192      49445F43 
 2192      4F4D4D00 
ARM GAS  C:\Users\youkan\AppData\Local\Temp\ccDQABZg.s 			page 47


 2193              	.LASF30:
 2194 04b9 50617269 		.ascii	"Parity\000"
 2194      747900
 2195              	.LASF43:
 2196 04c0 5053435F 		.ascii	"PSC_CMDtag\000"
 2196      434D4474 
 2196      616700
 2197              	.LASF54:
 2198 04cb 70737444 		.ascii	"pstData\000"
 2198      61746100 
 2199              	.LASF73:
 2200 04d3 5053435F 		.ascii	"PSC_CMD_GET_RCV_STATE\000"
 2200      434D445F 
 2200      4745545F 
 2200      5243565F 
 2200      53544154 
 2201              	.LASF60:
 2202 04e9 5053435F 		.ascii	"PSC_CMD_SET_DEVICE_ID\000"
 2202      434D445F 
 2202      5345545F 
 2202      44455649 
 2202      43455F49 
 2203              	.LASF10:
 2204 04ff 4445565F 		.ascii	"DEV_ID_CAM\000"
 2204      49445F43 
 2204      414D00
 2205              	.LASF29:
 2206 050a 52657375 		.ascii	"Result\000"
 2206      6C7400
 2207              		.ident	"GCC: (GNU Tools for ARM Embedded Processors) 4.9.3 20150303 (release) [ARM/embedded-4_9-br
