--------------- Rebuild Started: 03/04/2017 16:49:30 Project: Design01, Configuration: ARM GCC 4.9-2015-q1-update Debug ---------------
Deleting file ".\CortexM3\ARM_GCC_493\Debug\main.o"
Deleting file ".\CortexM3\ARM_GCC_493\Debug\PSC_Communicate.o"
Deleting file ".\CortexM3\ARM_GCC_493\Debug\PSC_Camera.o"
Deleting file ".\CortexM3\ARM_GCC_493\Debug\PSC_MAIN.o"
Deleting file ".\CortexM3\ARM_GCC_493\Debug\PSC_CMD_API.o"
Deleting file ".\CortexM3\ARM_GCC_493\Debug\PSC_Proc_CameraShot.o"
Deleting file ".\CortexM3\ARM_GCC_493\Debug\Debugs.o"
Deleting file ".\CortexM3\ARM_GCC_493\Debug\cyfitter_cfg.o"
Deleting file ".\CortexM3\ARM_GCC_493\Debug\cymetadata.o"
Deleting file ".\CortexM3\ARM_GCC_493\Debug\Cm3Start.o"
Deleting file ".\CortexM3\ARM_GCC_493\Debug\CyBootAsmGnu.o"
Deleting file ".\CortexM3\ARM_GCC_493\Debug\CyDmac.o"
Deleting file ".\CortexM3\ARM_GCC_493\Debug\CyFlash.o"
Deleting file ".\CortexM3\ARM_GCC_493\Debug\CyLib.o"
Deleting file ".\CortexM3\ARM_GCC_493\Debug\cyPm.o"
Deleting file ".\CortexM3\ARM_GCC_493\Debug\CySpc.o"
Deleting file ".\CortexM3\ARM_GCC_493\Debug\cyutils.o"
Deleting file ".\CortexM3\ARM_GCC_493\Debug\UART_TO_COMM.o"
Deleting file ".\CortexM3\ARM_GCC_493\Debug\UART_TO_COMM_PM.o"
Deleting file ".\CortexM3\ARM_GCC_493\Debug\UART_TO_COMM_INT.o"
Deleting file ".\CortexM3\ARM_GCC_493\Debug\UART_TO_COMM_BOOT.o"
Deleting file ".\CortexM3\ARM_GCC_493\Debug\UART_TO_CAMERA.o"
Deleting file ".\CortexM3\ARM_GCC_493\Debug\UART_TO_CAMERA_PM.o"
Deleting file ".\CortexM3\ARM_GCC_493\Debug\UART_TO_CAMERA_INT.o"
Deleting file ".\CortexM3\ARM_GCC_493\Debug\UART_TO_CAMERA_BOOT.o"
Deleting file ".\CortexM3\ARM_GCC_493\Debug\UART_TO_COMM_IntClock.o"
Deleting file ".\CortexM3\ARM_GCC_493\Debug\UART_TO_CAMERA_IntClock.o"
Deleting file ".\CortexM3\ARM_GCC_493\Debug\Comm_Tx_Intr.o"
Deleting file ".\CortexM3\ARM_GCC_493\Debug\Comm_Rx_Intr.o"
Deleting file ".\CortexM3\ARM_GCC_493\Debug\Cam_Tx_Intr.o"
Deleting file ".\CortexM3\ARM_GCC_493\Debug\Cam_Rx_Intr.o"
Deleting file ".\CortexM3\ARM_GCC_493\Debug\UART_TO_DEBUG.o"
Deleting file ".\CortexM3\ARM_GCC_493\Debug\UART_TO_DEBUG_PM.o"
Deleting file ".\CortexM3\ARM_GCC_493\Debug\UART_TO_DEBUG_INT.o"
Deleting file ".\CortexM3\ARM_GCC_493\Debug\UART_TO_DEBUG_BOOT.o"
Deleting file ".\CortexM3\ARM_GCC_493\Debug\UART_TO_DEBUG_IntClock.o"
Deleting file ".\CortexM3\ARM_GCC_493\Debug\Design01.hex"
Deleting file ".\CortexM3\ARM_GCC_493\Debug\Design01.elf"
Deleting file ".\CortexM3\ARM_GCC_493\Debug\Design01.map"
Deleting file ".\Design01.cycdx"
Deleting file ".\Design01.svd"
Deleting file ".\Design01.rpt"
Deleting file ".\Design01_timing.html"
Deleting file ".\CortexM3\ARM_GCC_493\Debug\.deps\SOURCE_C__ARM_GCC_GENERIC.P"
Deleting file ".\CortexM3\ARM_GCC_493\Debug\.deps\SOURCE_ASM__ARM_GCC_GENERIC.P"
cydsfit.exe -.appdatapath "C:\Users\youkan\AppData\Local\Cypress Semiconductor\PSoC Creator\4.0" -.fdsnotice -.fdswarpdepfile=warp_dependencies.txt -.fdselabdepfile=elab_dependencies.txt -.fdsbldfile=generated_files.txt -.fdsreffile=referenced_files.txt -p C:\Users\youkan\Documents\GitHub\camera03\Workspace06\Design01.cydsn\Design01.cyprj -d CY8C5888LTI-LP097 -s C:\Users\youkan\Documents\GitHub\camera03\Workspace06\Design01.cydsn\Generated_Source\PSoC5 -- -yv2 -q10 -ygs -o2 -v3 -.fftcfgtype=LE
Elaborating Design...
HDL Generation...
Synthesis...
Tech Mapping...
Analog Placement...
Analog Routing...
Analog Code Generation...
Digital Placement...
Digital Routing...
Bitstream Generation...
Bitstream Verification...
Static timing analysis...
API Generation...
Dependency Generation...
Cleanup...
arm-none-eabi-gcc.exe -mcpu=cortex-m3 -mthumb -I. -IGenerated_Source\PSoC5 -Wa,-alh=.\CortexM3\ARM_GCC_493\Debug/main.lst -g -D DEBUG -Wall -ffunction-sections -Og -ffat-lto-objects -c main.c -o .\CortexM3\ARM_GCC_493\Debug\main.o
arm-none-eabi-gcc.exe -mcpu=cortex-m3 -mthumb -I. -IGenerated_Source\PSoC5 -Wa,-alh=.\CortexM3\ARM_GCC_493\Debug/PSC_Communicate.lst -g -D DEBUG -Wall -ffunction-sections -Og -ffat-lto-objects -c PSC_Communicate.c -o .\CortexM3\ARM_GCC_493\Debug\PSC_Communicate.o
PSC_Communicate.c: In function 'psc_Comm_GetRecvChar':
PSC_Communicate.c:105:17: warning: unused variable 'i' [-Wunused-variable]
     int         i;
                 ^
PSC_Communicate.c: In function 'PSC_Comm_SndCommand':
PSC_Communicate.c:127:9: warning: unused variable 'i' [-Wunused-variable]
     int i;
         ^
PSC_Communicate.c:126:13: warning: unused variable 'utmpData' [-Wunused-variable]
     uint8   utmpData[SZ_COMMAND];
             ^
PSC_Communicate.c: In function 'psc_Comm_GetRecvChar':
PSC_Communicate.c:118:13: warning: 'tmpData' may be used uninitialized in this function [-Wmaybe-uninitialized]
     *pvData = tmpData;
             ^
arm-none-eabi-gcc.exe -mcpu=cortex-m3 -mthumb -I. -IGenerated_Source\PSoC5 -Wa,-alh=.\CortexM3\ARM_GCC_493\Debug/PSC_Camera.lst -g -D DEBUG -Wall -ffunction-sections -Og -ffat-lto-objects -c PSC_Camera.c -o .\CortexM3\ARM_GCC_493\Debug\PSC_Camera.o
arm-none-eabi-gcc.exe -mcpu=cortex-m3 -mthumb -I. -IGenerated_Source\PSoC5 -Wa,-alh=.\CortexM3\ARM_GCC_493\Debug/PSC_MAIN.lst -g -D DEBUG -Wall -ffunction-sections -Og -ffat-lto-objects -c PSC_MAIN.c -o .\CortexM3\ARM_GCC_493\Debug\PSC_MAIN.o
arm-none-eabi-gcc.exe -mcpu=cortex-m3 -mthumb -I. -IGenerated_Source\PSoC5 -Wa,-alh=.\CortexM3\ARM_GCC_493\Debug/PSC_CMD_API.lst -g -D DEBUG -Wall -ffunction-sections -Og -ffat-lto-objects -c PSC_CMD_API.c -o .\CortexM3\ARM_GCC_493\Debug\PSC_CMD_API.o
PSC_CMD_API.c: In function 'PSC_CMD_CREATE_CONTEXT':
PSC_CMD_API.c:68:5: warning: implicit declaration of function 'memset' [-Wimplicit-function-declaration]
     memset(pstData,0x00,sizeof(PSC_ST_CMD));
     ^
PSC_CMD_API.c:68:5: warning: incompatible implicit declaration of built-in function 'memset'
PSC_CMD_API.c: In function 'PSC_CMD_RECV_SETUP':
PSC_CMD_API.c:75:5: warning: incompatible implicit declaration of built-in function 'memset'
     memset(pstData->Data.recv_data,0x00,sizeof(pstData->Data.recv_data));
     ^
PSC_CMD_API.c: In function 'PSC_CMD_GET_COMMAND':
PSC_CMD_API.c:91:5: warning: implicit declaration of function 'memcpy' [-Wimplicit-function-declaration]
     memcpy(pStr,&pstData->Data.command,sizeof(PSC_COMMAND));
     ^
PSC_CMD_API.c:91:5: warning: incompatible implicit declaration of built-in function 'memcpy'
PSC_CMD_API.c: In function 'PSC_CMD_SET_COMMAND':
PSC_CMD_API.c:109:5: warning: incompatible implicit declaration of built-in function 'memcpy'
     memcpy(&pstData->Data.command,&pStr,sizeof(PSC_COMMAND));
     ^
arm-none-eabi-gcc.exe -mcpu=cortex-m3 -mthumb -I. -IGenerated_Source\PSoC5 -Wa,-alh=.\CortexM3\ARM_GCC_493\Debug/PSC_Proc_CameraShot.lst -g -D DEBUG -Wall -ffunction-sections -Og -ffat-lto-objects -c PSC_Proc_CameraShot.c -o .\CortexM3\ARM_GCC_493\Debug\PSC_Proc_CameraShot.o
In file included from PSC_Proc_CameraShot.c:18:0:
PSC_Camera.h:25:22: warning: 'baurate' defined but not used [-Wunused-variable]
 static unsigned char baurate[]         =  { 0x56, 0x00, 0x24, 0x16, 0x01, 0x2A, 0xF2 };
                      ^
PSC_Camera.h:26:22: warning: 'baurate_size' defined but not used [-Wunused-variable]
 static uint8         baurate_size      = 7;
                      ^
arm-none-eabi-gcc.exe -mcpu=cortex-m3 -mthumb -I. -IGenerated_Source\PSoC5 -Wa,-alh=.\CortexM3\ARM_GCC_493\Debug/Debugs.lst -g -D DEBUG -Wall -ffunction-sections -Og -ffat-lto-objects -c Debugs.c -o .\CortexM3\ARM_GCC_493\Debug\Debugs.o
arm-none-eabi-gcc.exe -mcpu=cortex-m3 -mthumb -I. -IGenerated_Source\PSoC5 -Wa,-alh=.\CortexM3\ARM_GCC_493\Debug/cyfitter_cfg.lst -g -D DEBUG -Wall -ffunction-sections -Og -ffat-lto-objects -c Generated_Source\PSoC5\cyfitter_cfg.c -o .\CortexM3\ARM_GCC_493\Debug\cyfitter_cfg.o
arm-none-eabi-gcc.exe -mcpu=cortex-m3 -mthumb -I. -IGenerated_Source\PSoC5 -Wa,-alh=.\CortexM3\ARM_GCC_493\Debug/cymetadata.lst -g -D DEBUG -Wall -ffunction-sections -Og -ffat-lto-objects -c Generated_Source\PSoC5\cymetadata.c -o .\CortexM3\ARM_GCC_493\Debug\cymetadata.o
arm-none-eabi-gcc.exe -mcpu=cortex-m3 -mthumb -I. -IGenerated_Source\PSoC5 -Wa,-alh=.\CortexM3\ARM_GCC_493\Debug/Cm3Start.lst -g -D DEBUG -Wall -ffunction-sections -Og -ffat-lto-objects -c Generated_Source\PSoC5\Cm3Start.c -o .\CortexM3\ARM_GCC_493\Debug\Cm3Start.o
arm-none-eabi-gcc.exe -mcpu=cortex-m3 -mthumb -I. -IGenerated_Source\PSoC5 -Wa,-alh=.\CortexM3\ARM_GCC_493\Debug/CyDmac.lst -g -D DEBUG -Wall -ffunction-sections -Og -ffat-lto-objects -c Generated_Source\PSoC5\CyDmac.c -o .\CortexM3\ARM_GCC_493\Debug\CyDmac.o
arm-none-eabi-gcc.exe -mcpu=cortex-m3 -mthumb -I. -IGenerated_Source\PSoC5 -Wa,-alh=.\CortexM3\ARM_GCC_493\Debug/CyFlash.lst -g -D DEBUG -Wall -ffunction-sections -Og -ffat-lto-objects -c Generated_Source\PSoC5\CyFlash.c -o .\CortexM3\ARM_GCC_493\Debug\CyFlash.o
arm-none-eabi-gcc.exe -mcpu=cortex-m3 -mthumb -I. -IGenerated_Source\PSoC5 -Wa,-alh=.\CortexM3\ARM_GCC_493\Debug/CyLib.lst -g -D DEBUG -Wall -ffunction-sections -Og -ffat-lto-objects -c Generated_Source\PSoC5\CyLib.c -o .\CortexM3\ARM_GCC_493\Debug\CyLib.o
arm-none-eabi-gcc.exe -mcpu=cortex-m3 -mthumb -I. -IGenerated_Source\PSoC5 -Wa,-alh=.\CortexM3\ARM_GCC_493\Debug/cyPm.lst -g -D DEBUG -Wall -ffunction-sections -Og -ffat-lto-objects -c Generated_Source\PSoC5\cyPm.c -o .\CortexM3\ARM_GCC_493\Debug\cyPm.o
arm-none-eabi-gcc.exe -mcpu=cortex-m3 -mthumb -I. -IGenerated_Source\PSoC5 -Wa,-alh=.\CortexM3\ARM_GCC_493\Debug/CySpc.lst -g -D DEBUG -Wall -ffunction-sections -Og -ffat-lto-objects -c Generated_Source\PSoC5\CySpc.c -o .\CortexM3\ARM_GCC_493\Debug\CySpc.o
arm-none-eabi-gcc.exe -mcpu=cortex-m3 -mthumb -I. -IGenerated_Source\PSoC5 -Wa,-alh=.\CortexM3\ARM_GCC_493\Debug/cyutils.lst -g -D DEBUG -Wall -ffunction-sections -Og -ffat-lto-objects -c Generated_Source\PSoC5\cyutils.c -o .\CortexM3\ARM_GCC_493\Debug\cyutils.o
arm-none-eabi-gcc.exe -mcpu=cortex-m3 -mthumb -I. -IGenerated_Source\PSoC5 -Wa,-alh=.\CortexM3\ARM_GCC_493\Debug/UART_TO_COMM.lst -g -D DEBUG -Wall -ffunction-sections -Og -ffat-lto-objects -c Generated_Source\PSoC5\UART_TO_COMM.c -o .\CortexM3\ARM_GCC_493\Debug\UART_TO_COMM.o
arm-none-eabi-gcc.exe -mcpu=cortex-m3 -mthumb -I. -IGenerated_Source\PSoC5 -Wa,-alh=.\CortexM3\ARM_GCC_493\Debug/UART_TO_COMM_PM.lst -g -D DEBUG -Wall -ffunction-sections -Og -ffat-lto-objects -c Generated_Source\PSoC5\UART_TO_COMM_PM.c -o .\CortexM3\ARM_GCC_493\Debug\UART_TO_COMM_PM.o
arm-none-eabi-gcc.exe -mcpu=cortex-m3 -mthumb -I. -IGenerated_Source\PSoC5 -Wa,-alh=.\CortexM3\ARM_GCC_493\Debug/UART_TO_COMM_INT.lst -g -D DEBUG -Wall -ffunction-sections -Og -ffat-lto-objects -c Generated_Source\PSoC5\UART_TO_COMM_INT.c -o .\CortexM3\ARM_GCC_493\Debug\UART_TO_COMM_INT.o
arm-none-eabi-gcc.exe -mcpu=cortex-m3 -mthumb -I. -IGenerated_Source\PSoC5 -Wa,-alh=.\CortexM3\ARM_GCC_493\Debug/UART_TO_COMM_BOOT.lst -g -D DEBUG -Wall -ffunction-sections -Og -ffat-lto-objects -c Generated_Source\PSoC5\UART_TO_COMM_BOOT.c -o .\CortexM3\ARM_GCC_493\Debug\UART_TO_COMM_BOOT.o
arm-none-eabi-gcc.exe -mcpu=cortex-m3 -mthumb -I. -IGenerated_Source\PSoC5 -Wa,-alh=.\CortexM3\ARM_GCC_493\Debug/UART_TO_CAMERA.lst -g -D DEBUG -Wall -ffunction-sections -Og -ffat-lto-objects -c Generated_Source\PSoC5\UART_TO_CAMERA.c -o .\CortexM3\ARM_GCC_493\Debug\UART_TO_CAMERA.o
arm-none-eabi-gcc.exe -mcpu=cortex-m3 -mthumb -I. -IGenerated_Source\PSoC5 -Wa,-alh=.\CortexM3\ARM_GCC_493\Debug/UART_TO_CAMERA_PM.lst -g -D DEBUG -Wall -ffunction-sections -Og -ffat-lto-objects -c Generated_Source\PSoC5\UART_TO_CAMERA_PM.c -o .\CortexM3\ARM_GCC_493\Debug\UART_TO_CAMERA_PM.o
arm-none-eabi-gcc.exe -mcpu=cortex-m3 -mthumb -I. -IGenerated_Source\PSoC5 -Wa,-alh=.\CortexM3\ARM_GCC_493\Debug/UART_TO_CAMERA_INT.lst -g -D DEBUG -Wall -ffunction-sections -Og -ffat-lto-objects -c Generated_Source\PSoC5\UART_TO_CAMERA_INT.c -o .\CortexM3\ARM_GCC_493\Debug\UART_TO_CAMERA_INT.o
arm-none-eabi-gcc.exe -mcpu=cortex-m3 -mthumb -I. -IGenerated_Source\PSoC5 -Wa,-alh=.\CortexM3\ARM_GCC_493\Debug/UART_TO_CAMERA_BOOT.lst -g -D DEBUG -Wall -ffunction-sections -Og -ffat-lto-objects -c Generated_Source\PSoC5\UART_TO_CAMERA_BOOT.c -o .\CortexM3\ARM_GCC_493\Debug\UART_TO_CAMERA_BOOT.o
arm-none-eabi-gcc.exe -mcpu=cortex-m3 -mthumb -I. -IGenerated_Source\PSoC5 -Wa,-alh=.\CortexM3\ARM_GCC_493\Debug/UART_TO_COMM_IntClock.lst -g -D DEBUG -Wall -ffunction-sections -Og -ffat-lto-objects -c Generated_Source\PSoC5\UART_TO_COMM_IntClock.c -o .\CortexM3\ARM_GCC_493\Debug\UART_TO_COMM_IntClock.o
arm-none-eabi-gcc.exe -mcpu=cortex-m3 -mthumb -I. -IGenerated_Source\PSoC5 -Wa,-alh=.\CortexM3\ARM_GCC_493\Debug/UART_TO_CAMERA_IntClock.lst -g -D DEBUG -Wall -ffunction-sections -Og -ffat-lto-objects -c Generated_Source\PSoC5\UART_TO_CAMERA_IntClock.c -o .\CortexM3\ARM_GCC_493\Debug\UART_TO_CAMERA_IntClock.o
arm-none-eabi-gcc.exe -mcpu=cortex-m3 -mthumb -I. -IGenerated_Source\PSoC5 -Wa,-alh=.\CortexM3\ARM_GCC_493\Debug/Comm_Tx_Intr.lst -g -D DEBUG -Wall -ffunction-sections -Og -ffat-lto-objects -c Generated_Source\PSoC5\Comm_Tx_Intr.c -o .\CortexM3\ARM_GCC_493\Debug\Comm_Tx_Intr.o
arm-none-eabi-gcc.exe -mcpu=cortex-m3 -mthumb -I. -IGenerated_Source\PSoC5 -Wa,-alh=.\CortexM3\ARM_GCC_493\Debug/Comm_Rx_Intr.lst -g -D DEBUG -Wall -ffunction-sections -Og -ffat-lto-objects -c Generated_Source\PSoC5\Comm_Rx_Intr.c -o .\CortexM3\ARM_GCC_493\Debug\Comm_Rx_Intr.o
arm-none-eabi-gcc.exe -mcpu=cortex-m3 -mthumb -I. -IGenerated_Source\PSoC5 -Wa,-alh=.\CortexM3\ARM_GCC_493\Debug/Cam_Tx_Intr.lst -g -D DEBUG -Wall -ffunction-sections -Og -ffat-lto-objects -c Generated_Source\PSoC5\Cam_Tx_Intr.c -o .\CortexM3\ARM_GCC_493\Debug\Cam_Tx_Intr.o
arm-none-eabi-gcc.exe -mcpu=cortex-m3 -mthumb -I. -IGenerated_Source\PSoC5 -Wa,-alh=.\CortexM3\ARM_GCC_493\Debug/Cam_Rx_Intr.lst -g -D DEBUG -Wall -ffunction-sections -Og -ffat-lto-objects -c Generated_Source\PSoC5\Cam_Rx_Intr.c -o .\CortexM3\ARM_GCC_493\Debug\Cam_Rx_Intr.o
arm-none-eabi-gcc.exe -mcpu=cortex-m3 -mthumb -I. -IGenerated_Source\PSoC5 -Wa,-alh=.\CortexM3\ARM_GCC_493\Debug/UART_TO_DEBUG.lst -g -D DEBUG -Wall -ffunction-sections -Og -ffat-lto-objects -c Generated_Source\PSoC5\UART_TO_DEBUG.c -o .\CortexM3\ARM_GCC_493\Debug\UART_TO_DEBUG.o
arm-none-eabi-gcc.exe -mcpu=cortex-m3 -mthumb -I. -IGenerated_Source\PSoC5 -Wa,-alh=.\CortexM3\ARM_GCC_493\Debug/UART_TO_DEBUG_PM.lst -g -D DEBUG -Wall -ffunction-sections -Og -ffat-lto-objects -c Generated_Source\PSoC5\UART_TO_DEBUG_PM.c -o .\CortexM3\ARM_GCC_493\Debug\UART_TO_DEBUG_PM.o
arm-none-eabi-gcc.exe -mcpu=cortex-m3 -mthumb -I. -IGenerated_Source\PSoC5 -Wa,-alh=.\CortexM3\ARM_GCC_493\Debug/UART_TO_DEBUG_INT.lst -g -D DEBUG -Wall -ffunction-sections -Og -ffat-lto-objects -c Generated_Source\PSoC5\UART_TO_DEBUG_INT.c -o .\CortexM3\ARM_GCC_493\Debug\UART_TO_DEBUG_INT.o
arm-none-eabi-gcc.exe -mcpu=cortex-m3 -mthumb -I. -IGenerated_Source\PSoC5 -Wa,-alh=.\CortexM3\ARM_GCC_493\Debug/UART_TO_DEBUG_BOOT.lst -g -D DEBUG -Wall -ffunction-sections -Og -ffat-lto-objects -c Generated_Source\PSoC5\UART_TO_DEBUG_BOOT.c -o .\CortexM3\ARM_GCC_493\Debug\UART_TO_DEBUG_BOOT.o
arm-none-eabi-gcc.exe -mcpu=cortex-m3 -mthumb -I. -IGenerated_Source\PSoC5 -Wa,-alh=.\CortexM3\ARM_GCC_493\Debug/UART_TO_DEBUG_IntClock.lst -g -D DEBUG -Wall -ffunction-sections -Og -ffat-lto-objects -c Generated_Source\PSoC5\UART_TO_DEBUG_IntClock.c -o .\CortexM3\ARM_GCC_493\Debug\UART_TO_DEBUG_IntClock.o
arm-none-eabi-as.exe -mcpu=cortex-m3 -mthumb -I. -IGenerated_Source\PSoC5 -alh=.\CortexM3\ARM_GCC_493\Debug/CyBootAsmGnu.lst -g -W -o .\CortexM3\ARM_GCC_493\Debug\CyBootAsmGnu.o Generated_Source\PSoC5\CyBootAsmGnu.s
arm-none-eabi-ar.exe -rs .\CortexM3\ARM_GCC_493\Debug\Design01.a .\CortexM3\ARM_GCC_493\Debug\cyfitter_cfg.o .\CortexM3\ARM_GCC_493\Debug\CyDmac.o .\CortexM3\ARM_GCC_493\Debug\CyFlash.o .\CortexM3\ARM_GCC_493\Debug\CyLib.o .\CortexM3\ARM_GCC_493\Debug\cyPm.o .\CortexM3\ARM_GCC_493\Debug\CySpc.o .\CortexM3\ARM_GCC_493\Debug\cyutils.o .\CortexM3\ARM_GCC_493\Debug\UART_TO_COMM.o .\CortexM3\ARM_GCC_493\Debug\UART_TO_COMM_PM.o .\CortexM3\ARM_GCC_493\Debug\UART_TO_COMM_INT.o .\CortexM3\ARM_GCC_493\Debug\UART_TO_COMM_BOOT.o .\CortexM3\ARM_GCC_493\Debug\UART_TO_CAMERA.o .\CortexM3\ARM_GCC_493\Debug\UART_TO_CAMERA_PM.o .\CortexM3\ARM_GCC_493\Debug\UART_TO_CAMERA_INT.o .\CortexM3\ARM_GCC_493\Debug\UART_TO_CAMERA_BOOT.o .\CortexM3\ARM_GCC_493\Debug\UART_TO_COMM_IntClock.o .\CortexM3\ARM_GCC_493\Debug\UART_TO_CAMERA_IntClock.o .\CortexM3\ARM_GCC_493\Debug\Comm_Tx_Intr.o .\CortexM3\ARM_GCC_493\Debug\Comm_Rx_Intr.o .\CortexM3\ARM_GCC_493\Debug\Cam_Tx_Intr.o .\CortexM3\ARM_GCC_493\Debug\Cam_Rx_Intr.o .\CortexM3\ARM_GCC_493\Debug\UART_TO_DEBUG.o .\CortexM3\ARM_GCC_493\Debug\UART_TO_DEBUG_PM.o .\CortexM3\ARM_GCC_493\Debug\UART_TO_DEBUG_INT.o .\CortexM3\ARM_GCC_493\Debug\UART_TO_DEBUG_BOOT.o .\CortexM3\ARM_GCC_493\Debug\UART_TO_DEBUG_IntClock.o .\CortexM3\ARM_GCC_493\Debug\CyBootAsmGnu.o
arm-none-eabi-ar.exe: creating .\CortexM3\ARM_GCC_493\Debug\Design01.a
arm-none-eabi-gcc.exe -Wl,--start-group -o .\CortexM3\ARM_GCC_493\Debug\Design01.elf .\CortexM3\ARM_GCC_493\Debug\main.o .\CortexM3\ARM_GCC_493\Debug\PSC_Communicate.o .\CortexM3\ARM_GCC_493\Debug\PSC_Camera.o .\CortexM3\ARM_GCC_493\Debug\PSC_MAIN.o .\CortexM3\ARM_GCC_493\Debug\PSC_CMD_API.o .\CortexM3\ARM_GCC_493\Debug\PSC_Proc_CameraShot.o .\CortexM3\ARM_GCC_493\Debug\Debugs.o .\CortexM3\ARM_GCC_493\Debug\cymetadata.o .\CortexM3\ARM_GCC_493\Debug\Cm3Start.o .\CortexM3\ARM_GCC_493\Debug\Design01.a "C:\Program Files (x86)\Cypress\PSoC Creator\4.0\PSoC Creator\psoc\content\cycomponentlibrary\CyComponentLibrary.cylib\CortexM3\ARM_GCC_493\Debug\CyComponentLibrary.a" -mcpu=cortex-m3 -mthumb -g -ffunction-sections -Og -ffat-lto-objects -L Generated_Source\PSoC5 -Wl,-Map,.\CortexM3\ARM_GCC_493\Debug/Design01.map -T C:\Users\youkan\Documents\GitHub\camera03\Workspace06\Design01.cydsn\Generated_Source\PSoC5\cm3gcc.ld -specs=nano.specs -Wl,--gc-sections -Wl,--end-group
cyelftool.exe -C C:\Users\youkan\Documents\GitHub\camera03\Workspace06\Design01.cydsn\CortexM3\ARM_GCC_493\Debug\Design01.elf --flash_row_size 256 --flash_size 262144
cyelftool.exe -S C:\Users\youkan\Documents\GitHub\camera03\Workspace06\Design01.cydsn\CortexM3\ARM_GCC_493\Debug\Design01.elf
Flash used: 7104 of 262144 bytes (2.7%).
SRAM used: 2893 of 65536 bytes (4.4%). Stack: 2048 bytes. Heap: 128 bytes.
--------------- Rebuild Succeeded: 03/04/2017 16:50:10 ---------------
