ARM GAS  C:\Users\youkan\AppData\Local\Temp\ccow5df9.s 			page 1


   1              		.syntax unified
   2              		.cpu cortex-m3
   3              		.fpu softvfp
   4              		.eabi_attribute 20, 1
   5              		.eabi_attribute 21, 1
   6              		.eabi_attribute 23, 3
   7              		.eabi_attribute 24, 1
   8              		.eabi_attribute 25, 1
   9              		.eabi_attribute 26, 1
  10              		.eabi_attribute 30, 1
  11              		.eabi_attribute 34, 1
  12              		.eabi_attribute 18, 4
  13              		.thumb
  14              		.file	"UART_TO_COMM_INT.c"
  15              		.text
  16              	.Ltext0:
  17              		.cfi_sections	.debug_frame
  18              		.section	.text.UART_TO_COMM_RXISR,"ax",%progbits
  19              		.align	2
  20              		.global	UART_TO_COMM_RXISR
  21              		.thumb
  22              		.thumb_func
  23              		.type	UART_TO_COMM_RXISR, %function
  24              	UART_TO_COMM_RXISR:
  25              	.LFB0:
  26              		.file 1 "Generated_Source\\PSoC5\\UART_TO_COMM_INT.c"
   1:Generated_Source\PSoC5/UART_TO_COMM_INT.c **** /*******************************************************************************
   2:Generated_Source\PSoC5/UART_TO_COMM_INT.c **** * File Name: UART_TO_COMMINT.c
   3:Generated_Source\PSoC5/UART_TO_COMM_INT.c **** * Version 2.50
   4:Generated_Source\PSoC5/UART_TO_COMM_INT.c **** *
   5:Generated_Source\PSoC5/UART_TO_COMM_INT.c **** * Description:
   6:Generated_Source\PSoC5/UART_TO_COMM_INT.c **** *  This file provides all Interrupt Service functionality of the UART component
   7:Generated_Source\PSoC5/UART_TO_COMM_INT.c **** *
   8:Generated_Source\PSoC5/UART_TO_COMM_INT.c **** ********************************************************************************
   9:Generated_Source\PSoC5/UART_TO_COMM_INT.c **** * Copyright 2008-2015, Cypress Semiconductor Corporation.  All rights reserved.
  10:Generated_Source\PSoC5/UART_TO_COMM_INT.c **** * You may use this file only in accordance with the license, terms, conditions,
  11:Generated_Source\PSoC5/UART_TO_COMM_INT.c **** * disclaimers, and limitations in the end user license agreement accompanying
  12:Generated_Source\PSoC5/UART_TO_COMM_INT.c **** * the software package with which this file was provided.
  13:Generated_Source\PSoC5/UART_TO_COMM_INT.c **** *******************************************************************************/
  14:Generated_Source\PSoC5/UART_TO_COMM_INT.c **** 
  15:Generated_Source\PSoC5/UART_TO_COMM_INT.c **** #include "UART_TO_COMM.h"
  16:Generated_Source\PSoC5/UART_TO_COMM_INT.c **** #include "cyapicallbacks.h"
  17:Generated_Source\PSoC5/UART_TO_COMM_INT.c **** 
  18:Generated_Source\PSoC5/UART_TO_COMM_INT.c **** 
  19:Generated_Source\PSoC5/UART_TO_COMM_INT.c **** /***************************************
  20:Generated_Source\PSoC5/UART_TO_COMM_INT.c **** * Custom Declarations
  21:Generated_Source\PSoC5/UART_TO_COMM_INT.c **** ***************************************/
  22:Generated_Source\PSoC5/UART_TO_COMM_INT.c **** /* `#START CUSTOM_DECLARATIONS` Place your declaration here */
  23:Generated_Source\PSoC5/UART_TO_COMM_INT.c **** 
  24:Generated_Source\PSoC5/UART_TO_COMM_INT.c **** /* `#END` */
  25:Generated_Source\PSoC5/UART_TO_COMM_INT.c **** 
  26:Generated_Source\PSoC5/UART_TO_COMM_INT.c **** #if (UART_TO_COMM_RX_INTERRUPT_ENABLED && (UART_TO_COMM_RX_ENABLED || UART_TO_COMM_HD_ENABLED))
  27:Generated_Source\PSoC5/UART_TO_COMM_INT.c ****     /*******************************************************************************
  28:Generated_Source\PSoC5/UART_TO_COMM_INT.c ****     * Function Name: UART_TO_COMM_RXISR
  29:Generated_Source\PSoC5/UART_TO_COMM_INT.c ****     ********************************************************************************
  30:Generated_Source\PSoC5/UART_TO_COMM_INT.c ****     *
  31:Generated_Source\PSoC5/UART_TO_COMM_INT.c ****     * Summary:
ARM GAS  C:\Users\youkan\AppData\Local\Temp\ccow5df9.s 			page 2


  32:Generated_Source\PSoC5/UART_TO_COMM_INT.c ****     *  Interrupt Service Routine for RX portion of the UART
  33:Generated_Source\PSoC5/UART_TO_COMM_INT.c ****     *
  34:Generated_Source\PSoC5/UART_TO_COMM_INT.c ****     * Parameters:
  35:Generated_Source\PSoC5/UART_TO_COMM_INT.c ****     *  None.
  36:Generated_Source\PSoC5/UART_TO_COMM_INT.c ****     *
  37:Generated_Source\PSoC5/UART_TO_COMM_INT.c ****     * Return:
  38:Generated_Source\PSoC5/UART_TO_COMM_INT.c ****     *  None.
  39:Generated_Source\PSoC5/UART_TO_COMM_INT.c ****     *
  40:Generated_Source\PSoC5/UART_TO_COMM_INT.c ****     * Global Variables:
  41:Generated_Source\PSoC5/UART_TO_COMM_INT.c ****     *  UART_TO_COMM_rxBuffer - RAM buffer pointer for save received data.
  42:Generated_Source\PSoC5/UART_TO_COMM_INT.c ****     *  UART_TO_COMM_rxBufferWrite - cyclic index for write to rxBuffer,
  43:Generated_Source\PSoC5/UART_TO_COMM_INT.c ****     *     increments after each byte saved to buffer.
  44:Generated_Source\PSoC5/UART_TO_COMM_INT.c ****     *  UART_TO_COMM_rxBufferRead - cyclic index for read from rxBuffer,
  45:Generated_Source\PSoC5/UART_TO_COMM_INT.c ****     *     checked to detect overflow condition.
  46:Generated_Source\PSoC5/UART_TO_COMM_INT.c ****     *  UART_TO_COMM_rxBufferOverflow - software overflow flag. Set to one
  47:Generated_Source\PSoC5/UART_TO_COMM_INT.c ****     *     when UART_TO_COMM_rxBufferWrite index overtakes
  48:Generated_Source\PSoC5/UART_TO_COMM_INT.c ****     *     UART_TO_COMM_rxBufferRead index.
  49:Generated_Source\PSoC5/UART_TO_COMM_INT.c ****     *  UART_TO_COMM_rxBufferLoopDetect - additional variable to detect overflow.
  50:Generated_Source\PSoC5/UART_TO_COMM_INT.c ****     *     Set to one when UART_TO_COMM_rxBufferWrite is equal to
  51:Generated_Source\PSoC5/UART_TO_COMM_INT.c ****     *    UART_TO_COMM_rxBufferRead
  52:Generated_Source\PSoC5/UART_TO_COMM_INT.c ****     *  UART_TO_COMM_rxAddressMode - this variable contains the Address mode,
  53:Generated_Source\PSoC5/UART_TO_COMM_INT.c ****     *     selected in customizer or set by UART_SetRxAddressMode() API.
  54:Generated_Source\PSoC5/UART_TO_COMM_INT.c ****     *  UART_TO_COMM_rxAddressDetected - set to 1 when correct address received,
  55:Generated_Source\PSoC5/UART_TO_COMM_INT.c ****     *     and analysed to store following addressed data bytes to the buffer.
  56:Generated_Source\PSoC5/UART_TO_COMM_INT.c ****     *     When not correct address received, set to 0 to skip following data bytes.
  57:Generated_Source\PSoC5/UART_TO_COMM_INT.c ****     *
  58:Generated_Source\PSoC5/UART_TO_COMM_INT.c ****     *******************************************************************************/
  59:Generated_Source\PSoC5/UART_TO_COMM_INT.c ****     CY_ISR(UART_TO_COMM_RXISR)
  60:Generated_Source\PSoC5/UART_TO_COMM_INT.c ****     {
  27              		.loc 1 60 0
  28              		.cfi_startproc
  29              		@ args = 0, pretend = 0, frame = 0
  30              		@ frame_needed = 0, uses_anonymous_args = 0
  31              		@ link register save eliminated.
  32              	.L6:
  61:Generated_Source\PSoC5/UART_TO_COMM_INT.c ****         uint8 readData;
  62:Generated_Source\PSoC5/UART_TO_COMM_INT.c ****         uint8 readStatus;
  63:Generated_Source\PSoC5/UART_TO_COMM_INT.c ****         uint8 increment_pointer = 0u;
  64:Generated_Source\PSoC5/UART_TO_COMM_INT.c **** 
  65:Generated_Source\PSoC5/UART_TO_COMM_INT.c ****     #if(CY_PSOC3)
  66:Generated_Source\PSoC5/UART_TO_COMM_INT.c ****         uint8 int_en;
  67:Generated_Source\PSoC5/UART_TO_COMM_INT.c ****     #endif /* (CY_PSOC3) */
  68:Generated_Source\PSoC5/UART_TO_COMM_INT.c **** 
  69:Generated_Source\PSoC5/UART_TO_COMM_INT.c ****     #ifdef UART_TO_COMM_RXISR_ENTRY_CALLBACK
  70:Generated_Source\PSoC5/UART_TO_COMM_INT.c ****         UART_TO_COMM_RXISR_EntryCallback();
  71:Generated_Source\PSoC5/UART_TO_COMM_INT.c ****     #endif /* UART_TO_COMM_RXISR_ENTRY_CALLBACK */
  72:Generated_Source\PSoC5/UART_TO_COMM_INT.c **** 
  73:Generated_Source\PSoC5/UART_TO_COMM_INT.c ****         /* User code required at start of ISR */
  74:Generated_Source\PSoC5/UART_TO_COMM_INT.c ****         /* `#START UART_TO_COMM_RXISR_START` */
  75:Generated_Source\PSoC5/UART_TO_COMM_INT.c **** 
  76:Generated_Source\PSoC5/UART_TO_COMM_INT.c ****         /* `#END` */
  77:Generated_Source\PSoC5/UART_TO_COMM_INT.c **** 
  78:Generated_Source\PSoC5/UART_TO_COMM_INT.c ****     #if(CY_PSOC3)   /* Make sure nested interrupt is enabled */
  79:Generated_Source\PSoC5/UART_TO_COMM_INT.c ****         int_en = EA;
  80:Generated_Source\PSoC5/UART_TO_COMM_INT.c ****         CyGlobalIntEnable;
  81:Generated_Source\PSoC5/UART_TO_COMM_INT.c ****     #endif /* (CY_PSOC3) */
  82:Generated_Source\PSoC5/UART_TO_COMM_INT.c **** 
ARM GAS  C:\Users\youkan\AppData\Local\Temp\ccow5df9.s 			page 3


  83:Generated_Source\PSoC5/UART_TO_COMM_INT.c ****         do
  84:Generated_Source\PSoC5/UART_TO_COMM_INT.c ****         {
  85:Generated_Source\PSoC5/UART_TO_COMM_INT.c ****             /* Read receiver status register */
  86:Generated_Source\PSoC5/UART_TO_COMM_INT.c ****             readStatus = UART_TO_COMM_RXSTATUS_REG;
  33              		.loc 1 86 0
  34 0000 1C4B     		ldr	r3, .L7
  35 0002 1B78     		ldrb	r3, [r3]	@ zero_extendqisi2
  36 0004 DBB2     		uxtb	r3, r3
  37              	.LVL0:
  87:Generated_Source\PSoC5/UART_TO_COMM_INT.c ****             /* Copy the same status to readData variable for backward compatibility support 
  88:Generated_Source\PSoC5/UART_TO_COMM_INT.c ****             *  of the user code in UART_TO_COMM_RXISR_ERROR` section. 
  89:Generated_Source\PSoC5/UART_TO_COMM_INT.c ****             */
  90:Generated_Source\PSoC5/UART_TO_COMM_INT.c ****             readData = readStatus;
  91:Generated_Source\PSoC5/UART_TO_COMM_INT.c **** 
  92:Generated_Source\PSoC5/UART_TO_COMM_INT.c ****             if((readStatus & (UART_TO_COMM_RX_STS_BREAK | 
  38              		.loc 1 92 0
  39 0006 13F01E0F 		tst	r3, #30
  40 000a 05D0     		beq	.L2
  93:Generated_Source\PSoC5/UART_TO_COMM_INT.c ****                             UART_TO_COMM_RX_STS_PAR_ERROR |
  94:Generated_Source\PSoC5/UART_TO_COMM_INT.c ****                             UART_TO_COMM_RX_STS_STOP_ERROR | 
  95:Generated_Source\PSoC5/UART_TO_COMM_INT.c ****                             UART_TO_COMM_RX_STS_OVERRUN)) != 0u)
  96:Generated_Source\PSoC5/UART_TO_COMM_INT.c ****             {
  97:Generated_Source\PSoC5/UART_TO_COMM_INT.c ****                 /* ERROR handling. */
  98:Generated_Source\PSoC5/UART_TO_COMM_INT.c ****                 UART_TO_COMM_errorStatus |= readStatus & ( UART_TO_COMM_RX_STS_BREAK | 
  41              		.loc 1 98 0
  42 000c 1A48     		ldr	r0, .L7+4
  43 000e 03F01E02 		and	r2, r3, #30
  44 0012 0178     		ldrb	r1, [r0]	@ zero_extendqisi2
  45 0014 0A43     		orrs	r2, r2, r1
  46 0016 0270     		strb	r2, [r0]
  47              	.L2:
  99:Generated_Source\PSoC5/UART_TO_COMM_INT.c ****                                                             UART_TO_COMM_RX_STS_PAR_ERROR | 
 100:Generated_Source\PSoC5/UART_TO_COMM_INT.c ****                                                             UART_TO_COMM_RX_STS_STOP_ERROR | 
 101:Generated_Source\PSoC5/UART_TO_COMM_INT.c ****                                                             UART_TO_COMM_RX_STS_OVERRUN);
 102:Generated_Source\PSoC5/UART_TO_COMM_INT.c ****                 /* `#START UART_TO_COMM_RXISR_ERROR` */
 103:Generated_Source\PSoC5/UART_TO_COMM_INT.c **** 
 104:Generated_Source\PSoC5/UART_TO_COMM_INT.c ****                 /* `#END` */
 105:Generated_Source\PSoC5/UART_TO_COMM_INT.c ****                 
 106:Generated_Source\PSoC5/UART_TO_COMM_INT.c ****             #ifdef UART_TO_COMM_RXISR_ERROR_CALLBACK
 107:Generated_Source\PSoC5/UART_TO_COMM_INT.c ****                 UART_TO_COMM_RXISR_ERROR_Callback();
 108:Generated_Source\PSoC5/UART_TO_COMM_INT.c ****             #endif /* UART_TO_COMM_RXISR_ERROR_CALLBACK */
 109:Generated_Source\PSoC5/UART_TO_COMM_INT.c ****             }
 110:Generated_Source\PSoC5/UART_TO_COMM_INT.c ****             
 111:Generated_Source\PSoC5/UART_TO_COMM_INT.c ****             if((readStatus & UART_TO_COMM_RX_STS_FIFO_NOTEMPTY) != 0u)
  48              		.loc 1 111 0
  49 0018 03F02003 		and	r3, r3, #32
  50              	.LVL1:
  51 001c 03F0FF02 		and	r2, r3, #255
  52 0020 2BB3     		cbz	r3, .L3
 112:Generated_Source\PSoC5/UART_TO_COMM_INT.c ****             {
 113:Generated_Source\PSoC5/UART_TO_COMM_INT.c ****                 /* Read data from the RX data register */
 114:Generated_Source\PSoC5/UART_TO_COMM_INT.c ****                 readData = UART_TO_COMM_RXDATA_REG;
  53              		.loc 1 114 0
  54 0022 164B     		ldr	r3, .L7+8
  55 0024 1978     		ldrb	r1, [r3]	@ zero_extendqisi2
  56 0026 C9B2     		uxtb	r1, r1
  57              	.LVL2:
ARM GAS  C:\Users\youkan\AppData\Local\Temp\ccow5df9.s 			page 4


 115:Generated_Source\PSoC5/UART_TO_COMM_INT.c ****             #if (UART_TO_COMM_RXHW_ADDRESS_ENABLED)
 116:Generated_Source\PSoC5/UART_TO_COMM_INT.c ****                 if(UART_TO_COMM_rxAddressMode == (uint8)UART_TO_COMM__B_UART__AM_SW_DETECT_TO_BUFFE
 117:Generated_Source\PSoC5/UART_TO_COMM_INT.c ****                 {
 118:Generated_Source\PSoC5/UART_TO_COMM_INT.c ****                     if((readStatus & UART_TO_COMM_RX_STS_MRKSPC) != 0u)
 119:Generated_Source\PSoC5/UART_TO_COMM_INT.c ****                     {
 120:Generated_Source\PSoC5/UART_TO_COMM_INT.c ****                         if ((readStatus & UART_TO_COMM_RX_STS_ADDR_MATCH) != 0u)
 121:Generated_Source\PSoC5/UART_TO_COMM_INT.c ****                         {
 122:Generated_Source\PSoC5/UART_TO_COMM_INT.c ****                             UART_TO_COMM_rxAddressDetected = 1u;
 123:Generated_Source\PSoC5/UART_TO_COMM_INT.c ****                         }
 124:Generated_Source\PSoC5/UART_TO_COMM_INT.c ****                         else
 125:Generated_Source\PSoC5/UART_TO_COMM_INT.c ****                         {
 126:Generated_Source\PSoC5/UART_TO_COMM_INT.c ****                             UART_TO_COMM_rxAddressDetected = 0u;
 127:Generated_Source\PSoC5/UART_TO_COMM_INT.c ****                         }
 128:Generated_Source\PSoC5/UART_TO_COMM_INT.c ****                     }
 129:Generated_Source\PSoC5/UART_TO_COMM_INT.c ****                     if(UART_TO_COMM_rxAddressDetected != 0u)
 130:Generated_Source\PSoC5/UART_TO_COMM_INT.c ****                     {   /* Store only addressed data */
 131:Generated_Source\PSoC5/UART_TO_COMM_INT.c ****                         UART_TO_COMM_rxBuffer[UART_TO_COMM_rxBufferWrite] = readData;
 132:Generated_Source\PSoC5/UART_TO_COMM_INT.c ****                         increment_pointer = 1u;
 133:Generated_Source\PSoC5/UART_TO_COMM_INT.c ****                     }
 134:Generated_Source\PSoC5/UART_TO_COMM_INT.c ****                 }
 135:Generated_Source\PSoC5/UART_TO_COMM_INT.c ****                 else /* Without software addressing */
 136:Generated_Source\PSoC5/UART_TO_COMM_INT.c ****                 {
 137:Generated_Source\PSoC5/UART_TO_COMM_INT.c ****                     UART_TO_COMM_rxBuffer[UART_TO_COMM_rxBufferWrite] = readData;
 138:Generated_Source\PSoC5/UART_TO_COMM_INT.c ****                     increment_pointer = 1u;
 139:Generated_Source\PSoC5/UART_TO_COMM_INT.c ****                 }
 140:Generated_Source\PSoC5/UART_TO_COMM_INT.c ****             #else  /* Without addressing */
 141:Generated_Source\PSoC5/UART_TO_COMM_INT.c ****                 UART_TO_COMM_rxBuffer[UART_TO_COMM_rxBufferWrite] = readData;
  58              		.loc 1 141 0
  59 0028 154B     		ldr	r3, .L7+12
  60 002a 1B78     		ldrb	r3, [r3]	@ zero_extendqisi2
  61 002c DBB2     		uxtb	r3, r3
  62 002e 1548     		ldr	r0, .L7+16
  63 0030 C154     		strb	r1, [r0, r3]
  64              	.LVL3:
 142:Generated_Source\PSoC5/UART_TO_COMM_INT.c ****                 increment_pointer = 1u;
 143:Generated_Source\PSoC5/UART_TO_COMM_INT.c ****             #endif /* (UART_TO_COMM_RXHW_ADDRESS_ENABLED) */
 144:Generated_Source\PSoC5/UART_TO_COMM_INT.c **** 
 145:Generated_Source\PSoC5/UART_TO_COMM_INT.c ****                 /* Do not increment buffer pointer when skip not addressed data */
 146:Generated_Source\PSoC5/UART_TO_COMM_INT.c ****                 if(increment_pointer != 0u)
 147:Generated_Source\PSoC5/UART_TO_COMM_INT.c ****                 {
 148:Generated_Source\PSoC5/UART_TO_COMM_INT.c ****                     if(UART_TO_COMM_rxBufferLoopDetect != 0u)
  65              		.loc 1 148 0
  66 0032 154B     		ldr	r3, .L7+20
  67 0034 1B78     		ldrb	r3, [r3]	@ zero_extendqisi2
  68 0036 13F0FF0F 		tst	r3, #255
  69 003a 02D0     		beq	.L4
 149:Generated_Source\PSoC5/UART_TO_COMM_INT.c ****                     {   /* Set Software Buffer status Overflow */
 150:Generated_Source\PSoC5/UART_TO_COMM_INT.c ****                         UART_TO_COMM_rxBufferOverflow = 1u;
  70              		.loc 1 150 0
  71 003c 0121     		movs	r1, #1
  72              	.LVL4:
  73 003e 134B     		ldr	r3, .L7+24
  74 0040 1970     		strb	r1, [r3]
  75              	.L4:
 151:Generated_Source\PSoC5/UART_TO_COMM_INT.c ****                     }
 152:Generated_Source\PSoC5/UART_TO_COMM_INT.c ****                     /* Set next pointer. */
 153:Generated_Source\PSoC5/UART_TO_COMM_INT.c ****                     UART_TO_COMM_rxBufferWrite++;
ARM GAS  C:\Users\youkan\AppData\Local\Temp\ccow5df9.s 			page 5


  76              		.loc 1 153 0
  77 0042 0F49     		ldr	r1, .L7+12
  78 0044 0B78     		ldrb	r3, [r1]	@ zero_extendqisi2
  79 0046 0133     		adds	r3, r3, #1
  80 0048 DBB2     		uxtb	r3, r3
  81 004a 0B70     		strb	r3, [r1]
 154:Generated_Source\PSoC5/UART_TO_COMM_INT.c **** 
 155:Generated_Source\PSoC5/UART_TO_COMM_INT.c ****                     /* Check pointer for a loop condition */
 156:Generated_Source\PSoC5/UART_TO_COMM_INT.c ****                     if(UART_TO_COMM_rxBufferWrite >= UART_TO_COMM_RX_BUFFER_SIZE)
  82              		.loc 1 156 0
  83 004c 0B78     		ldrb	r3, [r1]	@ zero_extendqisi2
  84 004e DBB2     		uxtb	r3, r3
  85 0050 232B     		cmp	r3, #35
  86 0052 02D9     		bls	.L5
 157:Generated_Source\PSoC5/UART_TO_COMM_INT.c ****                     {
 158:Generated_Source\PSoC5/UART_TO_COMM_INT.c ****                         UART_TO_COMM_rxBufferWrite = 0u;
  87              		.loc 1 158 0
  88 0054 0021     		movs	r1, #0
  89 0056 0A4B     		ldr	r3, .L7+12
  90 0058 1970     		strb	r1, [r3]
  91              	.L5:
 159:Generated_Source\PSoC5/UART_TO_COMM_INT.c ****                     }
 160:Generated_Source\PSoC5/UART_TO_COMM_INT.c **** 
 161:Generated_Source\PSoC5/UART_TO_COMM_INT.c ****                     /* Detect pre-overload condition and set flag */
 162:Generated_Source\PSoC5/UART_TO_COMM_INT.c ****                     if(UART_TO_COMM_rxBufferWrite == UART_TO_COMM_rxBufferRead)
  92              		.loc 1 162 0
  93 005a 094B     		ldr	r3, .L7+12
  94 005c 1B78     		ldrb	r3, [r3]	@ zero_extendqisi2
  95 005e 0C49     		ldr	r1, .L7+28
  96 0060 0978     		ldrb	r1, [r1]	@ zero_extendqisi2
  97 0062 DBB2     		uxtb	r3, r3
  98 0064 8B42     		cmp	r3, r1
  99 0066 02D1     		bne	.L3
 163:Generated_Source\PSoC5/UART_TO_COMM_INT.c ****                     {
 164:Generated_Source\PSoC5/UART_TO_COMM_INT.c ****                         UART_TO_COMM_rxBufferLoopDetect = 1u;
 100              		.loc 1 164 0
 101 0068 0121     		movs	r1, #1
 102 006a 074B     		ldr	r3, .L7+20
 103 006c 1970     		strb	r1, [r3]
 104              	.LVL5:
 105              	.L3:
 165:Generated_Source\PSoC5/UART_TO_COMM_INT.c ****                         /* When Hardware Flow Control selected */
 166:Generated_Source\PSoC5/UART_TO_COMM_INT.c ****                         #if (UART_TO_COMM_FLOW_CONTROL != 0u)
 167:Generated_Source\PSoC5/UART_TO_COMM_INT.c ****                             /* Disable RX interrupt mask, it is enabled when user read data from th
 168:Generated_Source\PSoC5/UART_TO_COMM_INT.c ****                             UART_TO_COMM_RXSTATUS_MASK_REG  &= (uint8)~UART_TO_COMM_RX_STS_FIFO_NOT
 169:Generated_Source\PSoC5/UART_TO_COMM_INT.c ****                             CyIntClearPending(UART_TO_COMM_RX_VECT_NUM);
 170:Generated_Source\PSoC5/UART_TO_COMM_INT.c ****                             break; /* Break the reading of the FIFO loop, leave the data there for 
 171:Generated_Source\PSoC5/UART_TO_COMM_INT.c ****                         #endif /* (UART_TO_COMM_FLOW_CONTROL != 0u) */
 172:Generated_Source\PSoC5/UART_TO_COMM_INT.c ****                     }
 173:Generated_Source\PSoC5/UART_TO_COMM_INT.c ****                 }
 174:Generated_Source\PSoC5/UART_TO_COMM_INT.c ****             }
 175:Generated_Source\PSoC5/UART_TO_COMM_INT.c ****         }while((readStatus & UART_TO_COMM_RX_STS_FIFO_NOTEMPTY) != 0u);
 106              		.loc 1 175 0
 107 006e 002A     		cmp	r2, #0
 108 0070 C6D1     		bne	.L6
 176:Generated_Source\PSoC5/UART_TO_COMM_INT.c **** 
 177:Generated_Source\PSoC5/UART_TO_COMM_INT.c ****         /* User code required at end of ISR (Optional) */
ARM GAS  C:\Users\youkan\AppData\Local\Temp\ccow5df9.s 			page 6


 178:Generated_Source\PSoC5/UART_TO_COMM_INT.c ****         /* `#START UART_TO_COMM_RXISR_END` */
 179:Generated_Source\PSoC5/UART_TO_COMM_INT.c **** 
 180:Generated_Source\PSoC5/UART_TO_COMM_INT.c ****         /* `#END` */
 181:Generated_Source\PSoC5/UART_TO_COMM_INT.c **** 
 182:Generated_Source\PSoC5/UART_TO_COMM_INT.c ****     #ifdef UART_TO_COMM_RXISR_EXIT_CALLBACK
 183:Generated_Source\PSoC5/UART_TO_COMM_INT.c ****         UART_TO_COMM_RXISR_ExitCallback();
 184:Generated_Source\PSoC5/UART_TO_COMM_INT.c ****     #endif /* UART_TO_COMM_RXISR_EXIT_CALLBACK */
 185:Generated_Source\PSoC5/UART_TO_COMM_INT.c **** 
 186:Generated_Source\PSoC5/UART_TO_COMM_INT.c ****     #if(CY_PSOC3)
 187:Generated_Source\PSoC5/UART_TO_COMM_INT.c ****         EA = int_en;
 188:Generated_Source\PSoC5/UART_TO_COMM_INT.c ****     #endif /* (CY_PSOC3) */
 189:Generated_Source\PSoC5/UART_TO_COMM_INT.c ****     }
 109              		.loc 1 189 0
 110 0072 7047     		bx	lr
 111              	.L8:
 112              		.align	2
 113              	.L7:
 114 0074 64650040 		.word	1073767780
 115 0078 00000000 		.word	UART_TO_COMM_errorStatus
 116 007c 47640040 		.word	1073767495
 117 0080 00000000 		.word	UART_TO_COMM_rxBufferWrite
 118 0084 00000000 		.word	UART_TO_COMM_rxBuffer
 119 0088 00000000 		.word	UART_TO_COMM_rxBufferLoopDetect
 120 008c 00000000 		.word	UART_TO_COMM_rxBufferOverflow
 121 0090 00000000 		.word	UART_TO_COMM_rxBufferRead
 122              		.cfi_endproc
 123              	.LFE0:
 124              		.size	UART_TO_COMM_RXISR, .-UART_TO_COMM_RXISR
 125              		.section	.text.UART_TO_COMM_TXISR,"ax",%progbits
 126              		.align	2
 127              		.global	UART_TO_COMM_TXISR
 128              		.thumb
 129              		.thumb_func
 130              		.type	UART_TO_COMM_TXISR, %function
 131              	UART_TO_COMM_TXISR:
 132              	.LFB1:
 190:Generated_Source\PSoC5/UART_TO_COMM_INT.c ****     
 191:Generated_Source\PSoC5/UART_TO_COMM_INT.c **** #endif /* (UART_TO_COMM_RX_INTERRUPT_ENABLED && (UART_TO_COMM_RX_ENABLED || UART_TO_COMM_HD_ENABLED
 192:Generated_Source\PSoC5/UART_TO_COMM_INT.c **** 
 193:Generated_Source\PSoC5/UART_TO_COMM_INT.c **** 
 194:Generated_Source\PSoC5/UART_TO_COMM_INT.c **** #if (UART_TO_COMM_TX_INTERRUPT_ENABLED && UART_TO_COMM_TX_ENABLED)
 195:Generated_Source\PSoC5/UART_TO_COMM_INT.c ****     /*******************************************************************************
 196:Generated_Source\PSoC5/UART_TO_COMM_INT.c ****     * Function Name: UART_TO_COMM_TXISR
 197:Generated_Source\PSoC5/UART_TO_COMM_INT.c ****     ********************************************************************************
 198:Generated_Source\PSoC5/UART_TO_COMM_INT.c ****     *
 199:Generated_Source\PSoC5/UART_TO_COMM_INT.c ****     * Summary:
 200:Generated_Source\PSoC5/UART_TO_COMM_INT.c ****     * Interrupt Service Routine for the TX portion of the UART
 201:Generated_Source\PSoC5/UART_TO_COMM_INT.c ****     *
 202:Generated_Source\PSoC5/UART_TO_COMM_INT.c ****     * Parameters:
 203:Generated_Source\PSoC5/UART_TO_COMM_INT.c ****     *  None.
 204:Generated_Source\PSoC5/UART_TO_COMM_INT.c ****     *
 205:Generated_Source\PSoC5/UART_TO_COMM_INT.c ****     * Return:
 206:Generated_Source\PSoC5/UART_TO_COMM_INT.c ****     *  None.
 207:Generated_Source\PSoC5/UART_TO_COMM_INT.c ****     *
 208:Generated_Source\PSoC5/UART_TO_COMM_INT.c ****     * Global Variables:
 209:Generated_Source\PSoC5/UART_TO_COMM_INT.c ****     *  UART_TO_COMM_txBuffer - RAM buffer pointer for transmit data from.
 210:Generated_Source\PSoC5/UART_TO_COMM_INT.c ****     *  UART_TO_COMM_txBufferRead - cyclic index for read and transmit data
ARM GAS  C:\Users\youkan\AppData\Local\Temp\ccow5df9.s 			page 7


 211:Generated_Source\PSoC5/UART_TO_COMM_INT.c ****     *     from txBuffer, increments after each transmitted byte.
 212:Generated_Source\PSoC5/UART_TO_COMM_INT.c ****     *  UART_TO_COMM_rxBufferWrite - cyclic index for write to txBuffer,
 213:Generated_Source\PSoC5/UART_TO_COMM_INT.c ****     *     checked to detect available for transmission bytes.
 214:Generated_Source\PSoC5/UART_TO_COMM_INT.c ****     *
 215:Generated_Source\PSoC5/UART_TO_COMM_INT.c ****     *******************************************************************************/
 216:Generated_Source\PSoC5/UART_TO_COMM_INT.c ****     CY_ISR(UART_TO_COMM_TXISR)
 217:Generated_Source\PSoC5/UART_TO_COMM_INT.c ****     {
 133              		.loc 1 217 0
 134              		.cfi_startproc
 135              		@ args = 0, pretend = 0, frame = 0
 136              		@ frame_needed = 0, uses_anonymous_args = 0
 137              		@ link register save eliminated.
 218:Generated_Source\PSoC5/UART_TO_COMM_INT.c ****     #if(CY_PSOC3)
 219:Generated_Source\PSoC5/UART_TO_COMM_INT.c ****         uint8 int_en;
 220:Generated_Source\PSoC5/UART_TO_COMM_INT.c ****     #endif /* (CY_PSOC3) */
 221:Generated_Source\PSoC5/UART_TO_COMM_INT.c **** 
 222:Generated_Source\PSoC5/UART_TO_COMM_INT.c ****     #ifdef UART_TO_COMM_TXISR_ENTRY_CALLBACK
 223:Generated_Source\PSoC5/UART_TO_COMM_INT.c ****         UART_TO_COMM_TXISR_EntryCallback();
 224:Generated_Source\PSoC5/UART_TO_COMM_INT.c ****     #endif /* UART_TO_COMM_TXISR_ENTRY_CALLBACK */
 225:Generated_Source\PSoC5/UART_TO_COMM_INT.c **** 
 226:Generated_Source\PSoC5/UART_TO_COMM_INT.c ****         /* User code required at start of ISR */
 227:Generated_Source\PSoC5/UART_TO_COMM_INT.c ****         /* `#START UART_TO_COMM_TXISR_START` */
 228:Generated_Source\PSoC5/UART_TO_COMM_INT.c **** 
 229:Generated_Source\PSoC5/UART_TO_COMM_INT.c ****         /* `#END` */
 230:Generated_Source\PSoC5/UART_TO_COMM_INT.c **** 
 231:Generated_Source\PSoC5/UART_TO_COMM_INT.c ****     #if(CY_PSOC3)   /* Make sure nested interrupt is enabled */
 232:Generated_Source\PSoC5/UART_TO_COMM_INT.c ****         int_en = EA;
 233:Generated_Source\PSoC5/UART_TO_COMM_INT.c ****         CyGlobalIntEnable;
 234:Generated_Source\PSoC5/UART_TO_COMM_INT.c ****     #endif /* (CY_PSOC3) */
 235:Generated_Source\PSoC5/UART_TO_COMM_INT.c **** 
 236:Generated_Source\PSoC5/UART_TO_COMM_INT.c ****         while((UART_TO_COMM_txBufferRead != UART_TO_COMM_txBufferWrite) &&
 138              		.loc 1 236 0
 139 0000 13E0     		b	.L10
 140              	.L13:
 237:Generated_Source\PSoC5/UART_TO_COMM_INT.c ****              ((UART_TO_COMM_TXSTATUS_REG & UART_TO_COMM_TX_STS_FIFO_FULL) == 0u))
 238:Generated_Source\PSoC5/UART_TO_COMM_INT.c ****         {
 239:Generated_Source\PSoC5/UART_TO_COMM_INT.c ****             /* Check pointer wrap around */
 240:Generated_Source\PSoC5/UART_TO_COMM_INT.c ****             if(UART_TO_COMM_txBufferRead >= UART_TO_COMM_TX_BUFFER_SIZE)
 141              		.loc 1 240 0
 142 0002 104B     		ldr	r3, .L14
 143 0004 1B78     		ldrb	r3, [r3]	@ zero_extendqisi2
 144 0006 DBB2     		uxtb	r3, r3
 145 0008 232B     		cmp	r3, #35
 146 000a 02D9     		bls	.L11
 241:Generated_Source\PSoC5/UART_TO_COMM_INT.c ****             {
 242:Generated_Source\PSoC5/UART_TO_COMM_INT.c ****                 UART_TO_COMM_txBufferRead = 0u;
 147              		.loc 1 242 0
 148 000c 0022     		movs	r2, #0
 149 000e 0D4B     		ldr	r3, .L14
 150 0010 1A70     		strb	r2, [r3]
 151              	.L11:
 243:Generated_Source\PSoC5/UART_TO_COMM_INT.c ****             }
 244:Generated_Source\PSoC5/UART_TO_COMM_INT.c **** 
 245:Generated_Source\PSoC5/UART_TO_COMM_INT.c ****             UART_TO_COMM_TXDATA_REG = UART_TO_COMM_txBuffer[UART_TO_COMM_txBufferRead];
 152              		.loc 1 245 0
 153 0012 0C4A     		ldr	r2, .L14
 154 0014 1378     		ldrb	r3, [r2]	@ zero_extendqisi2
ARM GAS  C:\Users\youkan\AppData\Local\Temp\ccow5df9.s 			page 8


 155 0016 DBB2     		uxtb	r3, r3
 156 0018 0B49     		ldr	r1, .L14+4
 157 001a CB5C     		ldrb	r3, [r1, r3]	@ zero_extendqisi2
 158 001c DBB2     		uxtb	r3, r3
 159 001e 0B49     		ldr	r1, .L14+8
 160 0020 0B70     		strb	r3, [r1]
 246:Generated_Source\PSoC5/UART_TO_COMM_INT.c **** 
 247:Generated_Source\PSoC5/UART_TO_COMM_INT.c ****             /* Set next pointer */
 248:Generated_Source\PSoC5/UART_TO_COMM_INT.c ****             UART_TO_COMM_txBufferRead++;
 161              		.loc 1 248 0
 162 0022 1378     		ldrb	r3, [r2]	@ zero_extendqisi2
 163 0024 0133     		adds	r3, r3, #1
 164 0026 DBB2     		uxtb	r3, r3
 165 0028 1370     		strb	r3, [r2]
 166              	.L10:
 236:Generated_Source\PSoC5/UART_TO_COMM_INT.c ****              ((UART_TO_COMM_TXSTATUS_REG & UART_TO_COMM_TX_STS_FIFO_FULL) == 0u))
 167              		.loc 1 236 0
 168 002a 064B     		ldr	r3, .L14
 169 002c 1B78     		ldrb	r3, [r3]	@ zero_extendqisi2
 170 002e DBB2     		uxtb	r3, r3
 171 0030 074A     		ldr	r2, .L14+12
 172 0032 1278     		ldrb	r2, [r2]	@ zero_extendqisi2
 173 0034 9342     		cmp	r3, r2
 174 0036 04D0     		beq	.L9
 237:Generated_Source\PSoC5/UART_TO_COMM_INT.c ****         {
 175              		.loc 1 237 0 discriminator 1
 176 0038 064B     		ldr	r3, .L14+16
 177 003a 1B78     		ldrb	r3, [r3]	@ zero_extendqisi2
 236:Generated_Source\PSoC5/UART_TO_COMM_INT.c ****              ((UART_TO_COMM_TXSTATUS_REG & UART_TO_COMM_TX_STS_FIFO_FULL) == 0u))
 178              		.loc 1 236 0 discriminator 1
 179 003c 13F0040F 		tst	r3, #4
 180 0040 DFD0     		beq	.L13
 181              	.L9:
 182 0042 7047     		bx	lr
 183              	.L15:
 184              		.align	2
 185              	.L14:
 186 0044 00000000 		.word	UART_TO_COMM_txBufferRead
 187 0048 00000000 		.word	UART_TO_COMM_txBuffer
 188 004c 45650040 		.word	1073767749
 189 0050 00000000 		.word	UART_TO_COMM_txBufferWrite
 190 0054 6B650040 		.word	1073767787
 191              		.cfi_endproc
 192              	.LFE1:
 193              		.size	UART_TO_COMM_TXISR, .-UART_TO_COMM_TXISR
 194              		.text
 195              	.Letext0:
 196              		.file 2 "Generated_Source\\PSoC5\\cytypes.h"
 197              		.file 3 "Generated_Source\\PSoC5\\UART_TO_COMM.h"
 198              		.section	.debug_info,"",%progbits
 199              	.Ldebug_info0:
 200 0000 7B010000 		.4byte	0x17b
 201 0004 0400     		.2byte	0x4
 202 0006 00000000 		.4byte	.Ldebug_abbrev0
 203 000a 04       		.byte	0x4
 204 000b 01       		.uleb128 0x1
 205 000c F6000000 		.4byte	.LASF27
ARM GAS  C:\Users\youkan\AppData\Local\Temp\ccow5df9.s 			page 9


 206 0010 01       		.byte	0x1
 207 0011 9B020000 		.4byte	.LASF28
 208 0015 0B020000 		.4byte	.LASF29
 209 0019 00000000 		.4byte	.Ldebug_ranges0+0
 210 001d 00000000 		.4byte	0
 211 0021 00000000 		.4byte	.Ldebug_line0
 212 0025 02       		.uleb128 0x2
 213 0026 01       		.byte	0x1
 214 0027 06       		.byte	0x6
 215 0028 86020000 		.4byte	.LASF0
 216 002c 02       		.uleb128 0x2
 217 002d 01       		.byte	0x1
 218 002e 08       		.byte	0x8
 219 002f 68000000 		.4byte	.LASF1
 220 0033 02       		.uleb128 0x2
 221 0034 02       		.byte	0x2
 222 0035 05       		.byte	0x5
 223 0036 6E020000 		.4byte	.LASF2
 224 003a 02       		.uleb128 0x2
 225 003b 02       		.byte	0x2
 226 003c 07       		.byte	0x7
 227 003d 4A000000 		.4byte	.LASF3
 228 0041 02       		.uleb128 0x2
 229 0042 04       		.byte	0x4
 230 0043 05       		.byte	0x5
 231 0044 78020000 		.4byte	.LASF4
 232 0048 02       		.uleb128 0x2
 233 0049 04       		.byte	0x4
 234 004a 07       		.byte	0x7
 235 004b 7B000000 		.4byte	.LASF5
 236 004f 02       		.uleb128 0x2
 237 0050 08       		.byte	0x8
 238 0051 05       		.byte	0x5
 239 0052 CB010000 		.4byte	.LASF6
 240 0056 02       		.uleb128 0x2
 241 0057 08       		.byte	0x8
 242 0058 07       		.byte	0x7
 243 0059 AB010000 		.4byte	.LASF7
 244 005d 03       		.uleb128 0x3
 245 005e 04       		.byte	0x4
 246 005f 05       		.byte	0x5
 247 0060 696E7400 		.ascii	"int\000"
 248 0064 02       		.uleb128 0x2
 249 0065 04       		.byte	0x4
 250 0066 07       		.byte	0x7
 251 0067 9E010000 		.4byte	.LASF8
 252 006b 04       		.uleb128 0x4
 253 006c 8D000000 		.4byte	.LASF12
 254 0070 02       		.byte	0x2
 255 0071 9201     		.2byte	0x192
 256 0073 2C000000 		.4byte	0x2c
 257 0077 02       		.uleb128 0x2
 258 0078 04       		.byte	0x4
 259 0079 04       		.byte	0x4
 260 007a 1B000000 		.4byte	.LASF9
 261 007e 02       		.uleb128 0x2
 262 007f 08       		.byte	0x8
ARM GAS  C:\Users\youkan\AppData\Local\Temp\ccow5df9.s 			page 10


 263 0080 04       		.byte	0x4
 264 0081 AD000000 		.4byte	.LASF10
 265 0085 02       		.uleb128 0x2
 266 0086 01       		.byte	0x1
 267 0087 08       		.byte	0x8
 268 0088 81020000 		.4byte	.LASF11
 269 008c 04       		.uleb128 0x4
 270 008d 76000000 		.4byte	.LASF13
 271 0091 02       		.byte	0x2
 272 0092 3C02     		.2byte	0x23c
 273 0094 98000000 		.4byte	0x98
 274 0098 05       		.uleb128 0x5
 275 0099 6B000000 		.4byte	0x6b
 276 009d 02       		.uleb128 0x2
 277 009e 04       		.byte	0x4
 278 009f 07       		.byte	0x7
 279 00a0 C2010000 		.4byte	.LASF14
 280 00a4 06       		.uleb128 0x6
 281 00a5 B4000000 		.4byte	.LASF30
 282 00a9 01       		.byte	0x1
 283 00aa 3B       		.byte	0x3b
 284 00ab 00000000 		.4byte	.LFB0
 285 00af 94000000 		.4byte	.LFE0-.LFB0
 286 00b3 01       		.uleb128 0x1
 287 00b4 9C       		.byte	0x9c
 288 00b5 E7000000 		.4byte	0xe7
 289 00b9 07       		.uleb128 0x7
 290 00ba 92020000 		.4byte	.LASF15
 291 00be 01       		.byte	0x1
 292 00bf 3D       		.byte	0x3d
 293 00c0 6B000000 		.4byte	0x6b
 294 00c4 00000000 		.4byte	.LLST0
 295 00c8 07       		.uleb128 0x7
 296 00c9 5D000000 		.4byte	.LASF16
 297 00cd 01       		.byte	0x1
 298 00ce 3E       		.byte	0x3e
 299 00cf 6B000000 		.4byte	0x6b
 300 00d3 1E000000 		.4byte	.LLST1
 301 00d7 07       		.uleb128 0x7
 302 00d8 D9010000 		.4byte	.LASF17
 303 00dc 01       		.byte	0x1
 304 00dd 3F       		.byte	0x3f
 305 00de 6B000000 		.4byte	0x6b
 306 00e2 31000000 		.4byte	.LLST2
 307 00e6 00       		.byte	0
 308 00e7 08       		.uleb128 0x8
 309 00e8 21000000 		.4byte	.LASF31
 310 00ec 01       		.byte	0x1
 311 00ed D8       		.byte	0xd8
 312 00ee 00000000 		.4byte	.LFB1
 313 00f2 58000000 		.4byte	.LFE1-.LFB1
 314 00f6 01       		.uleb128 0x1
 315 00f7 9C       		.byte	0x9c
 316 00f8 09       		.uleb128 0x9
 317 00f9 6B000000 		.4byte	0x6b
 318 00fd 08010000 		.4byte	0x108
 319 0101 0A       		.uleb128 0xa
ARM GAS  C:\Users\youkan\AppData\Local\Temp\ccow5df9.s 			page 11


 320 0102 9D000000 		.4byte	0x9d
 321 0106 23       		.byte	0x23
 322 0107 00       		.byte	0
 323 0108 0B       		.uleb128 0xb
 324 0109 34000000 		.4byte	.LASF18
 325 010d 03       		.byte	0x3
 326 010e 3801     		.2byte	0x138
 327 0110 14010000 		.4byte	0x114
 328 0114 05       		.uleb128 0x5
 329 0115 F8000000 		.4byte	0xf8
 330 0119 0B       		.uleb128 0xb
 331 011a 93000000 		.4byte	.LASF19
 332 011e 03       		.byte	0x3
 333 011f 3901     		.2byte	0x139
 334 0121 98000000 		.4byte	0x98
 335 0125 0B       		.uleb128 0xb
 336 0126 C5020000 		.4byte	.LASF20
 337 012a 03       		.byte	0x3
 338 012b 3A01     		.2byte	0x13a
 339 012d 6B000000 		.4byte	0x6b
 340 0131 0B       		.uleb128 0xb
 341 0132 DD000000 		.4byte	.LASF21
 342 0136 03       		.byte	0x3
 343 0137 3D01     		.2byte	0x13d
 344 0139 6B000000 		.4byte	0x6b
 345 013d 0B       		.uleb128 0xb
 346 013e C7000000 		.4byte	.LASF22
 347 0142 03       		.byte	0x3
 348 0143 3E01     		.2byte	0x13e
 349 0145 49010000 		.4byte	0x149
 350 0149 05       		.uleb128 0x5
 351 014a F8000000 		.4byte	0xf8
 352 014e 0B       		.uleb128 0xb
 353 014f 84010000 		.4byte	.LASF23
 354 0153 03       		.byte	0x3
 355 0154 3F01     		.2byte	0x13f
 356 0156 98000000 		.4byte	0x98
 357 015a 0B       		.uleb128 0xb
 358 015b 00000000 		.4byte	.LASF24
 359 015f 03       		.byte	0x3
 360 0160 4001     		.2byte	0x140
 361 0162 98000000 		.4byte	0x98
 362 0166 0B       		.uleb128 0xb
 363 0167 EB010000 		.4byte	.LASF25
 364 016b 03       		.byte	0x3
 365 016c 4101     		.2byte	0x141
 366 016e 98000000 		.4byte	0x98
 367 0172 0B       		.uleb128 0xb
 368 0173 50020000 		.4byte	.LASF26
 369 0177 03       		.byte	0x3
 370 0178 4201     		.2byte	0x142
 371 017a 98000000 		.4byte	0x98
 372 017e 00       		.byte	0
 373              		.section	.debug_abbrev,"",%progbits
 374              	.Ldebug_abbrev0:
 375 0000 01       		.uleb128 0x1
 376 0001 11       		.uleb128 0x11
ARM GAS  C:\Users\youkan\AppData\Local\Temp\ccow5df9.s 			page 12


 377 0002 01       		.byte	0x1
 378 0003 25       		.uleb128 0x25
 379 0004 0E       		.uleb128 0xe
 380 0005 13       		.uleb128 0x13
 381 0006 0B       		.uleb128 0xb
 382 0007 03       		.uleb128 0x3
 383 0008 0E       		.uleb128 0xe
 384 0009 1B       		.uleb128 0x1b
 385 000a 0E       		.uleb128 0xe
 386 000b 55       		.uleb128 0x55
 387 000c 17       		.uleb128 0x17
 388 000d 11       		.uleb128 0x11
 389 000e 01       		.uleb128 0x1
 390 000f 10       		.uleb128 0x10
 391 0010 17       		.uleb128 0x17
 392 0011 00       		.byte	0
 393 0012 00       		.byte	0
 394 0013 02       		.uleb128 0x2
 395 0014 24       		.uleb128 0x24
 396 0015 00       		.byte	0
 397 0016 0B       		.uleb128 0xb
 398 0017 0B       		.uleb128 0xb
 399 0018 3E       		.uleb128 0x3e
 400 0019 0B       		.uleb128 0xb
 401 001a 03       		.uleb128 0x3
 402 001b 0E       		.uleb128 0xe
 403 001c 00       		.byte	0
 404 001d 00       		.byte	0
 405 001e 03       		.uleb128 0x3
 406 001f 24       		.uleb128 0x24
 407 0020 00       		.byte	0
 408 0021 0B       		.uleb128 0xb
 409 0022 0B       		.uleb128 0xb
 410 0023 3E       		.uleb128 0x3e
 411 0024 0B       		.uleb128 0xb
 412 0025 03       		.uleb128 0x3
 413 0026 08       		.uleb128 0x8
 414 0027 00       		.byte	0
 415 0028 00       		.byte	0
 416 0029 04       		.uleb128 0x4
 417 002a 16       		.uleb128 0x16
 418 002b 00       		.byte	0
 419 002c 03       		.uleb128 0x3
 420 002d 0E       		.uleb128 0xe
 421 002e 3A       		.uleb128 0x3a
 422 002f 0B       		.uleb128 0xb
 423 0030 3B       		.uleb128 0x3b
 424 0031 05       		.uleb128 0x5
 425 0032 49       		.uleb128 0x49
 426 0033 13       		.uleb128 0x13
 427 0034 00       		.byte	0
 428 0035 00       		.byte	0
 429 0036 05       		.uleb128 0x5
 430 0037 35       		.uleb128 0x35
 431 0038 00       		.byte	0
 432 0039 49       		.uleb128 0x49
 433 003a 13       		.uleb128 0x13
ARM GAS  C:\Users\youkan\AppData\Local\Temp\ccow5df9.s 			page 13


 434 003b 00       		.byte	0
 435 003c 00       		.byte	0
 436 003d 06       		.uleb128 0x6
 437 003e 2E       		.uleb128 0x2e
 438 003f 01       		.byte	0x1
 439 0040 3F       		.uleb128 0x3f
 440 0041 19       		.uleb128 0x19
 441 0042 03       		.uleb128 0x3
 442 0043 0E       		.uleb128 0xe
 443 0044 3A       		.uleb128 0x3a
 444 0045 0B       		.uleb128 0xb
 445 0046 3B       		.uleb128 0x3b
 446 0047 0B       		.uleb128 0xb
 447 0048 27       		.uleb128 0x27
 448 0049 19       		.uleb128 0x19
 449 004a 11       		.uleb128 0x11
 450 004b 01       		.uleb128 0x1
 451 004c 12       		.uleb128 0x12
 452 004d 06       		.uleb128 0x6
 453 004e 40       		.uleb128 0x40
 454 004f 18       		.uleb128 0x18
 455 0050 9742     		.uleb128 0x2117
 456 0052 19       		.uleb128 0x19
 457 0053 01       		.uleb128 0x1
 458 0054 13       		.uleb128 0x13
 459 0055 00       		.byte	0
 460 0056 00       		.byte	0
 461 0057 07       		.uleb128 0x7
 462 0058 34       		.uleb128 0x34
 463 0059 00       		.byte	0
 464 005a 03       		.uleb128 0x3
 465 005b 0E       		.uleb128 0xe
 466 005c 3A       		.uleb128 0x3a
 467 005d 0B       		.uleb128 0xb
 468 005e 3B       		.uleb128 0x3b
 469 005f 0B       		.uleb128 0xb
 470 0060 49       		.uleb128 0x49
 471 0061 13       		.uleb128 0x13
 472 0062 02       		.uleb128 0x2
 473 0063 17       		.uleb128 0x17
 474 0064 00       		.byte	0
 475 0065 00       		.byte	0
 476 0066 08       		.uleb128 0x8
 477 0067 2E       		.uleb128 0x2e
 478 0068 00       		.byte	0
 479 0069 3F       		.uleb128 0x3f
 480 006a 19       		.uleb128 0x19
 481 006b 03       		.uleb128 0x3
 482 006c 0E       		.uleb128 0xe
 483 006d 3A       		.uleb128 0x3a
 484 006e 0B       		.uleb128 0xb
 485 006f 3B       		.uleb128 0x3b
 486 0070 0B       		.uleb128 0xb
 487 0071 27       		.uleb128 0x27
 488 0072 19       		.uleb128 0x19
 489 0073 11       		.uleb128 0x11
 490 0074 01       		.uleb128 0x1
ARM GAS  C:\Users\youkan\AppData\Local\Temp\ccow5df9.s 			page 14


 491 0075 12       		.uleb128 0x12
 492 0076 06       		.uleb128 0x6
 493 0077 40       		.uleb128 0x40
 494 0078 18       		.uleb128 0x18
 495 0079 9742     		.uleb128 0x2117
 496 007b 19       		.uleb128 0x19
 497 007c 00       		.byte	0
 498 007d 00       		.byte	0
 499 007e 09       		.uleb128 0x9
 500 007f 01       		.uleb128 0x1
 501 0080 01       		.byte	0x1
 502 0081 49       		.uleb128 0x49
 503 0082 13       		.uleb128 0x13
 504 0083 01       		.uleb128 0x1
 505 0084 13       		.uleb128 0x13
 506 0085 00       		.byte	0
 507 0086 00       		.byte	0
 508 0087 0A       		.uleb128 0xa
 509 0088 21       		.uleb128 0x21
 510 0089 00       		.byte	0
 511 008a 49       		.uleb128 0x49
 512 008b 13       		.uleb128 0x13
 513 008c 2F       		.uleb128 0x2f
 514 008d 0B       		.uleb128 0xb
 515 008e 00       		.byte	0
 516 008f 00       		.byte	0
 517 0090 0B       		.uleb128 0xb
 518 0091 34       		.uleb128 0x34
 519 0092 00       		.byte	0
 520 0093 03       		.uleb128 0x3
 521 0094 0E       		.uleb128 0xe
 522 0095 3A       		.uleb128 0x3a
 523 0096 0B       		.uleb128 0xb
 524 0097 3B       		.uleb128 0x3b
 525 0098 05       		.uleb128 0x5
 526 0099 49       		.uleb128 0x49
 527 009a 13       		.uleb128 0x13
 528 009b 3F       		.uleb128 0x3f
 529 009c 19       		.uleb128 0x19
 530 009d 3C       		.uleb128 0x3c
 531 009e 19       		.uleb128 0x19
 532 009f 00       		.byte	0
 533 00a0 00       		.byte	0
 534 00a1 00       		.byte	0
 535              		.section	.debug_loc,"",%progbits
 536              	.Ldebug_loc0:
 537              	.LLST0:
 538 0000 06000000 		.4byte	.LVL0
 539 0004 1C000000 		.4byte	.LVL1
 540 0008 0100     		.2byte	0x1
 541 000a 53       		.byte	0x53
 542 000b 28000000 		.4byte	.LVL2
 543 000f 3E000000 		.4byte	.LVL4
 544 0013 0100     		.2byte	0x1
 545 0015 51       		.byte	0x51
 546 0016 00000000 		.4byte	0
 547 001a 00000000 		.4byte	0
ARM GAS  C:\Users\youkan\AppData\Local\Temp\ccow5df9.s 			page 15


 548              	.LLST1:
 549 001e 06000000 		.4byte	.LVL0
 550 0022 1C000000 		.4byte	.LVL1
 551 0026 0100     		.2byte	0x1
 552 0028 53       		.byte	0x53
 553 0029 00000000 		.4byte	0
 554 002d 00000000 		.4byte	0
 555              	.LLST2:
 556 0031 32000000 		.4byte	.LVL3
 557 0035 6E000000 		.4byte	.LVL5
 558 0039 0200     		.2byte	0x2
 559 003b 31       		.byte	0x31
 560 003c 9F       		.byte	0x9f
 561 003d 00000000 		.4byte	0
 562 0041 00000000 		.4byte	0
 563              		.section	.debug_aranges,"",%progbits
 564 0000 24000000 		.4byte	0x24
 565 0004 0200     		.2byte	0x2
 566 0006 00000000 		.4byte	.Ldebug_info0
 567 000a 04       		.byte	0x4
 568 000b 00       		.byte	0
 569 000c 0000     		.2byte	0
 570 000e 0000     		.2byte	0
 571 0010 00000000 		.4byte	.LFB0
 572 0014 94000000 		.4byte	.LFE0-.LFB0
 573 0018 00000000 		.4byte	.LFB1
 574 001c 58000000 		.4byte	.LFE1-.LFB1
 575 0020 00000000 		.4byte	0
 576 0024 00000000 		.4byte	0
 577              		.section	.debug_ranges,"",%progbits
 578              	.Ldebug_ranges0:
 579 0000 00000000 		.4byte	.LFB0
 580 0004 94000000 		.4byte	.LFE0
 581 0008 00000000 		.4byte	.LFB1
 582 000c 58000000 		.4byte	.LFE1
 583 0010 00000000 		.4byte	0
 584 0014 00000000 		.4byte	0
 585              		.section	.debug_line,"",%progbits
 586              	.Ldebug_line0:
 587 0000 B0000000 		.section	.debug_str,"MS",%progbits,1
 587      02005F00 
 587      00000201 
 587      FB0E0D00 
 587      01010101 
 588              	.LASF24:
 589 0000 55415254 		.ascii	"UART_TO_COMM_rxBufferWrite\000"
 589      5F544F5F 
 589      434F4D4D 
 589      5F727842 
 589      75666665 
 590              	.LASF9:
 591 001b 666C6F61 		.ascii	"float\000"
 591      7400
 592              	.LASF31:
 593 0021 55415254 		.ascii	"UART_TO_COMM_TXISR\000"
 593      5F544F5F 
 593      434F4D4D 
ARM GAS  C:\Users\youkan\AppData\Local\Temp\ccow5df9.s 			page 16


 593      5F545849 
 593      535200
 594              	.LASF18:
 595 0034 55415254 		.ascii	"UART_TO_COMM_txBuffer\000"
 595      5F544F5F 
 595      434F4D4D 
 595      5F747842 
 595      75666665 
 596              	.LASF3:
 597 004a 73686F72 		.ascii	"short unsigned int\000"
 597      7420756E 
 597      7369676E 
 597      65642069 
 597      6E7400
 598              	.LASF16:
 599 005d 72656164 		.ascii	"readStatus\000"
 599      53746174 
 599      757300
 600              	.LASF1:
 601 0068 756E7369 		.ascii	"unsigned char\000"
 601      676E6564 
 601      20636861 
 601      7200
 602              	.LASF13:
 603 0076 72656738 		.ascii	"reg8\000"
 603      00
 604              	.LASF5:
 605 007b 6C6F6E67 		.ascii	"long unsigned int\000"
 605      20756E73 
 605      69676E65 
 605      6420696E 
 605      7400
 606              	.LASF12:
 607 008d 75696E74 		.ascii	"uint8\000"
 607      3800
 608              	.LASF19:
 609 0093 55415254 		.ascii	"UART_TO_COMM_txBufferRead\000"
 609      5F544F5F 
 609      434F4D4D 
 609      5F747842 
 609      75666665 
 610              	.LASF10:
 611 00ad 646F7562 		.ascii	"double\000"
 611      6C6500
 612              	.LASF30:
 613 00b4 55415254 		.ascii	"UART_TO_COMM_RXISR\000"
 613      5F544F5F 
 613      434F4D4D 
 613      5F525849 
 613      535200
 614              	.LASF22:
 615 00c7 55415254 		.ascii	"UART_TO_COMM_rxBuffer\000"
 615      5F544F5F 
 615      434F4D4D 
 615      5F727842 
 615      75666665 
 616              	.LASF21:
ARM GAS  C:\Users\youkan\AppData\Local\Temp\ccow5df9.s 			page 17


 617 00dd 55415254 		.ascii	"UART_TO_COMM_errorStatus\000"
 617      5F544F5F 
 617      434F4D4D 
 617      5F657272 
 617      6F725374 
 618              	.LASF27:
 619 00f6 474E5520 		.ascii	"GNU C 4.9.3 20150303 (release) [ARM/embedded-4_9-br"
 619      4320342E 
 619      392E3320 
 619      32303135 
 619      30333033 
 620 0129 616E6368 		.ascii	"anch revision 221220] -mcpu=cortex-m3 -mthumb -g -O"
 620      20726576 
 620      6973696F 
 620      6E203232 
 620      31323230 
 621 015c 67202D66 		.ascii	"g -ffunction-sections -ffat-lto-objects\000"
 621      66756E63 
 621      74696F6E 
 621      2D736563 
 621      74696F6E 
 622              	.LASF23:
 623 0184 55415254 		.ascii	"UART_TO_COMM_rxBufferRead\000"
 623      5F544F5F 
 623      434F4D4D 
 623      5F727842 
 623      75666665 
 624              	.LASF8:
 625 019e 756E7369 		.ascii	"unsigned int\000"
 625      676E6564 
 625      20696E74 
 625      00
 626              	.LASF7:
 627 01ab 6C6F6E67 		.ascii	"long long unsigned int\000"
 627      206C6F6E 
 627      6720756E 
 627      7369676E 
 627      65642069 
 628              	.LASF14:
 629 01c2 73697A65 		.ascii	"sizetype\000"
 629      74797065 
 629      00
 630              	.LASF6:
 631 01cb 6C6F6E67 		.ascii	"long long int\000"
 631      206C6F6E 
 631      6720696E 
 631      7400
 632              	.LASF17:
 633 01d9 696E6372 		.ascii	"increment_pointer\000"
 633      656D656E 
 633      745F706F 
 633      696E7465 
 633      7200
 634              	.LASF25:
 635 01eb 55415254 		.ascii	"UART_TO_COMM_rxBufferLoopDetect\000"
 635      5F544F5F 
 635      434F4D4D 
ARM GAS  C:\Users\youkan\AppData\Local\Temp\ccow5df9.s 			page 18


 635      5F727842 
 635      75666665 
 636              	.LASF29:
 637 020b 433A5C55 		.ascii	"C:\\Users\\youkan\\Documents\\GitHub\\camera03\\Wor"
 637      73657273 
 637      5C796F75 
 637      6B616E5C 
 637      446F6375 
 638 0238 6B737061 		.ascii	"kspace06\\Design01.cydsn\000"
 638      63653036 
 638      5C446573 
 638      69676E30 
 638      312E6379 
 639              	.LASF26:
 640 0250 55415254 		.ascii	"UART_TO_COMM_rxBufferOverflow\000"
 640      5F544F5F 
 640      434F4D4D 
 640      5F727842 
 640      75666665 
 641              	.LASF2:
 642 026e 73686F72 		.ascii	"short int\000"
 642      7420696E 
 642      7400
 643              	.LASF4:
 644 0278 6C6F6E67 		.ascii	"long int\000"
 644      20696E74 
 644      00
 645              	.LASF11:
 646 0281 63686172 		.ascii	"char\000"
 646      00
 647              	.LASF0:
 648 0286 7369676E 		.ascii	"signed char\000"
 648      65642063 
 648      68617200 
 649              	.LASF15:
 650 0292 72656164 		.ascii	"readData\000"
 650      44617461 
 650      00
 651              	.LASF28:
 652 029b 47656E65 		.ascii	"Generated_Source\\PSoC5\\UART_TO_COMM_INT.c\000"
 652      72617465 
 652      645F536F 
 652      75726365 
 652      5C50536F 
 653              	.LASF20:
 654 02c5 55415254 		.ascii	"UART_TO_COMM_txBufferWrite\000"
 654      5F544F5F 
 654      434F4D4D 
 654      5F747842 
 654      75666665 
 655              		.ident	"GCC: (GNU Tools for ARM Embedded Processors) 4.9.3 20150303 (release) [ARM/embedded-4_9-br
