ARM GAS  C:\Users\youkan\AppData\Local\Temp\ccW3AfL3.s 			page 1


   1              		.syntax unified
   2              		.cpu cortex-m3
   3              		.fpu softvfp
   4              		.eabi_attribute 20, 1
   5              		.eabi_attribute 21, 1
   6              		.eabi_attribute 23, 3
   7              		.eabi_attribute 24, 1
   8              		.eabi_attribute 25, 1
   9              		.eabi_attribute 26, 1
  10              		.eabi_attribute 30, 1
  11              		.eabi_attribute 34, 1
  12              		.eabi_attribute 18, 4
  13              		.thumb
  14              		.file	"UART_TO_COMM_PM.c"
  15              		.text
  16              	.Ltext0:
  17              		.cfi_sections	.debug_frame
  18              		.section	.text.UART_TO_COMM_SaveConfig,"ax",%progbits
  19              		.align	2
  20              		.global	UART_TO_COMM_SaveConfig
  21              		.thumb
  22              		.thumb_func
  23              		.type	UART_TO_COMM_SaveConfig, %function
  24              	UART_TO_COMM_SaveConfig:
  25              	.LFB0:
  26              		.file 1 "Generated_Source\\PSoC5\\UART_TO_COMM_PM.c"
   1:Generated_Source\PSoC5/UART_TO_COMM_PM.c **** /*******************************************************************************
   2:Generated_Source\PSoC5/UART_TO_COMM_PM.c **** * File Name: UART_TO_COMM_PM.c
   3:Generated_Source\PSoC5/UART_TO_COMM_PM.c **** * Version 2.50
   4:Generated_Source\PSoC5/UART_TO_COMM_PM.c **** *
   5:Generated_Source\PSoC5/UART_TO_COMM_PM.c **** * Description:
   6:Generated_Source\PSoC5/UART_TO_COMM_PM.c **** *  This file provides Sleep/WakeUp APIs functionality.
   7:Generated_Source\PSoC5/UART_TO_COMM_PM.c **** *
   8:Generated_Source\PSoC5/UART_TO_COMM_PM.c **** * Note:
   9:Generated_Source\PSoC5/UART_TO_COMM_PM.c **** *
  10:Generated_Source\PSoC5/UART_TO_COMM_PM.c **** ********************************************************************************
  11:Generated_Source\PSoC5/UART_TO_COMM_PM.c **** * Copyright 2008-2015, Cypress Semiconductor Corporation.  All rights reserved.
  12:Generated_Source\PSoC5/UART_TO_COMM_PM.c **** * You may use this file only in accordance with the license, terms, conditions,
  13:Generated_Source\PSoC5/UART_TO_COMM_PM.c **** * disclaimers, and limitations in the end user license agreement accompanying
  14:Generated_Source\PSoC5/UART_TO_COMM_PM.c **** * the software package with which this file was provided.
  15:Generated_Source\PSoC5/UART_TO_COMM_PM.c **** *******************************************************************************/
  16:Generated_Source\PSoC5/UART_TO_COMM_PM.c **** 
  17:Generated_Source\PSoC5/UART_TO_COMM_PM.c **** #include "UART_TO_COMM.h"
  18:Generated_Source\PSoC5/UART_TO_COMM_PM.c **** 
  19:Generated_Source\PSoC5/UART_TO_COMM_PM.c **** 
  20:Generated_Source\PSoC5/UART_TO_COMM_PM.c **** /***************************************
  21:Generated_Source\PSoC5/UART_TO_COMM_PM.c **** * Local data allocation
  22:Generated_Source\PSoC5/UART_TO_COMM_PM.c **** ***************************************/
  23:Generated_Source\PSoC5/UART_TO_COMM_PM.c **** 
  24:Generated_Source\PSoC5/UART_TO_COMM_PM.c **** static UART_TO_COMM_BACKUP_STRUCT  UART_TO_COMM_backup =
  25:Generated_Source\PSoC5/UART_TO_COMM_PM.c **** {
  26:Generated_Source\PSoC5/UART_TO_COMM_PM.c ****     /* enableState - disabled */
  27:Generated_Source\PSoC5/UART_TO_COMM_PM.c ****     0u,
  28:Generated_Source\PSoC5/UART_TO_COMM_PM.c **** };
  29:Generated_Source\PSoC5/UART_TO_COMM_PM.c **** 
  30:Generated_Source\PSoC5/UART_TO_COMM_PM.c **** 
  31:Generated_Source\PSoC5/UART_TO_COMM_PM.c **** 
ARM GAS  C:\Users\youkan\AppData\Local\Temp\ccW3AfL3.s 			page 2


  32:Generated_Source\PSoC5/UART_TO_COMM_PM.c **** /*******************************************************************************
  33:Generated_Source\PSoC5/UART_TO_COMM_PM.c **** * Function Name: UART_TO_COMM_SaveConfig
  34:Generated_Source\PSoC5/UART_TO_COMM_PM.c **** ********************************************************************************
  35:Generated_Source\PSoC5/UART_TO_COMM_PM.c **** *
  36:Generated_Source\PSoC5/UART_TO_COMM_PM.c **** * Summary:
  37:Generated_Source\PSoC5/UART_TO_COMM_PM.c **** *  This function saves the component nonretention control register.
  38:Generated_Source\PSoC5/UART_TO_COMM_PM.c **** *  Does not save the FIFO which is a set of nonretention registers.
  39:Generated_Source\PSoC5/UART_TO_COMM_PM.c **** *  This function is called by the UART_TO_COMM_Sleep() function.
  40:Generated_Source\PSoC5/UART_TO_COMM_PM.c **** *
  41:Generated_Source\PSoC5/UART_TO_COMM_PM.c **** * Parameters:
  42:Generated_Source\PSoC5/UART_TO_COMM_PM.c **** *  None.
  43:Generated_Source\PSoC5/UART_TO_COMM_PM.c **** *
  44:Generated_Source\PSoC5/UART_TO_COMM_PM.c **** * Return:
  45:Generated_Source\PSoC5/UART_TO_COMM_PM.c **** *  None.
  46:Generated_Source\PSoC5/UART_TO_COMM_PM.c **** *
  47:Generated_Source\PSoC5/UART_TO_COMM_PM.c **** * Global Variables:
  48:Generated_Source\PSoC5/UART_TO_COMM_PM.c **** *  UART_TO_COMM_backup - modified when non-retention registers are saved.
  49:Generated_Source\PSoC5/UART_TO_COMM_PM.c **** *
  50:Generated_Source\PSoC5/UART_TO_COMM_PM.c **** * Reentrant:
  51:Generated_Source\PSoC5/UART_TO_COMM_PM.c **** *  No.
  52:Generated_Source\PSoC5/UART_TO_COMM_PM.c **** *
  53:Generated_Source\PSoC5/UART_TO_COMM_PM.c **** *******************************************************************************/
  54:Generated_Source\PSoC5/UART_TO_COMM_PM.c **** void UART_TO_COMM_SaveConfig(void)
  55:Generated_Source\PSoC5/UART_TO_COMM_PM.c **** {
  27              		.loc 1 55 0
  28              		.cfi_startproc
  29              		@ args = 0, pretend = 0, frame = 0
  30              		@ frame_needed = 0, uses_anonymous_args = 0
  31              		@ link register save eliminated.
  32 0000 7047     		bx	lr
  33              		.cfi_endproc
  34              	.LFE0:
  35              		.size	UART_TO_COMM_SaveConfig, .-UART_TO_COMM_SaveConfig
  36 0002 00BF     		.section	.text.UART_TO_COMM_RestoreConfig,"ax",%progbits
  37              		.align	2
  38              		.global	UART_TO_COMM_RestoreConfig
  39              		.thumb
  40              		.thumb_func
  41              		.type	UART_TO_COMM_RestoreConfig, %function
  42              	UART_TO_COMM_RestoreConfig:
  43              	.LFB1:
  56:Generated_Source\PSoC5/UART_TO_COMM_PM.c ****     #if(UART_TO_COMM_CONTROL_REG_REMOVED == 0u)
  57:Generated_Source\PSoC5/UART_TO_COMM_PM.c ****         UART_TO_COMM_backup.cr = UART_TO_COMM_CONTROL_REG;
  58:Generated_Source\PSoC5/UART_TO_COMM_PM.c ****     #endif /* End UART_TO_COMM_CONTROL_REG_REMOVED */
  59:Generated_Source\PSoC5/UART_TO_COMM_PM.c **** }
  60:Generated_Source\PSoC5/UART_TO_COMM_PM.c **** 
  61:Generated_Source\PSoC5/UART_TO_COMM_PM.c **** 
  62:Generated_Source\PSoC5/UART_TO_COMM_PM.c **** /*******************************************************************************
  63:Generated_Source\PSoC5/UART_TO_COMM_PM.c **** * Function Name: UART_TO_COMM_RestoreConfig
  64:Generated_Source\PSoC5/UART_TO_COMM_PM.c **** ********************************************************************************
  65:Generated_Source\PSoC5/UART_TO_COMM_PM.c **** *
  66:Generated_Source\PSoC5/UART_TO_COMM_PM.c **** * Summary:
  67:Generated_Source\PSoC5/UART_TO_COMM_PM.c **** *  Restores the nonretention control register except FIFO.
  68:Generated_Source\PSoC5/UART_TO_COMM_PM.c **** *  Does not restore the FIFO which is a set of nonretention registers.
  69:Generated_Source\PSoC5/UART_TO_COMM_PM.c **** *
  70:Generated_Source\PSoC5/UART_TO_COMM_PM.c **** * Parameters:
  71:Generated_Source\PSoC5/UART_TO_COMM_PM.c **** *  None.
ARM GAS  C:\Users\youkan\AppData\Local\Temp\ccW3AfL3.s 			page 3


  72:Generated_Source\PSoC5/UART_TO_COMM_PM.c **** *
  73:Generated_Source\PSoC5/UART_TO_COMM_PM.c **** * Return:
  74:Generated_Source\PSoC5/UART_TO_COMM_PM.c **** *  None.
  75:Generated_Source\PSoC5/UART_TO_COMM_PM.c **** *
  76:Generated_Source\PSoC5/UART_TO_COMM_PM.c **** * Global Variables:
  77:Generated_Source\PSoC5/UART_TO_COMM_PM.c **** *  UART_TO_COMM_backup - used when non-retention registers are restored.
  78:Generated_Source\PSoC5/UART_TO_COMM_PM.c **** *
  79:Generated_Source\PSoC5/UART_TO_COMM_PM.c **** * Reentrant:
  80:Generated_Source\PSoC5/UART_TO_COMM_PM.c **** *  No.
  81:Generated_Source\PSoC5/UART_TO_COMM_PM.c **** *
  82:Generated_Source\PSoC5/UART_TO_COMM_PM.c **** * Notes:
  83:Generated_Source\PSoC5/UART_TO_COMM_PM.c **** *  If this function is called without calling UART_TO_COMM_SaveConfig() 
  84:Generated_Source\PSoC5/UART_TO_COMM_PM.c **** *  first, the data loaded may be incorrect.
  85:Generated_Source\PSoC5/UART_TO_COMM_PM.c **** *
  86:Generated_Source\PSoC5/UART_TO_COMM_PM.c **** *******************************************************************************/
  87:Generated_Source\PSoC5/UART_TO_COMM_PM.c **** void UART_TO_COMM_RestoreConfig(void)
  88:Generated_Source\PSoC5/UART_TO_COMM_PM.c **** {
  44              		.loc 1 88 0
  45              		.cfi_startproc
  46              		@ args = 0, pretend = 0, frame = 0
  47              		@ frame_needed = 0, uses_anonymous_args = 0
  48              		@ link register save eliminated.
  49 0000 7047     		bx	lr
  50              		.cfi_endproc
  51              	.LFE1:
  52              		.size	UART_TO_COMM_RestoreConfig, .-UART_TO_COMM_RestoreConfig
  53 0002 00BF     		.section	.text.UART_TO_COMM_Sleep,"ax",%progbits
  54              		.align	2
  55              		.global	UART_TO_COMM_Sleep
  56              		.thumb
  57              		.thumb_func
  58              		.type	UART_TO_COMM_Sleep, %function
  59              	UART_TO_COMM_Sleep:
  60              	.LFB2:
  89:Generated_Source\PSoC5/UART_TO_COMM_PM.c ****     #if(UART_TO_COMM_CONTROL_REG_REMOVED == 0u)
  90:Generated_Source\PSoC5/UART_TO_COMM_PM.c ****         UART_TO_COMM_CONTROL_REG = UART_TO_COMM_backup.cr;
  91:Generated_Source\PSoC5/UART_TO_COMM_PM.c ****     #endif /* End UART_TO_COMM_CONTROL_REG_REMOVED */
  92:Generated_Source\PSoC5/UART_TO_COMM_PM.c **** }
  93:Generated_Source\PSoC5/UART_TO_COMM_PM.c **** 
  94:Generated_Source\PSoC5/UART_TO_COMM_PM.c **** 
  95:Generated_Source\PSoC5/UART_TO_COMM_PM.c **** /*******************************************************************************
  96:Generated_Source\PSoC5/UART_TO_COMM_PM.c **** * Function Name: UART_TO_COMM_Sleep
  97:Generated_Source\PSoC5/UART_TO_COMM_PM.c **** ********************************************************************************
  98:Generated_Source\PSoC5/UART_TO_COMM_PM.c **** *
  99:Generated_Source\PSoC5/UART_TO_COMM_PM.c **** * Summary:
 100:Generated_Source\PSoC5/UART_TO_COMM_PM.c **** *  This is the preferred API to prepare the component for sleep. 
 101:Generated_Source\PSoC5/UART_TO_COMM_PM.c **** *  The UART_TO_COMM_Sleep() API saves the current component state. Then it
 102:Generated_Source\PSoC5/UART_TO_COMM_PM.c **** *  calls the UART_TO_COMM_Stop() function and calls 
 103:Generated_Source\PSoC5/UART_TO_COMM_PM.c **** *  UART_TO_COMM_SaveConfig() to save the hardware configuration.
 104:Generated_Source\PSoC5/UART_TO_COMM_PM.c **** *  Call the UART_TO_COMM_Sleep() function before calling the CyPmSleep() 
 105:Generated_Source\PSoC5/UART_TO_COMM_PM.c **** *  or the CyPmHibernate() function. 
 106:Generated_Source\PSoC5/UART_TO_COMM_PM.c **** *
 107:Generated_Source\PSoC5/UART_TO_COMM_PM.c **** * Parameters:
 108:Generated_Source\PSoC5/UART_TO_COMM_PM.c **** *  None.
 109:Generated_Source\PSoC5/UART_TO_COMM_PM.c **** *
 110:Generated_Source\PSoC5/UART_TO_COMM_PM.c **** * Return:
 111:Generated_Source\PSoC5/UART_TO_COMM_PM.c **** *  None.
ARM GAS  C:\Users\youkan\AppData\Local\Temp\ccW3AfL3.s 			page 4


 112:Generated_Source\PSoC5/UART_TO_COMM_PM.c **** *
 113:Generated_Source\PSoC5/UART_TO_COMM_PM.c **** * Global Variables:
 114:Generated_Source\PSoC5/UART_TO_COMM_PM.c **** *  UART_TO_COMM_backup - modified when non-retention registers are saved.
 115:Generated_Source\PSoC5/UART_TO_COMM_PM.c **** *
 116:Generated_Source\PSoC5/UART_TO_COMM_PM.c **** * Reentrant:
 117:Generated_Source\PSoC5/UART_TO_COMM_PM.c **** *  No.
 118:Generated_Source\PSoC5/UART_TO_COMM_PM.c **** *
 119:Generated_Source\PSoC5/UART_TO_COMM_PM.c **** *******************************************************************************/
 120:Generated_Source\PSoC5/UART_TO_COMM_PM.c **** void UART_TO_COMM_Sleep(void)
 121:Generated_Source\PSoC5/UART_TO_COMM_PM.c **** {
  61              		.loc 1 121 0
  62              		.cfi_startproc
  63              		@ args = 0, pretend = 0, frame = 0
  64              		@ frame_needed = 0, uses_anonymous_args = 0
  65              		.loc 1 121 0
  66 0000 08B5     		push	{r3, lr}
  67              		.cfi_def_cfa_offset 8
  68              		.cfi_offset 3, -8
  69              		.cfi_offset 14, -4
 122:Generated_Source\PSoC5/UART_TO_COMM_PM.c ****     #if(UART_TO_COMM_RX_ENABLED || UART_TO_COMM_HD_ENABLED)
 123:Generated_Source\PSoC5/UART_TO_COMM_PM.c ****         if((UART_TO_COMM_RXSTATUS_ACTL_REG  & UART_TO_COMM_INT_ENABLE) != 0u)
  70              		.loc 1 123 0
  71 0002 074B     		ldr	r3, .L7
  72 0004 1B78     		ldrb	r3, [r3]	@ zero_extendqisi2
  73 0006 13F0100F 		tst	r3, #16
  74 000a 03D0     		beq	.L4
 124:Generated_Source\PSoC5/UART_TO_COMM_PM.c ****         {
 125:Generated_Source\PSoC5/UART_TO_COMM_PM.c ****             UART_TO_COMM_backup.enableState = 1u;
  75              		.loc 1 125 0
  76 000c 0122     		movs	r2, #1
  77 000e 054B     		ldr	r3, .L7+4
  78 0010 1A70     		strb	r2, [r3]
  79 0012 02E0     		b	.L5
  80              	.L4:
 126:Generated_Source\PSoC5/UART_TO_COMM_PM.c ****         }
 127:Generated_Source\PSoC5/UART_TO_COMM_PM.c ****         else
 128:Generated_Source\PSoC5/UART_TO_COMM_PM.c ****         {
 129:Generated_Source\PSoC5/UART_TO_COMM_PM.c ****             UART_TO_COMM_backup.enableState = 0u;
  81              		.loc 1 129 0
  82 0014 0022     		movs	r2, #0
  83 0016 034B     		ldr	r3, .L7+4
  84 0018 1A70     		strb	r2, [r3]
  85              	.L5:
 130:Generated_Source\PSoC5/UART_TO_COMM_PM.c ****         }
 131:Generated_Source\PSoC5/UART_TO_COMM_PM.c ****     #else
 132:Generated_Source\PSoC5/UART_TO_COMM_PM.c ****         if((UART_TO_COMM_TXSTATUS_ACTL_REG  & UART_TO_COMM_INT_ENABLE) !=0u)
 133:Generated_Source\PSoC5/UART_TO_COMM_PM.c ****         {
 134:Generated_Source\PSoC5/UART_TO_COMM_PM.c ****             UART_TO_COMM_backup.enableState = 1u;
 135:Generated_Source\PSoC5/UART_TO_COMM_PM.c ****         }
 136:Generated_Source\PSoC5/UART_TO_COMM_PM.c ****         else
 137:Generated_Source\PSoC5/UART_TO_COMM_PM.c ****         {
 138:Generated_Source\PSoC5/UART_TO_COMM_PM.c ****             UART_TO_COMM_backup.enableState = 0u;
 139:Generated_Source\PSoC5/UART_TO_COMM_PM.c ****         }
 140:Generated_Source\PSoC5/UART_TO_COMM_PM.c ****     #endif /* End UART_TO_COMM_RX_ENABLED || UART_TO_COMM_HD_ENABLED*/
 141:Generated_Source\PSoC5/UART_TO_COMM_PM.c **** 
 142:Generated_Source\PSoC5/UART_TO_COMM_PM.c ****     UART_TO_COMM_Stop();
  86              		.loc 1 142 0
ARM GAS  C:\Users\youkan\AppData\Local\Temp\ccW3AfL3.s 			page 5


  87 001a FFF7FEFF 		bl	UART_TO_COMM_Stop
  88              	.LVL0:
  89 001e 08BD     		pop	{r3, pc}
  90              	.L8:
  91              		.align	2
  92              	.L7:
  93 0020 94650040 		.word	1073767828
  94 0024 00000000 		.word	.LANCHOR0
  95              		.cfi_endproc
  96              	.LFE2:
  97              		.size	UART_TO_COMM_Sleep, .-UART_TO_COMM_Sleep
  98              		.section	.text.UART_TO_COMM_Wakeup,"ax",%progbits
  99              		.align	2
 100              		.global	UART_TO_COMM_Wakeup
 101              		.thumb
 102              		.thumb_func
 103              		.type	UART_TO_COMM_Wakeup, %function
 104              	UART_TO_COMM_Wakeup:
 105              	.LFB3:
 143:Generated_Source\PSoC5/UART_TO_COMM_PM.c ****     UART_TO_COMM_SaveConfig();
 144:Generated_Source\PSoC5/UART_TO_COMM_PM.c **** }
 145:Generated_Source\PSoC5/UART_TO_COMM_PM.c **** 
 146:Generated_Source\PSoC5/UART_TO_COMM_PM.c **** 
 147:Generated_Source\PSoC5/UART_TO_COMM_PM.c **** /*******************************************************************************
 148:Generated_Source\PSoC5/UART_TO_COMM_PM.c **** * Function Name: UART_TO_COMM_Wakeup
 149:Generated_Source\PSoC5/UART_TO_COMM_PM.c **** ********************************************************************************
 150:Generated_Source\PSoC5/UART_TO_COMM_PM.c **** *
 151:Generated_Source\PSoC5/UART_TO_COMM_PM.c **** * Summary:
 152:Generated_Source\PSoC5/UART_TO_COMM_PM.c **** *  This is the preferred API to restore the component to the state when 
 153:Generated_Source\PSoC5/UART_TO_COMM_PM.c **** *  UART_TO_COMM_Sleep() was called. The UART_TO_COMM_Wakeup() function
 154:Generated_Source\PSoC5/UART_TO_COMM_PM.c **** *  calls the UART_TO_COMM_RestoreConfig() function to restore the 
 155:Generated_Source\PSoC5/UART_TO_COMM_PM.c **** *  configuration. If the component was enabled before the 
 156:Generated_Source\PSoC5/UART_TO_COMM_PM.c **** *  UART_TO_COMM_Sleep() function was called, the UART_TO_COMM_Wakeup()
 157:Generated_Source\PSoC5/UART_TO_COMM_PM.c **** *  function will also re-enable the component.
 158:Generated_Source\PSoC5/UART_TO_COMM_PM.c **** *
 159:Generated_Source\PSoC5/UART_TO_COMM_PM.c **** * Parameters:
 160:Generated_Source\PSoC5/UART_TO_COMM_PM.c **** *  None.
 161:Generated_Source\PSoC5/UART_TO_COMM_PM.c **** *
 162:Generated_Source\PSoC5/UART_TO_COMM_PM.c **** * Return:
 163:Generated_Source\PSoC5/UART_TO_COMM_PM.c **** *  None.
 164:Generated_Source\PSoC5/UART_TO_COMM_PM.c **** *
 165:Generated_Source\PSoC5/UART_TO_COMM_PM.c **** * Global Variables:
 166:Generated_Source\PSoC5/UART_TO_COMM_PM.c **** *  UART_TO_COMM_backup - used when non-retention registers are restored.
 167:Generated_Source\PSoC5/UART_TO_COMM_PM.c **** *
 168:Generated_Source\PSoC5/UART_TO_COMM_PM.c **** * Reentrant:
 169:Generated_Source\PSoC5/UART_TO_COMM_PM.c **** *  No.
 170:Generated_Source\PSoC5/UART_TO_COMM_PM.c **** *
 171:Generated_Source\PSoC5/UART_TO_COMM_PM.c **** *******************************************************************************/
 172:Generated_Source\PSoC5/UART_TO_COMM_PM.c **** void UART_TO_COMM_Wakeup(void)
 173:Generated_Source\PSoC5/UART_TO_COMM_PM.c **** {
 106              		.loc 1 173 0
 107              		.cfi_startproc
 108              		@ args = 0, pretend = 0, frame = 0
 109              		@ frame_needed = 0, uses_anonymous_args = 0
 110 0000 08B5     		push	{r3, lr}
 111              		.cfi_def_cfa_offset 8
 112              		.cfi_offset 3, -8
ARM GAS  C:\Users\youkan\AppData\Local\Temp\ccW3AfL3.s 			page 6


 113              		.cfi_offset 14, -4
 174:Generated_Source\PSoC5/UART_TO_COMM_PM.c ****     UART_TO_COMM_RestoreConfig();
 175:Generated_Source\PSoC5/UART_TO_COMM_PM.c ****     #if( (UART_TO_COMM_RX_ENABLED) || (UART_TO_COMM_HD_ENABLED) )
 176:Generated_Source\PSoC5/UART_TO_COMM_PM.c ****         UART_TO_COMM_ClearRxBuffer();
 114              		.loc 1 176 0
 115 0002 FFF7FEFF 		bl	UART_TO_COMM_ClearRxBuffer
 116              	.LVL1:
 177:Generated_Source\PSoC5/UART_TO_COMM_PM.c ****     #endif /* End (UART_TO_COMM_RX_ENABLED) || (UART_TO_COMM_HD_ENABLED) */
 178:Generated_Source\PSoC5/UART_TO_COMM_PM.c ****     #if(UART_TO_COMM_TX_ENABLED || UART_TO_COMM_HD_ENABLED)
 179:Generated_Source\PSoC5/UART_TO_COMM_PM.c ****         UART_TO_COMM_ClearTxBuffer();
 117              		.loc 1 179 0
 118 0006 FFF7FEFF 		bl	UART_TO_COMM_ClearTxBuffer
 119              	.LVL2:
 180:Generated_Source\PSoC5/UART_TO_COMM_PM.c ****     #endif /* End UART_TO_COMM_TX_ENABLED || UART_TO_COMM_HD_ENABLED */
 181:Generated_Source\PSoC5/UART_TO_COMM_PM.c **** 
 182:Generated_Source\PSoC5/UART_TO_COMM_PM.c ****     if(UART_TO_COMM_backup.enableState != 0u)
 120              		.loc 1 182 0
 121 000a 034B     		ldr	r3, .L12
 122 000c 1B78     		ldrb	r3, [r3]	@ zero_extendqisi2
 123 000e 0BB1     		cbz	r3, .L9
 183:Generated_Source\PSoC5/UART_TO_COMM_PM.c ****     {
 184:Generated_Source\PSoC5/UART_TO_COMM_PM.c ****         UART_TO_COMM_Enable();
 124              		.loc 1 184 0
 125 0010 FFF7FEFF 		bl	UART_TO_COMM_Enable
 126              	.LVL3:
 127              	.L9:
 128 0014 08BD     		pop	{r3, pc}
 129              	.L13:
 130 0016 00BF     		.align	2
 131              	.L12:
 132 0018 00000000 		.word	.LANCHOR0
 133              		.cfi_endproc
 134              	.LFE3:
 135              		.size	UART_TO_COMM_Wakeup, .-UART_TO_COMM_Wakeup
 136              		.bss
 137              		.align	2
 138              		.set	.LANCHOR0,. + 0
 139              		.type	UART_TO_COMM_backup, %object
 140              		.size	UART_TO_COMM_backup, 1
 141              	UART_TO_COMM_backup:
 142 0000 00       		.space	1
 143 0001 000000   		.text
 144              	.Letext0:
 145              		.file 2 "Generated_Source\\PSoC5\\cytypes.h"
 146              		.file 3 "Generated_Source\\PSoC5\\UART_TO_COMM.h"
 147              		.section	.debug_info,"",%progbits
 148              	.Ldebug_info0:
 149 0000 64010000 		.4byte	0x164
 150 0004 0400     		.2byte	0x4
 151 0006 00000000 		.4byte	.Ldebug_abbrev0
 152 000a 04       		.byte	0x4
 153 000b 01       		.uleb128 0x1
 154 000c F2000000 		.4byte	.LASF24
 155 0010 01       		.byte	0x1
 156 0011 2A020000 		.4byte	.LASF25
 157 0015 DB010000 		.4byte	.LASF26
 158 0019 00000000 		.4byte	.Ldebug_ranges0+0
ARM GAS  C:\Users\youkan\AppData\Local\Temp\ccW3AfL3.s 			page 7


 159 001d 00000000 		.4byte	0
 160 0021 00000000 		.4byte	.Ldebug_line0
 161 0025 02       		.uleb128 0x2
 162 0026 01       		.byte	0x1
 163 0027 06       		.byte	0x6
 164 0028 8E020000 		.4byte	.LASF0
 165 002c 02       		.uleb128 0x2
 166 002d 01       		.byte	0x1
 167 002e 08       		.byte	0x8
 168 002f 63000000 		.4byte	.LASF1
 169 0033 02       		.uleb128 0x2
 170 0034 02       		.byte	0x2
 171 0035 05       		.byte	0x5
 172 0036 20020000 		.4byte	.LASF2
 173 003a 02       		.uleb128 0x2
 174 003b 02       		.byte	0x2
 175 003c 07       		.byte	0x7
 176 003d 14000000 		.4byte	.LASF3
 177 0041 02       		.uleb128 0x2
 178 0042 04       		.byte	0x4
 179 0043 05       		.byte	0x5
 180 0044 67020000 		.4byte	.LASF4
 181 0048 02       		.uleb128 0x2
 182 0049 04       		.byte	0x4
 183 004a 07       		.byte	0x7
 184 004b 91000000 		.4byte	.LASF5
 185 004f 02       		.uleb128 0x2
 186 0050 08       		.byte	0x8
 187 0051 05       		.byte	0x5
 188 0052 C8010000 		.4byte	.LASF6
 189 0056 02       		.uleb128 0x2
 190 0057 08       		.byte	0x8
 191 0058 07       		.byte	0x7
 192 0059 8D010000 		.4byte	.LASF7
 193 005d 03       		.uleb128 0x3
 194 005e 04       		.byte	0x4
 195 005f 05       		.byte	0x5
 196 0060 696E7400 		.ascii	"int\000"
 197 0064 02       		.uleb128 0x2
 198 0065 04       		.byte	0x4
 199 0066 07       		.byte	0x7
 200 0067 80010000 		.4byte	.LASF8
 201 006b 04       		.uleb128 0x4
 202 006c A3000000 		.4byte	.LASF12
 203 0070 02       		.byte	0x2
 204 0071 9201     		.2byte	0x192
 205 0073 2C000000 		.4byte	0x2c
 206 0077 02       		.uleb128 0x2
 207 0078 04       		.byte	0x4
 208 0079 04       		.byte	0x4
 209 007a 42000000 		.4byte	.LASF9
 210 007e 02       		.uleb128 0x2
 211 007f 08       		.byte	0x8
 212 0080 04       		.byte	0x4
 213 0081 D7000000 		.4byte	.LASF10
 214 0085 02       		.uleb128 0x2
 215 0086 01       		.byte	0x1
ARM GAS  C:\Users\youkan\AppData\Local\Temp\ccW3AfL3.s 			page 8


 216 0087 08       		.byte	0x8
 217 0088 D6010000 		.4byte	.LASF11
 218 008c 04       		.uleb128 0x4
 219 008d 71000000 		.4byte	.LASF13
 220 0091 02       		.byte	0x2
 221 0092 3C02     		.2byte	0x23c
 222 0094 98000000 		.4byte	0x98
 223 0098 05       		.uleb128 0x5
 224 0099 6B000000 		.4byte	0x6b
 225 009d 02       		.uleb128 0x2
 226 009e 04       		.byte	0x4
 227 009f 07       		.byte	0x7
 228 00a0 BF010000 		.4byte	.LASF14
 229 00a4 06       		.uleb128 0x6
 230 00a5 48000000 		.4byte	.LASF27
 231 00a9 01       		.byte	0x1
 232 00aa 03       		.byte	0x3
 233 00ab 45       		.byte	0x45
 234 00ac BD000000 		.4byte	0xbd
 235 00b0 07       		.uleb128 0x7
 236 00b1 70020000 		.4byte	.LASF28
 237 00b5 03       		.byte	0x3
 238 00b6 47       		.byte	0x47
 239 00b7 6B000000 		.4byte	0x6b
 240 00bb 00       		.byte	0
 241 00bc 00       		.byte	0
 242 00bd 08       		.uleb128 0x8
 243 00be 76000000 		.4byte	.LASF15
 244 00c2 03       		.byte	0x3
 245 00c3 4D       		.byte	0x4d
 246 00c4 A4000000 		.4byte	0xa4
 247 00c8 09       		.uleb128 0x9
 248 00c9 9A020000 		.4byte	.LASF16
 249 00cd 01       		.byte	0x1
 250 00ce 36       		.byte	0x36
 251 00cf 00000000 		.4byte	.LFB0
 252 00d3 02000000 		.4byte	.LFE0-.LFB0
 253 00d7 01       		.uleb128 0x1
 254 00d8 9C       		.byte	0x9c
 255 00d9 09       		.uleb128 0x9
 256 00da BC000000 		.4byte	.LASF17
 257 00de 01       		.byte	0x1
 258 00df 57       		.byte	0x57
 259 00e0 00000000 		.4byte	.LFB1
 260 00e4 02000000 		.4byte	.LFE1-.LFB1
 261 00e8 01       		.uleb128 0x1
 262 00e9 9C       		.byte	0x9c
 263 00ea 0A       		.uleb128 0xa
 264 00eb A9000000 		.4byte	.LASF18
 265 00ef 01       		.byte	0x1
 266 00f0 78       		.byte	0x78
 267 00f1 00000000 		.4byte	.LFB2
 268 00f5 28000000 		.4byte	.LFE2-.LFB2
 269 00f9 01       		.uleb128 0x1
 270 00fa 9C       		.byte	0x9c
 271 00fb 09010000 		.4byte	0x109
 272 00ff 0B       		.uleb128 0xb
ARM GAS  C:\Users\youkan\AppData\Local\Temp\ccW3AfL3.s 			page 9


 273 0100 1E000000 		.4byte	.LVL0
 274 0104 4B010000 		.4byte	0x14b
 275 0108 00       		.byte	0
 276 0109 0A       		.uleb128 0xa
 277 010a 00000000 		.4byte	.LASF19
 278 010e 01       		.byte	0x1
 279 010f AC       		.byte	0xac
 280 0110 00000000 		.4byte	.LFB3
 281 0114 1C000000 		.4byte	.LFE3-.LFB3
 282 0118 01       		.uleb128 0x1
 283 0119 9C       		.byte	0x9c
 284 011a 3A010000 		.4byte	0x13a
 285 011e 0B       		.uleb128 0xb
 286 011f 06000000 		.4byte	.LVL1
 287 0123 52010000 		.4byte	0x152
 288 0127 0B       		.uleb128 0xb
 289 0128 0A000000 		.4byte	.LVL2
 290 012c 59010000 		.4byte	0x159
 291 0130 0B       		.uleb128 0xb
 292 0131 14000000 		.4byte	.LVL3
 293 0135 60010000 		.4byte	0x160
 294 0139 00       		.byte	0
 295 013a 0C       		.uleb128 0xc
 296 013b 53020000 		.4byte	.LASF29
 297 013f 01       		.byte	0x1
 298 0140 18       		.byte	0x18
 299 0141 BD000000 		.4byte	0xbd
 300 0145 05       		.uleb128 0x5
 301 0146 03       		.byte	0x3
 302 0147 00000000 		.4byte	UART_TO_COMM_backup
 303 014b 0D       		.uleb128 0xd
 304 014c 7C020000 		.4byte	.LASF20
 305 0150 03       		.byte	0x3
 306 0151 55       		.byte	0x55
 307 0152 0D       		.uleb128 0xd
 308 0153 A4010000 		.4byte	.LASF21
 309 0157 03       		.byte	0x3
 310 0158 75       		.byte	0x75
 311 0159 0D       		.uleb128 0xd
 312 015a 27000000 		.4byte	.LASF22
 313 015e 03       		.byte	0x3
 314 015f 8F       		.byte	0x8f
 315 0160 0D       		.uleb128 0xd
 316 0161 DE000000 		.4byte	.LASF23
 317 0165 03       		.byte	0x3
 318 0166 5A       		.byte	0x5a
 319 0167 00       		.byte	0
 320              		.section	.debug_abbrev,"",%progbits
 321              	.Ldebug_abbrev0:
 322 0000 01       		.uleb128 0x1
 323 0001 11       		.uleb128 0x11
 324 0002 01       		.byte	0x1
 325 0003 25       		.uleb128 0x25
 326 0004 0E       		.uleb128 0xe
 327 0005 13       		.uleb128 0x13
 328 0006 0B       		.uleb128 0xb
 329 0007 03       		.uleb128 0x3
ARM GAS  C:\Users\youkan\AppData\Local\Temp\ccW3AfL3.s 			page 10


 330 0008 0E       		.uleb128 0xe
 331 0009 1B       		.uleb128 0x1b
 332 000a 0E       		.uleb128 0xe
 333 000b 55       		.uleb128 0x55
 334 000c 17       		.uleb128 0x17
 335 000d 11       		.uleb128 0x11
 336 000e 01       		.uleb128 0x1
 337 000f 10       		.uleb128 0x10
 338 0010 17       		.uleb128 0x17
 339 0011 00       		.byte	0
 340 0012 00       		.byte	0
 341 0013 02       		.uleb128 0x2
 342 0014 24       		.uleb128 0x24
 343 0015 00       		.byte	0
 344 0016 0B       		.uleb128 0xb
 345 0017 0B       		.uleb128 0xb
 346 0018 3E       		.uleb128 0x3e
 347 0019 0B       		.uleb128 0xb
 348 001a 03       		.uleb128 0x3
 349 001b 0E       		.uleb128 0xe
 350 001c 00       		.byte	0
 351 001d 00       		.byte	0
 352 001e 03       		.uleb128 0x3
 353 001f 24       		.uleb128 0x24
 354 0020 00       		.byte	0
 355 0021 0B       		.uleb128 0xb
 356 0022 0B       		.uleb128 0xb
 357 0023 3E       		.uleb128 0x3e
 358 0024 0B       		.uleb128 0xb
 359 0025 03       		.uleb128 0x3
 360 0026 08       		.uleb128 0x8
 361 0027 00       		.byte	0
 362 0028 00       		.byte	0
 363 0029 04       		.uleb128 0x4
 364 002a 16       		.uleb128 0x16
 365 002b 00       		.byte	0
 366 002c 03       		.uleb128 0x3
 367 002d 0E       		.uleb128 0xe
 368 002e 3A       		.uleb128 0x3a
 369 002f 0B       		.uleb128 0xb
 370 0030 3B       		.uleb128 0x3b
 371 0031 05       		.uleb128 0x5
 372 0032 49       		.uleb128 0x49
 373 0033 13       		.uleb128 0x13
 374 0034 00       		.byte	0
 375 0035 00       		.byte	0
 376 0036 05       		.uleb128 0x5
 377 0037 35       		.uleb128 0x35
 378 0038 00       		.byte	0
 379 0039 49       		.uleb128 0x49
 380 003a 13       		.uleb128 0x13
 381 003b 00       		.byte	0
 382 003c 00       		.byte	0
 383 003d 06       		.uleb128 0x6
 384 003e 13       		.uleb128 0x13
 385 003f 01       		.byte	0x1
 386 0040 03       		.uleb128 0x3
ARM GAS  C:\Users\youkan\AppData\Local\Temp\ccW3AfL3.s 			page 11


 387 0041 0E       		.uleb128 0xe
 388 0042 0B       		.uleb128 0xb
 389 0043 0B       		.uleb128 0xb
 390 0044 3A       		.uleb128 0x3a
 391 0045 0B       		.uleb128 0xb
 392 0046 3B       		.uleb128 0x3b
 393 0047 0B       		.uleb128 0xb
 394 0048 01       		.uleb128 0x1
 395 0049 13       		.uleb128 0x13
 396 004a 00       		.byte	0
 397 004b 00       		.byte	0
 398 004c 07       		.uleb128 0x7
 399 004d 0D       		.uleb128 0xd
 400 004e 00       		.byte	0
 401 004f 03       		.uleb128 0x3
 402 0050 0E       		.uleb128 0xe
 403 0051 3A       		.uleb128 0x3a
 404 0052 0B       		.uleb128 0xb
 405 0053 3B       		.uleb128 0x3b
 406 0054 0B       		.uleb128 0xb
 407 0055 49       		.uleb128 0x49
 408 0056 13       		.uleb128 0x13
 409 0057 38       		.uleb128 0x38
 410 0058 0B       		.uleb128 0xb
 411 0059 00       		.byte	0
 412 005a 00       		.byte	0
 413 005b 08       		.uleb128 0x8
 414 005c 16       		.uleb128 0x16
 415 005d 00       		.byte	0
 416 005e 03       		.uleb128 0x3
 417 005f 0E       		.uleb128 0xe
 418 0060 3A       		.uleb128 0x3a
 419 0061 0B       		.uleb128 0xb
 420 0062 3B       		.uleb128 0x3b
 421 0063 0B       		.uleb128 0xb
 422 0064 49       		.uleb128 0x49
 423 0065 13       		.uleb128 0x13
 424 0066 00       		.byte	0
 425 0067 00       		.byte	0
 426 0068 09       		.uleb128 0x9
 427 0069 2E       		.uleb128 0x2e
 428 006a 00       		.byte	0
 429 006b 3F       		.uleb128 0x3f
 430 006c 19       		.uleb128 0x19
 431 006d 03       		.uleb128 0x3
 432 006e 0E       		.uleb128 0xe
 433 006f 3A       		.uleb128 0x3a
 434 0070 0B       		.uleb128 0xb
 435 0071 3B       		.uleb128 0x3b
 436 0072 0B       		.uleb128 0xb
 437 0073 27       		.uleb128 0x27
 438 0074 19       		.uleb128 0x19
 439 0075 11       		.uleb128 0x11
 440 0076 01       		.uleb128 0x1
 441 0077 12       		.uleb128 0x12
 442 0078 06       		.uleb128 0x6
 443 0079 40       		.uleb128 0x40
ARM GAS  C:\Users\youkan\AppData\Local\Temp\ccW3AfL3.s 			page 12


 444 007a 18       		.uleb128 0x18
 445 007b 9742     		.uleb128 0x2117
 446 007d 19       		.uleb128 0x19
 447 007e 00       		.byte	0
 448 007f 00       		.byte	0
 449 0080 0A       		.uleb128 0xa
 450 0081 2E       		.uleb128 0x2e
 451 0082 01       		.byte	0x1
 452 0083 3F       		.uleb128 0x3f
 453 0084 19       		.uleb128 0x19
 454 0085 03       		.uleb128 0x3
 455 0086 0E       		.uleb128 0xe
 456 0087 3A       		.uleb128 0x3a
 457 0088 0B       		.uleb128 0xb
 458 0089 3B       		.uleb128 0x3b
 459 008a 0B       		.uleb128 0xb
 460 008b 27       		.uleb128 0x27
 461 008c 19       		.uleb128 0x19
 462 008d 11       		.uleb128 0x11
 463 008e 01       		.uleb128 0x1
 464 008f 12       		.uleb128 0x12
 465 0090 06       		.uleb128 0x6
 466 0091 40       		.uleb128 0x40
 467 0092 18       		.uleb128 0x18
 468 0093 9742     		.uleb128 0x2117
 469 0095 19       		.uleb128 0x19
 470 0096 01       		.uleb128 0x1
 471 0097 13       		.uleb128 0x13
 472 0098 00       		.byte	0
 473 0099 00       		.byte	0
 474 009a 0B       		.uleb128 0xb
 475 009b 898201   		.uleb128 0x4109
 476 009e 00       		.byte	0
 477 009f 11       		.uleb128 0x11
 478 00a0 01       		.uleb128 0x1
 479 00a1 31       		.uleb128 0x31
 480 00a2 13       		.uleb128 0x13
 481 00a3 00       		.byte	0
 482 00a4 00       		.byte	0
 483 00a5 0C       		.uleb128 0xc
 484 00a6 34       		.uleb128 0x34
 485 00a7 00       		.byte	0
 486 00a8 03       		.uleb128 0x3
 487 00a9 0E       		.uleb128 0xe
 488 00aa 3A       		.uleb128 0x3a
 489 00ab 0B       		.uleb128 0xb
 490 00ac 3B       		.uleb128 0x3b
 491 00ad 0B       		.uleb128 0xb
 492 00ae 49       		.uleb128 0x49
 493 00af 13       		.uleb128 0x13
 494 00b0 02       		.uleb128 0x2
 495 00b1 18       		.uleb128 0x18
 496 00b2 00       		.byte	0
 497 00b3 00       		.byte	0
 498 00b4 0D       		.uleb128 0xd
 499 00b5 2E       		.uleb128 0x2e
 500 00b6 00       		.byte	0
ARM GAS  C:\Users\youkan\AppData\Local\Temp\ccW3AfL3.s 			page 13


 501 00b7 3F       		.uleb128 0x3f
 502 00b8 19       		.uleb128 0x19
 503 00b9 03       		.uleb128 0x3
 504 00ba 0E       		.uleb128 0xe
 505 00bb 3A       		.uleb128 0x3a
 506 00bc 0B       		.uleb128 0xb
 507 00bd 3B       		.uleb128 0x3b
 508 00be 0B       		.uleb128 0xb
 509 00bf 27       		.uleb128 0x27
 510 00c0 19       		.uleb128 0x19
 511 00c1 3C       		.uleb128 0x3c
 512 00c2 19       		.uleb128 0x19
 513 00c3 00       		.byte	0
 514 00c4 00       		.byte	0
 515 00c5 00       		.byte	0
 516              		.section	.debug_aranges,"",%progbits
 517 0000 34000000 		.4byte	0x34
 518 0004 0200     		.2byte	0x2
 519 0006 00000000 		.4byte	.Ldebug_info0
 520 000a 04       		.byte	0x4
 521 000b 00       		.byte	0
 522 000c 0000     		.2byte	0
 523 000e 0000     		.2byte	0
 524 0010 00000000 		.4byte	.LFB0
 525 0014 02000000 		.4byte	.LFE0-.LFB0
 526 0018 00000000 		.4byte	.LFB1
 527 001c 02000000 		.4byte	.LFE1-.LFB1
 528 0020 00000000 		.4byte	.LFB2
 529 0024 28000000 		.4byte	.LFE2-.LFB2
 530 0028 00000000 		.4byte	.LFB3
 531 002c 1C000000 		.4byte	.LFE3-.LFB3
 532 0030 00000000 		.4byte	0
 533 0034 00000000 		.4byte	0
 534              		.section	.debug_ranges,"",%progbits
 535              	.Ldebug_ranges0:
 536 0000 00000000 		.4byte	.LFB0
 537 0004 02000000 		.4byte	.LFE0
 538 0008 00000000 		.4byte	.LFB1
 539 000c 02000000 		.4byte	.LFE1
 540 0010 00000000 		.4byte	.LFB2
 541 0014 28000000 		.4byte	.LFE2
 542 0018 00000000 		.4byte	.LFB3
 543 001c 1C000000 		.4byte	.LFE3
 544 0020 00000000 		.4byte	0
 545 0024 00000000 		.4byte	0
 546              		.section	.debug_line,"",%progbits
 547              	.Ldebug_line0:
 548 0000 AE000000 		.section	.debug_str,"MS",%progbits,1
 548      02005E00 
 548      00000201 
 548      FB0E0D00 
 548      01010101 
 549              	.LASF19:
 550 0000 55415254 		.ascii	"UART_TO_COMM_Wakeup\000"
 550      5F544F5F 
 550      434F4D4D 
 550      5F57616B 
ARM GAS  C:\Users\youkan\AppData\Local\Temp\ccW3AfL3.s 			page 14


 550      65757000 
 551              	.LASF3:
 552 0014 73686F72 		.ascii	"short unsigned int\000"
 552      7420756E 
 552      7369676E 
 552      65642069 
 552      6E7400
 553              	.LASF22:
 554 0027 55415254 		.ascii	"UART_TO_COMM_ClearTxBuffer\000"
 554      5F544F5F 
 554      434F4D4D 
 554      5F436C65 
 554      61725478 
 555              	.LASF9:
 556 0042 666C6F61 		.ascii	"float\000"
 556      7400
 557              	.LASF27:
 558 0048 55415254 		.ascii	"UART_TO_COMM_backupStruct_\000"
 558      5F544F5F 
 558      434F4D4D 
 558      5F626163 
 558      6B757053 
 559              	.LASF1:
 560 0063 756E7369 		.ascii	"unsigned char\000"
 560      676E6564 
 560      20636861 
 560      7200
 561              	.LASF13:
 562 0071 72656738 		.ascii	"reg8\000"
 562      00
 563              	.LASF15:
 564 0076 55415254 		.ascii	"UART_TO_COMM_BACKUP_STRUCT\000"
 564      5F544F5F 
 564      434F4D4D 
 564      5F424143 
 564      4B55505F 
 565              	.LASF5:
 566 0091 6C6F6E67 		.ascii	"long unsigned int\000"
 566      20756E73 
 566      69676E65 
 566      6420696E 
 566      7400
 567              	.LASF12:
 568 00a3 75696E74 		.ascii	"uint8\000"
 568      3800
 569              	.LASF18:
 570 00a9 55415254 		.ascii	"UART_TO_COMM_Sleep\000"
 570      5F544F5F 
 570      434F4D4D 
 570      5F536C65 
 570      657000
 571              	.LASF17:
 572 00bc 55415254 		.ascii	"UART_TO_COMM_RestoreConfig\000"
 572      5F544F5F 
 572      434F4D4D 
 572      5F526573 
 572      746F7265 
ARM GAS  C:\Users\youkan\AppData\Local\Temp\ccW3AfL3.s 			page 15


 573              	.LASF10:
 574 00d7 646F7562 		.ascii	"double\000"
 574      6C6500
 575              	.LASF23:
 576 00de 55415254 		.ascii	"UART_TO_COMM_Enable\000"
 576      5F544F5F 
 576      434F4D4D 
 576      5F456E61 
 576      626C6500 
 577              	.LASF24:
 578 00f2 474E5520 		.ascii	"GNU C 4.9.3 20150303 (release) [ARM/embedded-4_9-br"
 578      4320342E 
 578      392E3320 
 578      32303135 
 578      30333033 
 579 0125 616E6368 		.ascii	"anch revision 221220] -mcpu=cortex-m3 -mthumb -g -O"
 579      20726576 
 579      6973696F 
 579      6E203232 
 579      31323230 
 580 0158 67202D66 		.ascii	"g -ffunction-sections -ffat-lto-objects\000"
 580      66756E63 
 580      74696F6E 
 580      2D736563 
 580      74696F6E 
 581              	.LASF8:
 582 0180 756E7369 		.ascii	"unsigned int\000"
 582      676E6564 
 582      20696E74 
 582      00
 583              	.LASF7:
 584 018d 6C6F6E67 		.ascii	"long long unsigned int\000"
 584      206C6F6E 
 584      6720756E 
 584      7369676E 
 584      65642069 
 585              	.LASF21:
 586 01a4 55415254 		.ascii	"UART_TO_COMM_ClearRxBuffer\000"
 586      5F544F5F 
 586      434F4D4D 
 586      5F436C65 
 586      61725278 
 587              	.LASF14:
 588 01bf 73697A65 		.ascii	"sizetype\000"
 588      74797065 
 588      00
 589              	.LASF6:
 590 01c8 6C6F6E67 		.ascii	"long long int\000"
 590      206C6F6E 
 590      6720696E 
 590      7400
 591              	.LASF11:
 592 01d6 63686172 		.ascii	"char\000"
 592      00
 593              	.LASF26:
 594 01db 433A5C55 		.ascii	"C:\\Users\\youkan\\Documents\\GitHub\\camera03\\Wor"
 594      73657273 
ARM GAS  C:\Users\youkan\AppData\Local\Temp\ccW3AfL3.s 			page 16


 594      5C796F75 
 594      6B616E5C 
 594      446F6375 
 595 0208 6B737061 		.ascii	"kspace06\\Design01.cydsn\000"
 595      63653036 
 595      5C446573 
 595      69676E30 
 595      312E6379 
 596              	.LASF2:
 597 0220 73686F72 		.ascii	"short int\000"
 597      7420696E 
 597      7400
 598              	.LASF25:
 599 022a 47656E65 		.ascii	"Generated_Source\\PSoC5\\UART_TO_COMM_PM.c\000"
 599      72617465 
 599      645F536F 
 599      75726365 
 599      5C50536F 
 600              	.LASF29:
 601 0253 55415254 		.ascii	"UART_TO_COMM_backup\000"
 601      5F544F5F 
 601      434F4D4D 
 601      5F626163 
 601      6B757000 
 602              	.LASF4:
 603 0267 6C6F6E67 		.ascii	"long int\000"
 603      20696E74 
 603      00
 604              	.LASF28:
 605 0270 656E6162 		.ascii	"enableState\000"
 605      6C655374 
 605      61746500 
 606              	.LASF20:
 607 027c 55415254 		.ascii	"UART_TO_COMM_Stop\000"
 607      5F544F5F 
 607      434F4D4D 
 607      5F53746F 
 607      7000
 608              	.LASF0:
 609 028e 7369676E 		.ascii	"signed char\000"
 609      65642063 
 609      68617200 
 610              	.LASF16:
 611 029a 55415254 		.ascii	"UART_TO_COMM_SaveConfig\000"
 611      5F544F5F 
 611      434F4D4D 
 611      5F536176 
 611      65436F6E 
 612              		.ident	"GCC: (GNU Tools for ARM Embedded Processors) 4.9.3 20150303 (release) [ARM/embedded-4_9-br
